TpTrace Verbose: 0 : 10104, 1, 2023/12/13, 09:13:30.788, 23929098652956, testhost.dll, Version: 17.5.0 Current process architecture: X64
TpTrace Verbose: 0 : 10104, 1, 2023/12/13, 09:13:30.790, 23929098673506, testhost.dll, Runtime location: C:\Program Files\dotnet\shared\Microsoft.NETCore.App\5.0.17
TpTrace Information: 0 : 10104, 1, 2023/12/13, 09:13:30.792, 23929098690119, testhost.dll, DefaultEngineInvoker.Invoke: Testhost process started with args :[--port, 57985],[--endpoint, 127.0.0.1:057985],[--role, client],[--parentprocessid, 15892],[--diag, C:\Users\29\Documents\GitHub\e-Demokratija-VVS\e-Demokratija\GlasacTest\bin\Debug\net5.0\fine-code-coverage\coverage-tool-output\diagnostics.host.23-12-13_09-13-30_59002_5.log],[--tracelevel, 4],[--datacollectionport, 57984],[--telemetryoptedin, false]
TpTrace Information: 0 : 10104, 1, 2023/12/13, 09:13:30.793, 23929098701162, testhost.dll, Setting up debug trace listener.
TpTrace Verbose: 0 : 10104, 1, 2023/12/13, 09:13:30.793, 23929098702550, testhost.dll, TestPlatformTraceListener.Setup: Replacing listener System.Diagnostics.DefaultTraceListener with TestHostTraceListener.
TpTrace Verbose: 0 : 10104, 1, 2023/12/13, 09:13:30.793, 23929098702972, testhost.dll, TestPlatformTraceListener.Setup: Added test platform trace listener.
TpTrace Information: 0 : 10104, 1, 2023/12/13, 09:13:30.793, 23929098705777, testhost.dll, DefaultEngineInvoker.SetParentProcessExitCallback: Monitoring parent process with id: '15892'
TpTrace Information: 0 : 10104, 1, 2023/12/13, 09:13:30.797, 23929098740624, testhost.dll, DefaultEngineInvoker.GetConnectionInfo: Initialize communication on endpoint address: '127.0.0.1:057985'
TpTrace Information: 0 : 10104, 1, 2023/12/13, 09:13:30.814, 23929098916150, testhost.dll, SocketClient.Start: connecting to server endpoint: 127.0.0.1:057985
TpTrace Information: 0 : 10104, 1, 2023/12/13, 09:13:30.826, 23929099036927, testhost.dll, DefaultEngineInvoker.ConnectToDatacollector: Connecting to datacollector, port: 57984
TpTrace Information: 0 : 10104, 5, 2023/12/13, 09:13:30.828, 23929099051473, testhost.dll, SocketClient.OnServerConnected: connected to server endpoint: 127.0.0.1:057985
TpTrace Information: 0 : 10104, 1, 2023/12/13, 09:13:30.832, 23929099093344, testhost.dll, Trying to connect to server on socket : 127.0.0.1:57984 
TpTrace Verbose: 0 : 10104, 1, 2023/12/13, 09:13:30.833, 23929099098802, testhost.dll, SocketCommunicationManager : SetupClientAsync : Attempting to connect to the server.
TpTrace Verbose: 0 : 10104, 5, 2023/12/13, 09:13:30.834, 23929099118282, testhost.dll, MulticastDelegateUtilities.SafeInvoke: SocketClient: ServerConnected: Invoking callback 1/1 for Microsoft.VisualStudio.TestPlatform.CommunicationUtilities.TestRequestHandler., took 1 ms.
TpTrace Verbose: 0 : 10104, 5, 2023/12/13, 09:13:30.835, 23929099119730, testhost.dll, Connected to server, and starting MessageLoopAsync
TpTrace Information: 0 : 10104, 10, 2023/12/13, 09:13:30.835, 23929099121767, testhost.dll, Connected to the server successfully 
TpTrace Information: 0 : 10104, 10, 2023/12/13, 09:13:30.835, 23929099122773, testhost.dll, Using the buffer size of 16384 bytes
TpTrace Verbose: 0 : 10104, 1, 2023/12/13, 09:13:30.835, 23929099124171, testhost.dll, SocketCommunicationManager.WaitForServerConnection took: 0 ms, with 90000 ms timeout, and finished with True.
TpTrace Information: 0 : 10104, 1, 2023/12/13, 09:13:30.835, 23929099126201, testhost.dll, DefaultEngineInvoker.Invoke: Start Request Processing.
TpTrace Information: 0 : 10104, 11, 2023/12/13, 09:13:30.837, 23929099140466, testhost.dll, DefaultEngineInvoker.StartProcessingAsync: Connected to vstest.console, Starting process requests.
TpTrace Verbose: 0 : 10104, 10, 2023/12/13, 09:13:30.839, 23929099163320, testhost.dll, TcpClientExtensions.MessageLoopAsync: Polling on remoteEndPoint: [::ffff:127.0.0.1]:57985 localEndPoint: [::ffff:127.0.0.1]:57986
TpTrace Verbose: 0 : 10104, 10, 2023/12/13, 09:13:30.839, 23929099167816, testhost.dll, TcpClientExtensions.MessageLoopAsync: NotifyDataAvailable remoteEndPoint: [::ffff:127.0.0.1]:57985 localEndPoint: [::ffff:127.0.0.1]:57986
TpTrace Information: 0 : 10104, 10, 2023/12/13, 09:13:30.845, 23929099226992, testhost.dll, TestRequestHandler.OnMessageReceived: received message: (ProtocolVersion) -> {"MessageType":"ProtocolVersion","Payload":7}
TpTrace Verbose: 0 : 10104, 10, 2023/12/13, 09:13:30.991, 23929100678833, testhost.dll, TestRequestHandler.SendData: sending data from testhost: {"Version":7,"MessageType":"TestSession.Message","Payload":{"MessageLevel":0,"Message":"Logging TestHost Diagnostics in file: C:\\Users\\29\\Documents\\GitHub\\e-Demokratija-VVS\\e-Demokratija\\GlasacTest\\bin\\Debug\\net5.0\\fine-code-coverage\\coverage-tool-output\\diagnostics.host.23-12-13_09-13-30_59002_5.log"}}
TpTrace Verbose: 0 : 10104, 10, 2023/12/13, 09:13:30.991, 23929100680910, testhost.dll, MulticastDelegateUtilities.SafeInvoke: LengthPrefixCommunicationChannel: MessageReceived: Invoking callback 1/1 for Microsoft.VisualStudio.TestPlatform.CommunicationUtilities.TestRequestHandler., took 149 ms.
TpTrace Verbose: 0 : 10104, 10, 2023/12/13, 09:13:30.991, 23929100681436, testhost.dll, TcpClientExtensions.MessageLoopAsync: Polling on remoteEndPoint: [::ffff:127.0.0.1]:57985 localEndPoint: [::ffff:127.0.0.1]:57986
TpTrace Verbose: 0 : 10104, 10, 2023/12/13, 09:13:30.991, 23929100681872, testhost.dll, TcpClientExtensions.MessageLoopAsync: NotifyDataAvailable remoteEndPoint: [::ffff:127.0.0.1]:57985 localEndPoint: [::ffff:127.0.0.1]:57986
TpTrace Information: 0 : 10104, 10, 2023/12/13, 09:13:30.991, 23929100683063, testhost.dll, TestRequestHandler.OnMessageReceived: received message: (TestExecution.Initialize) -> {"Version":7,"MessageType":"TestExecution.Initialize","Payload":["C:\\Users\\29\\Documents\\GitHub\\e-Demokratija-VVS\\e-Demokratija\\GlasacTest\\bin\\Debug\\net5.0\\fine-code-coverage\\build-output\\Microsoft.VisualStudio.TestPlatform.MSTest.TestAdapter.dll"]}
TpTrace Verbose: 0 : 10104, 10, 2023/12/13, 09:13:31.000, 23929100774804, testhost.dll, MulticastDelegateUtilities.SafeInvoke: LengthPrefixCommunicationChannel: MessageReceived: Invoking callback 1/1 for Microsoft.VisualStudio.TestPlatform.CommunicationUtilities.TestRequestHandler., took 9 ms.
TpTrace Verbose: 0 : 10104, 10, 2023/12/13, 09:13:31.000, 23929100775842, testhost.dll, TcpClientExtensions.MessageLoopAsync: Polling on remoteEndPoint: [::ffff:127.0.0.1]:57985 localEndPoint: [::ffff:127.0.0.1]:57986
TpTrace Information: 0 : 10104, 4, 2023/12/13, 09:13:31.001, 23929100780358, testhost.dll, TestRequestHandler.OnMessageReceived: Running job 'TestExecution.Initialize'.
TpTrace Verbose: 0 : 10104, 10, 2023/12/13, 09:13:31.003, 23929100799566, testhost.dll, TcpClientExtensions.MessageLoopAsync: NotifyDataAvailable remoteEndPoint: [::ffff:127.0.0.1]:57985 localEndPoint: [::ffff:127.0.0.1]:57986
TpTrace Information: 0 : 10104, 10, 2023/12/13, 09:13:31.003, 23929100801184, testhost.dll, TestRequestHandler.OnMessageReceived: received message: (TestExecution.StartWithSources) -> {"Version":7,"MessageType":"TestExecution.StartWithSources","Payload":{"AdapterSourceMap":{"_none_":["C:\\Users\\29\\Documents\\GitHub\\e-Demokratija-VVS\\e-Demokratija\\GlasacTest\\bin\\Debug\\net5.0\\fine-code-coverage\\build-output\\Testovi.dll"]},"RunSettings":"<RunSettings>\r\n  <RunConfiguration>\r\n    <ResultsDirectory>C:\\Users\\29\\Documents\\GitHub\\e-Demokratija-VVS\\e-Demokratija\\GlasacTest\\bin\\Debug\\net5.0\\fine-code-coverage\\coverage-tool-output</ResultsDirectory>\r\n    <TargetFrameworkVersion>.NETCoreApp,Version=v5.0</TargetFrameworkVersion>\r\n    <DesignMode>False</DesignMode>\r\n    <CollectSourceInformation>False</CollectSourceInformation>\r\n  </RunConfiguration>\r\n  <LoggerRunSettings>\r\n    <Loggers>\r\n      <Logger friendlyName=\"blame\" enabled=\"True\" />\r\n      <Logger friendlyName=\"Console\" uri=\"logger://microsoft/TestPlatform/ConsoleLogger/v1\" assemblyQualifiedName=\"Microsoft.VisualStudio.TestPlatform.CommandLine.Internal.ConsoleLogger, vstest.console, Version=15.0.0.0, Culture=neutral, PublicKeyToken=b03f5f7f11d50a3a\" codeBase=\"C:\\Program Files\\dotnet\\sdk\\7.0.302\\vstest.console.dll\" enabled=\"True\" />\r\n    </Loggers>\r\n  </LoggerRunSettings>\r\n  <DataCollectionRunSettings>\r\n    <DataCollectors>\r\n      <DataCollector friendlyName=\"blame\" enabled=\"True\">\r\n        <Configuration>\r\n          <ResultsDirectory>C:\\Users\\29\\Documents\\GitHub\\e-Demokratija-VVS\\e-Demokratija\\GlasacTest\\bin\\Debug\\net5.0\\fine-code-coverage\\coverage-tool-output</ResultsDirectory>\r\n        </Configuration>\r\n      </DataCollector>\r\n    </DataCollectors>\r\n  </DataCollectionRunSettings>\r\n</RunSettings>","TestExecutionContext":{"FrequencyOfRunStatsChangeEvent":10,"RunStatsChangeEventTimeout":"00:00:01.5000000","InIsolation":false,"KeepAlive":false,"AreTestCaseLevelEventsRequired":false,"IsDebug":false,"TestCaseFilter":null,"FilterOptions":null},"Package":null}}
TpTrace Verbose: 0 : 10104, 4, 2023/12/13, 09:13:31.003, 23929100806389, testhost.dll, TestExecutorService: Loading the extensions
TpTrace Verbose: 0 : 10104, 4, 2023/12/13, 09:13:31.005, 23929100824199, testhost.dll, TestPluginCache.DiscoverTestExtensions: finding test extensions in assemblies ends with: TestAdapter.dll TPluginInfo: Microsoft.VisualStudio.TestPlatform.Common.ExtensionFramework.Utilities.TestExecutorPluginInformation TExtension: Microsoft.VisualStudio.TestPlatform.ObjectModel.Adapter.ITestExecutor
TpTrace Verbose: 0 : 10104, 4, 2023/12/13, 09:13:31.006, 23929100837094, testhost.dll, TestPluginCache.GetExtensionPaths: Filtered extension paths: 
TpTrace Verbose: 0 : 10104, 4, 2023/12/13, 09:13:31.007, 23929100840650, testhost.dll, TestPluginCache.GetExtensionPaths: Added default extension paths: C:\Users\29\Documents\GitHub\e-Demokratija-VVS\e-Demokratija\GlasacTest\bin\Debug\net5.0\fine-code-coverage\build-output\Microsoft.VisualStudio.TestPlatform.MSTest.TestAdapter.dll
TpTrace Verbose: 0 : 10104, 4, 2023/12/13, 09:13:31.007, 23929100842352, testhost.dll, TestPluginCache.GetExtensionPaths: Added unfilterableExtensionPaths: 
TpTrace Information: 0 : 10104, 4, 2023/12/13, 09:13:31.009, 23929100861438, testhost.dll, AssemblyResolver.ctor: Creating AssemblyResolver with searchDirectories C:\Users\29\Documents\GitHub\e-Demokratija-VVS\e-Demokratija\GlasacTest\bin\Debug\net5.0\fine-code-coverage\build-output
TpTrace Verbose: 0 : 10104, 4, 2023/12/13, 09:13:31.010, 23929100876408, testhost.dll, TestPluginCache.DiscoverTestExtensions: Discovering the extensions using extension path.
TpTrace Verbose: 0 : 10104, 4, 2023/12/13, 09:13:31.010, 23929100877530, testhost.dll, TestPluginCache.GetExtensionPaths: Filtered extension paths: 
TpTrace Verbose: 0 : 10104, 4, 2023/12/13, 09:13:31.010, 23929100877875, testhost.dll, TestPluginCache.GetExtensionPaths: Added default extension paths: C:\Users\29\Documents\GitHub\e-Demokratija-VVS\e-Demokratija\GlasacTest\bin\Debug\net5.0\fine-code-coverage\build-output\Microsoft.VisualStudio.TestPlatform.MSTest.TestAdapter.dll
TpTrace Verbose: 0 : 10104, 4, 2023/12/13, 09:13:31.010, 23929100878100, testhost.dll, TestPluginCache.GetExtensionPaths: Added unfilterableExtensionPaths: 
TpTrace Verbose: 0 : 10104, 4, 2023/12/13, 09:13:31.011, 23929100878565, testhost.dll, TestPluginCache.DiscoverTestExtensions: Discovering the extensions using allExtensionPaths: C:\Users\29\Documents\GitHub\e-Demokratija-VVS\e-Demokratija\GlasacTest\bin\Debug\net5.0\fine-code-coverage\build-output\Microsoft.VisualStudio.TestPlatform.MSTest.TestAdapter.dll
TpTrace Information: 0 : 10104, 4, 2023/12/13, 09:13:31.011, 23929100885751, testhost.dll, AssemblyResolver.AddSearchDirectories: Adding more searchDirectories C:\Users\29\Documents\GitHub\e-Demokratija-VVS\e-Demokratija\GlasacTest\bin\Debug\net5.0\fine-code-coverage\build-output
TpTrace Information: 0 : 10104, 4, 2023/12/13, 09:13:31.015, 23929100920698, testhost.dll, AssemblyResolver.OnResolve: Microsoft.VisualStudio.TestPlatform.MSTest.TestAdapter: Resolving assembly.
TpTrace Information: 0 : 10104, 4, 2023/12/13, 09:13:31.015, 23929100921757, testhost.dll, AssemblyResolver.OnResolve: Microsoft.VisualStudio.TestPlatform.MSTest.TestAdapter: Searching in: 'C:\Users\29\Documents\GitHub\e-Demokratija-VVS\e-Demokratija\GlasacTest\bin\Debug\net5.0\fine-code-coverage\build-output'.
TpTrace Information: 0 : 10104, 4, 2023/12/13, 09:13:31.016, 23929100929692, testhost.dll, AssemblyResolver.OnResolve: Microsoft.VisualStudio.TestPlatform.MSTest.TestAdapter: Loading assembly 'C:\Users\29\Documents\GitHub\e-Demokratija-VVS\e-Demokratija\GlasacTest\bin\Debug\net5.0\fine-code-coverage\build-output\Microsoft.VisualStudio.TestPlatform.MSTest.TestAdapter.dll'.
TpTrace Information: 0 : 10104, 4, 2023/12/13, 09:13:31.016, 23929100934658, testhost.dll, AssemblyResolver.OnResolve: Resolved assembly: Microsoft.VisualStudio.TestPlatform.MSTest.TestAdapter, from path: C:\Users\29\Documents\GitHub\e-Demokratija-VVS\e-Demokratija\GlasacTest\bin\Debug\net5.0\fine-code-coverage\build-output\Microsoft.VisualStudio.TestPlatform.MSTest.TestAdapter.dll
TpTrace Verbose: 0 : 10104, 4, 2023/12/13, 09:13:31.024, 23929101009121, testhost.dll, MetadataReaderExtensionsHelper: Discovering extensions inside assembly 'Microsoft.VisualStudio.TestPlatform.MSTest.TestAdapter, Version=14.0.0.0, Culture=neutral, PublicKeyToken=b03f5f7f11d50a3a' file path 'C:\Users\29\Documents\GitHub\e-Demokratija-VVS\e-Demokratija\GlasacTest\bin\Debug\net5.0\fine-code-coverage\build-output\Microsoft.VisualStudio.TestPlatform.MSTest.TestAdapter.dll'
TpTrace Verbose: 0 : 10104, 10, 2023/12/13, 09:13:31.029, 23929101061975, testhost.dll, MulticastDelegateUtilities.SafeInvoke: LengthPrefixCommunicationChannel: MessageReceived: Invoking callback 1/1 for Microsoft.VisualStudio.TestPlatform.CommunicationUtilities.TestRequestHandler., took 26 ms.
TpTrace Verbose: 0 : 10104, 10, 2023/12/13, 09:13:31.029, 23929101063112, testhost.dll, TcpClientExtensions.MessageLoopAsync: Polling on remoteEndPoint: [::ffff:127.0.0.1]:57985 localEndPoint: [::ffff:127.0.0.1]:57986
TpTrace Information: 0 : 10104, 4, 2023/12/13, 09:13:31.032, 23929101091225, testhost.dll, GetTestExtensionFromType: Register extension with identifier data 'executor://MSTestAdapter/v2' and type 'Microsoft.VisualStudio.TestPlatform.MSTest.TestAdapter.MSTestExecutor, Microsoft.VisualStudio.TestPlatform.MSTest.TestAdapter, Version=14.0.0.0, Culture=neutral, PublicKeyToken=b03f5f7f11d50a3a' inside file 'C:\Users\29\Documents\GitHub\e-Demokratija-VVS\e-Demokratija\GlasacTest\bin\Debug\net5.0\fine-code-coverage\build-output\Microsoft.VisualStudio.TestPlatform.MSTest.TestAdapter.dll'
TpTrace Verbose: 0 : 10104, 4, 2023/12/13, 09:13:31.034, 23929101111193, testhost.dll, TestPluginCache: Discovered the extensions using extension path ''.
TpTrace Verbose: 0 : 10104, 4, 2023/12/13, 09:13:31.034, 23929101114952, testhost.dll, TestPluginCache: Discoverers are ''.
TpTrace Verbose: 0 : 10104, 4, 2023/12/13, 09:13:31.034, 23929101115495, testhost.dll, TestPluginCache: Executors are 'executor://MSTestAdapter/v2'.
TpTrace Verbose: 0 : 10104, 4, 2023/12/13, 09:13:31.034, 23929101115962, testhost.dll, TestPluginCache: Executors2 are ''.
TpTrace Verbose: 0 : 10104, 4, 2023/12/13, 09:13:31.034, 23929101116447, testhost.dll, TestPluginCache: Setting providers are ''.
TpTrace Verbose: 0 : 10104, 4, 2023/12/13, 09:13:31.034, 23929101116895, testhost.dll, TestPluginCache: Loggers are ''.
TpTrace Verbose: 0 : 10104, 4, 2023/12/13, 09:13:31.034, 23929101117313, testhost.dll, TestPluginCache: TestHosts are ''.
TpTrace Verbose: 0 : 10104, 4, 2023/12/13, 09:13:31.034, 23929101117705, testhost.dll, TestPluginCache: DataCollectors are ''.
TpTrace Verbose: 0 : 10104, 4, 2023/12/13, 09:13:31.037, 23929101142333, testhost.dll, TestPluginCache.DiscoverTestExtensions: finding test extensions in assemblies ends with: TestAdapter.dll TPluginInfo: Microsoft.VisualStudio.TestPlatform.Common.ExtensionFramework.Utilities.TestExecutorPluginInformation2 TExtension: Microsoft.VisualStudio.TestPlatform.ObjectModel.Adapter.ITestExecutor2
TpTrace Verbose: 0 : 10104, 4, 2023/12/13, 09:13:31.037, 23929101144874, testhost.dll, TestPluginCache.GetExtensionPaths: Filtered extension paths: 
TpTrace Verbose: 0 : 10104, 4, 2023/12/13, 09:13:31.037, 23929101145894, testhost.dll, TestPluginCache.GetExtensionPaths: Added default extension paths: C:\Users\29\Documents\GitHub\e-Demokratija-VVS\e-Demokratija\GlasacTest\bin\Debug\net5.0\fine-code-coverage\build-output\Microsoft.VisualStudio.TestPlatform.MSTest.TestAdapter.dll
TpTrace Verbose: 0 : 10104, 4, 2023/12/13, 09:13:31.037, 23929101146214, testhost.dll, TestPluginCache.GetExtensionPaths: Added unfilterableExtensionPaths: 
TpTrace Information: 0 : 10104, 4, 2023/12/13, 09:13:31.037, 23929101147845, testhost.dll, AssemblyResolver.AddSearchDirectories: Adding more searchDirectories C:\Users\29\Documents\GitHub\e-Demokratija-VVS\e-Demokratija\GlasacTest\bin\Debug\net5.0\fine-code-coverage\build-output
TpTrace Verbose: 0 : 10104, 4, 2023/12/13, 09:13:31.037, 23929101148272, testhost.dll, TestPluginCache.DiscoverTestExtensions: Discovering the extensions using extension path.
TpTrace Verbose: 0 : 10104, 4, 2023/12/13, 09:13:31.038, 23929101148497, testhost.dll, TestPluginCache.GetExtensionPaths: Filtered extension paths: 
TpTrace Verbose: 0 : 10104, 4, 2023/12/13, 09:13:31.038, 23929101148714, testhost.dll, TestPluginCache.GetExtensionPaths: Added default extension paths: C:\Users\29\Documents\GitHub\e-Demokratija-VVS\e-Demokratija\GlasacTest\bin\Debug\net5.0\fine-code-coverage\build-output\Microsoft.VisualStudio.TestPlatform.MSTest.TestAdapter.dll
TpTrace Verbose: 0 : 10104, 4, 2023/12/13, 09:13:31.038, 23929101148960, testhost.dll, TestPluginCache.GetExtensionPaths: Added unfilterableExtensionPaths: 
TpTrace Verbose: 0 : 10104, 4, 2023/12/13, 09:13:31.038, 23929101149165, testhost.dll, TestPluginCache.DiscoverTestExtensions: Discovering the extensions using allExtensionPaths: C:\Users\29\Documents\GitHub\e-Demokratija-VVS\e-Demokratija\GlasacTest\bin\Debug\net5.0\fine-code-coverage\build-output\Microsoft.VisualStudio.TestPlatform.MSTest.TestAdapter.dll
TpTrace Information: 0 : 10104, 4, 2023/12/13, 09:13:31.038, 23929101149476, testhost.dll, AssemblyResolver.AddSearchDirectories: Adding more searchDirectories C:\Users\29\Documents\GitHub\e-Demokratija-VVS\e-Demokratija\GlasacTest\bin\Debug\net5.0\fine-code-coverage\build-output
TpTrace Verbose: 0 : 10104, 4, 2023/12/13, 09:13:31.038, 23929101150119, testhost.dll, MetadataReaderExtensionsHelper: Discovering extensions inside assembly 'Microsoft.VisualStudio.TestPlatform.MSTest.TestAdapter, Version=14.0.0.0, Culture=neutral, PublicKeyToken=b03f5f7f11d50a3a' file path 'C:\Users\29\Documents\GitHub\e-Demokratija-VVS\e-Demokratija\GlasacTest\bin\Debug\net5.0\fine-code-coverage\build-output\Microsoft.VisualStudio.TestPlatform.MSTest.TestAdapter.dll'
TpTrace Verbose: 0 : 10104, 4, 2023/12/13, 09:13:31.038, 23929101155938, testhost.dll, TestPluginCache: Discovered the extensions using extension path ''.
TpTrace Verbose: 0 : 10104, 4, 2023/12/13, 09:13:31.038, 23929101156803, testhost.dll, TestPluginCache: Discoverers are ''.
TpTrace Verbose: 0 : 10104, 4, 2023/12/13, 09:13:31.038, 23929101157294, testhost.dll, TestPluginCache: Executors are 'executor://MSTestAdapter/v2'.
TpTrace Verbose: 0 : 10104, 4, 2023/12/13, 09:13:31.038, 23929101158291, testhost.dll, TestPluginCache: Executors2 are ''.
TpTrace Verbose: 0 : 10104, 4, 2023/12/13, 09:13:31.039, 23929101158781, testhost.dll, TestPluginCache: Setting providers are ''.
TpTrace Verbose: 0 : 10104, 4, 2023/12/13, 09:13:31.039, 23929101159093, testhost.dll, TestPluginCache: Loggers are ''.
TpTrace Verbose: 0 : 10104, 4, 2023/12/13, 09:13:31.039, 23929101159423, testhost.dll, TestPluginCache: TestHosts are ''.
TpTrace Verbose: 0 : 10104, 4, 2023/12/13, 09:13:31.039, 23929101159691, testhost.dll, TestPluginCache: DataCollectors are ''.
TpTrace Information: 0 : 10104, 4, 2023/12/13, 09:13:31.044, 23929101211940, testhost.dll, TestPluginManager.CreateTestExtension: Attempting to load test extension: Microsoft.VisualStudio.TestPlatform.MSTest.TestAdapter.MSTestExecutor
TpTrace Verbose: 0 : 10104, 4, 2023/12/13, 09:13:31.051, 23929101278643, testhost.dll, TestExecutorExtensionManager: Loading executor Microsoft.VisualStudio.TestPlatform.Common.ExtensionDecorators.SerialTestRunDecorator
TpTrace Verbose: 0 : 10104, 4, 2023/12/13, 09:13:31.051, 23929101280207, testhost.dll, TestExecutorService: Loaded the executors
TpTrace Verbose: 0 : 10104, 4, 2023/12/13, 09:13:31.051, 23929101287392, testhost.dll, TestPluginCache.DiscoverTestExtensions: finding test extensions in assemblies ends with: TestAdapter.dll TPluginInfo: Microsoft.VisualStudio.TestPlatform.Common.ExtensionFramework.Utilities.TestSettingsProviderPluginInformation TExtension: Microsoft.VisualStudio.TestPlatform.ObjectModel.Adapter.ISettingsProvider
TpTrace Verbose: 0 : 10104, 4, 2023/12/13, 09:13:31.051, 23929101288224, testhost.dll, TestPluginCache.GetExtensionPaths: Filtered extension paths: 
TpTrace Verbose: 0 : 10104, 4, 2023/12/13, 09:13:31.052, 23929101288573, testhost.dll, TestPluginCache.GetExtensionPaths: Added default extension paths: C:\Users\29\Documents\GitHub\e-Demokratija-VVS\e-Demokratija\GlasacTest\bin\Debug\net5.0\fine-code-coverage\build-output\Microsoft.VisualStudio.TestPlatform.MSTest.TestAdapter.dll
TpTrace Verbose: 0 : 10104, 4, 2023/12/13, 09:13:31.052, 23929101288785, testhost.dll, TestPluginCache.GetExtensionPaths: Added unfilterableExtensionPaths: 
TpTrace Information: 0 : 10104, 4, 2023/12/13, 09:13:31.052, 23929101289943, testhost.dll, AssemblyResolver.AddSearchDirectories: Adding more searchDirectories C:\Users\29\Documents\GitHub\e-Demokratija-VVS\e-Demokratija\GlasacTest\bin\Debug\net5.0\fine-code-coverage\build-output
TpTrace Verbose: 0 : 10104, 4, 2023/12/13, 09:13:31.052, 23929101290304, testhost.dll, TestPluginCache.DiscoverTestExtensions: Discovering the extensions using extension path.
TpTrace Verbose: 0 : 10104, 4, 2023/12/13, 09:13:31.052, 23929101290512, testhost.dll, TestPluginCache.GetExtensionPaths: Filtered extension paths: 
TpTrace Verbose: 0 : 10104, 4, 2023/12/13, 09:13:31.052, 23929101290691, testhost.dll, TestPluginCache.GetExtensionPaths: Added default extension paths: C:\Users\29\Documents\GitHub\e-Demokratija-VVS\e-Demokratija\GlasacTest\bin\Debug\net5.0\fine-code-coverage\build-output\Microsoft.VisualStudio.TestPlatform.MSTest.TestAdapter.dll
TpTrace Verbose: 0 : 10104, 4, 2023/12/13, 09:13:31.052, 23929101290878, testhost.dll, TestPluginCache.GetExtensionPaths: Added unfilterableExtensionPaths: 
TpTrace Verbose: 0 : 10104, 4, 2023/12/13, 09:13:31.052, 23929101291075, testhost.dll, TestPluginCache.DiscoverTestExtensions: Discovering the extensions using allExtensionPaths: C:\Users\29\Documents\GitHub\e-Demokratija-VVS\e-Demokratija\GlasacTest\bin\Debug\net5.0\fine-code-coverage\build-output\Microsoft.VisualStudio.TestPlatform.MSTest.TestAdapter.dll
TpTrace Information: 0 : 10104, 4, 2023/12/13, 09:13:31.052, 23929101291413, testhost.dll, AssemblyResolver.AddSearchDirectories: Adding more searchDirectories C:\Users\29\Documents\GitHub\e-Demokratija-VVS\e-Demokratija\GlasacTest\bin\Debug\net5.0\fine-code-coverage\build-output
TpTrace Verbose: 0 : 10104, 4, 2023/12/13, 09:13:31.052, 23929101292029, testhost.dll, MetadataReaderExtensionsHelper: Discovering extensions inside assembly 'Microsoft.VisualStudio.TestPlatform.MSTest.TestAdapter, Version=14.0.0.0, Culture=neutral, PublicKeyToken=b03f5f7f11d50a3a' file path 'C:\Users\29\Documents\GitHub\e-Demokratija-VVS\e-Demokratija\GlasacTest\bin\Debug\net5.0\fine-code-coverage\build-output\Microsoft.VisualStudio.TestPlatform.MSTest.TestAdapter.dll'
TpTrace Verbose: 0 : 10104, 4, 2023/12/13, 09:13:31.052, 23929101295857, testhost.dll, TestPluginCache: Discovered the extensions using extension path ''.
TpTrace Verbose: 0 : 10104, 4, 2023/12/13, 09:13:31.052, 23929101296217, testhost.dll, TestPluginCache: Discoverers are ''.
TpTrace Verbose: 0 : 10104, 4, 2023/12/13, 09:13:31.052, 23929101296416, testhost.dll, TestPluginCache: Executors are 'executor://MSTestAdapter/v2'.
TpTrace Verbose: 0 : 10104, 4, 2023/12/13, 09:13:31.052, 23929101296609, testhost.dll, TestPluginCache: Executors2 are ''.
TpTrace Verbose: 0 : 10104, 4, 2023/12/13, 09:13:31.052, 23929101296908, testhost.dll, TestPluginCache: Setting providers are ''.
TpTrace Verbose: 0 : 10104, 4, 2023/12/13, 09:13:31.052, 23929101297114, testhost.dll, TestPluginCache: Loggers are ''.
TpTrace Verbose: 0 : 10104, 4, 2023/12/13, 09:13:31.052, 23929101297397, testhost.dll, TestPluginCache: TestHosts are ''.
TpTrace Verbose: 0 : 10104, 4, 2023/12/13, 09:13:31.052, 23929101297568, testhost.dll, TestPluginCache: DataCollectors are ''.
TpTrace Verbose: 0 : 10104, 4, 2023/12/13, 09:13:31.053, 23929101306248, testhost.dll, TestExecutorService: Loaded the settings providers
TpTrace Information: 0 : 10104, 4, 2023/12/13, 09:13:31.053, 23929101307108, testhost.dll, TestExecutorService: Loaded the extensions
TpTrace Information: 0 : 10104, 4, 2023/12/13, 09:13:31.054, 23929101312262, testhost.dll, TestRequestHandler.OnMessageReceived: Running job 'TestExecution.StartWithSources'.
TpTrace Verbose: 0 : 10104, 4, 2023/12/13, 09:13:31.109, 23929101865099, testhost.dll, MulticastDelegateUtilities.SafeInvoke: TestCaseEventsHandler.RaiseSessionStart: Invoking callbacks was skipped because there are no subscribers.
TpTrace Information: 0 : 10104, 4, 2023/12/13, 09:13:31.113, 23929101901317, testhost.dll, TestDiscoveryManager: Discovering tests from sources C:\Users\29\Documents\GitHub\e-Demokratija-VVS\e-Demokratija\GlasacTest\bin\Debug\net5.0\fine-code-coverage\build-output\Testovi.dll
TpTrace Verbose: 0 : 10104, 4, 2023/12/13, 09:13:31.115, 23929101923971, testhost.dll, TestPluginCache.DiscoverTestExtensions: finding test extensions in assemblies ends with: TestAdapter.dll TPluginInfo: Microsoft.VisualStudio.TestPlatform.Common.ExtensionFramework.Utilities.TestDiscovererPluginInformation TExtension: Microsoft.VisualStudio.TestPlatform.ObjectModel.Adapter.ITestDiscoverer
TpTrace Verbose: 0 : 10104, 4, 2023/12/13, 09:13:31.115, 23929101924889, testhost.dll, TestPluginCache.GetExtensionPaths: Filtered extension paths: 
TpTrace Verbose: 0 : 10104, 4, 2023/12/13, 09:13:31.115, 23929101925248, testhost.dll, TestPluginCache.GetExtensionPaths: Added default extension paths: C:\Users\29\Documents\GitHub\e-Demokratija-VVS\e-Demokratija\GlasacTest\bin\Debug\net5.0\fine-code-coverage\build-output\Microsoft.VisualStudio.TestPlatform.MSTest.TestAdapter.dll
TpTrace Verbose: 0 : 10104, 4, 2023/12/13, 09:13:31.115, 23929101925534, testhost.dll, TestPluginCache.GetExtensionPaths: Added unfilterableExtensionPaths: 
TpTrace Information: 0 : 10104, 4, 2023/12/13, 09:13:31.115, 23929101926553, testhost.dll, AssemblyResolver.AddSearchDirectories: Adding more searchDirectories C:\Users\29\Documents\GitHub\e-Demokratija-VVS\e-Demokratija\GlasacTest\bin\Debug\net5.0\fine-code-coverage\build-output
TpTrace Verbose: 0 : 10104, 4, 2023/12/13, 09:13:31.115, 23929101926909, testhost.dll, TestPluginCache.DiscoverTestExtensions: Discovering the extensions using extension path.
TpTrace Verbose: 0 : 10104, 4, 2023/12/13, 09:13:31.115, 23929101927118, testhost.dll, TestPluginCache.GetExtensionPaths: Filtered extension paths: 
TpTrace Verbose: 0 : 10104, 4, 2023/12/13, 09:13:31.115, 23929101927297, testhost.dll, TestPluginCache.GetExtensionPaths: Added default extension paths: C:\Users\29\Documents\GitHub\e-Demokratija-VVS\e-Demokratija\GlasacTest\bin\Debug\net5.0\fine-code-coverage\build-output\Microsoft.VisualStudio.TestPlatform.MSTest.TestAdapter.dll
TpTrace Verbose: 0 : 10104, 4, 2023/12/13, 09:13:31.115, 23929101927483, testhost.dll, TestPluginCache.GetExtensionPaths: Added unfilterableExtensionPaths: 
TpTrace Verbose: 0 : 10104, 4, 2023/12/13, 09:13:31.115, 23929101927683, testhost.dll, TestPluginCache.DiscoverTestExtensions: Discovering the extensions using allExtensionPaths: C:\Users\29\Documents\GitHub\e-Demokratija-VVS\e-Demokratija\GlasacTest\bin\Debug\net5.0\fine-code-coverage\build-output\Microsoft.VisualStudio.TestPlatform.MSTest.TestAdapter.dll
TpTrace Information: 0 : 10104, 4, 2023/12/13, 09:13:31.115, 23929101928010, testhost.dll, AssemblyResolver.AddSearchDirectories: Adding more searchDirectories C:\Users\29\Documents\GitHub\e-Demokratija-VVS\e-Demokratija\GlasacTest\bin\Debug\net5.0\fine-code-coverage\build-output
TpTrace Verbose: 0 : 10104, 4, 2023/12/13, 09:13:31.116, 23929101928683, testhost.dll, MetadataReaderExtensionsHelper: Discovering extensions inside assembly 'Microsoft.VisualStudio.TestPlatform.MSTest.TestAdapter, Version=14.0.0.0, Culture=neutral, PublicKeyToken=b03f5f7f11d50a3a' file path 'C:\Users\29\Documents\GitHub\e-Demokratija-VVS\e-Demokratija\GlasacTest\bin\Debug\net5.0\fine-code-coverage\build-output\Microsoft.VisualStudio.TestPlatform.MSTest.TestAdapter.dll'
TpTrace Information: 0 : 10104, 4, 2023/12/13, 09:13:31.118, 23929101950790, testhost.dll, GetTestExtensionFromType: Register extension with identifier data 'Microsoft.VisualStudio.TestPlatform.MSTest.TestAdapter.MSTestDiscoverer, Microsoft.VisualStudio.TestPlatform.MSTest.TestAdapter, Version=14.0.0.0, Culture=neutral, PublicKeyToken=b03f5f7f11d50a3a' and type 'Microsoft.VisualStudio.TestPlatform.MSTest.TestAdapter.MSTestDiscoverer, Microsoft.VisualStudio.TestPlatform.MSTest.TestAdapter, Version=14.0.0.0, Culture=neutral, PublicKeyToken=b03f5f7f11d50a3a' inside file 'C:\Users\29\Documents\GitHub\e-Demokratija-VVS\e-Demokratija\GlasacTest\bin\Debug\net5.0\fine-code-coverage\build-output\Microsoft.VisualStudio.TestPlatform.MSTest.TestAdapter.dll'
TpTrace Verbose: 0 : 10104, 4, 2023/12/13, 09:13:31.118, 23929101952590, testhost.dll, TestPluginCache: Discovered the extensions using extension path ''.
TpTrace Verbose: 0 : 10104, 4, 2023/12/13, 09:13:31.118, 23929101953112, testhost.dll, TestPluginCache: Discoverers are 'Microsoft.VisualStudio.TestPlatform.MSTest.TestAdapter.MSTestDiscoverer, Microsoft.VisualStudio.TestPlatform.MSTest.TestAdapter, Version=14.0.0.0, Culture=neutral, PublicKeyToken=b03f5f7f11d50a3a'.
TpTrace Verbose: 0 : 10104, 4, 2023/12/13, 09:13:31.118, 23929101953342, testhost.dll, TestPluginCache: Executors are 'executor://MSTestAdapter/v2'.
TpTrace Verbose: 0 : 10104, 4, 2023/12/13, 09:13:31.118, 23929101953579, testhost.dll, TestPluginCache: Executors2 are ''.
TpTrace Verbose: 0 : 10104, 4, 2023/12/13, 09:13:31.118, 23929101953836, testhost.dll, TestPluginCache: Setting providers are ''.
TpTrace Verbose: 0 : 10104, 4, 2023/12/13, 09:13:31.118, 23929101954011, testhost.dll, TestPluginCache: Loggers are ''.
TpTrace Verbose: 0 : 10104, 4, 2023/12/13, 09:13:31.118, 23929101954179, testhost.dll, TestPluginCache: TestHosts are ''.
TpTrace Verbose: 0 : 10104, 4, 2023/12/13, 09:13:31.118, 23929101954343, testhost.dll, TestPluginCache: DataCollectors are ''.
TpTrace Verbose: 0 : 10104, 4, 2023/12/13, 09:13:31.124, 23929102008532, testhost.dll, BaseRunTests.RunTestInternalWithExecutors: Running tests for executor://MSTestAdapter/v2
TpTrace Information: 0 : 10104, 4, 2023/12/13, 09:13:31.127, 23929102044000, testhost.dll, AssemblyResolver.OnResolve: Microsoft.VisualStudio.TestPlatform.MSTestAdapter.PlatformServices.Interface: Resolving assembly.
TpTrace Information: 0 : 10104, 4, 2023/12/13, 09:13:31.127, 23929102045325, testhost.dll, AssemblyResolver.OnResolve: Microsoft.VisualStudio.TestPlatform.MSTestAdapter.PlatformServices.Interface: Searching in: 'C:\Users\29\Documents\GitHub\e-Demokratija-VVS\e-Demokratija\GlasacTest\bin\Debug\net5.0\fine-code-coverage\build-output'.
TpTrace Information: 0 : 10104, 4, 2023/12/13, 09:13:31.127, 23929102048086, testhost.dll, AssemblyResolver.OnResolve: Microsoft.VisualStudio.TestPlatform.MSTestAdapter.PlatformServices.Interface: Loading assembly 'C:\Users\29\Documents\GitHub\e-Demokratija-VVS\e-Demokratija\GlasacTest\bin\Debug\net5.0\fine-code-coverage\build-output\Microsoft.VisualStudio.TestPlatform.MSTestAdapter.PlatformServices.Interface.dll'.
TpTrace Information: 0 : 10104, 4, 2023/12/13, 09:13:31.128, 23929102051651, testhost.dll, AssemblyResolver.OnResolve: Resolved assembly: Microsoft.VisualStudio.TestPlatform.MSTestAdapter.PlatformServices.Interface, from path: C:\Users\29\Documents\GitHub\e-Demokratija-VVS\e-Demokratija\GlasacTest\bin\Debug\net5.0\fine-code-coverage\build-output\Microsoft.VisualStudio.TestPlatform.MSTestAdapter.PlatformServices.Interface.dll
TpTrace Information: 0 : 10104, 4, 2023/12/13, 09:13:31.129, 23929102062109, testhost.dll, AssemblyResolver.OnResolve: Microsoft.VisualStudio.TestPlatform.MSTestAdapter.PlatformServices: Resolving assembly.
TpTrace Information: 0 : 10104, 4, 2023/12/13, 09:13:31.129, 23929102063824, testhost.dll, AssemblyResolver.OnResolve: Microsoft.VisualStudio.TestPlatform.MSTestAdapter.PlatformServices: Searching in: 'C:\Users\29\Documents\GitHub\e-Demokratija-VVS\e-Demokratija\GlasacTest\bin\Debug\net5.0\fine-code-coverage\build-output'.
TpTrace Information: 0 : 10104, 4, 2023/12/13, 09:13:31.129, 23929102066709, testhost.dll, AssemblyResolver.OnResolve: Microsoft.VisualStudio.TestPlatform.MSTestAdapter.PlatformServices: Loading assembly 'C:\Users\29\Documents\GitHub\e-Demokratija-VVS\e-Demokratija\GlasacTest\bin\Debug\net5.0\fine-code-coverage\build-output\Microsoft.VisualStudio.TestPlatform.MSTestAdapter.PlatformServices.dll'.
TpTrace Information: 0 : 10104, 4, 2023/12/13, 09:13:31.130, 23929102070833, testhost.dll, AssemblyResolver.OnResolve: Resolved assembly: Microsoft.VisualStudio.TestPlatform.MSTestAdapter.PlatformServices, from path: C:\Users\29\Documents\GitHub\e-Demokratija-VVS\e-Demokratija\GlasacTest\bin\Debug\net5.0\fine-code-coverage\build-output\Microsoft.VisualStudio.TestPlatform.MSTestAdapter.PlatformServices.dll
TpTrace Information: 0 : 10104, 4, 2023/12/13, 09:13:31.130, 23929102074756, testhost.dll, MSTest - MSTestExecutor.RunTests: Running tests from sources.
TpTrace Information: 0 : 10104, 4, 2023/12/13, 09:13:31.134, 23929102112183, testhost.dll, MSTest - CollectSourceInformation value Found : False 
TpTrace Information: 0 : 10104, 4, 2023/12/13, 09:13:31.150, 23929102277891, testhost.dll, MSTest - DictionaryHelper.ConcatWithOverwrites: The source is null or empty, returning the overwrite dictionary.
TpTrace Information: 0 : 10104, 4, 2023/12/13, 09:13:31.157, 23929102340270, testhost.dll, MSTest - DictionaryHelper.ConcatWithOverwrites: The source is null or empty, returning the overwrite dictionary.
TpTrace Information: 0 : 10104, 4, 2023/12/13, 09:13:31.162, 23929102398137, testhost.dll, AssemblyResolver.OnResolve: Microsoft.TestPlatform.AdapterUtilities: Resolving assembly.
TpTrace Information: 0 : 10104, 4, 2023/12/13, 09:13:31.163, 23929102399098, testhost.dll, AssemblyResolver.OnResolve: Microsoft.TestPlatform.AdapterUtilities: Searching in: 'C:\Users\29\Documents\GitHub\e-Demokratija-VVS\e-Demokratija\GlasacTest\bin\Debug\net5.0\fine-code-coverage\build-output'.
TpTrace Information: 0 : 10104, 4, 2023/12/13, 09:13:31.163, 23929102401317, testhost.dll, AssemblyResolver.OnResolve: Microsoft.TestPlatform.AdapterUtilities: Loading assembly 'C:\Users\29\Documents\GitHub\e-Demokratija-VVS\e-Demokratija\GlasacTest\bin\Debug\net5.0\fine-code-coverage\build-output\Microsoft.TestPlatform.AdapterUtilities.dll'.
TpTrace Information: 0 : 10104, 4, 2023/12/13, 09:13:31.163, 23929102403911, testhost.dll, AssemblyResolver.OnResolve: Resolved assembly: Microsoft.TestPlatform.AdapterUtilities, from path: C:\Users\29\Documents\GitHub\e-Demokratija-VVS\e-Demokratija\GlasacTest\bin\Debug\net5.0\fine-code-coverage\build-output\Microsoft.TestPlatform.AdapterUtilities.dll
TpTrace Information: 0 : 10104, 4, 2023/12/13, 09:13:31.191, 23929102682902, testhost.dll, AssemblyResolver.OnResolve: Microsoft.VisualStudio.TestPlatform.MSTest.TestAdapter.resources: Resolving assembly.
TpTrace Information: 0 : 10104, 4, 2023/12/13, 09:13:31.191, 23929102683972, testhost.dll, AssemblyResolver.OnResolve: Microsoft.VisualStudio.TestPlatform.MSTest.TestAdapter.resources: Searching in: 'C:\Users\29\Documents\GitHub\e-Demokratija-VVS\e-Demokratija\GlasacTest\bin\Debug\net5.0\fine-code-coverage\build-output'.
TpTrace Information: 0 : 10104, 4, 2023/12/13, 09:13:31.191, 23929102684925, testhost.dll, AssemblyResolver.OnResolve: Microsoft.VisualStudio.TestPlatform.MSTest.TestAdapter.resources: Assembly path does not exist: 'C:\Users\29\Documents\GitHub\e-Demokratija-VVS\e-Demokratija\GlasacTest\bin\Debug\net5.0\fine-code-coverage\build-output\Microsoft.VisualStudio.TestPlatform.MSTest.TestAdapter.resources.dll', returning.
TpTrace Information: 0 : 10104, 4, 2023/12/13, 09:13:31.191, 23929102685828, testhost.dll, AssemblyResolver.OnResolve: Microsoft.VisualStudio.TestPlatform.MSTest.TestAdapter.resources: Assembly path does not exist: 'C:\Users\29\Documents\GitHub\e-Demokratija-VVS\e-Demokratija\GlasacTest\bin\Debug\net5.0\fine-code-coverage\build-output\Microsoft.VisualStudio.TestPlatform.MSTest.TestAdapter.resources.exe', returning.
TpTrace Information: 0 : 10104, 4, 2023/12/13, 09:13:31.191, 23929102686139, testhost.dll, AssemblyResolver.OnResolve: Microsoft.VisualStudio.TestPlatform.MSTest.TestAdapter.resources: Failed to load assembly.
TpTrace Information: 0 : 10104, 4, 2023/12/13, 09:13:31.203, 23929102799341, testhost.dll, MSTest - DynamicDataEnumarator: Exception occurred while enumerating IDataSource attribute on "Testovi.UnitTest1.TestKonstruktoraGlasacaXML(System.String,System.String)": System.IO.FileNotFoundException: Could not find file 'C:\Users\29\Documents\GitHub\e-Demokratija-VVS\e-Demokratija\GlasacTest\bin\Debug\Glasaci.xml'.
File name: 'C:\Users\29\Documents\GitHub\e-Demokratija-VVS\e-Demokratija\GlasacTest\bin\Debug\Glasaci.xml'
   at System.IO.FileStream.ValidateFileHandle(SafeFileHandle fileHandle)
   at System.IO.FileStream.CreateFileOpenHandle(FileMode mode, FileShare share, FileOptions options)
   at System.IO.FileStream..ctor(String path, FileMode mode, FileAccess access, FileShare share, Int32 bufferSize, FileOptions options)
   at System.IO.FileStream..ctor(String path, FileMode mode, FileAccess access, FileShare share, Int32 bufferSize)
   at System.Xml.XmlDownloadManager.GetStream(Uri uri, ICredentials credentials, IWebProxy proxy)
   at System.Xml.XmlUrlResolver.GetEntity(Uri absoluteUri, String role, Type ofObjectToReturn)
   at System.Xml.XmlTextReaderImpl.OpenUrl()
   at System.Xml.XmlTextReaderImpl.Read()
   at System.Xml.XmlLoader.Load(XmlDocument doc, XmlReader reader, Boolean preserveWhitespace)
   at System.Xml.XmlDocument.Load(XmlReader reader)
   at System.Xml.XmlDocument.Load(String filename)
   at Testovi.UnitTest1.ReadXML()+MoveNext() in C:\Users\29\Documents\GitHub\e-Demokratija-VVS\e-Demokratija\GlasacTest\UnitTest1.cs:line 228
   at System.Linq.Enumerable.Any[TSource](IEnumerable`1 source)
   at Microsoft.VisualStudio.TestTools.UnitTesting.DynamicDataAttribute.GetData(MethodInfo methodInfo)
   at Microsoft.VisualStudio.TestPlatform.MSTest.TestAdapter.Discovery.AssemblyEnumerator.ProcessTestDataSourceTests(UnitTestElement test, MethodInfo methodInfo, ITestDataSource[] testDataSources, List`1 tests)
   at Microsoft.VisualStudio.TestPlatform.MSTest.TestAdapter.Discovery.AssemblyEnumerator.TryProcessTestDataSourceTests(UnitTestElement test, TestMethodInfo testMethodInfo, List`1 tests)
TpTrace Information: 0 : 10104, 4, 2023/12/13, 09:13:31.210, 23929102870755, testhost.dll, MSTest - DynamicDataEnumarator: Exception occurred while enumerating IDataSource attribute on "Testovi.UnitTest1.TestKonstruktoraGlasacaCSV(System.String,System.String)": System.IO.FileNotFoundException: Could not find file 'C:\Users\29\Documents\GitHub\e-Demokratija-VVS\e-Demokratija\GlasacTest\bin\Debug\Glasaci.csv'.
File name: 'C:\Users\29\Documents\GitHub\e-Demokratija-VVS\e-Demokratija\GlasacTest\bin\Debug\Glasaci.csv'
   at System.IO.FileStream.ValidateFileHandle(SafeFileHandle fileHandle)
   at System.IO.FileStream.CreateFileOpenHandle(FileMode mode, FileShare share, FileOptions options)
   at System.IO.FileStream..ctor(String path, FileMode mode, FileAccess access, FileShare share, Int32 bufferSize, FileOptions options)
   at System.IO.StreamReader.ValidateArgsAndOpenPath(String path, Encoding encoding, Int32 bufferSize)
   at System.IO.StreamReader..ctor(String path)
   at Testovi.UnitTest1.ReadCSV()+MoveNext() in C:\Users\29\Documents\GitHub\e-Demokratija-VVS\e-Demokratija\GlasacTest\UnitTest1.cs:line 241
   at System.Linq.Enumerable.Any[TSource](IEnumerable`1 source)
   at Microsoft.VisualStudio.TestTools.UnitTesting.DynamicDataAttribute.GetData(MethodInfo methodInfo)
   at Microsoft.VisualStudio.TestPlatform.MSTest.TestAdapter.Discovery.AssemblyEnumerator.ProcessTestDataSourceTests(UnitTestElement test, MethodInfo methodInfo, ITestDataSource[] testDataSources, List`1 tests)
   at Microsoft.VisualStudio.TestPlatform.MSTest.TestAdapter.Discovery.AssemblyEnumerator.TryProcessTestDataSourceTests(UnitTestElement test, TestMethodInfo testMethodInfo, List`1 tests)
TpTrace Information: 0 : 10104, 4, 2023/12/13, 09:13:31.210, 23929102873074, testhost.dll, MSTest - DictionaryHelper.ConcatWithOverwrites: The source is null or empty, returning the overwrite dictionary.
TpTrace Information: 0 : 10104, 4, 2023/12/13, 09:13:31.210, 23929102874410, testhost.dll, MSTest - DictionaryHelper.ConcatWithOverwrites: The source is null or empty, returning the overwrite dictionary.
TpTrace Information: 0 : 10104, 4, 2023/12/13, 09:13:31.210, 23929102875159, testhost.dll, MSTest - DictionaryHelper.ConcatWithOverwrites: The source is null or empty, returning the overwrite dictionary.
TpTrace Information: 0 : 10104, 4, 2023/12/13, 09:13:31.210, 23929102875717, testhost.dll, MSTest - DictionaryHelper.ConcatWithOverwrites: The source is null or empty, returning the overwrite dictionary.
TpTrace Information: 0 : 10104, 4, 2023/12/13, 09:13:31.210, 23929102876220, testhost.dll, MSTest - DictionaryHelper.ConcatWithOverwrites: The source is null or empty, returning the overwrite dictionary.
TpTrace Information: 0 : 10104, 4, 2023/12/13, 09:13:31.211, 23929102888094, testhost.dll, MSTest - DictionaryHelper.ConcatWithOverwrites: The source is null or empty, returning the overwrite dictionary.
TpTrace Information: 0 : 10104, 4, 2023/12/13, 09:13:31.212, 23929102890659, testhost.dll, MSTest - MSTestDiscoverer: Found 40 tests from source C:\Users\29\Documents\GitHub\e-Demokratija-VVS\e-Demokratija\GlasacTest\bin\Debug\net5.0\fine-code-coverage\build-output\Testovi.dll
TpTrace Information: 0 : 10104, 4, 2023/12/13, 09:13:31.231, 23929103087730, testhost.dll, AssemblyResolver.OnResolve: Microsoft.VisualStudio.TestPlatform.MSTestAdapter.PlatformServices.resources: Resolving assembly.
TpTrace Information: 0 : 10104, 4, 2023/12/13, 09:13:31.232, 23929103088721, testhost.dll, AssemblyResolver.OnResolve: Microsoft.VisualStudio.TestPlatform.MSTestAdapter.PlatformServices.resources: Searching in: 'C:\Users\29\Documents\GitHub\e-Demokratija-VVS\e-Demokratija\GlasacTest\bin\Debug\net5.0\fine-code-coverage\build-output'.
TpTrace Information: 0 : 10104, 4, 2023/12/13, 09:13:31.232, 23929103089411, testhost.dll, AssemblyResolver.OnResolve: Microsoft.VisualStudio.TestPlatform.MSTestAdapter.PlatformServices.resources: Assembly path does not exist: 'C:\Users\29\Documents\GitHub\e-Demokratija-VVS\e-Demokratija\GlasacTest\bin\Debug\net5.0\fine-code-coverage\build-output\Microsoft.VisualStudio.TestPlatform.MSTestAdapter.PlatformServices.resources.dll', returning.
TpTrace Information: 0 : 10104, 4, 2023/12/13, 09:13:31.232, 23929103090144, testhost.dll, AssemblyResolver.OnResolve: Microsoft.VisualStudio.TestPlatform.MSTestAdapter.PlatformServices.resources: Assembly path does not exist: 'C:\Users\29\Documents\GitHub\e-Demokratija-VVS\e-Demokratija\GlasacTest\bin\Debug\net5.0\fine-code-coverage\build-output\Microsoft.VisualStudio.TestPlatform.MSTestAdapter.PlatformServices.resources.exe', returning.
TpTrace Information: 0 : 10104, 4, 2023/12/13, 09:13:31.232, 23929103090385, testhost.dll, AssemblyResolver.OnResolve: Microsoft.VisualStudio.TestPlatform.MSTestAdapter.PlatformServices.resources: Failed to load assembly.
TpTrace Information: 0 : 10104, 4, 2023/12/13, 09:13:31.232, 23929103091746, testhost.dll, AssemblyResolver.OnResolve: Microsoft.VisualStudio.TestPlatform.MSTestAdapter.PlatformServices.resources: Resolving assembly.
TpTrace Information: 0 : 10104, 4, 2023/12/13, 09:13:31.232, 23929103092042, testhost.dll, AssemblyResolver.OnResolve: Microsoft.VisualStudio.TestPlatform.MSTestAdapter.PlatformServices.resources: Resolved from cache.
TpTrace Information: 0 : 10104, 4, 2023/12/13, 09:13:31.240, 23929103175231, testhost.dll, MSTest - Created unit-test runner C:\Users\29\Documents\GitHub\e-Demokratija-VVS\e-Demokratija\GlasacTest\bin\Debug\net5.0\fine-code-coverage\build-output\Testovi.dll
TpTrace Verbose: 0 : 10104, 4, 2023/12/13, 09:13:31.246, 23929103234216, testhost.dll, TestExecutionRecorder.RecordStart: Starting test: Testovi.UnitTest1.TestIspravnogKonstruktoraKlaseGlasac1.
TpTrace Verbose: 0 : 10104, 4, 2023/12/13, 09:13:31.306, 23929103836653, testhost.dll, MulticastDelegateUtilities.SafeInvoke: TestCaseEventsHandler.RaiseTestCaseStart: Invoking callback 1/1 for Microsoft.VisualStudio.TestPlatform.CrossPlatEngine.DataCollection.ProxyOutOfProcDataCollectionManager., took 57 ms.
TpTrace Information: 0 : 10104, 4, 2023/12/13, 09:13:31.307, 23929103838801, testhost.dll, MSTest - Executing test TestIspravnogKonstruktoraKlaseGlasac1
TpTrace Information: 0 : 10104, 4, 2023/12/13, 09:13:31.331, 23929104081710, testhost.dll, MSTest - Executed test TestIspravnogKonstruktoraKlaseGlasac1
TpTrace Verbose: 0 : 10104, 4, 2023/12/13, 09:13:31.334, 23929104115651, testhost.dll, TestExecutionRecorder.RecordEnd: test: Testovi.UnitTest1.TestIspravnogKonstruktoraKlaseGlasac1 execution completed.
TpTrace Verbose: 0 : 10104, 4, 2023/12/13, 09:13:31.350, 23929104269853, testhost.dll, MulticastDelegateUtilities.SafeInvoke: TestCaseEventsHandler.RaiseTestCaseEnd: Invoking callback 1/1 for Microsoft.VisualStudio.TestPlatform.CrossPlatEngine.DataCollection.ProxyOutOfProcDataCollectionManager., took 14 ms.
TpTrace Verbose: 0 : 10104, 4, 2023/12/13, 09:13:31.351, 23929104281572, testhost.dll, TestExecutionRecorder.RecordResult: Received result for test: Testovi.UnitTest1.TestIspravnogKonstruktoraKlaseGlasac1.
TpTrace Verbose: 0 : 10104, 4, 2023/12/13, 09:13:31.353, 23929104308256, testhost.dll, MulticastDelegateUtilities.SafeInvoke: TestCaseEventsHandler.RaiseTestCaseEnd: Invoking callback 1/1 for Microsoft.VisualStudio.TestPlatform.CrossPlatEngine.DataCollection.ProxyOutOfProcDataCollectionManager., took 2 ms.
TpTrace Warning: 0 : 10104, 4, 2023/12/13, 09:13:31.357, 23929104345371, testhost.dll, TestRunCache: InProgressTests is null
TpTrace Warning: 0 : 10104, 4, 2023/12/13, 09:13:31.357, 23929104347458, testhost.dll, TestRunCache: No test found corresponding to testResult 'TestIspravnogKonstruktoraKlaseGlasac1' in inProgress list.
TpTrace Verbose: 0 : 10104, 4, 2023/12/13, 09:13:31.358, 23929104349200, testhost.dll, TestExecutionRecorder.RecordStart: Starting test: Testovi.UnitTest1.TestIspravnogKonstruktoraKlaseGlasac2.
TpTrace Verbose: 0 : 10104, 4, 2023/12/13, 09:13:31.360, 23929104368442, testhost.dll, MulticastDelegateUtilities.SafeInvoke: TestCaseEventsHandler.RaiseTestCaseStart: Invoking callback 1/1 for Microsoft.VisualStudio.TestPlatform.CrossPlatEngine.DataCollection.ProxyOutOfProcDataCollectionManager., took 1 ms.
TpTrace Information: 0 : 10104, 4, 2023/12/13, 09:13:31.360, 23929104369287, testhost.dll, MSTest - Executing test TestIspravnogKonstruktoraKlaseGlasac2
TpTrace Information: 0 : 10104, 4, 2023/12/13, 09:13:31.361, 23929104378372, testhost.dll, MSTest - Executed test TestIspravnogKonstruktoraKlaseGlasac2
TpTrace Verbose: 0 : 10104, 4, 2023/12/13, 09:13:31.361, 23929104379239, testhost.dll, TestExecutionRecorder.RecordEnd: test: Testovi.UnitTest1.TestIspravnogKonstruktoraKlaseGlasac2 execution completed.
TpTrace Verbose: 0 : 10104, 4, 2023/12/13, 09:13:31.362, 23929104395392, testhost.dll, MulticastDelegateUtilities.SafeInvoke: TestCaseEventsHandler.RaiseTestCaseEnd: Invoking callback 1/1 for Microsoft.VisualStudio.TestPlatform.CrossPlatEngine.DataCollection.ProxyOutOfProcDataCollectionManager., took 1 ms.
TpTrace Verbose: 0 : 10104, 4, 2023/12/13, 09:13:31.362, 23929104396143, testhost.dll, TestExecutionRecorder.RecordResult: Received result for test: Testovi.UnitTest1.TestIspravnogKonstruktoraKlaseGlasac2.
TpTrace Verbose: 0 : 10104, 4, 2023/12/13, 09:13:31.362, 23929104396757, testhost.dll, MulticastDelegateUtilities.SafeInvoke: TestCaseEventsHandler.RaiseTestCaseEnd: Invoking callback 1/1 for Microsoft.VisualStudio.TestPlatform.CrossPlatEngine.DataCollection.ProxyOutOfProcDataCollectionManager., took 0 ms.
TpTrace Warning: 0 : 10104, 4, 2023/12/13, 09:13:31.362, 23929104397223, testhost.dll, TestRunCache: InProgressTests is null
TpTrace Warning: 0 : 10104, 4, 2023/12/13, 09:13:31.362, 23929104397533, testhost.dll, TestRunCache: No test found corresponding to testResult 'TestIspravnogKonstruktoraKlaseGlasac2' in inProgress list.
TpTrace Verbose: 0 : 10104, 4, 2023/12/13, 09:13:31.363, 23929104398341, testhost.dll, TestExecutionRecorder.RecordStart: Starting test: Testovi.UnitTest1.TestIspravneDodjeleKoda1.
TpTrace Verbose: 0 : 10104, 4, 2023/12/13, 09:13:31.368, 23929104454799, testhost.dll, MulticastDelegateUtilities.SafeInvoke: TestCaseEventsHandler.RaiseTestCaseStart: Invoking callback 1/1 for Microsoft.VisualStudio.TestPlatform.CrossPlatEngine.DataCollection.ProxyOutOfProcDataCollectionManager., took 5 ms.
TpTrace Information: 0 : 10104, 4, 2023/12/13, 09:13:31.368, 23929104455839, testhost.dll, MSTest - Executing test TestIspravneDodjeleKoda1
TpTrace Information: 0 : 10104, 4, 2023/12/13, 09:13:31.369, 23929104461774, testhost.dll, MSTest - Executed test TestIspravneDodjeleKoda1
TpTrace Verbose: 0 : 10104, 4, 2023/12/13, 09:13:31.369, 23929104462495, testhost.dll, TestExecutionRecorder.RecordEnd: test: Testovi.UnitTest1.TestIspravneDodjeleKoda1 execution completed.
TpTrace Verbose: 0 : 10104, 4, 2023/12/13, 09:13:31.370, 23929104474422, testhost.dll, MulticastDelegateUtilities.SafeInvoke: TestCaseEventsHandler.RaiseTestCaseEnd: Invoking callback 1/1 for Microsoft.VisualStudio.TestPlatform.CrossPlatEngine.DataCollection.ProxyOutOfProcDataCollectionManager., took 1 ms.
TpTrace Verbose: 0 : 10104, 4, 2023/12/13, 09:13:31.370, 23929104475036, testhost.dll, TestExecutionRecorder.RecordResult: Received result for test: Testovi.UnitTest1.TestIspravneDodjeleKoda1.
TpTrace Verbose: 0 : 10104, 4, 2023/12/13, 09:13:31.370, 23929104475512, testhost.dll, MulticastDelegateUtilities.SafeInvoke: TestCaseEventsHandler.RaiseTestCaseEnd: Invoking callback 1/1 for Microsoft.VisualStudio.TestPlatform.CrossPlatEngine.DataCollection.ProxyOutOfProcDataCollectionManager., took 0 ms.
TpTrace Warning: 0 : 10104, 4, 2023/12/13, 09:13:31.370, 23929104475872, testhost.dll, TestRunCache: InProgressTests is null
TpTrace Warning: 0 : 10104, 4, 2023/12/13, 09:13:31.370, 23929104476160, testhost.dll, TestRunCache: No test found corresponding to testResult 'TestIspravneDodjeleKoda1' in inProgress list.
TpTrace Verbose: 0 : 10104, 4, 2023/12/13, 09:13:31.370, 23929104476768, testhost.dll, TestExecutionRecorder.RecordStart: Starting test: Testovi.UnitTest1.TestIspravneDodjeleKoda2.
TpTrace Verbose: 0 : 10104, 4, 2023/12/13, 09:13:31.371, 23929104487438, testhost.dll, MulticastDelegateUtilities.SafeInvoke: TestCaseEventsHandler.RaiseTestCaseStart: Invoking callback 1/1 for Microsoft.VisualStudio.TestPlatform.CrossPlatEngine.DataCollection.ProxyOutOfProcDataCollectionManager., took 1 ms.
TpTrace Information: 0 : 10104, 4, 2023/12/13, 09:13:31.371, 23929104488006, testhost.dll, MSTest - Executing test TestIspravneDodjeleKoda2
TpTrace Information: 0 : 10104, 4, 2023/12/13, 09:13:31.372, 23929104492115, testhost.dll, MSTest - Executed test TestIspravneDodjeleKoda2
TpTrace Verbose: 0 : 10104, 4, 2023/12/13, 09:13:31.372, 23929104492820, testhost.dll, TestExecutionRecorder.RecordEnd: test: Testovi.UnitTest1.TestIspravneDodjeleKoda2 execution completed.
TpTrace Verbose: 0 : 10104, 4, 2023/12/13, 09:13:31.373, 23929104503661, testhost.dll, MulticastDelegateUtilities.SafeInvoke: TestCaseEventsHandler.RaiseTestCaseEnd: Invoking callback 1/1 for Microsoft.VisualStudio.TestPlatform.CrossPlatEngine.DataCollection.ProxyOutOfProcDataCollectionManager., took 1 ms.
TpTrace Verbose: 0 : 10104, 4, 2023/12/13, 09:13:31.373, 23929104504222, testhost.dll, TestExecutionRecorder.RecordResult: Received result for test: Testovi.UnitTest1.TestIspravneDodjeleKoda2.
TpTrace Verbose: 0 : 10104, 4, 2023/12/13, 09:13:31.373, 23929104504704, testhost.dll, MulticastDelegateUtilities.SafeInvoke: TestCaseEventsHandler.RaiseTestCaseEnd: Invoking callback 1/1 for Microsoft.VisualStudio.TestPlatform.CrossPlatEngine.DataCollection.ProxyOutOfProcDataCollectionManager., took 0 ms.
TpTrace Warning: 0 : 10104, 4, 2023/12/13, 09:13:31.373, 23929104505089, testhost.dll, TestRunCache: InProgressTests is null
TpTrace Warning: 0 : 10104, 4, 2023/12/13, 09:13:31.373, 23929104505383, testhost.dll, TestRunCache: No test found corresponding to testResult 'TestIspravneDodjeleKoda2' in inProgress list.
TpTrace Verbose: 0 : 10104, 4, 2023/12/13, 09:13:31.373, 23929104505980, testhost.dll, TestExecutionRecorder.RecordStart: Starting test: Testovi.UnitTest1.TestDuzineImenaIzuzetak1.
TpTrace Verbose: 0 : 10104, 4, 2023/12/13, 09:13:31.374, 23929104516416, testhost.dll, MulticastDelegateUtilities.SafeInvoke: TestCaseEventsHandler.RaiseTestCaseStart: Invoking callback 1/1 for Microsoft.VisualStudio.TestPlatform.CrossPlatEngine.DataCollection.ProxyOutOfProcDataCollectionManager., took 1 ms.
TpTrace Information: 0 : 10104, 4, 2023/12/13, 09:13:31.374, 23929104517112, testhost.dll, MSTest - Executing test TestDuzineImenaIzuzetak1
TpTrace Information: 0 : 10104, 4, 2023/12/13, 09:13:31.376, 23929104536586, testhost.dll, MSTest - Executed test TestDuzineImenaIzuzetak1
TpTrace Verbose: 0 : 10104, 4, 2023/12/13, 09:13:31.376, 23929104537522, testhost.dll, TestExecutionRecorder.RecordEnd: test: Testovi.UnitTest1.TestDuzineImenaIzuzetak1 execution completed.
TpTrace Verbose: 0 : 10104, 4, 2023/12/13, 09:13:31.378, 23929104553796, testhost.dll, MulticastDelegateUtilities.SafeInvoke: TestCaseEventsHandler.RaiseTestCaseEnd: Invoking callback 1/1 for Microsoft.VisualStudio.TestPlatform.CrossPlatEngine.DataCollection.ProxyOutOfProcDataCollectionManager., took 1 ms.
TpTrace Verbose: 0 : 10104, 4, 2023/12/13, 09:13:31.378, 23929104554399, testhost.dll, TestExecutionRecorder.RecordResult: Received result for test: Testovi.UnitTest1.TestDuzineImenaIzuzetak1.
TpTrace Verbose: 0 : 10104, 4, 2023/12/13, 09:13:31.378, 23929104554784, testhost.dll, MulticastDelegateUtilities.SafeInvoke: TestCaseEventsHandler.RaiseTestCaseEnd: Invoking callback 1/1 for Microsoft.VisualStudio.TestPlatform.CrossPlatEngine.DataCollection.ProxyOutOfProcDataCollectionManager., took 0 ms.
TpTrace Warning: 0 : 10104, 4, 2023/12/13, 09:13:31.378, 23929104555081, testhost.dll, TestRunCache: InProgressTests is null
TpTrace Warning: 0 : 10104, 4, 2023/12/13, 09:13:31.378, 23929104555307, testhost.dll, TestRunCache: No test found corresponding to testResult 'TestDuzineImenaIzuzetak1' in inProgress list.
TpTrace Verbose: 0 : 10104, 4, 2023/12/13, 09:13:31.378, 23929104555948, testhost.dll, TestExecutionRecorder.RecordStart: Starting test: Testovi.UnitTest1.TestDuzineImenaIzuzetak2.
TpTrace Verbose: 0 : 10104, 4, 2023/12/13, 09:13:31.380, 23929104569299, testhost.dll, MulticastDelegateUtilities.SafeInvoke: TestCaseEventsHandler.RaiseTestCaseStart: Invoking callback 1/1 for Microsoft.VisualStudio.TestPlatform.CrossPlatEngine.DataCollection.ProxyOutOfProcDataCollectionManager., took 1 ms.
TpTrace Information: 0 : 10104, 4, 2023/12/13, 09:13:31.380, 23929104569816, testhost.dll, MSTest - Executing test TestDuzineImenaIzuzetak2
TpTrace Information: 0 : 10104, 4, 2023/12/13, 09:13:31.380, 23929104576927, testhost.dll, MSTest - Executed test TestDuzineImenaIzuzetak2
TpTrace Verbose: 0 : 10104, 4, 2023/12/13, 09:13:31.380, 23929104577552, testhost.dll, TestExecutionRecorder.RecordEnd: test: Testovi.UnitTest1.TestDuzineImenaIzuzetak2 execution completed.
TpTrace Verbose: 0 : 10104, 4, 2023/12/13, 09:13:31.382, 23929104590632, testhost.dll, MulticastDelegateUtilities.SafeInvoke: TestCaseEventsHandler.RaiseTestCaseEnd: Invoking callback 1/1 for Microsoft.VisualStudio.TestPlatform.CrossPlatEngine.DataCollection.ProxyOutOfProcDataCollectionManager., took 1 ms.
TpTrace Verbose: 0 : 10104, 4, 2023/12/13, 09:13:31.382, 23929104591161, testhost.dll, TestExecutionRecorder.RecordResult: Received result for test: Testovi.UnitTest1.TestDuzineImenaIzuzetak2.
TpTrace Verbose: 0 : 10104, 4, 2023/12/13, 09:13:31.382, 23929104591562, testhost.dll, MulticastDelegateUtilities.SafeInvoke: TestCaseEventsHandler.RaiseTestCaseEnd: Invoking callback 1/1 for Microsoft.VisualStudio.TestPlatform.CrossPlatEngine.DataCollection.ProxyOutOfProcDataCollectionManager., took 0 ms.
TpTrace Warning: 0 : 10104, 4, 2023/12/13, 09:13:31.382, 23929104591907, testhost.dll, TestRunCache: InProgressTests is null
TpTrace Warning: 0 : 10104, 4, 2023/12/13, 09:13:31.382, 23929104592134, testhost.dll, TestRunCache: No test found corresponding to testResult 'TestDuzineImenaIzuzetak2' in inProgress list.
TpTrace Verbose: 0 : 10104, 4, 2023/12/13, 09:13:31.382, 23929104592643, testhost.dll, TestExecutionRecorder.RecordStart: Starting test: Testovi.UnitTest1.TestPraznoImeIzuzetak1.
TpTrace Verbose: 0 : 10104, 4, 2023/12/13, 09:13:31.383, 23929104606022, testhost.dll, MulticastDelegateUtilities.SafeInvoke: TestCaseEventsHandler.RaiseTestCaseStart: Invoking callback 1/1 for Microsoft.VisualStudio.TestPlatform.CrossPlatEngine.DataCollection.ProxyOutOfProcDataCollectionManager., took 1 ms.
TpTrace Information: 0 : 10104, 4, 2023/12/13, 09:13:31.383, 23929104606630, testhost.dll, MSTest - Executing test TestPraznoImeIzuzetak1
TpTrace Information: 0 : 10104, 4, 2023/12/13, 09:13:31.384, 23929104615711, testhost.dll, MSTest - Executed test TestPraznoImeIzuzetak1
TpTrace Verbose: 0 : 10104, 4, 2023/12/13, 09:13:31.384, 23929104616465, testhost.dll, TestExecutionRecorder.RecordEnd: test: Testovi.UnitTest1.TestPraznoImeIzuzetak1 execution completed.
TpTrace Verbose: 0 : 10104, 4, 2023/12/13, 09:13:31.386, 23929104632171, testhost.dll, MulticastDelegateUtilities.SafeInvoke: TestCaseEventsHandler.RaiseTestCaseEnd: Invoking callback 1/1 for Microsoft.VisualStudio.TestPlatform.CrossPlatEngine.DataCollection.ProxyOutOfProcDataCollectionManager., took 1 ms.
TpTrace Verbose: 0 : 10104, 4, 2023/12/13, 09:13:31.386, 23929104632762, testhost.dll, TestExecutionRecorder.RecordResult: Received result for test: Testovi.UnitTest1.TestPraznoImeIzuzetak1.
TpTrace Verbose: 0 : 10104, 4, 2023/12/13, 09:13:31.386, 23929104633130, testhost.dll, MulticastDelegateUtilities.SafeInvoke: TestCaseEventsHandler.RaiseTestCaseEnd: Invoking callback 1/1 for Microsoft.VisualStudio.TestPlatform.CrossPlatEngine.DataCollection.ProxyOutOfProcDataCollectionManager., took 0 ms.
TpTrace Warning: 0 : 10104, 4, 2023/12/13, 09:13:31.386, 23929104633470, testhost.dll, TestRunCache: InProgressTests is null
TpTrace Warning: 0 : 10104, 4, 2023/12/13, 09:13:31.386, 23929104633695, testhost.dll, TestRunCache: No test found corresponding to testResult 'TestPraznoImeIzuzetak1' in inProgress list.
TpTrace Verbose: 0 : 10104, 4, 2023/12/13, 09:13:31.386, 23929104634240, testhost.dll, TestExecutionRecorder.RecordStart: Starting test: Testovi.UnitTest1.TestPraznoImeIzuzetak2.
TpTrace Verbose: 0 : 10104, 4, 2023/12/13, 09:13:31.387, 23929104646033, testhost.dll, MulticastDelegateUtilities.SafeInvoke: TestCaseEventsHandler.RaiseTestCaseStart: Invoking callback 1/1 for Microsoft.VisualStudio.TestPlatform.CrossPlatEngine.DataCollection.ProxyOutOfProcDataCollectionManager., took 1 ms.
TpTrace Information: 0 : 10104, 4, 2023/12/13, 09:13:31.387, 23929104646560, testhost.dll, MSTest - Executing test TestPraznoImeIzuzetak2
TpTrace Information: 0 : 10104, 4, 2023/12/13, 09:13:31.388, 23929104654975, testhost.dll, MSTest - Executed test TestPraznoImeIzuzetak2
TpTrace Verbose: 0 : 10104, 4, 2023/12/13, 09:13:31.388, 23929104655587, testhost.dll, TestExecutionRecorder.RecordEnd: test: Testovi.UnitTest1.TestPraznoImeIzuzetak2 execution completed.
TpTrace Verbose: 0 : 10104, 4, 2023/12/13, 09:13:31.390, 23929104668719, testhost.dll, MulticastDelegateUtilities.SafeInvoke: TestCaseEventsHandler.RaiseTestCaseEnd: Invoking callback 1/1 for Microsoft.VisualStudio.TestPlatform.CrossPlatEngine.DataCollection.ProxyOutOfProcDataCollectionManager., took 1 ms.
TpTrace Verbose: 0 : 10104, 4, 2023/12/13, 09:13:31.390, 23929104669327, testhost.dll, TestExecutionRecorder.RecordResult: Received result for test: Testovi.UnitTest1.TestPraznoImeIzuzetak2.
TpTrace Verbose: 0 : 10104, 4, 2023/12/13, 09:13:31.390, 23929104669792, testhost.dll, MulticastDelegateUtilities.SafeInvoke: TestCaseEventsHandler.RaiseTestCaseEnd: Invoking callback 1/1 for Microsoft.VisualStudio.TestPlatform.CrossPlatEngine.DataCollection.ProxyOutOfProcDataCollectionManager., took 0 ms.
TpTrace Warning: 0 : 10104, 4, 2023/12/13, 09:13:31.390, 23929104670180, testhost.dll, TestRunCache: InProgressTests is null
TpTrace Warning: 0 : 10104, 4, 2023/12/13, 09:13:31.390, 23929104670621, testhost.dll, TestRunCache: No test found corresponding to testResult 'TestPraznoImeIzuzetak2' in inProgress list.
TpTrace Verbose: 0 : 10104, 4, 2023/12/13, 09:13:31.390, 23929104671200, testhost.dll, TestExecutionRecorder.RecordStart: Starting test: Testovi.UnitTest1.TestImeNullIzuzetak1.
TpTrace Verbose: 0 : 10104, 4, 2023/12/13, 09:13:31.391, 23929104683562, testhost.dll, MulticastDelegateUtilities.SafeInvoke: TestCaseEventsHandler.RaiseTestCaseStart: Invoking callback 1/1 for Microsoft.VisualStudio.TestPlatform.CrossPlatEngine.DataCollection.ProxyOutOfProcDataCollectionManager., took 1 ms.
TpTrace Information: 0 : 10104, 4, 2023/12/13, 09:13:31.391, 23929104684354, testhost.dll, MSTest - Executing test TestImeNullIzuzetak1
TpTrace Information: 0 : 10104, 4, 2023/12/13, 09:13:31.392, 23929104693698, testhost.dll, MSTest - Executed test TestImeNullIzuzetak1
TpTrace Verbose: 0 : 10104, 4, 2023/12/13, 09:13:31.392, 23929104694354, testhost.dll, TestExecutionRecorder.RecordEnd: test: Testovi.UnitTest1.TestImeNullIzuzetak1 execution completed.
TpTrace Verbose: 0 : 10104, 4, 2023/12/13, 09:13:31.394, 23929104709459, testhost.dll, MulticastDelegateUtilities.SafeInvoke: TestCaseEventsHandler.RaiseTestCaseEnd: Invoking callback 1/1 for Microsoft.VisualStudio.TestPlatform.CrossPlatEngine.DataCollection.ProxyOutOfProcDataCollectionManager., took 1 ms.
TpTrace Verbose: 0 : 10104, 4, 2023/12/13, 09:13:31.394, 23929104710161, testhost.dll, TestExecutionRecorder.RecordResult: Received result for test: Testovi.UnitTest1.TestImeNullIzuzetak1.
TpTrace Verbose: 0 : 10104, 4, 2023/12/13, 09:13:31.394, 23929104710625, testhost.dll, MulticastDelegateUtilities.SafeInvoke: TestCaseEventsHandler.RaiseTestCaseEnd: Invoking callback 1/1 for Microsoft.VisualStudio.TestPlatform.CrossPlatEngine.DataCollection.ProxyOutOfProcDataCollectionManager., took 0 ms.
TpTrace Warning: 0 : 10104, 4, 2023/12/13, 09:13:31.394, 23929104711057, testhost.dll, TestRunCache: InProgressTests is null
TpTrace Warning: 0 : 10104, 4, 2023/12/13, 09:13:31.394, 23929104711341, testhost.dll, TestRunCache: No test found corresponding to testResult 'TestImeNullIzuzetak1' in inProgress list.
TpTrace Verbose: 0 : 10104, 4, 2023/12/13, 09:13:31.394, 23929104712048, testhost.dll, TestExecutionRecorder.RecordStart: Starting test: Testovi.UnitTest1.TestImeNisuSlovaIzuzetak.
TpTrace Information: 0 : 10104, 4, 2023/12/13, 09:13:31.396, 23929104732781, testhost.dll, Sending test run statistics
TpTrace Verbose: 0 : 10104, 4, 2023/12/13, 09:13:31.446, 23929105234178, testhost.dll, TestRequestHandler.SendData: sending data from testhost: {"Version":7,"MessageType":"TestExecution.StatsChange","Payload":{"NewTestResults":[{"TestCase":{"Id":"f67fa5e6-7339-1a4f-8f01-9e8a9fd7c08a","FullyQualifiedName":"Testovi.UnitTest1.TestIspravnogKonstruktoraKlaseGlasac1","DisplayName":"TestIspravnogKonstruktoraKlaseGlasac1","ExecutorUri":"executor://MSTestAdapter/v2","Source":"C:\\Users\\29\\Documents\\GitHub\\e-Demokratija-VVS\\e-Demokratija\\GlasacTest\\bin\\Debug\\net5.0\\fine-code-coverage\\build-output\\Testovi.dll","CodeFilePath":null,"LineNumber":-1,"Properties":[{"Key":{"Id":"TestCase.ManagedType","Label":"ManagedType","Category":"","Description":"","Attributes":1,"ValueType":"System.String"},"Value":"Testovi.UnitTest1"},{"Key":{"Id":"TestCase.ManagedMethod","Label":"ManagedMethod","Category":"","Description":"","Attributes":1,"ValueType":"System.String"},"Value":"TestIspravnogKonstruktoraKlaseGlasac1"},{"Key":{"Id":"MSTestDiscoverer.TestClassName","Label":"ClassName","Category":"","Description":"","Attributes":1,"ValueType":"System.String"},"Value":"Testovi.UnitTest1"},{"Key":{"Id":"TestCase.Hierarchy","Label":"Hierarchy","Category":"","Description":"","Attributes":2,"ValueType":"System.String[]"},"Value":["Testovi","UnitTest1"]},{"Key":{"Id":"TestObject.Traits","Label":"Traits","Category":"","Description":"","Attributes":5,"ValueType":"System.Collections.Generic.KeyValuePair`2[[System.String],[System.String]][]"},"Value":[]}]},"Attachments":[],"Outcome":1,"ErrorMessage":null,"ErrorStackTrace":null,"DisplayName":"TestIspravnogKonstruktoraKlaseGlasac1","Messages":[],"ComputerName":null,"Duration":"00:00:00.0084744","StartTime":"2023-12-13T09:13:31.3069389+01:00","EndTime":"2023-12-13T09:13:31.3314515+01:00","Properties":[{"Key":{"Id":"ExecutionId","Label":"ExecutionId","Category":"","Description":"","Attributes":1,"ValueType":"System.Guid"},"Value":"00000000-0000-0000-0000-000000000000"},{"Key":{"Id":"ParentExecId","Label":"ParentExecId","Category":"","Description":"","Attributes":1,"ValueType":"System.Guid"},"Value":"00000000-0000-0000-0000-000000000000"},{"Key":{"Id":"InnerResultsCount","Label":"InnerResultsCount","Category":"","Description":"","Attributes":1,"ValueType":"System.Int32"},"Value":0}]},{"TestCase":{"Id":"f7d24d9b-3220-a37b-dcbd-48e6eb6a7373","FullyQualifiedName":"Testovi.UnitTest1.TestIspravnogKonstruktoraKlaseGlasac2","DisplayName":"TestIspravnogKonstruktoraKlaseGlasac2","ExecutorUri":"executor://MSTestAdapter/v2","Source":"C:\\Users\\29\\Documents\\GitHub\\e-Demokratija-VVS\\e-Demokratija\\GlasacTest\\bin\\Debug\\net5.0\\fine-code-coverage\\build-output\\Testovi.dll","CodeFilePath":null,"LineNumber":-1,"Properties":[{"Key":{"Id":"TestCase.ManagedType","Label":"ManagedType","Category":"","Description":"","Attributes":1,"ValueType":"System.String"},"Value":"Testovi.UnitTest1"},{"Key":{"Id":"TestCase.ManagedMethod","Label":"ManagedMethod","Category":"","Description":"","Attributes":1,"ValueType":"System.String"},"Value":"TestIspravnogKonstruktoraKlaseGlasac2"},{"Key":{"Id":"MSTestDiscoverer.TestClassName","Label":"ClassName","Category":"","Description":"","Attributes":1,"ValueType":"System.String"},"Value":"Testovi.UnitTest1"},{"Key":{"Id":"TestCase.Hierarchy","Label":"Hierarchy","Category":"","Description":"","Attributes":2,"ValueType":"System.String[]"},"Value":["Testovi","UnitTest1"]},{"Key":{"Id":"TestObject.Traits","Label":"Traits","Category":"","Description":"","Attributes":5,"ValueType":"System.Collections.Generic.KeyValuePair`2[[System.String],[System.String]][]"},"Value":[]}]},"Attachments":[],"Outcome":1,"ErrorMessage":null,"ErrorStackTrace":null,"DisplayName":"TestIspravnogKonstruktoraKlaseGlasac2","Messages":[],"ComputerName":null,"Duration":"00:00:00.0006652","StartTime":"2023-12-13T09:13:31.3600895+01:00","EndTime":"2023-12-13T09:13:31.3610652+01:00","Properties":[{"Key":{"Id":"ExecutionId","Label":"ExecutionId","Category":"","Description":"","Attributes":1,"ValueType":"System.Guid"},"Value":"00000000-0000-0000-0000-000000000000"},{"Key":{"Id":"ParentExecId","Label":"ParentExecId","Category":"","Description":"","Attributes":1,"ValueType":"System.Guid"},"Value":"00000000-0000-0000-0000-000000000000"},{"Key":{"Id":"InnerResultsCount","Label":"InnerResultsCount","Category":"","Description":"","Attributes":1,"ValueType":"System.Int32"},"Value":0}]},{"TestCase":{"Id":"f3bac4f5-6855-d6ac-b916-ee043c23e18a","FullyQualifiedName":"Testovi.UnitTest1.TestIspravneDodjeleKoda1","DisplayName":"TestIspravneDodjeleKoda1","ExecutorUri":"executor://MSTestAdapter/v2","Source":"C:\\Users\\29\\Documents\\GitHub\\e-Demokratija-VVS\\e-Demokratija\\GlasacTest\\bin\\Debug\\net5.0\\fine-code-coverage\\build-output\\Testovi.dll","CodeFilePath":null,"LineNumber":-1,"Properties":[{"Key":{"Id":"TestCase.ManagedType","Label":"ManagedType","Category":"","Description":"","Attributes":1,"ValueType":"System.String"},"Value":"Testovi.UnitTest1"},{"Key":{"Id":"TestCase.ManagedMethod","Label":"ManagedMethod","Category":"","Description":"","Attributes":1,"ValueType":"System.String"},"Value":"TestIspravneDodjeleKoda1"},{"Key":{"Id":"MSTestDiscoverer.TestClassName","Label":"ClassName","Category":"","Description":"","Attributes":1,"ValueType":"System.String"},"Value":"Testovi.UnitTest1"},{"Key":{"Id":"TestCase.Hierarchy","Label":"Hierarchy","Category":"","Description":"","Attributes":2,"ValueType":"System.String[]"},"Value":["Testovi","UnitTest1"]},{"Key":{"Id":"TestObject.Traits","Label":"Traits","Category":"","Description":"","Attributes":5,"ValueType":"System.Collections.Generic.KeyValuePair`2[[System.String],[System.String]][]"},"Value":[]}]},"Attachments":[],"Outcome":1,"ErrorMessage":null,"ErrorStackTrace":null,"DisplayName":"TestIspravneDodjeleKoda1","Messages":[],"ComputerName":null,"Duration":"00:00:00.0003603","StartTime":"2023-12-13T09:13:31.3687438+01:00","EndTime":"2023-12-13T09:13:31.3694014+01:00","Properties":[{"Key":{"Id":"ExecutionId","Label":"ExecutionId","Category":"","Description":"","Attributes":1,"ValueType":"System.Guid"},"Value":"00000000-0000-0000-0000-000000000000"},{"Key":{"Id":"ParentExecId","Label":"ParentExecId","Category":"","Description":"","Attributes":1,"ValueType":"System.Guid"},"Value":"00000000-0000-0000-0000-000000000000"},{"Key":{"Id":"InnerResultsCount","Label":"InnerResultsCount","Category":"","Description":"","Attributes":1,"ValueType":"System.Int32"},"Value":0}]},{"TestCase":{"Id":"23494cc6-3fe9-d795-0807-bea3ff292d9d","FullyQualifiedName":"Testovi.UnitTest1.TestIspravneDodjeleKoda2","DisplayName":"TestIspravneDodjeleKoda2","ExecutorUri":"executor://MSTestAdapter/v2","Source":"C:\\Users\\29\\Documents\\GitHub\\e-Demokratija-VVS\\e-Demokratija\\GlasacTest\\bin\\Debug\\net5.0\\fine-code-coverage\\build-output\\Testovi.dll","CodeFilePath":null,"LineNumber":-1,"Properties":[{"Key":{"Id":"TestCase.ManagedType","Label":"ManagedType","Category":"","Description":"","Attributes":1,"ValueType":"System.String"},"Value":"Testovi.UnitTest1"},{"Key":{"Id":"TestCase.ManagedMethod","Label":"ManagedMethod","Category":"","Description":"","Attributes":1,"ValueType":"System.String"},"Value":"TestIspravneDodjeleKoda2"},{"Key":{"Id":"MSTestDiscoverer.TestClassName","Label":"ClassName","Category":"","Description":"","Attributes":1,"ValueType":"System.String"},"Value":"Testovi.UnitTest1"},{"Key":{"Id":"TestCase.Hierarchy","Label":"Hierarchy","Category":"","Description":"","Attributes":2,"ValueType":"System.String[]"},"Value":["Testovi","UnitTest1"]},{"Key":{"Id":"TestObject.Traits","Label":"Traits","Category":"","Description":"","Attributes":5,"ValueType":"System.Collections.Generic.KeyValuePair`2[[System.String],[System.String]][]"},"Value":[]}]},"Attachments":[],"Outcome":1,"ErrorMessage":null,"ErrorStackTrace":null,"DisplayName":"TestIspravneDodjeleKoda2","Messages":[],"ComputerName":null,"Duration":"00:00:00.0002323","StartTime":"2023-12-13T09:13:31.3719625+01:00","EndTime":"2023-12-13T09:13:31.3724365+01:00","Properties":[{"Key":{"Id":"ExecutionId","Label":"ExecutionId","Category":"","Description":"","Attributes":1,"ValueType":"System.Guid"},"Value":"00000000-0000-0000-0000-000000000000"},{"Key":{"Id":"ParentExecId","Label":"ParentExecId","Category":"","Description":"","Attributes":1,"ValueType":"System.Guid"},"Value":"00000000-0000-0000-0000-000000000000"},{"Key":{"Id":"InnerResultsCount","Label":"InnerResultsCount","Category":"","Description":"","Attributes":1,"ValueType":"System.Int32"},"Value":0}]},{"TestCase":{"Id":"99419746-21d5-ef92-4794-ac956cedab07","FullyQualifiedName":"Testovi.UnitTest1.TestDuzineImenaIzuzetak1","DisplayName":"TestDuzineImenaIzuzetak1","ExecutorUri":"executor://MSTestAdapter/v2","Source":"C:\\Users\\29\\Documents\\GitHub\\e-Demokratija-VVS\\e-Demokratija\\GlasacTest\\bin\\Debug\\net5.0\\fine-code-coverage\\build-output\\Testovi.dll","CodeFilePath":null,"LineNumber":-1,"Properties":[{"Key":{"Id":"TestCase.ManagedType","Label":"ManagedType","Category":"","Description":"","Attributes":1,"ValueType":"System.String"},"Value":"Testovi.UnitTest1"},{"Key":{"Id":"TestCase.ManagedMethod","Label":"ManagedMethod","Category":"","Description":"","Attributes":1,"ValueType":"System.String"},"Value":"TestDuzineImenaIzuzetak1"},{"Key":{"Id":"MSTestDiscoverer.TestClassName","Label":"ClassName","Category":"","Description":"","Attributes":1,"ValueType":"System.String"},"Value":"Testovi.UnitTest1"},{"Key":{"Id":"TestCase.Hierarchy","Label":"Hierarchy","Category":"","Description":"","Attributes":2,"ValueType":"System.String[]"},"Value":["Testovi","UnitTest1"]},{"Key":{"Id":"TestObject.Traits","Label":"Traits","Category":"","Description":"","Attributes":5,"ValueType":"System.Collections.Generic.KeyValuePair`2[[System.String],[System.String]][]"},"Value":[]}]},"Attachments":[],"Outcome":1,"ErrorMessage":null,"ErrorStackTrace":null,"DisplayName":"TestDuzineImenaIzuzetak1","Messages":[],"ComputerName":null,"Duration":"00:00:00.0016745","StartTime":"2023-12-13T09:13:31.3748723+01:00","EndTime":"2023-12-13T09:13:31.3769038+01:00","Properties":[{"Key":{"Id":"ExecutionId","Label":"ExecutionId","Category":"","Description":"","Attributes":1,"ValueType":"System.Guid"},"Value":"00000000-0000-0000-0000-000000000000"},{"Key":{"Id":"ParentExecId","Label":"ParentExecId","Category":"","Description":"","Attributes":1,"ValueType":"System.Guid"},"Value":"00000000-0000-0000-0000-000000000000"},{"Key":{"Id":"InnerResultsCount","Label":"InnerResultsCount","Category":"","Description":"","Attributes":1,"ValueType":"System.Int32"},"Value":0}]},{"TestCase":{"Id":"0ae14b57-a1da-59ab-3362-d8bd5f36a8eb","FullyQualifiedName":"Testovi.UnitTest1.TestDuzineImenaIzuzetak2","DisplayName":"TestDuzineImenaIzuzetak2","ExecutorUri":"executor://MSTestAdapter/v2","Source":"C:\\Users\\29\\Documents\\GitHub\\e-Demokratija-VVS\\e-Demokratija\\GlasacTest\\bin\\Debug\\net5.0\\fine-code-coverage\\build-output\\Testovi.dll","CodeFilePath":null,"LineNumber":-1,"Properties":[{"Key":{"Id":"TestCase.ManagedType","Label":"ManagedType","Category":"","Description":"","Attributes":1,"ValueType":"System.String"},"Value":"Testovi.UnitTest1"},{"Key":{"Id":"TestCase.ManagedMethod","Label":"ManagedMethod","Category":"","Description":"","Attributes":1,"ValueType":"System.String"},"Value":"TestDuzineImenaIzuzetak2"},{"Key":{"Id":"MSTestDiscoverer.TestClassName","Label":"ClassName","Category":"","Description":"","Attributes":1,"ValueType":"System.String"},"Value":"Testovi.UnitTest1"},{"Key":{"Id":"TestCase.Hierarchy","Label":"Hierarchy","Category":"","Description":"","Attributes":2,"ValueType":"System.String[]"},"Value":["Testovi","UnitTest1"]},{"Key":{"Id":"TestObject.Traits","Label":"Traits","Category":"","Description":"","Attributes":5,"ValueType":"System.Collections.Generic.KeyValuePair`2[[System.String],[System.String]][]"},"Value":[]}]},"Attachments":[],"Outcome":1,"ErrorMessage":null,"ErrorStackTrace":null,"DisplayName":"TestDuzineImenaIzuzetak2","Messages":[],"ComputerName":null,"Duration":"00:00:00.0005195","StartTime":"2023-12-13T09:13:31.380144+01:00","EndTime":"2023-12-13T09:13:31.3809109+01:00","Properties":[{"Key":{"Id":"ExecutionId","Label":"ExecutionId","Category":"","Description":"","Attributes":1,"ValueType":"System.Guid"},"Value":"00000000-0000-0000-0000-000000000000"},{"Key":{"Id":"ParentExecId","Label":"ParentExecId","Category":"","Description":"","Attributes":1,"ValueType":"System.Guid"},"Value":"00000000-0000-0000-0000-000000000000"},{"Key":{"Id":"InnerResultsCount","Label":"InnerResultsCount","Category":"","Description":"","Attributes":1,"ValueType":"System.Int32"},"Value":0}]},{"TestCase":{"Id":"7a81e1e9-5330-c764-7e14-100886fbd812","FullyQualifiedName":"Testovi.UnitTest1.TestPraznoImeIzuzetak1","DisplayName":"TestPraznoImeIzuzetak1","ExecutorUri":"executor://MSTestAdapter/v2","Source":"C:\\Users\\29\\Documents\\GitHub\\e-Demokratija-VVS\\e-Demokratija\\GlasacTest\\bin\\Debug\\net5.0\\fine-code-coverage\\build-output\\Testovi.dll","CodeFilePath":null,"LineNumber":-1,"Properties":[{"Key":{"Id":"TestCase.ManagedType","Label":"ManagedType","Category":"","Description":"","Attributes":1,"ValueType":"System.String"},"Value":"Testovi.UnitTest1"},{"Key":{"Id":"TestCase.ManagedMethod","Label":"ManagedMethod","Category":"","Description":"","Attributes":1,"ValueType":"System.String"},"Value":"TestPraznoImeIzuzetak1"},{"Key":{"Id":"MSTestDiscoverer.TestClassName","Label":"ClassName","Category":"","Description":"","Attributes":1,"ValueType":"System.String"},"Value":"Testovi.UnitTest1"},{"Key":{"Id":"TestCase.Hierarchy","Label":"Hierarchy","Category":"","Description":"","Attributes":2,"ValueType":"System.String[]"},"Value":["Testovi","UnitTest1"]},{"Key":{"Id":"TestObject.Traits","Label":"Traits","Category":"","Description":"","Attributes":5,"ValueType":"System.Collections.Generic.KeyValuePair`2[[System.String],[System.String]][]"},"Value":[]}]},"Attachments":[],"Outcome":1,"ErrorMessage":null,"ErrorStackTrace":null,"DisplayName":"TestPraznoImeIzuzetak1","Messages":[],"ComputerName":null,"Duration":"00:00:00.0006178","StartTime":"2023-12-13T09:13:31.3838251+01:00","EndTime":"2023-12-13T09:13:31.3847995+01:00","Properties":[{"Key":{"Id":"ExecutionId","Label":"ExecutionId","Category":"","Description":"","Attributes":1,"ValueType":"System.Guid"},"Value":"00000000-0000-0000-0000-000000000000"},{"Key":{"Id":"ParentExecId","Label":"ParentExecId","Category":"","Description":"","Attributes":1,"ValueType":"System.Guid"},"Value":"00000000-0000-0000-0000-000000000000"},{"Key":{"Id":"InnerResultsCount","Label":"InnerResultsCount","Category":"","Description":"","Attributes":1,"ValueType":"System.Int32"},"Value":0}]},{"TestCase":{"Id":"0dca78e1-7aaf-e5ea-8a76-9999b0b038f7","FullyQualifiedName":"Testovi.UnitTest1.TestPraznoImeIzuzetak2","DisplayName":"TestPraznoImeIzuzetak2","ExecutorUri":"executor://MSTestAdapter/v2","Source":"C:\\Users\\29\\Documents\\GitHub\\e-Demokratija-VVS\\e-Demokratija\\GlasacTest\\bin\\Debug\\net5.0\\fine-code-coverage\\build-output\\Testovi.dll","CodeFilePath":null,"LineNumber":-1,"Properties":[{"Key":{"Id":"TestCase.ManagedType","Label":"ManagedType","Category":"","Description":"","Attributes":1,"ValueType":"System.String"},"Value":"Testovi.UnitTest1"},{"Key":{"Id":"TestCase.ManagedMethod","Label":"ManagedMethod","Category":"","Description":"","Attributes":1,"ValueType":"System.String"},"Value":"TestPraznoImeIzuzetak2"},{"Key":{"Id":"MSTestDiscoverer.TestClassName","Label":"ClassName","Category":"","Description":"","Attributes":1,"ValueType":"System.String"},"Value":"Testovi.UnitTest1"},{"Key":{"Id":"TestCase.Hierarchy","Label":"Hierarchy","Category":"","Description":"","Attributes":2,"ValueType":"System.String[]"},"Value":["Testovi","UnitTest1"]},{"Key":{"Id":"TestObject.Traits","Label":"Traits","Category":"","Description":"","Attributes":5,"ValueType":"System.Collections.Generic.KeyValuePair`2[[System.String],[System.String]][]"},"Value":[]}]},"Attachments":[],"Outcome":1,"ErrorMessage":null,"ErrorStackTrace":null,"DisplayName":"TestPraznoImeIzuzetak2","Messages":[],"ComputerName":null,"Duration":"00:00:00.0006346","StartTime":"2023-12-13T09:13:31.3878181+01:00","EndTime":"2023-12-13T09:13:31.3887138+01:00","Properties":[{"Key":{"Id":"ExecutionId","Label":"ExecutionId","Category":"","Description":"","Attributes":1,"ValueType":"System.Guid"},"Value":"00000000-0000-0000-0000-000000000000"},{"Key":{"Id":"ParentExecId","Label":"ParentExecId","Category":"","Description":"","Attributes":1,"ValueType":"System.Guid"},"Value":"00000000-0000-0000-0000-000000000000"},{"Key":{"Id":"InnerResultsCount","Label":"InnerResultsCount","Category":"","Description":"","Attributes":1,"ValueType":"System.Int32"},"Value":0}]},{"TestCase":{"Id":"d002f47d-1de3-b76b-036c-b86fcbc28183","FullyQualifiedName":"Testovi.UnitTest1.TestImeNullIzuzetak1","DisplayName":"TestImeNullIzuzetak1","ExecutorUri":"executor://MSTestAdapter/v2","Source":"C:\\Users\\29\\Documents\\GitHub\\e-Demokratija-VVS\\e-Demokratija\\GlasacTest\\bin\\Debug\\net5.0\\fine-code-coverage\\build-output\\Testovi.dll","CodeFilePath":null,"LineNumber":-1,"Properties":[{"Key":{"Id":"TestCase.ManagedType","Label":"ManagedType","Category":"","Description":"","Attributes":1,"ValueType":"System.String"},"Value":"Testovi.UnitTest1"},{"Key":{"Id":"TestCase.ManagedMethod","Label":"ManagedMethod","Category":"","Description":"","Attributes":1,"ValueType":"System.String"},"Value":"TestImeNullIzuzetak1"},{"Key":{"Id":"MSTestDiscoverer.TestClassName","Label":"ClassName","Category":"","Description":"","Attributes":1,"ValueType":"System.String"},"Value":"Testovi.UnitTest1"},{"Key":{"Id":"TestCase.Hierarchy","Label":"Hierarchy","Category":"","Description":"","Attributes":2,"ValueType":"System.String[]"},"Value":["Testovi","UnitTest1"]},{"Key":{"Id":"TestObject.Traits","Label":"Traits","Category":"","Description":"","Attributes":5,"ValueType":"System.Collections.Generic.KeyValuePair`2[[System.String],[System.String]][]"},"Value":[]}]},"Attachments":[],"Outcome":1,"ErrorMessage":null,"ErrorStackTrace":null,"DisplayName":"TestImeNullIzuzetak1","Messages":[],"ComputerName":null,"Duration":"00:00:00.0006518","StartTime":"2023-12-13T09:13:31.3915951+01:00","EndTime":"2023-12-13T09:13:31.3925891+01:00","Properties":[{"Key":{"Id":"ExecutionId","Label":"ExecutionId","Category":"","Description":"","Attributes":1,"ValueType":"System.Guid"},"Value":"00000000-0000-0000-0000-000000000000"},{"Key":{"Id":"ParentExecId","Label":"ParentExecId","Category":"","Description":"","Attributes":1,"ValueType":"System.Guid"},"Value":"00000000-0000-0000-0000-000000000000"},{"Key":{"Id":"InnerResultsCount","Label":"InnerResultsCount","Category":"","Description":"","Attributes":1,"ValueType":"System.Int32"},"Value":0}]}],"TestRunStatistics":{"ExecutedTests":9,"Stats":{"Passed":9}},"ActiveTests":[{"Id":"b386c9f7-659f-d293-ab17-efe396369c3e","FullyQualifiedName":"Testovi.UnitTest1.TestImeNisuSlovaIzuzetak","DisplayName":"TestImeNisuSlovaIzuzetak","ExecutorUri":"executor://MSTestAdapter/v2","Source":"C:\\Users\\29\\Documents\\GitHub\\e-Demokratija-VVS\\e-Demokratija\\GlasacTest\\bin\\Debug\\net5.0\\fine-code-coverage\\build-output\\Testovi.dll","CodeFilePath":null,"LineNumber":-1,"Properties":[{"Key":{"Id":"TestCase.ManagedType","Label":"ManagedType","Category":"","Description":"","Attributes":1,"ValueType":"System.String"},"Value":"Testovi.UnitTest1"},{"Key":{"Id":"TestCase.ManagedMethod","Label":"ManagedMethod","Category":"","Description":"","Attributes":1,"ValueType":"System.String"},"Value":"TestImeNisuSlovaIzuzetak"},{"Key":{"Id":"MSTestDiscoverer.TestClassName","Label":"ClassName","Category":"","Description":"","Attributes":1,"ValueType":"System.String"},"Value":"Testovi.UnitTest1"},{"Key":{"Id":"TestCase.Hierarchy","Label":"Hierarchy","Category":"","Description":"","Attributes":2,"ValueType":"System.String[]"},"Value":["Testovi","UnitTest1"]},{"Key":{"Id":"TestObject.Traits","Label":"Traits","Category":"","Description":"","Attributes":5,"ValueType":"System.Collections.Generic.KeyValuePair`2[[System.String],[System.String]][]"},"Value":[]}]}]}}
TpTrace Verbose: 0 : 10104, 4, 2023/12/13, 09:13:31.447, 23929105243937, testhost.dll, TestRunCache: OnNewTestResult: Notified the onCacheHit callback.
TpTrace Verbose: 0 : 10104, 4, 2023/12/13, 09:13:31.449, 23929105267349, testhost.dll, MulticastDelegateUtilities.SafeInvoke: TestCaseEventsHandler.RaiseTestCaseStart: Invoking callback 1/1 for Microsoft.VisualStudio.TestPlatform.CrossPlatEngine.DataCollection.ProxyOutOfProcDataCollectionManager., took 2 ms.
TpTrace Information: 0 : 10104, 4, 2023/12/13, 09:13:31.450, 23929105268601, testhost.dll, MSTest - Executing test TestImeNisuSlovaIzuzetak
TpTrace Information: 0 : 10104, 4, 2023/12/13, 09:13:31.451, 23929105280507, testhost.dll, MSTest - Executed test TestImeNisuSlovaIzuzetak
TpTrace Verbose: 0 : 10104, 4, 2023/12/13, 09:13:31.451, 23929105281596, testhost.dll, TestExecutionRecorder.RecordEnd: test: Testovi.UnitTest1.TestImeNisuSlovaIzuzetak execution completed.
TpTrace Warning: 0 : 10104, 4, 2023/12/13, 09:13:31.451, 23929105281986, testhost.dll, TestRunCache: InProgressTests is null
TpTrace Verbose: 0 : 10104, 4, 2023/12/13, 09:13:31.453, 23929105300280, testhost.dll, MulticastDelegateUtilities.SafeInvoke: TestCaseEventsHandler.RaiseTestCaseEnd: Invoking callback 1/1 for Microsoft.VisualStudio.TestPlatform.CrossPlatEngine.DataCollection.ProxyOutOfProcDataCollectionManager., took 1 ms.
TpTrace Verbose: 0 : 10104, 4, 2023/12/13, 09:13:31.453, 23929105301519, testhost.dll, TestExecutionRecorder.RecordResult: Received result for test: Testovi.UnitTest1.TestImeNisuSlovaIzuzetak.
TpTrace Verbose: 0 : 10104, 4, 2023/12/13, 09:13:31.453, 23929105302720, testhost.dll, MulticastDelegateUtilities.SafeInvoke: TestCaseEventsHandler.RaiseTestCaseEnd: Invoking callback 1/1 for Microsoft.VisualStudio.TestPlatform.CrossPlatEngine.DataCollection.ProxyOutOfProcDataCollectionManager., took 0 ms.
TpTrace Warning: 0 : 10104, 4, 2023/12/13, 09:13:31.453, 23929105303261, testhost.dll, TestRunCache: InProgressTests is null
TpTrace Warning: 0 : 10104, 4, 2023/12/13, 09:13:31.453, 23929105303600, testhost.dll, TestRunCache: No test found corresponding to testResult 'TestImeNisuSlovaIzuzetak' in inProgress list.
TpTrace Verbose: 0 : 10104, 4, 2023/12/13, 09:13:31.453, 23929105304655, testhost.dll, TestExecutionRecorder.RecordStart: Starting test: Testovi.UnitTest1.TestiImeCrticaIzuzetak.
TpTrace Verbose: 0 : 10104, 4, 2023/12/13, 09:13:31.456, 23929105335672, testhost.dll, MulticastDelegateUtilities.SafeInvoke: TestCaseEventsHandler.RaiseTestCaseStart: Invoking callback 1/1 for Microsoft.VisualStudio.TestPlatform.CrossPlatEngine.DataCollection.ProxyOutOfProcDataCollectionManager., took 3 ms.
TpTrace Information: 0 : 10104, 4, 2023/12/13, 09:13:31.456, 23929105336918, testhost.dll, MSTest - Executing test TestiImeCrticaIzuzetak
TpTrace Information: 0 : 10104, 4, 2023/12/13, 09:13:31.458, 23929105350496, testhost.dll, MSTest - Executed test TestiImeCrticaIzuzetak
TpTrace Verbose: 0 : 10104, 4, 2023/12/13, 09:13:31.458, 23929105351772, testhost.dll, TestExecutionRecorder.RecordEnd: test: Testovi.UnitTest1.TestiImeCrticaIzuzetak execution completed.
TpTrace Verbose: 0 : 10104, 4, 2023/12/13, 09:13:31.461, 23929105387624, testhost.dll, MulticastDelegateUtilities.SafeInvoke: TestCaseEventsHandler.RaiseTestCaseEnd: Invoking callback 1/1 for Microsoft.VisualStudio.TestPlatform.CrossPlatEngine.DataCollection.ProxyOutOfProcDataCollectionManager., took 3 ms.
TpTrace Verbose: 0 : 10104, 4, 2023/12/13, 09:13:31.462, 23929105389887, testhost.dll, TestExecutionRecorder.RecordResult: Received result for test: Testovi.UnitTest1.TestiImeCrticaIzuzetak.
TpTrace Verbose: 0 : 10104, 4, 2023/12/13, 09:13:31.462, 23929105391390, testhost.dll, MulticastDelegateUtilities.SafeInvoke: TestCaseEventsHandler.RaiseTestCaseEnd: Invoking callback 1/1 for Microsoft.VisualStudio.TestPlatform.CrossPlatEngine.DataCollection.ProxyOutOfProcDataCollectionManager., took 0 ms.
TpTrace Warning: 0 : 10104, 4, 2023/12/13, 09:13:31.462, 23929105392676, testhost.dll, TestRunCache: InProgressTests is null
TpTrace Warning: 0 : 10104, 4, 2023/12/13, 09:13:31.462, 23929105393823, testhost.dll, TestRunCache: No test found corresponding to testResult 'TestiImeCrticaIzuzetak' in inProgress list.
TpTrace Verbose: 0 : 10104, 4, 2023/12/13, 09:13:31.462, 23929105395556, testhost.dll, TestExecutionRecorder.RecordStart: Starting test: Testovi.UnitTest1.TestDuzinePrezimenaIzuzetak1.
TpTrace Verbose: 0 : 10104, 4, 2023/12/13, 09:13:31.465, 23929105420936, testhost.dll, MulticastDelegateUtilities.SafeInvoke: TestCaseEventsHandler.RaiseTestCaseStart: Invoking callback 1/1 for Microsoft.VisualStudio.TestPlatform.CrossPlatEngine.DataCollection.ProxyOutOfProcDataCollectionManager., took 2 ms.
TpTrace Information: 0 : 10104, 4, 2023/12/13, 09:13:31.465, 23929105422963, testhost.dll, MSTest - Executing test TestDuzinePrezimenaIzuzetak1
TpTrace Information: 0 : 10104, 4, 2023/12/13, 09:13:31.466, 23929105437960, testhost.dll, MSTest - Executed test TestDuzinePrezimenaIzuzetak1
TpTrace Verbose: 0 : 10104, 4, 2023/12/13, 09:13:31.467, 23929105439315, testhost.dll, TestExecutionRecorder.RecordEnd: test: Testovi.UnitTest1.TestDuzinePrezimenaIzuzetak1 execution completed.
TpTrace Verbose: 0 : 10104, 4, 2023/12/13, 09:13:31.469, 23929105463757, testhost.dll, MulticastDelegateUtilities.SafeInvoke: TestCaseEventsHandler.RaiseTestCaseEnd: Invoking callback 1/1 for Microsoft.VisualStudio.TestPlatform.CrossPlatEngine.DataCollection.ProxyOutOfProcDataCollectionManager., took 2 ms.
TpTrace Verbose: 0 : 10104, 4, 2023/12/13, 09:13:31.469, 23929105465248, testhost.dll, TestExecutionRecorder.RecordResult: Received result for test: Testovi.UnitTest1.TestDuzinePrezimenaIzuzetak1.
TpTrace Verbose: 0 : 10104, 4, 2023/12/13, 09:13:31.469, 23929105466148, testhost.dll, MulticastDelegateUtilities.SafeInvoke: TestCaseEventsHandler.RaiseTestCaseEnd: Invoking callback 1/1 for Microsoft.VisualStudio.TestPlatform.CrossPlatEngine.DataCollection.ProxyOutOfProcDataCollectionManager., took 0 ms.
TpTrace Warning: 0 : 10104, 4, 2023/12/13, 09:13:31.469, 23929105466758, testhost.dll, TestRunCache: InProgressTests is null
TpTrace Warning: 0 : 10104, 4, 2023/12/13, 09:13:31.469, 23929105467215, testhost.dll, TestRunCache: No test found corresponding to testResult 'TestDuzinePrezimenaIzuzetak1' in inProgress list.
TpTrace Verbose: 0 : 10104, 4, 2023/12/13, 09:13:31.469, 23929105468312, testhost.dll, TestExecutionRecorder.RecordStart: Starting test: Testovi.UnitTest1.TestDuzinPrezimenaIzuzetak2.
TpTrace Verbose: 0 : 10104, 4, 2023/12/13, 09:13:31.472, 23929105490352, testhost.dll, MulticastDelegateUtilities.SafeInvoke: TestCaseEventsHandler.RaiseTestCaseStart: Invoking callback 1/1 for Microsoft.VisualStudio.TestPlatform.CrossPlatEngine.DataCollection.ProxyOutOfProcDataCollectionManager., took 2 ms.
TpTrace Information: 0 : 10104, 4, 2023/12/13, 09:13:31.472, 23929105491790, testhost.dll, MSTest - Executing test TestDuzinPrezimenaIzuzetak2
TpTrace Information: 0 : 10104, 4, 2023/12/13, 09:13:31.473, 23929105505740, testhost.dll, MSTest - Executed test TestDuzinPrezimenaIzuzetak2
TpTrace Verbose: 0 : 10104, 4, 2023/12/13, 09:13:31.473, 23929105506932, testhost.dll, TestExecutionRecorder.RecordEnd: test: Testovi.UnitTest1.TestDuzinPrezimenaIzuzetak2 execution completed.
TpTrace Verbose: 0 : 10104, 4, 2023/12/13, 09:13:31.476, 23929105537165, testhost.dll, MulticastDelegateUtilities.SafeInvoke: TestCaseEventsHandler.RaiseTestCaseEnd: Invoking callback 1/1 for Microsoft.VisualStudio.TestPlatform.CrossPlatEngine.DataCollection.ProxyOutOfProcDataCollectionManager., took 2 ms.
TpTrace Verbose: 0 : 10104, 4, 2023/12/13, 09:13:31.477, 23929105538493, testhost.dll, TestExecutionRecorder.RecordResult: Received result for test: Testovi.UnitTest1.TestDuzinPrezimenaIzuzetak2.
TpTrace Verbose: 0 : 10104, 4, 2023/12/13, 09:13:31.477, 23929105539381, testhost.dll, MulticastDelegateUtilities.SafeInvoke: TestCaseEventsHandler.RaiseTestCaseEnd: Invoking callback 1/1 for Microsoft.VisualStudio.TestPlatform.CrossPlatEngine.DataCollection.ProxyOutOfProcDataCollectionManager., took 0 ms.
TpTrace Warning: 0 : 10104, 4, 2023/12/13, 09:13:31.477, 23929105540074, testhost.dll, TestRunCache: InProgressTests is null
TpTrace Warning: 0 : 10104, 4, 2023/12/13, 09:13:31.477, 23929105540543, testhost.dll, TestRunCache: No test found corresponding to testResult 'TestDuzinPrezimenaIzuzetak2' in inProgress list.
TpTrace Verbose: 0 : 10104, 4, 2023/12/13, 09:13:31.477, 23929105541526, testhost.dll, TestExecutionRecorder.RecordStart: Starting test: Testovi.UnitTest1.TestPraznoPrezimeIzuzetak.
TpTrace Verbose: 0 : 10104, 4, 2023/12/13, 09:13:31.479, 23929105564056, testhost.dll, MulticastDelegateUtilities.SafeInvoke: TestCaseEventsHandler.RaiseTestCaseStart: Invoking callback 1/1 for Microsoft.VisualStudio.TestPlatform.CrossPlatEngine.DataCollection.ProxyOutOfProcDataCollectionManager., took 2 ms.
TpTrace Information: 0 : 10104, 4, 2023/12/13, 09:13:31.479, 23929105565910, testhost.dll, MSTest - Executing test TestPraznoPrezimeIzuzetak
TpTrace Information: 0 : 10104, 4, 2023/12/13, 09:13:31.481, 23929105585953, testhost.dll, MSTest - Executed test TestPraznoPrezimeIzuzetak
TpTrace Verbose: 0 : 10104, 4, 2023/12/13, 09:13:31.481, 23929105587928, testhost.dll, TestExecutionRecorder.RecordEnd: test: Testovi.UnitTest1.TestPraznoPrezimeIzuzetak execution completed.
TpTrace Verbose: 0 : 10104, 4, 2023/12/13, 09:13:31.484, 23929105615038, testhost.dll, MulticastDelegateUtilities.SafeInvoke: TestCaseEventsHandler.RaiseTestCaseEnd: Invoking callback 1/1 for Microsoft.VisualStudio.TestPlatform.CrossPlatEngine.DataCollection.ProxyOutOfProcDataCollectionManager., took 2 ms.
TpTrace Verbose: 0 : 10104, 4, 2023/12/13, 09:13:31.484, 23929105616455, testhost.dll, TestExecutionRecorder.RecordResult: Received result for test: Testovi.UnitTest1.TestPraznoPrezimeIzuzetak.
TpTrace Verbose: 0 : 10104, 4, 2023/12/13, 09:13:31.484, 23929105617342, testhost.dll, MulticastDelegateUtilities.SafeInvoke: TestCaseEventsHandler.RaiseTestCaseEnd: Invoking callback 1/1 for Microsoft.VisualStudio.TestPlatform.CrossPlatEngine.DataCollection.ProxyOutOfProcDataCollectionManager., took 0 ms.
TpTrace Warning: 0 : 10104, 4, 2023/12/13, 09:13:31.484, 23929105617973, testhost.dll, TestRunCache: InProgressTests is null
TpTrace Warning: 0 : 10104, 4, 2023/12/13, 09:13:31.485, 23929105618459, testhost.dll, TestRunCache: No test found corresponding to testResult 'TestPraznoPrezimeIzuzetak' in inProgress list.
TpTrace Verbose: 0 : 10104, 4, 2023/12/13, 09:13:31.485, 23929105619631, testhost.dll, TestExecutionRecorder.RecordStart: Starting test: Testovi.UnitTest1.TestPrezimeNisuSlovaIzuzetak.
TpTrace Verbose: 0 : 10104, 4, 2023/12/13, 09:13:31.487, 23929105639841, testhost.dll, MulticastDelegateUtilities.SafeInvoke: TestCaseEventsHandler.RaiseTestCaseStart: Invoking callback 1/1 for Microsoft.VisualStudio.TestPlatform.CrossPlatEngine.DataCollection.ProxyOutOfProcDataCollectionManager., took 1 ms.
TpTrace Information: 0 : 10104, 4, 2023/12/13, 09:13:31.487, 23929105641267, testhost.dll, MSTest - Executing test TestPrezimeNisuSlovaIzuzetak
TpTrace Information: 0 : 10104, 4, 2023/12/13, 09:13:31.488, 23929105656231, testhost.dll, MSTest - Executed test TestPrezimeNisuSlovaIzuzetak
TpTrace Verbose: 0 : 10104, 4, 2023/12/13, 09:13:31.488, 23929105657771, testhost.dll, TestExecutionRecorder.RecordEnd: test: Testovi.UnitTest1.TestPrezimeNisuSlovaIzuzetak execution completed.
TpTrace Verbose: 0 : 10104, 4, 2023/12/13, 09:13:31.491, 23929105688210, testhost.dll, MulticastDelegateUtilities.SafeInvoke: TestCaseEventsHandler.RaiseTestCaseEnd: Invoking callback 1/1 for Microsoft.VisualStudio.TestPlatform.CrossPlatEngine.DataCollection.ProxyOutOfProcDataCollectionManager., took 2 ms.
TpTrace Verbose: 0 : 10104, 4, 2023/12/13, 09:13:31.492, 23929105692519, testhost.dll, TestExecutionRecorder.RecordResult: Received result for test: Testovi.UnitTest1.TestPrezimeNisuSlovaIzuzetak.
TpTrace Verbose: 0 : 10104, 4, 2023/12/13, 09:13:31.492, 23929105695567, testhost.dll, MulticastDelegateUtilities.SafeInvoke: TestCaseEventsHandler.RaiseTestCaseEnd: Invoking callback 1/1 for Microsoft.VisualStudio.TestPlatform.CrossPlatEngine.DataCollection.ProxyOutOfProcDataCollectionManager., took 0 ms.
TpTrace Warning: 0 : 10104, 4, 2023/12/13, 09:13:31.493, 23929105699025, testhost.dll, TestRunCache: InProgressTests is null
TpTrace Warning: 0 : 10104, 4, 2023/12/13, 09:13:31.493, 23929105699789, testhost.dll, TestRunCache: No test found corresponding to testResult 'TestPrezimeNisuSlovaIzuzetak' in inProgress list.
TpTrace Verbose: 0 : 10104, 4, 2023/12/13, 09:13:31.493, 23929105701664, testhost.dll, TestExecutionRecorder.RecordStart: Starting test: Testovi.UnitTest1.TestPrezimeCrticaIzuzetak.
TpTrace Verbose: 0 : 10104, 4, 2023/12/13, 09:13:31.496, 23929105732411, testhost.dll, MulticastDelegateUtilities.SafeInvoke: TestCaseEventsHandler.RaiseTestCaseStart: Invoking callback 1/1 for Microsoft.VisualStudio.TestPlatform.CrossPlatEngine.DataCollection.ProxyOutOfProcDataCollectionManager., took 2 ms.
TpTrace Information: 0 : 10104, 4, 2023/12/13, 09:13:31.496, 23929105733867, testhost.dll, MSTest - Executing test TestPrezimeCrticaIzuzetak
TpTrace Information: 0 : 10104, 4, 2023/12/13, 09:13:31.498, 23929105749189, testhost.dll, MSTest - Executed test TestPrezimeCrticaIzuzetak
TpTrace Verbose: 0 : 10104, 4, 2023/12/13, 09:13:31.498, 23929105750973, testhost.dll, TestExecutionRecorder.RecordEnd: test: Testovi.UnitTest1.TestPrezimeCrticaIzuzetak execution completed.
TpTrace Verbose: 0 : 10104, 4, 2023/12/13, 09:13:31.500, 23929105771214, testhost.dll, MulticastDelegateUtilities.SafeInvoke: TestCaseEventsHandler.RaiseTestCaseEnd: Invoking callback 1/1 for Microsoft.VisualStudio.TestPlatform.CrossPlatEngine.DataCollection.ProxyOutOfProcDataCollectionManager., took 1 ms.
TpTrace Verbose: 0 : 10104, 4, 2023/12/13, 09:13:31.500, 23929105772366, testhost.dll, TestExecutionRecorder.RecordResult: Received result for test: Testovi.UnitTest1.TestPrezimeCrticaIzuzetak.
TpTrace Verbose: 0 : 10104, 4, 2023/12/13, 09:13:31.500, 23929105773179, testhost.dll, MulticastDelegateUtilities.SafeInvoke: TestCaseEventsHandler.RaiseTestCaseEnd: Invoking callback 1/1 for Microsoft.VisualStudio.TestPlatform.CrossPlatEngine.DataCollection.ProxyOutOfProcDataCollectionManager., took 0 ms.
TpTrace Warning: 0 : 10104, 4, 2023/12/13, 09:13:31.500, 23929105773786, testhost.dll, TestRunCache: InProgressTests is null
TpTrace Warning: 0 : 10104, 4, 2023/12/13, 09:13:31.500, 23929105774259, testhost.dll, TestRunCache: No test found corresponding to testResult 'TestPrezimeCrticaIzuzetak' in inProgress list.
TpTrace Verbose: 0 : 10104, 4, 2023/12/13, 09:13:31.500, 23929105775171, testhost.dll, TestExecutionRecorder.RecordStart: Starting test: Testovi.UnitTest1.TestDatumUBuducnostiIzuzetak.
TpTrace Verbose: 0 : 10104, 4, 2023/12/13, 09:13:31.502, 23929105793713, testhost.dll, MulticastDelegateUtilities.SafeInvoke: TestCaseEventsHandler.RaiseTestCaseStart: Invoking callback 1/1 for Microsoft.VisualStudio.TestPlatform.CrossPlatEngine.DataCollection.ProxyOutOfProcDataCollectionManager., took 1 ms.
TpTrace Information: 0 : 10104, 4, 2023/12/13, 09:13:31.502, 23929105794756, testhost.dll, MSTest - Executing test TestDatumUBuducnostiIzuzetak
TpTrace Information: 0 : 10104, 4, 2023/12/13, 09:13:31.503, 23929105806245, testhost.dll, MSTest - Executed test TestDatumUBuducnostiIzuzetak
TpTrace Verbose: 0 : 10104, 4, 2023/12/13, 09:13:31.503, 23929105807233, testhost.dll, TestExecutionRecorder.RecordEnd: test: Testovi.UnitTest1.TestDatumUBuducnostiIzuzetak execution completed.
TpTrace Verbose: 0 : 10104, 4, 2023/12/13, 09:13:31.505, 23929105822039, testhost.dll, MulticastDelegateUtilities.SafeInvoke: TestCaseEventsHandler.RaiseTestCaseEnd: Invoking callback 1/1 for Microsoft.VisualStudio.TestPlatform.CrossPlatEngine.DataCollection.ProxyOutOfProcDataCollectionManager., took 1 ms.
TpTrace Verbose: 0 : 10104, 4, 2023/12/13, 09:13:31.505, 23929105822818, testhost.dll, TestExecutionRecorder.RecordResult: Received result for test: Testovi.UnitTest1.TestDatumUBuducnostiIzuzetak.
TpTrace Verbose: 0 : 10104, 4, 2023/12/13, 09:13:31.505, 23929105823292, testhost.dll, MulticastDelegateUtilities.SafeInvoke: TestCaseEventsHandler.RaiseTestCaseEnd: Invoking callback 1/1 for Microsoft.VisualStudio.TestPlatform.CrossPlatEngine.DataCollection.ProxyOutOfProcDataCollectionManager., took 0 ms.
TpTrace Warning: 0 : 10104, 4, 2023/12/13, 09:13:31.505, 23929105823638, testhost.dll, TestRunCache: InProgressTests is null
TpTrace Warning: 0 : 10104, 4, 2023/12/13, 09:13:31.505, 23929105823846, testhost.dll, TestRunCache: No test found corresponding to testResult 'TestDatumUBuducnostiIzuzetak' in inProgress list.
TpTrace Verbose: 0 : 10104, 4, 2023/12/13, 09:13:31.505, 23929105824408, testhost.dll, TestExecutionRecorder.RecordStart: Starting test: Testovi.UnitTest1.TestPunoljetniGlasacIzuzetak1.
TpTrace Verbose: 0 : 10104, 4, 2023/12/13, 09:13:31.506, 23929105835745, testhost.dll, MulticastDelegateUtilities.SafeInvoke: TestCaseEventsHandler.RaiseTestCaseStart: Invoking callback 1/1 for Microsoft.VisualStudio.TestPlatform.CrossPlatEngine.DataCollection.ProxyOutOfProcDataCollectionManager., took 1 ms.
TpTrace Information: 0 : 10104, 4, 2023/12/13, 09:13:31.506, 23929105836586, testhost.dll, MSTest - Executing test TestPunoljetniGlasacIzuzetak1
TpTrace Information: 0 : 10104, 4, 2023/12/13, 09:13:31.507, 23929105847089, testhost.dll, MSTest - Executed test TestPunoljetniGlasacIzuzetak1
TpTrace Verbose: 0 : 10104, 4, 2023/12/13, 09:13:31.508, 23929105848644, testhost.dll, TestExecutionRecorder.RecordEnd: test: Testovi.UnitTest1.TestPunoljetniGlasacIzuzetak1 execution completed.
TpTrace Verbose: 0 : 10104, 4, 2023/12/13, 09:13:31.509, 23929105865177, testhost.dll, MulticastDelegateUtilities.SafeInvoke: TestCaseEventsHandler.RaiseTestCaseEnd: Invoking callback 1/1 for Microsoft.VisualStudio.TestPlatform.CrossPlatEngine.DataCollection.ProxyOutOfProcDataCollectionManager., took 1 ms.
TpTrace Verbose: 0 : 10104, 4, 2023/12/13, 09:13:31.509, 23929105866053, testhost.dll, TestExecutionRecorder.RecordResult: Received result for test: Testovi.UnitTest1.TestPunoljetniGlasacIzuzetak1.
TpTrace Verbose: 0 : 10104, 4, 2023/12/13, 09:13:31.509, 23929105866586, testhost.dll, MulticastDelegateUtilities.SafeInvoke: TestCaseEventsHandler.RaiseTestCaseEnd: Invoking callback 1/1 for Microsoft.VisualStudio.TestPlatform.CrossPlatEngine.DataCollection.ProxyOutOfProcDataCollectionManager., took 0 ms.
TpTrace Warning: 0 : 10104, 4, 2023/12/13, 09:13:31.509, 23929105866900, testhost.dll, TestRunCache: InProgressTests is null
TpTrace Warning: 0 : 10104, 4, 2023/12/13, 09:13:31.509, 23929105867124, testhost.dll, TestRunCache: No test found corresponding to testResult 'TestPunoljetniGlasacIzuzetak1' in inProgress list.
TpTrace Verbose: 0 : 10104, 4, 2023/12/13, 09:13:31.509, 23929105867798, testhost.dll, TestExecutionRecorder.RecordStart: Starting test: Testovi.UnitTest1.TestPunoljetniGlasacIzuzetak2.
TpTrace Information: 0 : 10104, 4, 2023/12/13, 09:13:31.510, 23929105868472, testhost.dll, Sending test run statistics
TpTrace Verbose: 0 : 10104, 4, 2023/12/13, 09:13:31.512, 23929105889379, testhost.dll, TestRequestHandler.SendData: sending data from testhost: {"Version":7,"MessageType":"TestExecution.StatsChange","Payload":{"NewTestResults":[{"TestCase":{"Id":"b386c9f7-659f-d293-ab17-efe396369c3e","FullyQualifiedName":"Testovi.UnitTest1.TestImeNisuSlovaIzuzetak","DisplayName":"TestImeNisuSlovaIzuzetak","ExecutorUri":"executor://MSTestAdapter/v2","Source":"C:\\Users\\29\\Documents\\GitHub\\e-Demokratija-VVS\\e-Demokratija\\GlasacTest\\bin\\Debug\\net5.0\\fine-code-coverage\\build-output\\Testovi.dll","CodeFilePath":null,"LineNumber":-1,"Properties":[{"Key":{"Id":"TestCase.ManagedType","Label":"ManagedType","Category":"","Description":"","Attributes":1,"ValueType":"System.String"},"Value":"Testovi.UnitTest1"},{"Key":{"Id":"TestCase.ManagedMethod","Label":"ManagedMethod","Category":"","Description":"","Attributes":1,"ValueType":"System.String"},"Value":"TestImeNisuSlovaIzuzetak"},{"Key":{"Id":"MSTestDiscoverer.TestClassName","Label":"ClassName","Category":"","Description":"","Attributes":1,"ValueType":"System.String"},"Value":"Testovi.UnitTest1"},{"Key":{"Id":"TestCase.Hierarchy","Label":"Hierarchy","Category":"","Description":"","Attributes":2,"ValueType":"System.String[]"},"Value":["Testovi","UnitTest1"]},{"Key":{"Id":"TestObject.Traits","Label":"Traits","Category":"","Description":"","Attributes":5,"ValueType":"System.Collections.Generic.KeyValuePair`2[[System.String],[System.String]][]"},"Value":[]}]},"Attachments":[],"Outcome":1,"ErrorMessage":null,"ErrorStackTrace":null,"DisplayName":"TestImeNisuSlovaIzuzetak","Messages":[],"ComputerName":null,"Duration":"00:00:00.0008420","StartTime":"2023-12-13T09:13:31.4500178+01:00","EndTime":"2023-12-13T09:13:31.4513086+01:00","Properties":[{"Key":{"Id":"ExecutionId","Label":"ExecutionId","Category":"","Description":"","Attributes":1,"ValueType":"System.Guid"},"Value":"00000000-0000-0000-0000-000000000000"},{"Key":{"Id":"ParentExecId","Label":"ParentExecId","Category":"","Description":"","Attributes":1,"ValueType":"System.Guid"},"Value":"00000000-0000-0000-0000-000000000000"},{"Key":{"Id":"InnerResultsCount","Label":"InnerResultsCount","Category":"","Description":"","Attributes":1,"ValueType":"System.Int32"},"Value":0}]},{"TestCase":{"Id":"e4197176-6d68-ecd9-5324-a81242c6e482","FullyQualifiedName":"Testovi.UnitTest1.TestiImeCrticaIzuzetak","DisplayName":"TestiImeCrticaIzuzetak","ExecutorUri":"executor://MSTestAdapter/v2","Source":"C:\\Users\\29\\Documents\\GitHub\\e-Demokratija-VVS\\e-Demokratija\\GlasacTest\\bin\\Debug\\net5.0\\fine-code-coverage\\build-output\\Testovi.dll","CodeFilePath":null,"LineNumber":-1,"Properties":[{"Key":{"Id":"TestCase.ManagedType","Label":"ManagedType","Category":"","Description":"","Attributes":1,"ValueType":"System.String"},"Value":"Testovi.UnitTest1"},{"Key":{"Id":"TestCase.ManagedMethod","Label":"ManagedMethod","Category":"","Description":"","Attributes":1,"ValueType":"System.String"},"Value":"TestiImeCrticaIzuzetak"},{"Key":{"Id":"MSTestDiscoverer.TestClassName","Label":"ClassName","Category":"","Description":"","Attributes":1,"ValueType":"System.String"},"Value":"Testovi.UnitTest1"},{"Key":{"Id":"TestCase.Hierarchy","Label":"Hierarchy","Category":"","Description":"","Attributes":2,"ValueType":"System.String[]"},"Value":["Testovi","UnitTest1"]},{"Key":{"Id":"TestObject.Traits","Label":"Traits","Category":"","Description":"","Attributes":5,"ValueType":"System.Collections.Generic.KeyValuePair`2[[System.String],[System.String]][]"},"Value":[]}]},"Attachments":[],"Outcome":1,"ErrorMessage":null,"ErrorStackTrace":null,"DisplayName":"TestiImeCrticaIzuzetak","Messages":[],"ComputerName":null,"Duration":"00:00:00.0009571","StartTime":"2023-12-13T09:13:31.4568492+01:00","EndTime":"2023-12-13T09:13:31.4583204+01:00","Properties":[{"Key":{"Id":"ExecutionId","Label":"ExecutionId","Category":"","Description":"","Attributes":1,"ValueType":"System.Guid"},"Value":"00000000-0000-0000-0000-000000000000"},{"Key":{"Id":"ParentExecId","Label":"ParentExecId","Category":"","Description":"","Attributes":1,"ValueType":"System.Guid"},"Value":"00000000-0000-0000-0000-000000000000"},{"Key":{"Id":"InnerResultsCount","Label":"InnerResultsCount","Category":"","Description":"","Attributes":1,"ValueType":"System.Int32"},"Value":0}]},{"TestCase":{"Id":"4f7e0ae1-0536-3dd8-2a07-d87b189f5a3e","FullyQualifiedName":"Testovi.UnitTest1.TestDuzinePrezimenaIzuzetak1","DisplayName":"TestDuzinePrezimenaIzuzetak1","ExecutorUri":"executor://MSTestAdapter/v2","Source":"C:\\Users\\29\\Documents\\GitHub\\e-Demokratija-VVS\\e-Demokratija\\GlasacTest\\bin\\Debug\\net5.0\\fine-code-coverage\\build-output\\Testovi.dll","CodeFilePath":null,"LineNumber":-1,"Properties":[{"Key":{"Id":"TestCase.ManagedType","Label":"ManagedType","Category":"","Description":"","Attributes":1,"ValueType":"System.String"},"Value":"Testovi.UnitTest1"},{"Key":{"Id":"TestCase.ManagedMethod","Label":"ManagedMethod","Category":"","Description":"","Attributes":1,"ValueType":"System.String"},"Value":"TestDuzinePrezimenaIzuzetak1"},{"Key":{"Id":"MSTestDiscoverer.TestClassName","Label":"ClassName","Category":"","Description":"","Attributes":1,"ValueType":"System.String"},"Value":"Testovi.UnitTest1"},{"Key":{"Id":"TestCase.Hierarchy","Label":"Hierarchy","Category":"","Description":"","Attributes":2,"ValueType":"System.String[]"},"Value":["Testovi","UnitTest1"]},{"Key":{"Id":"TestObject.Traits","Label":"Traits","Category":"","Description":"","Attributes":5,"ValueType":"System.Collections.Generic.KeyValuePair`2[[System.String],[System.String]][]"},"Value":[]}]},"Attachments":[],"Outcome":1,"ErrorMessage":null,"ErrorStackTrace":null,"DisplayName":"TestDuzinePrezimenaIzuzetak1","Messages":[],"ComputerName":null,"Duration":"00:00:00.0010756","StartTime":"2023-12-13T09:13:31.4654508+01:00","EndTime":"2023-12-13T09:13:31.4670736+01:00","Properties":[{"Key":{"Id":"ExecutionId","Label":"ExecutionId","Category":"","Description":"","Attributes":1,"ValueType":"System.Guid"},"Value":"00000000-0000-0000-0000-000000000000"},{"Key":{"Id":"ParentExecId","Label":"ParentExecId","Category":"","Description":"","Attributes":1,"ValueType":"System.Guid"},"Value":"00000000-0000-0000-0000-000000000000"},{"Key":{"Id":"InnerResultsCount","Label":"InnerResultsCount","Category":"","Description":"","Attributes":1,"ValueType":"System.Int32"},"Value":0}]},{"TestCase":{"Id":"9da6cf4f-a98d-b14f-1ee5-62065827ca47","FullyQualifiedName":"Testovi.UnitTest1.TestDuzinPrezimenaIzuzetak2","DisplayName":"TestDuzinPrezimenaIzuzetak2","ExecutorUri":"executor://MSTestAdapter/v2","Source":"C:\\Users\\29\\Documents\\GitHub\\e-Demokratija-VVS\\e-Demokratija\\GlasacTest\\bin\\Debug\\net5.0\\fine-code-coverage\\build-output\\Testovi.dll","CodeFilePath":null,"LineNumber":-1,"Properties":[{"Key":{"Id":"TestCase.ManagedType","Label":"ManagedType","Category":"","Description":"","Attributes":1,"ValueType":"System.String"},"Value":"Testovi.UnitTest1"},{"Key":{"Id":"TestCase.ManagedMethod","Label":"ManagedMethod","Category":"","Description":"","Attributes":1,"ValueType":"System.String"},"Value":"TestDuzinPrezimenaIzuzetak2"},{"Key":{"Id":"MSTestDiscoverer.TestClassName","Label":"ClassName","Category":"","Description":"","Attributes":1,"ValueType":"System.String"},"Value":"Testovi.UnitTest1"},{"Key":{"Id":"TestCase.Hierarchy","Label":"Hierarchy","Category":"","Description":"","Attributes":2,"ValueType":"System.String[]"},"Value":["Testovi","UnitTest1"]},{"Key":{"Id":"TestObject.Traits","Label":"Traits","Category":"","Description":"","Attributes":5,"ValueType":"System.Collections.Generic.KeyValuePair`2[[System.String],[System.String]][]"},"Value":[]}]},"Attachments":[],"Outcome":1,"ErrorMessage":null,"ErrorStackTrace":null,"DisplayName":"TestDuzinPrezimenaIzuzetak2","Messages":[],"ComputerName":null,"Duration":"00:00:00.0009951","StartTime":"2023-12-13T09:13:31.4723342+01:00","EndTime":"2023-12-13T09:13:31.4738382+01:00","Properties":[{"Key":{"Id":"ExecutionId","Label":"ExecutionId","Category":"","Description":"","Attributes":1,"ValueType":"System.Guid"},"Value":"00000000-0000-0000-0000-000000000000"},{"Key":{"Id":"ParentExecId","Label":"ParentExecId","Category":"","Description":"","Attributes":1,"ValueType":"System.Guid"},"Value":"00000000-0000-0000-0000-000000000000"},{"Key":{"Id":"InnerResultsCount","Label":"InnerResultsCount","Category":"","Description":"","Attributes":1,"ValueType":"System.Int32"},"Value":0}]},{"TestCase":{"Id":"c3847845-f87b-3ebd-bd04-cf9dce88a1cc","FullyQualifiedName":"Testovi.UnitTest1.TestPraznoPrezimeIzuzetak","DisplayName":"TestPraznoPrezimeIzuzetak","ExecutorUri":"executor://MSTestAdapter/v2","Source":"C:\\Users\\29\\Documents\\GitHub\\e-Demokratija-VVS\\e-Demokratija\\GlasacTest\\bin\\Debug\\net5.0\\fine-code-coverage\\build-output\\Testovi.dll","CodeFilePath":null,"LineNumber":-1,"Properties":[{"Key":{"Id":"TestCase.ManagedType","Label":"ManagedType","Category":"","Description":"","Attributes":1,"ValueType":"System.String"},"Value":"Testovi.UnitTest1"},{"Key":{"Id":"TestCase.ManagedMethod","Label":"ManagedMethod","Category":"","Description":"","Attributes":1,"ValueType":"System.String"},"Value":"TestPraznoPrezimeIzuzetak"},{"Key":{"Id":"MSTestDiscoverer.TestClassName","Label":"ClassName","Category":"","Description":"","Attributes":1,"ValueType":"System.String"},"Value":"Testovi.UnitTest1"},{"Key":{"Id":"TestCase.Hierarchy","Label":"Hierarchy","Category":"","Description":"","Attributes":2,"ValueType":"System.String[]"},"Value":["Testovi","UnitTest1"]},{"Key":{"Id":"TestObject.Traits","Label":"Traits","Category":"","Description":"","Attributes":5,"ValueType":"System.Collections.Generic.KeyValuePair`2[[System.String],[System.String]][]"},"Value":[]}]},"Attachments":[],"Outcome":1,"ErrorMessage":null,"ErrorStackTrace":null,"DisplayName":"TestPraznoPrezimeIzuzetak","Messages":[],"ComputerName":null,"Duration":"00:00:00.0013952","StartTime":"2023-12-13T09:13:31.4797417+01:00","EndTime":"2023-12-13T09:13:31.4819228+01:00","Properties":[{"Key":{"Id":"ExecutionId","Label":"ExecutionId","Category":"","Description":"","Attributes":1,"ValueType":"System.Guid"},"Value":"00000000-0000-0000-0000-000000000000"},{"Key":{"Id":"ParentExecId","Label":"ParentExecId","Category":"","Description":"","Attributes":1,"ValueType":"System.Guid"},"Value":"00000000-0000-0000-0000-000000000000"},{"Key":{"Id":"InnerResultsCount","Label":"InnerResultsCount","Category":"","Description":"","Attributes":1,"ValueType":"System.Int32"},"Value":0}]},{"TestCase":{"Id":"ff583154-ec0f-04af-2e3c-1c9120e7cef7","FullyQualifiedName":"Testovi.UnitTest1.TestPrezimeNisuSlovaIzuzetak","DisplayName":"TestPrezimeNisuSlovaIzuzetak","ExecutorUri":"executor://MSTestAdapter/v2","Source":"C:\\Users\\29\\Documents\\GitHub\\e-Demokratija-VVS\\e-Demokratija\\GlasacTest\\bin\\Debug\\net5.0\\fine-code-coverage\\build-output\\Testovi.dll","CodeFilePath":null,"LineNumber":-1,"Properties":[{"Key":{"Id":"TestCase.ManagedType","Label":"ManagedType","Category":"","Description":"","Attributes":1,"ValueType":"System.String"},"Value":"Testovi.UnitTest1"},{"Key":{"Id":"TestCase.ManagedMethod","Label":"ManagedMethod","Category":"","Description":"","Attributes":1,"ValueType":"System.String"},"Value":"TestPrezimeNisuSlovaIzuzetak"},{"Key":{"Id":"MSTestDiscoverer.TestClassName","Label":"ClassName","Category":"","Description":"","Attributes":1,"ValueType":"System.String"},"Value":"Testovi.UnitTest1"},{"Key":{"Id":"TestCase.Hierarchy","Label":"Hierarchy","Category":"","Description":"","Attributes":2,"ValueType":"System.String[]"},"Value":["Testovi","UnitTest1"]},{"Key":{"Id":"TestObject.Traits","Label":"Traits","Category":"","Description":"","Attributes":5,"ValueType":"System.Collections.Generic.KeyValuePair`2[[System.String],[System.String]][]"},"Value":[]}]},"Attachments":[],"Outcome":1,"ErrorMessage":null,"ErrorStackTrace":null,"DisplayName":"TestPrezimeNisuSlovaIzuzetak","Messages":[],"ComputerName":null,"Duration":"00:00:00.0010702","StartTime":"2023-12-13T09:13:31.4872825+01:00","EndTime":"2023-12-13T09:13:31.4889135+01:00","Properties":[{"Key":{"Id":"ExecutionId","Label":"ExecutionId","Category":"","Description":"","Attributes":1,"ValueType":"System.Guid"},"Value":"00000000-0000-0000-0000-000000000000"},{"Key":{"Id":"ParentExecId","Label":"ParentExecId","Category":"","Description":"","Attributes":1,"ValueType":"System.Guid"},"Value":"00000000-0000-0000-0000-000000000000"},{"Key":{"Id":"InnerResultsCount","Label":"InnerResultsCount","Category":"","Description":"","Attributes":1,"ValueType":"System.Int32"},"Value":0}]},{"TestCase":{"Id":"5308d482-bb21-9a68-f949-a66c70f8e116","FullyQualifiedName":"Testovi.UnitTest1.TestPrezimeCrticaIzuzetak","DisplayName":"TestPrezimeCrticaIzuzetak","ExecutorUri":"executor://MSTestAdapter/v2","Source":"C:\\Users\\29\\Documents\\GitHub\\e-Demokratija-VVS\\e-Demokratija\\GlasacTest\\bin\\Debug\\net5.0\\fine-code-coverage\\build-output\\Testovi.dll","CodeFilePath":null,"LineNumber":-1,"Properties":[{"Key":{"Id":"TestCase.ManagedType","Label":"ManagedType","Category":"","Description":"","Attributes":1,"ValueType":"System.String"},"Value":"Testovi.UnitTest1"},{"Key":{"Id":"TestCase.ManagedMethod","Label":"ManagedMethod","Category":"","Description":"","Attributes":1,"ValueType":"System.String"},"Value":"TestPrezimeCrticaIzuzetak"},{"Key":{"Id":"MSTestDiscoverer.TestClassName","Label":"ClassName","Category":"","Description":"","Attributes":1,"ValueType":"System.String"},"Value":"Testovi.UnitTest1"},{"Key":{"Id":"TestCase.Hierarchy","Label":"Hierarchy","Category":"","Description":"","Attributes":2,"ValueType":"System.String[]"},"Value":["Testovi","UnitTest1"]},{"Key":{"Id":"TestObject.Traits","Label":"Traits","Category":"","Description":"","Attributes":5,"ValueType":"System.Collections.Generic.KeyValuePair`2[[System.String],[System.String]][]"},"Value":[]}]},"Attachments":[],"Outcome":1,"ErrorMessage":null,"ErrorStackTrace":null,"DisplayName":"TestPrezimeCrticaIzuzetak","Messages":[],"ComputerName":null,"Duration":"00:00:00.0009626","StartTime":"2023-12-13T09:13:31.4965377+01:00","EndTime":"2023-12-13T09:13:31.4982164+01:00","Properties":[{"Key":{"Id":"ExecutionId","Label":"ExecutionId","Category":"","Description":"","Attributes":1,"ValueType":"System.Guid"},"Value":"00000000-0000-0000-0000-000000000000"},{"Key":{"Id":"ParentExecId","Label":"ParentExecId","Category":"","Description":"","Attributes":1,"ValueType":"System.Guid"},"Value":"00000000-0000-0000-0000-000000000000"},{"Key":{"Id":"InnerResultsCount","Label":"InnerResultsCount","Category":"","Description":"","Attributes":1,"ValueType":"System.Int32"},"Value":0}]},{"TestCase":{"Id":"a433fae2-3842-44ac-6e14-3f4bf3fc0131","FullyQualifiedName":"Testovi.UnitTest1.TestDatumUBuducnostiIzuzetak","DisplayName":"TestDatumUBuducnostiIzuzetak","ExecutorUri":"executor://MSTestAdapter/v2","Source":"C:\\Users\\29\\Documents\\GitHub\\e-Demokratija-VVS\\e-Demokratija\\GlasacTest\\bin\\Debug\\net5.0\\fine-code-coverage\\build-output\\Testovi.dll","CodeFilePath":null,"LineNumber":-1,"Properties":[{"Key":{"Id":"TestCase.ManagedType","Label":"ManagedType","Category":"","Description":"","Attributes":1,"ValueType":"System.String"},"Value":"Testovi.UnitTest1"},{"Key":{"Id":"TestCase.ManagedMethod","Label":"ManagedMethod","Category":"","Description":"","Attributes":1,"ValueType":"System.String"},"Value":"TestDatumUBuducnostiIzuzetak"},{"Key":{"Id":"MSTestDiscoverer.TestClassName","Label":"ClassName","Category":"","Description":"","Attributes":1,"ValueType":"System.String"},"Value":"Testovi.UnitTest1"},{"Key":{"Id":"TestCase.Hierarchy","Label":"Hierarchy","Category":"","Description":"","Attributes":2,"ValueType":"System.String[]"},"Value":["Testovi","UnitTest1"]},{"Key":{"Id":"TestObject.Traits","Label":"Traits","Category":"","Description":"","Attributes":5,"ValueType":"System.Collections.Generic.KeyValuePair`2[[System.String],[System.String]][]"},"Value":[]}]},"Attachments":[],"Outcome":1,"ErrorMessage":null,"ErrorStackTrace":null,"DisplayName":"TestDatumUBuducnostiIzuzetak","Messages":[],"ComputerName":null,"Duration":"00:00:00.0007403","StartTime":"2023-12-13T09:13:31.5026348+01:00","EndTime":"2023-12-13T09:13:31.5038715+01:00","Properties":[{"Key":{"Id":"ExecutionId","Label":"ExecutionId","Category":"","Description":"","Attributes":1,"ValueType":"System.Guid"},"Value":"00000000-0000-0000-0000-000000000000"},{"Key":{"Id":"ParentExecId","Label":"ParentExecId","Category":"","Description":"","Attributes":1,"ValueType":"System.Guid"},"Value":"00000000-0000-0000-0000-000000000000"},{"Key":{"Id":"InnerResultsCount","Label":"InnerResultsCount","Category":"","Description":"","Attributes":1,"ValueType":"System.Int32"},"Value":0}]},{"TestCase":{"Id":"26853a7f-e7da-9f83-8225-84b20ac8d3bf","FullyQualifiedName":"Testovi.UnitTest1.TestPunoljetniGlasacIzuzetak1","DisplayName":"TestPunoljetniGlasacIzuzetak1","ExecutorUri":"executor://MSTestAdapter/v2","Source":"C:\\Users\\29\\Documents\\GitHub\\e-Demokratija-VVS\\e-Demokratija\\GlasacTest\\bin\\Debug\\net5.0\\fine-code-coverage\\build-output\\Testovi.dll","CodeFilePath":null,"LineNumber":-1,"Properties":[{"Key":{"Id":"TestCase.ManagedType","Label":"ManagedType","Category":"","Description":"","Attributes":1,"ValueType":"System.String"},"Value":"Testovi.UnitTest1"},{"Key":{"Id":"TestCase.ManagedMethod","Label":"ManagedMethod","Category":"","Description":"","Attributes":1,"ValueType":"System.String"},"Value":"TestPunoljetniGlasacIzuzetak1"},{"Key":{"Id":"MSTestDiscoverer.TestClassName","Label":"ClassName","Category":"","Description":"","Attributes":1,"ValueType":"System.String"},"Value":"Testovi.UnitTest1"},{"Key":{"Id":"TestCase.Hierarchy","Label":"Hierarchy","Category":"","Description":"","Attributes":2,"ValueType":"System.String[]"},"Value":["Testovi","UnitTest1"]},{"Key":{"Id":"TestObject.Traits","Label":"Traits","Category":"","Description":"","Attributes":5,"ValueType":"System.Collections.Generic.KeyValuePair`2[[System.String],[System.String]][]"},"Value":[]}]},"Attachments":[],"Outcome":1,"ErrorMessage":null,"ErrorStackTrace":null,"DisplayName":"TestPunoljetniGlasacIzuzetak1","Messages":[],"ComputerName":null,"Duration":"00:00:00.0007649","StartTime":"2023-12-13T09:13:31.506819+01:00","EndTime":"2023-12-13T09:13:31.5079862+01:00","Properties":[{"Key":{"Id":"ExecutionId","Label":"ExecutionId","Category":"","Description":"","Attributes":1,"ValueType":"System.Guid"},"Value":"00000000-0000-0000-0000-000000000000"},{"Key":{"Id":"ParentExecId","Label":"ParentExecId","Category":"","Description":"","Attributes":1,"ValueType":"System.Guid"},"Value":"00000000-0000-0000-0000-000000000000"},{"Key":{"Id":"InnerResultsCount","Label":"InnerResultsCount","Category":"","Description":"","Attributes":1,"ValueType":"System.Int32"},"Value":0}]}],"TestRunStatistics":{"ExecutedTests":18,"Stats":{"Passed":18}},"ActiveTests":[{"Id":"7f0bb1fd-b4d1-4c46-2c0a-cd9d8b16e91b","FullyQualifiedName":"Testovi.UnitTest1.TestPunoljetniGlasacIzuzetak2","DisplayName":"TestPunoljetniGlasacIzuzetak2","ExecutorUri":"executor://MSTestAdapter/v2","Source":"C:\\Users\\29\\Documents\\GitHub\\e-Demokratija-VVS\\e-Demokratija\\GlasacTest\\bin\\Debug\\net5.0\\fine-code-coverage\\build-output\\Testovi.dll","CodeFilePath":null,"LineNumber":-1,"Properties":[{"Key":{"Id":"TestCase.ManagedType","Label":"ManagedType","Category":"","Description":"","Attributes":1,"ValueType":"System.String"},"Value":"Testovi.UnitTest1"},{"Key":{"Id":"TestCase.ManagedMethod","Label":"ManagedMethod","Category":"","Description":"","Attributes":1,"ValueType":"System.String"},"Value":"TestPunoljetniGlasacIzuzetak2"},{"Key":{"Id":"MSTestDiscoverer.TestClassName","Label":"ClassName","Category":"","Description":"","Attributes":1,"ValueType":"System.String"},"Value":"Testovi.UnitTest1"},{"Key":{"Id":"TestCase.Hierarchy","Label":"Hierarchy","Category":"","Description":"","Attributes":2,"ValueType":"System.String[]"},"Value":["Testovi","UnitTest1"]},{"Key":{"Id":"TestObject.Traits","Label":"Traits","Category":"","Description":"","Attributes":5,"ValueType":"System.Collections.Generic.KeyValuePair`2[[System.String],[System.String]][]"},"Value":[]}]}]}}
TpTrace Verbose: 0 : 10104, 4, 2023/12/13, 09:13:31.512, 23929105893785, testhost.dll, TestRunCache: OnNewTestResult: Notified the onCacheHit callback.
TpTrace Verbose: 0 : 10104, 4, 2023/12/13, 09:13:31.514, 23929105910245, testhost.dll, MulticastDelegateUtilities.SafeInvoke: TestCaseEventsHandler.RaiseTestCaseStart: Invoking callback 1/1 for Microsoft.VisualStudio.TestPlatform.CrossPlatEngine.DataCollection.ProxyOutOfProcDataCollectionManager., took 1 ms.
TpTrace Information: 0 : 10104, 4, 2023/12/13, 09:13:31.514, 23929105911469, testhost.dll, MSTest - Executing test TestPunoljetniGlasacIzuzetak2
TpTrace Information: 0 : 10104, 4, 2023/12/13, 09:13:31.515, 23929105925454, testhost.dll, MSTest - Executed test TestPunoljetniGlasacIzuzetak2
TpTrace Verbose: 0 : 10104, 4, 2023/12/13, 09:13:31.515, 23929105926874, testhost.dll, TestExecutionRecorder.RecordEnd: test: Testovi.UnitTest1.TestPunoljetniGlasacIzuzetak2 execution completed.
TpTrace Warning: 0 : 10104, 4, 2023/12/13, 09:13:31.515, 23929105927482, testhost.dll, TestRunCache: InProgressTests is null
TpTrace Verbose: 0 : 10104, 4, 2023/12/13, 09:13:31.518, 23929105950851, testhost.dll, MulticastDelegateUtilities.SafeInvoke: TestCaseEventsHandler.RaiseTestCaseEnd: Invoking callback 1/1 for Microsoft.VisualStudio.TestPlatform.CrossPlatEngine.DataCollection.ProxyOutOfProcDataCollectionManager., took 2 ms.
TpTrace Verbose: 0 : 10104, 4, 2023/12/13, 09:13:31.518, 23929105952392, testhost.dll, TestExecutionRecorder.RecordResult: Received result for test: Testovi.UnitTest1.TestPunoljetniGlasacIzuzetak2.
TpTrace Verbose: 0 : 10104, 4, 2023/12/13, 09:13:31.518, 23929105953302, testhost.dll, MulticastDelegateUtilities.SafeInvoke: TestCaseEventsHandler.RaiseTestCaseEnd: Invoking callback 1/1 for Microsoft.VisualStudio.TestPlatform.CrossPlatEngine.DataCollection.ProxyOutOfProcDataCollectionManager., took 0 ms.
TpTrace Warning: 0 : 10104, 4, 2023/12/13, 09:13:31.518, 23929105953901, testhost.dll, TestRunCache: InProgressTests is null
TpTrace Warning: 0 : 10104, 4, 2023/12/13, 09:13:31.518, 23929105954328, testhost.dll, TestRunCache: No test found corresponding to testResult 'TestPunoljetniGlasacIzuzetak2' in inProgress list.
TpTrace Verbose: 0 : 10104, 4, 2023/12/13, 09:13:31.518, 23929105955433, testhost.dll, TestExecutionRecorder.RecordStart: Starting test: Testovi.UnitTest1.TestSetterImena.
TpTrace Verbose: 0 : 10104, 4, 2023/12/13, 09:13:31.520, 23929105974483, testhost.dll, MulticastDelegateUtilities.SafeInvoke: TestCaseEventsHandler.RaiseTestCaseStart: Invoking callback 1/1 for Microsoft.VisualStudio.TestPlatform.CrossPlatEngine.DataCollection.ProxyOutOfProcDataCollectionManager., took 1 ms.
TpTrace Information: 0 : 10104, 4, 2023/12/13, 09:13:31.520, 23929105975593, testhost.dll, MSTest - Executing test TestSetterImena
TpTrace Information: 0 : 10104, 4, 2023/12/13, 09:13:31.527, 23929106047918, testhost.dll, MSTest - Executed test TestSetterImena
TpTrace Verbose: 0 : 10104, 4, 2023/12/13, 09:13:31.528, 23929106049576, testhost.dll, TestExecutionRecorder.RecordEnd: test: Testovi.UnitTest1.TestSetterImena execution completed.
TpTrace Verbose: 0 : 10104, 4, 2023/12/13, 09:13:31.529, 23929106064851, testhost.dll, MulticastDelegateUtilities.SafeInvoke: TestCaseEventsHandler.RaiseTestCaseEnd: Invoking callback 1/1 for Microsoft.VisualStudio.TestPlatform.CrossPlatEngine.DataCollection.ProxyOutOfProcDataCollectionManager., took 1 ms.
TpTrace Verbose: 0 : 10104, 4, 2023/12/13, 09:13:31.529, 23929106065843, testhost.dll, TestExecutionRecorder.RecordResult: Received result for test: Testovi.UnitTest1.TestSetterImena.
TpTrace Verbose: 0 : 10104, 4, 2023/12/13, 09:13:31.529, 23929106066630, testhost.dll, MulticastDelegateUtilities.SafeInvoke: TestCaseEventsHandler.RaiseTestCaseEnd: Invoking callback 1/1 for Microsoft.VisualStudio.TestPlatform.CrossPlatEngine.DataCollection.ProxyOutOfProcDataCollectionManager., took 0 ms.
TpTrace Warning: 0 : 10104, 4, 2023/12/13, 09:13:31.529, 23929106067019, testhost.dll, TestRunCache: InProgressTests is null
TpTrace Warning: 0 : 10104, 4, 2023/12/13, 09:13:31.529, 23929106067287, testhost.dll, TestRunCache: No test found corresponding to testResult 'TestSetterImena' in inProgress list.
TpTrace Verbose: 0 : 10104, 4, 2023/12/13, 09:13:31.529, 23929106067999, testhost.dll, TestExecutionRecorder.RecordStart: Starting test: Testovi.UnitTest1.TestSetterPrezimena.
TpTrace Verbose: 0 : 10104, 4, 2023/12/13, 09:13:31.531, 23929106081767, testhost.dll, MulticastDelegateUtilities.SafeInvoke: TestCaseEventsHandler.RaiseTestCaseStart: Invoking callback 1/1 for Microsoft.VisualStudio.TestPlatform.CrossPlatEngine.DataCollection.ProxyOutOfProcDataCollectionManager., took 1 ms.
TpTrace Information: 0 : 10104, 4, 2023/12/13, 09:13:31.531, 23929106082992, testhost.dll, MSTest - Executing test TestSetterPrezimena
TpTrace Information: 0 : 10104, 4, 2023/12/13, 09:13:31.532, 23929106090775, testhost.dll, MSTest - Executed test TestSetterPrezimena
TpTrace Verbose: 0 : 10104, 4, 2023/12/13, 09:13:31.532, 23929106092043, testhost.dll, TestExecutionRecorder.RecordEnd: test: Testovi.UnitTest1.TestSetterPrezimena execution completed.
TpTrace Verbose: 0 : 10104, 4, 2023/12/13, 09:13:31.534, 23929106109672, testhost.dll, MulticastDelegateUtilities.SafeInvoke: TestCaseEventsHandler.RaiseTestCaseEnd: Invoking callback 1/1 for Microsoft.VisualStudio.TestPlatform.CrossPlatEngine.DataCollection.ProxyOutOfProcDataCollectionManager., took 1 ms.
TpTrace Verbose: 0 : 10104, 4, 2023/12/13, 09:13:31.534, 23929106110633, testhost.dll, TestExecutionRecorder.RecordResult: Received result for test: Testovi.UnitTest1.TestSetterPrezimena.
TpTrace Verbose: 0 : 10104, 4, 2023/12/13, 09:13:31.534, 23929106111405, testhost.dll, MulticastDelegateUtilities.SafeInvoke: TestCaseEventsHandler.RaiseTestCaseEnd: Invoking callback 1/1 for Microsoft.VisualStudio.TestPlatform.CrossPlatEngine.DataCollection.ProxyOutOfProcDataCollectionManager., took 0 ms.
TpTrace Warning: 0 : 10104, 4, 2023/12/13, 09:13:31.534, 23929106111824, testhost.dll, TestRunCache: InProgressTests is null
TpTrace Warning: 0 : 10104, 4, 2023/12/13, 09:13:31.534, 23929106112133, testhost.dll, TestRunCache: No test found corresponding to testResult 'TestSetterPrezimena' in inProgress list.
TpTrace Verbose: 0 : 10104, 4, 2023/12/13, 09:13:31.534, 23929106112975, testhost.dll, TestExecutionRecorder.RecordStart: Starting test: Testovi.UnitTest1.TestSetterDatumaRodjenja.
TpTrace Verbose: 0 : 10104, 4, 2023/12/13, 09:13:31.535, 23929106127698, testhost.dll, MulticastDelegateUtilities.SafeInvoke: TestCaseEventsHandler.RaiseTestCaseStart: Invoking callback 1/1 for Microsoft.VisualStudio.TestPlatform.CrossPlatEngine.DataCollection.ProxyOutOfProcDataCollectionManager., took 1 ms.
TpTrace Information: 0 : 10104, 4, 2023/12/13, 09:13:31.536, 23929106128739, testhost.dll, MSTest - Executing test TestSetterDatumaRodjenja
TpTrace Information: 0 : 10104, 4, 2023/12/13, 09:13:31.536, 23929106135231, testhost.dll, MSTest - Executed test TestSetterDatumaRodjenja
TpTrace Verbose: 0 : 10104, 4, 2023/12/13, 09:13:31.536, 23929106136286, testhost.dll, TestExecutionRecorder.RecordEnd: test: Testovi.UnitTest1.TestSetterDatumaRodjenja execution completed.
TpTrace Verbose: 0 : 10104, 4, 2023/12/13, 09:13:31.538, 23929106155084, testhost.dll, MulticastDelegateUtilities.SafeInvoke: TestCaseEventsHandler.RaiseTestCaseEnd: Invoking callback 1/1 for Microsoft.VisualStudio.TestPlatform.CrossPlatEngine.DataCollection.ProxyOutOfProcDataCollectionManager., took 1 ms.
TpTrace Verbose: 0 : 10104, 4, 2023/12/13, 09:13:31.538, 23929106156282, testhost.dll, TestExecutionRecorder.RecordResult: Received result for test: Testovi.UnitTest1.TestSetterDatumaRodjenja.
TpTrace Verbose: 0 : 10104, 4, 2023/12/13, 09:13:31.538, 23929106157206, testhost.dll, MulticastDelegateUtilities.SafeInvoke: TestCaseEventsHandler.RaiseTestCaseEnd: Invoking callback 1/1 for Microsoft.VisualStudio.TestPlatform.CrossPlatEngine.DataCollection.ProxyOutOfProcDataCollectionManager., took 0 ms.
TpTrace Warning: 0 : 10104, 4, 2023/12/13, 09:13:31.538, 23929106157840, testhost.dll, TestRunCache: InProgressTests is null
TpTrace Warning: 0 : 10104, 4, 2023/12/13, 09:13:31.538, 23929106158272, testhost.dll, TestRunCache: No test found corresponding to testResult 'TestSetterDatumaRodjenja' in inProgress list.
TpTrace Verbose: 0 : 10104, 4, 2023/12/13, 09:13:31.539, 23929106159406, testhost.dll, TestExecutionRecorder.RecordStart: Starting test: Testovi.UnitTest1.TestSetterKoda.
TpTrace Verbose: 0 : 10104, 4, 2023/12/13, 09:13:31.541, 23929106182431, testhost.dll, MulticastDelegateUtilities.SafeInvoke: TestCaseEventsHandler.RaiseTestCaseStart: Invoking callback 1/1 for Microsoft.VisualStudio.TestPlatform.CrossPlatEngine.DataCollection.ProxyOutOfProcDataCollectionManager., took 2 ms.
TpTrace Information: 0 : 10104, 4, 2023/12/13, 09:13:31.541, 23929106183698, testhost.dll, MSTest - Executing test TestSetterKoda
TpTrace Information: 0 : 10104, 4, 2023/12/13, 09:13:31.542, 23929106192126, testhost.dll, MSTest - Executed test TestSetterKoda
TpTrace Verbose: 0 : 10104, 4, 2023/12/13, 09:13:31.542, 23929106193578, testhost.dll, TestExecutionRecorder.RecordEnd: test: Testovi.UnitTest1.TestSetterKoda execution completed.
TpTrace Verbose: 0 : 10104, 4, 2023/12/13, 09:13:31.544, 23929106213883, testhost.dll, MulticastDelegateUtilities.SafeInvoke: TestCaseEventsHandler.RaiseTestCaseEnd: Invoking callback 1/1 for Microsoft.VisualStudio.TestPlatform.CrossPlatEngine.DataCollection.ProxyOutOfProcDataCollectionManager., took 1 ms.
TpTrace Verbose: 0 : 10104, 4, 2023/12/13, 09:13:31.544, 23929106215352, testhost.dll, TestExecutionRecorder.RecordResult: Received result for test: Testovi.UnitTest1.TestSetterKoda.
TpTrace Verbose: 0 : 10104, 4, 2023/12/13, 09:13:31.544, 23929106216347, testhost.dll, MulticastDelegateUtilities.SafeInvoke: TestCaseEventsHandler.RaiseTestCaseEnd: Invoking callback 1/1 for Microsoft.VisualStudio.TestPlatform.CrossPlatEngine.DataCollection.ProxyOutOfProcDataCollectionManager., took 0 ms.
TpTrace Warning: 0 : 10104, 4, 2023/12/13, 09:13:31.544, 23929106217108, testhost.dll, TestRunCache: InProgressTests is null
TpTrace Warning: 0 : 10104, 4, 2023/12/13, 09:13:31.544, 23929106217606, testhost.dll, TestRunCache: No test found corresponding to testResult 'TestSetterKoda' in inProgress list.
TpTrace Verbose: 0 : 10104, 4, 2023/12/13, 09:13:31.545, 23929106218764, testhost.dll, TestExecutionRecorder.RecordStart: Starting test: Testovi.UnitTest1.TestSetterDaLiJeGlasaoZaGradonacelnika.
TpTrace Verbose: 0 : 10104, 4, 2023/12/13, 09:13:31.547, 23929106239118, testhost.dll, MulticastDelegateUtilities.SafeInvoke: TestCaseEventsHandler.RaiseTestCaseStart: Invoking callback 1/1 for Microsoft.VisualStudio.TestPlatform.CrossPlatEngine.DataCollection.ProxyOutOfProcDataCollectionManager., took 1 ms.
TpTrace Information: 0 : 10104, 4, 2023/12/13, 09:13:31.547, 23929106240581, testhost.dll, MSTest - Executing test TestSetterDaLiJeGlasaoZaGradonacelnika
TpTrace Information: 0 : 10104, 4, 2023/12/13, 09:13:31.548, 23929106251137, testhost.dll, MSTest - Executed test TestSetterDaLiJeGlasaoZaGradonacelnika
TpTrace Verbose: 0 : 10104, 4, 2023/12/13, 09:13:31.548, 23929106252743, testhost.dll, TestExecutionRecorder.RecordEnd: test: Testovi.UnitTest1.TestSetterDaLiJeGlasaoZaGradonacelnika execution completed.
TpTrace Verbose: 0 : 10104, 4, 2023/12/13, 09:13:31.550, 23929106276009, testhost.dll, MulticastDelegateUtilities.SafeInvoke: TestCaseEventsHandler.RaiseTestCaseEnd: Invoking callback 1/1 for Microsoft.VisualStudio.TestPlatform.CrossPlatEngine.DataCollection.ProxyOutOfProcDataCollectionManager., took 2 ms.
TpTrace Verbose: 0 : 10104, 4, 2023/12/13, 09:13:31.550, 23929106277466, testhost.dll, TestExecutionRecorder.RecordResult: Received result for test: Testovi.UnitTest1.TestSetterDaLiJeGlasaoZaGradonacelnika.
TpTrace Verbose: 0 : 10104, 4, 2023/12/13, 09:13:31.554, 23929106317960, testhost.dll, MulticastDelegateUtilities.SafeInvoke: TestCaseEventsHandler.RaiseTestCaseEnd: Invoking callback 1/1 for Microsoft.VisualStudio.TestPlatform.CrossPlatEngine.DataCollection.ProxyOutOfProcDataCollectionManager., took 3 ms.
TpTrace Warning: 0 : 10104, 4, 2023/12/13, 09:13:31.555, 23929106319209, testhost.dll, TestRunCache: InProgressTests is null
TpTrace Warning: 0 : 10104, 4, 2023/12/13, 09:13:31.555, 23929106319753, testhost.dll, TestRunCache: No test found corresponding to testResult 'TestSetterDaLiJeGlasaoZaGradonacelnika' in inProgress list.
TpTrace Verbose: 0 : 10104, 4, 2023/12/13, 09:13:31.555, 23929106320817, testhost.dll, TestExecutionRecorder.RecordStart: Starting test: Testovi.UnitTest1.TestSetterDaLiJeGlasaoZaNacelnika.
TpTrace Verbose: 0 : 10104, 4, 2023/12/13, 09:13:31.557, 23929106339022, testhost.dll, MulticastDelegateUtilities.SafeInvoke: TestCaseEventsHandler.RaiseTestCaseStart: Invoking callback 1/1 for Microsoft.VisualStudio.TestPlatform.CrossPlatEngine.DataCollection.ProxyOutOfProcDataCollectionManager., took 1 ms.
TpTrace Information: 0 : 10104, 4, 2023/12/13, 09:13:31.557, 23929106340372, testhost.dll, MSTest - Executing test TestSetterDaLiJeGlasaoZaNacelnika
TpTrace Information: 0 : 10104, 4, 2023/12/13, 09:13:31.558, 23929106349739, testhost.dll, MSTest - Executed test TestSetterDaLiJeGlasaoZaNacelnika
TpTrace Verbose: 0 : 10104, 4, 2023/12/13, 09:13:31.558, 23929106351527, testhost.dll, TestExecutionRecorder.RecordEnd: test: Testovi.UnitTest1.TestSetterDaLiJeGlasaoZaNacelnika execution completed.
TpTrace Verbose: 0 : 10104, 4, 2023/12/13, 09:13:31.560, 23929106369207, testhost.dll, MulticastDelegateUtilities.SafeInvoke: TestCaseEventsHandler.RaiseTestCaseEnd: Invoking callback 1/1 for Microsoft.VisualStudio.TestPlatform.CrossPlatEngine.DataCollection.ProxyOutOfProcDataCollectionManager., took 1 ms.
TpTrace Verbose: 0 : 10104, 4, 2023/12/13, 09:13:31.560, 23929106370771, testhost.dll, TestExecutionRecorder.RecordResult: Received result for test: Testovi.UnitTest1.TestSetterDaLiJeGlasaoZaNacelnika.
TpTrace Verbose: 0 : 10104, 4, 2023/12/13, 09:13:31.560, 23929106371696, testhost.dll, MulticastDelegateUtilities.SafeInvoke: TestCaseEventsHandler.RaiseTestCaseEnd: Invoking callback 1/1 for Microsoft.VisualStudio.TestPlatform.CrossPlatEngine.DataCollection.ProxyOutOfProcDataCollectionManager., took 0 ms.
TpTrace Warning: 0 : 10104, 4, 2023/12/13, 09:13:31.560, 23929106372871, testhost.dll, TestRunCache: InProgressTests is null
TpTrace Warning: 0 : 10104, 4, 2023/12/13, 09:13:31.560, 23929106373812, testhost.dll, TestRunCache: No test found corresponding to testResult 'TestSetterDaLiJeGlasaoZaNacelnika' in inProgress list.
TpTrace Verbose: 0 : 10104, 4, 2023/12/13, 09:13:31.560, 23929106375166, testhost.dll, TestExecutionRecorder.RecordStart: Starting test: Testovi.UnitTest1.TestSetterDaLiJeGlasaoZaVijecnika.
TpTrace Verbose: 0 : 10104, 4, 2023/12/13, 09:13:31.562, 23929106394782, testhost.dll, MulticastDelegateUtilities.SafeInvoke: TestCaseEventsHandler.RaiseTestCaseStart: Invoking callback 1/1 for Microsoft.VisualStudio.TestPlatform.CrossPlatEngine.DataCollection.ProxyOutOfProcDataCollectionManager., took 1 ms.
TpTrace Information: 0 : 10104, 4, 2023/12/13, 09:13:31.562, 23929106396066, testhost.dll, MSTest - Executing test TestSetterDaLiJeGlasaoZaVijecnika
TpTrace Information: 0 : 10104, 4, 2023/12/13, 09:13:31.563, 23929106404420, testhost.dll, MSTest - Executed test TestSetterDaLiJeGlasaoZaVijecnika
TpTrace Verbose: 0 : 10104, 4, 2023/12/13, 09:13:31.563, 23929106406114, testhost.dll, TestExecutionRecorder.RecordEnd: test: Testovi.UnitTest1.TestSetterDaLiJeGlasaoZaVijecnika execution completed.
TpTrace Verbose: 0 : 10104, 4, 2023/12/13, 09:13:31.566, 23929106428519, testhost.dll, MulticastDelegateUtilities.SafeInvoke: TestCaseEventsHandler.RaiseTestCaseEnd: Invoking callback 1/1 for Microsoft.VisualStudio.TestPlatform.CrossPlatEngine.DataCollection.ProxyOutOfProcDataCollectionManager., took 2 ms.
TpTrace Verbose: 0 : 10104, 4, 2023/12/13, 09:13:31.566, 23929106429966, testhost.dll, TestExecutionRecorder.RecordResult: Received result for test: Testovi.UnitTest1.TestSetterDaLiJeGlasaoZaVijecnika.
TpTrace Verbose: 0 : 10104, 4, 2023/12/13, 09:13:31.566, 23929106431148, testhost.dll, MulticastDelegateUtilities.SafeInvoke: TestCaseEventsHandler.RaiseTestCaseEnd: Invoking callback 1/1 for Microsoft.VisualStudio.TestPlatform.CrossPlatEngine.DataCollection.ProxyOutOfProcDataCollectionManager., took 0 ms.
TpTrace Warning: 0 : 10104, 4, 2023/12/13, 09:13:31.566, 23929106431754, testhost.dll, TestRunCache: InProgressTests is null
TpTrace Warning: 0 : 10104, 4, 2023/12/13, 09:13:31.566, 23929106432206, testhost.dll, TestRunCache: No test found corresponding to testResult 'TestSetterDaLiJeGlasaoZaVijecnika' in inProgress list.
TpTrace Verbose: 0 : 10104, 4, 2023/12/13, 09:13:31.566, 23929106433265, testhost.dll, TestExecutionRecorder.RecordStart: Starting test: Testovi.UnitTest1.TestZamjenskiObjekat.
TpTrace Verbose: 0 : 10104, 4, 2023/12/13, 09:13:31.568, 23929106453284, testhost.dll, MulticastDelegateUtilities.SafeInvoke: TestCaseEventsHandler.RaiseTestCaseStart: Invoking callback 1/1 for Microsoft.VisualStudio.TestPlatform.CrossPlatEngine.DataCollection.ProxyOutOfProcDataCollectionManager., took 1 ms.
TpTrace Information: 0 : 10104, 4, 2023/12/13, 09:13:31.568, 23929106454539, testhost.dll, MSTest - Executing test TestZamjenskiObjekat
TpTrace Information: 0 : 10104, 4, 2023/12/13, 09:13:31.570, 23929106476443, testhost.dll, MSTest - Executed test TestZamjenskiObjekat
TpTrace Verbose: 0 : 10104, 4, 2023/12/13, 09:13:31.571, 23929106478369, testhost.dll, TestExecutionRecorder.RecordEnd: test: Testovi.UnitTest1.TestZamjenskiObjekat execution completed.
TpTrace Verbose: 0 : 10104, 4, 2023/12/13, 09:13:31.573, 23929106499749, testhost.dll, MulticastDelegateUtilities.SafeInvoke: TestCaseEventsHandler.RaiseTestCaseEnd: Invoking callback 1/1 for Microsoft.VisualStudio.TestPlatform.CrossPlatEngine.DataCollection.ProxyOutOfProcDataCollectionManager., took 2 ms.
TpTrace Verbose: 0 : 10104, 4, 2023/12/13, 09:13:31.573, 23929106500996, testhost.dll, TestExecutionRecorder.RecordResult: Received result for test: Testovi.UnitTest1.TestZamjenskiObjekat.
TpTrace Verbose: 0 : 10104, 4, 2023/12/13, 09:13:31.573, 23929106501559, testhost.dll, MulticastDelegateUtilities.SafeInvoke: TestCaseEventsHandler.RaiseTestCaseEnd: Invoking callback 1/1 for Microsoft.VisualStudio.TestPlatform.CrossPlatEngine.DataCollection.ProxyOutOfProcDataCollectionManager., took 0 ms.
TpTrace Warning: 0 : 10104, 4, 2023/12/13, 09:13:31.573, 23929106502300, testhost.dll, TestRunCache: InProgressTests is null
TpTrace Warning: 0 : 10104, 4, 2023/12/13, 09:13:31.573, 23929106502843, testhost.dll, TestRunCache: No test found corresponding to testResult 'TestZamjenskiObjekat' in inProgress list.
TpTrace Verbose: 0 : 10104, 4, 2023/12/13, 09:13:31.573, 23929106503547, testhost.dll, TestExecutionRecorder.RecordStart: Starting test: Testovi.UnitTest1.TestKonstruktoraGlasacaXML.
TpTrace Information: 0 : 10104, 4, 2023/12/13, 09:13:31.573, 23929106504021, testhost.dll, Sending test run statistics
TpTrace Verbose: 0 : 10104, 4, 2023/12/13, 09:13:31.574, 23929106511252, testhost.dll, TestRequestHandler.SendData: sending data from testhost: {"Version":7,"MessageType":"TestExecution.StatsChange","Payload":{"NewTestResults":[{"TestCase":{"Id":"7f0bb1fd-b4d1-4c46-2c0a-cd9d8b16e91b","FullyQualifiedName":"Testovi.UnitTest1.TestPunoljetniGlasacIzuzetak2","DisplayName":"TestPunoljetniGlasacIzuzetak2","ExecutorUri":"executor://MSTestAdapter/v2","Source":"C:\\Users\\29\\Documents\\GitHub\\e-Demokratija-VVS\\e-Demokratija\\GlasacTest\\bin\\Debug\\net5.0\\fine-code-coverage\\build-output\\Testovi.dll","CodeFilePath":null,"LineNumber":-1,"Properties":[{"Key":{"Id":"TestCase.ManagedType","Label":"ManagedType","Category":"","Description":"","Attributes":1,"ValueType":"System.String"},"Value":"Testovi.UnitTest1"},{"Key":{"Id":"TestCase.ManagedMethod","Label":"ManagedMethod","Category":"","Description":"","Attributes":1,"ValueType":"System.String"},"Value":"TestPunoljetniGlasacIzuzetak2"},{"Key":{"Id":"MSTestDiscoverer.TestClassName","Label":"ClassName","Category":"","Description":"","Attributes":1,"ValueType":"System.String"},"Value":"Testovi.UnitTest1"},{"Key":{"Id":"TestCase.Hierarchy","Label":"Hierarchy","Category":"","Description":"","Attributes":2,"ValueType":"System.String[]"},"Value":["Testovi","UnitTest1"]},{"Key":{"Id":"TestObject.Traits","Label":"Traits","Category":"","Description":"","Attributes":5,"ValueType":"System.Collections.Generic.KeyValuePair`2[[System.String],[System.String]][]"},"Value":[]}]},"Attachments":[],"Outcome":1,"ErrorMessage":null,"ErrorStackTrace":null,"DisplayName":"TestPunoljetniGlasacIzuzetak2","Messages":[],"ComputerName":null,"Duration":"00:00:00.0009569","StartTime":"2023-12-13T09:13:31.5143022+01:00","EndTime":"2023-12-13T09:13:31.5158262+01:00","Properties":[{"Key":{"Id":"ExecutionId","Label":"ExecutionId","Category":"","Description":"","Attributes":1,"ValueType":"System.Guid"},"Value":"00000000-0000-0000-0000-000000000000"},{"Key":{"Id":"ParentExecId","Label":"ParentExecId","Category":"","Description":"","Attributes":1,"ValueType":"System.Guid"},"Value":"00000000-0000-0000-0000-000000000000"},{"Key":{"Id":"InnerResultsCount","Label":"InnerResultsCount","Category":"","Description":"","Attributes":1,"ValueType":"System.Int32"},"Value":0}]},{"TestCase":{"Id":"8333e932-df6f-604d-00fc-a1d504ce5ab6","FullyQualifiedName":"Testovi.UnitTest1.TestSetterImena","DisplayName":"TestSetterImena","ExecutorUri":"executor://MSTestAdapter/v2","Source":"C:\\Users\\29\\Documents\\GitHub\\e-Demokratija-VVS\\e-Demokratija\\GlasacTest\\bin\\Debug\\net5.0\\fine-code-coverage\\build-output\\Testovi.dll","CodeFilePath":null,"LineNumber":-1,"Properties":[{"Key":{"Id":"TestCase.ManagedType","Label":"ManagedType","Category":"","Description":"","Attributes":1,"ValueType":"System.String"},"Value":"Testovi.UnitTest1"},{"Key":{"Id":"TestCase.ManagedMethod","Label":"ManagedMethod","Category":"","Description":"","Attributes":1,"ValueType":"System.String"},"Value":"TestSetterImena"},{"Key":{"Id":"MSTestDiscoverer.TestClassName","Label":"ClassName","Category":"","Description":"","Attributes":1,"ValueType":"System.String"},"Value":"Testovi.UnitTest1"},{"Key":{"Id":"TestCase.Hierarchy","Label":"Hierarchy","Category":"","Description":"","Attributes":2,"ValueType":"System.String[]"},"Value":["Testovi","UnitTest1"]},{"Key":{"Id":"TestObject.Traits","Label":"Traits","Category":"","Description":"","Attributes":5,"ValueType":"System.Collections.Generic.KeyValuePair`2[[System.String],[System.String]][]"},"Value":[]}]},"Attachments":[],"Outcome":1,"ErrorMessage":null,"ErrorStackTrace":null,"DisplayName":"TestSetterImena","Messages":[],"ComputerName":null,"Duration":"00:00:00.0017129","StartTime":"2023-12-13T09:13:31.520718+01:00","EndTime":"2023-12-13T09:13:31.5281028+01:00","Properties":[{"Key":{"Id":"ExecutionId","Label":"ExecutionId","Category":"","Description":"","Attributes":1,"ValueType":"System.Guid"},"Value":"00000000-0000-0000-0000-000000000000"},{"Key":{"Id":"ParentExecId","Label":"ParentExecId","Category":"","Description":"","Attributes":1,"ValueType":"System.Guid"},"Value":"00000000-0000-0000-0000-000000000000"},{"Key":{"Id":"InnerResultsCount","Label":"InnerResultsCount","Category":"","Description":"","Attributes":1,"ValueType":"System.Int32"},"Value":0}]},{"TestCase":{"Id":"378ef98f-c6f9-8d43-601b-3b95fbb2afef","FullyQualifiedName":"Testovi.UnitTest1.TestSetterPrezimena","DisplayName":"TestSetterPrezimena","ExecutorUri":"executor://MSTestAdapter/v2","Source":"C:\\Users\\29\\Documents\\GitHub\\e-Demokratija-VVS\\e-Demokratija\\GlasacTest\\bin\\Debug\\net5.0\\fine-code-coverage\\build-output\\Testovi.dll","CodeFilePath":null,"LineNumber":-1,"Properties":[{"Key":{"Id":"TestCase.ManagedType","Label":"ManagedType","Category":"","Description":"","Attributes":1,"ValueType":"System.String"},"Value":"Testovi.UnitTest1"},{"Key":{"Id":"TestCase.ManagedMethod","Label":"ManagedMethod","Category":"","Description":"","Attributes":1,"ValueType":"System.String"},"Value":"TestSetterPrezimena"},{"Key":{"Id":"MSTestDiscoverer.TestClassName","Label":"ClassName","Category":"","Description":"","Attributes":1,"ValueType":"System.String"},"Value":"Testovi.UnitTest1"},{"Key":{"Id":"TestCase.Hierarchy","Label":"Hierarchy","Category":"","Description":"","Attributes":2,"ValueType":"System.String[]"},"Value":["Testovi","UnitTest1"]},{"Key":{"Id":"TestObject.Traits","Label":"Traits","Category":"","Description":"","Attributes":5,"ValueType":"System.Collections.Generic.KeyValuePair`2[[System.String],[System.String]][]"},"Value":[]}]},"Attachments":[],"Outcome":1,"ErrorMessage":null,"ErrorStackTrace":null,"DisplayName":"TestSetterPrezimena","Messages":[],"ComputerName":null,"Duration":"00:00:00.0004747","StartTime":"2023-12-13T09:13:31.5314575+01:00","EndTime":"2023-12-13T09:13:31.5323457+01:00","Properties":[{"Key":{"Id":"ExecutionId","Label":"ExecutionId","Category":"","Description":"","Attributes":1,"ValueType":"System.Guid"},"Value":"00000000-0000-0000-0000-000000000000"},{"Key":{"Id":"ParentExecId","Label":"ParentExecId","Category":"","Description":"","Attributes":1,"ValueType":"System.Guid"},"Value":"00000000-0000-0000-0000-000000000000"},{"Key":{"Id":"InnerResultsCount","Label":"InnerResultsCount","Category":"","Description":"","Attributes":1,"ValueType":"System.Int32"},"Value":0}]},{"TestCase":{"Id":"28428745-0b4d-1b93-20d5-2f8b651c7d9f","FullyQualifiedName":"Testovi.UnitTest1.TestSetterDatumaRodjenja","DisplayName":"TestSetterDatumaRodjenja","ExecutorUri":"executor://MSTestAdapter/v2","Source":"C:\\Users\\29\\Documents\\GitHub\\e-Demokratija-VVS\\e-Demokratija\\GlasacTest\\bin\\Debug\\net5.0\\fine-code-coverage\\build-output\\Testovi.dll","CodeFilePath":null,"LineNumber":-1,"Properties":[{"Key":{"Id":"TestCase.ManagedType","Label":"ManagedType","Category":"","Description":"","Attributes":1,"ValueType":"System.String"},"Value":"Testovi.UnitTest1"},{"Key":{"Id":"TestCase.ManagedMethod","Label":"ManagedMethod","Category":"","Description":"","Attributes":1,"ValueType":"System.String"},"Value":"TestSetterDatumaRodjenja"},{"Key":{"Id":"MSTestDiscoverer.TestClassName","Label":"ClassName","Category":"","Description":"","Attributes":1,"ValueType":"System.String"},"Value":"Testovi.UnitTest1"},{"Key":{"Id":"TestCase.Hierarchy","Label":"Hierarchy","Category":"","Description":"","Attributes":2,"ValueType":"System.String[]"},"Value":["Testovi","UnitTest1"]},{"Key":{"Id":"TestObject.Traits","Label":"Traits","Category":"","Description":"","Attributes":5,"ValueType":"System.Collections.Generic.KeyValuePair`2[[System.String],[System.String]][]"},"Value":[]}]},"Attachments":[],"Outcome":1,"ErrorMessage":null,"ErrorStackTrace":null,"DisplayName":"TestSetterDatumaRodjenja","Messages":[],"ComputerName":null,"Duration":"00:00:00.0003793","StartTime":"2023-12-13T09:13:31.5360298+01:00","EndTime":"2023-12-13T09:13:31.5367754+01:00","Properties":[{"Key":{"Id":"ExecutionId","Label":"ExecutionId","Category":"","Description":"","Attributes":1,"ValueType":"System.Guid"},"Value":"00000000-0000-0000-0000-000000000000"},{"Key":{"Id":"ParentExecId","Label":"ParentExecId","Category":"","Description":"","Attributes":1,"ValueType":"System.Guid"},"Value":"00000000-0000-0000-0000-000000000000"},{"Key":{"Id":"InnerResultsCount","Label":"InnerResultsCount","Category":"","Description":"","Attributes":1,"ValueType":"System.Int32"},"Value":0}]},{"TestCase":{"Id":"9427e0bd-467a-0b42-2a4f-f1d6282bb959","FullyQualifiedName":"Testovi.UnitTest1.TestSetterKoda","DisplayName":"TestSetterKoda","ExecutorUri":"executor://MSTestAdapter/v2","Source":"C:\\Users\\29\\Documents\\GitHub\\e-Demokratija-VVS\\e-Demokratija\\GlasacTest\\bin\\Debug\\net5.0\\fine-code-coverage\\build-output\\Testovi.dll","CodeFilePath":null,"LineNumber":-1,"Properties":[{"Key":{"Id":"TestCase.ManagedType","Label":"ManagedType","Category":"","Description":"","Attributes":1,"ValueType":"System.String"},"Value":"Testovi.UnitTest1"},{"Key":{"Id":"TestCase.ManagedMethod","Label":"ManagedMethod","Category":"","Description":"","Attributes":1,"ValueType":"System.String"},"Value":"TestSetterKoda"},{"Key":{"Id":"MSTestDiscoverer.TestClassName","Label":"ClassName","Category":"","Description":"","Attributes":1,"ValueType":"System.String"},"Value":"Testovi.UnitTest1"},{"Key":{"Id":"TestCase.Hierarchy","Label":"Hierarchy","Category":"","Description":"","Attributes":2,"ValueType":"System.String[]"},"Value":["Testovi","UnitTest1"]},{"Key":{"Id":"TestObject.Traits","Label":"Traits","Category":"","Description":"","Attributes":5,"ValueType":"System.Collections.Generic.KeyValuePair`2[[System.String],[System.String]][]"},"Value":[]}]},"Attachments":[],"Outcome":1,"ErrorMessage":null,"ErrorStackTrace":null,"DisplayName":"TestSetterKoda","Messages":[],"ComputerName":null,"Duration":"00:00:00.0005119","StartTime":"2023-12-13T09:13:31.5415262+01:00","EndTime":"2023-12-13T09:13:31.542497+01:00","Properties":[{"Key":{"Id":"ExecutionId","Label":"ExecutionId","Category":"","Description":"","Attributes":1,"ValueType":"System.Guid"},"Value":"00000000-0000-0000-0000-000000000000"},{"Key":{"Id":"ParentExecId","Label":"ParentExecId","Category":"","Description":"","Attributes":1,"ValueType":"System.Guid"},"Value":"00000000-0000-0000-0000-000000000000"},{"Key":{"Id":"InnerResultsCount","Label":"InnerResultsCount","Category":"","Description":"","Attributes":1,"ValueType":"System.Int32"},"Value":0}]},{"TestCase":{"Id":"c6506cb8-3d8b-507c-81e8-09a5485aa84b","FullyQualifiedName":"Testovi.UnitTest1.TestSetterDaLiJeGlasaoZaGradonacelnika","DisplayName":"TestSetterDaLiJeGlasaoZaGradonacelnika","ExecutorUri":"executor://MSTestAdapter/v2","Source":"C:\\Users\\29\\Documents\\GitHub\\e-Demokratija-VVS\\e-Demokratija\\GlasacTest\\bin\\Debug\\net5.0\\fine-code-coverage\\build-output\\Testovi.dll","CodeFilePath":null,"LineNumber":-1,"Properties":[{"Key":{"Id":"TestCase.ManagedType","Label":"ManagedType","Category":"","Description":"","Attributes":1,"ValueType":"System.String"},"Value":"Testovi.UnitTest1"},{"Key":{"Id":"TestCase.ManagedMethod","Label":"ManagedMethod","Category":"","Description":"","Attributes":1,"ValueType":"System.String"},"Value":"TestSetterDaLiJeGlasaoZaGradonacelnika"},{"Key":{"Id":"MSTestDiscoverer.TestClassName","Label":"ClassName","Category":"","Description":"","Attributes":1,"ValueType":"System.String"},"Value":"Testovi.UnitTest1"},{"Key":{"Id":"TestCase.Hierarchy","Label":"Hierarchy","Category":"","Description":"","Attributes":2,"ValueType":"System.String[]"},"Value":["Testovi","UnitTest1"]},{"Key":{"Id":"TestObject.Traits","Label":"Traits","Category":"","Description":"","Attributes":5,"ValueType":"System.Collections.Generic.KeyValuePair`2[[System.String],[System.String]][]"},"Value":[]}]},"Attachments":[],"Outcome":1,"ErrorMessage":null,"ErrorStackTrace":null,"DisplayName":"TestSetterDaLiJeGlasaoZaGradonacelnika","Messages":[],"ComputerName":null,"Duration":"00:00:00.0006454","StartTime":"2023-12-13T09:13:31.5472116+01:00","EndTime":"2023-12-13T09:13:31.548414+01:00","Properties":[{"Key":{"Id":"ExecutionId","Label":"ExecutionId","Category":"","Description":"","Attributes":1,"ValueType":"System.Guid"},"Value":"00000000-0000-0000-0000-000000000000"},{"Key":{"Id":"ParentExecId","Label":"ParentExecId","Category":"","Description":"","Attributes":1,"ValueType":"System.Guid"},"Value":"00000000-0000-0000-0000-000000000000"},{"Key":{"Id":"InnerResultsCount","Label":"InnerResultsCount","Category":"","Description":"","Attributes":1,"ValueType":"System.Int32"},"Value":0}]},{"TestCase":{"Id":"2e2aee36-64f6-977b-416b-d85dfbe7d242","FullyQualifiedName":"Testovi.UnitTest1.TestSetterDaLiJeGlasaoZaNacelnika","DisplayName":"TestSetterDaLiJeGlasaoZaNacelnika","ExecutorUri":"executor://MSTestAdapter/v2","Source":"C:\\Users\\29\\Documents\\GitHub\\e-Demokratija-VVS\\e-Demokratija\\GlasacTest\\bin\\Debug\\net5.0\\fine-code-coverage\\build-output\\Testovi.dll","CodeFilePath":null,"LineNumber":-1,"Properties":[{"Key":{"Id":"TestCase.ManagedType","Label":"ManagedType","Category":"","Description":"","Attributes":1,"ValueType":"System.String"},"Value":"Testovi.UnitTest1"},{"Key":{"Id":"TestCase.ManagedMethod","Label":"ManagedMethod","Category":"","Description":"","Attributes":1,"ValueType":"System.String"},"Value":"TestSetterDaLiJeGlasaoZaNacelnika"},{"Key":{"Id":"MSTestDiscoverer.TestClassName","Label":"ClassName","Category":"","Description":"","Attributes":1,"ValueType":"System.String"},"Value":"Testovi.UnitTest1"},{"Key":{"Id":"TestCase.Hierarchy","Label":"Hierarchy","Category":"","Description":"","Attributes":2,"ValueType":"System.String[]"},"Value":["Testovi","UnitTest1"]},{"Key":{"Id":"TestObject.Traits","Label":"Traits","Category":"","Description":"","Attributes":5,"ValueType":"System.Collections.Generic.KeyValuePair`2[[System.String],[System.String]][]"},"Value":[]}]},"Attachments":[],"Outcome":1,"ErrorMessage":null,"ErrorStackTrace":null,"DisplayName":"TestSetterDaLiJeGlasaoZaNacelnika","Messages":[],"ComputerName":null,"Duration":"00:00:00.0005491","StartTime":"2023-12-13T09:13:31.5571934+01:00","EndTime":"2023-12-13T09:13:31.5582868+01:00","Properties":[{"Key":{"Id":"ExecutionId","Label":"ExecutionId","Category":"","Description":"","Attributes":1,"ValueType":"System.Guid"},"Value":"00000000-0000-0000-0000-000000000000"},{"Key":{"Id":"ParentExecId","Label":"ParentExecId","Category":"","Description":"","Attributes":1,"ValueType":"System.Guid"},"Value":"00000000-0000-0000-0000-000000000000"},{"Key":{"Id":"InnerResultsCount","Label":"InnerResultsCount","Category":"","Description":"","Attributes":1,"ValueType":"System.Int32"},"Value":0}]},{"TestCase":{"Id":"acb1fb79-f5fc-84c3-29cf-0213c7aee37d","FullyQualifiedName":"Testovi.UnitTest1.TestSetterDaLiJeGlasaoZaVijecnika","DisplayName":"TestSetterDaLiJeGlasaoZaVijecnika","ExecutorUri":"executor://MSTestAdapter/v2","Source":"C:\\Users\\29\\Documents\\GitHub\\e-Demokratija-VVS\\e-Demokratija\\GlasacTest\\bin\\Debug\\net5.0\\fine-code-coverage\\build-output\\Testovi.dll","CodeFilePath":null,"LineNumber":-1,"Properties":[{"Key":{"Id":"TestCase.ManagedType","Label":"ManagedType","Category":"","Description":"","Attributes":1,"ValueType":"System.String"},"Value":"Testovi.UnitTest1"},{"Key":{"Id":"TestCase.ManagedMethod","Label":"ManagedMethod","Category":"","Description":"","Attributes":1,"ValueType":"System.String"},"Value":"TestSetterDaLiJeGlasaoZaVijecnika"},{"Key":{"Id":"MSTestDiscoverer.TestClassName","Label":"ClassName","Category":"","Description":"","Attributes":1,"ValueType":"System.String"},"Value":"Testovi.UnitTest1"},{"Key":{"Id":"TestCase.Hierarchy","Label":"Hierarchy","Category":"","Description":"","Attributes":2,"ValueType":"System.String[]"},"Value":["Testovi","UnitTest1"]},{"Key":{"Id":"TestObject.Traits","Label":"Traits","Category":"","Description":"","Attributes":5,"ValueType":"System.Collections.Generic.KeyValuePair`2[[System.String],[System.String]][]"},"Value":[]}]},"Attachments":[],"Outcome":1,"ErrorMessage":null,"ErrorStackTrace":null,"DisplayName":"TestSetterDaLiJeGlasaoZaVijecnika","Messages":[],"ComputerName":null,"Duration":"00:00:00.0004606","StartTime":"2023-12-13T09:13:31.5627623+01:00","EndTime":"2023-12-13T09:13:31.5637478+01:00","Properties":[{"Key":{"Id":"ExecutionId","Label":"ExecutionId","Category":"","Description":"","Attributes":1,"ValueType":"System.Guid"},"Value":"00000000-0000-0000-0000-000000000000"},{"Key":{"Id":"ParentExecId","Label":"ParentExecId","Category":"","Description":"","Attributes":1,"ValueType":"System.Guid"},"Value":"00000000-0000-0000-0000-000000000000"},{"Key":{"Id":"InnerResultsCount","Label":"InnerResultsCount","Category":"","Description":"","Attributes":1,"ValueType":"System.Int32"},"Value":0}]},{"TestCase":{"Id":"b0592a3f-c9e9-4da3-990b-28ad356db606","FullyQualifiedName":"Testovi.UnitTest1.TestZamjenskiObjekat","DisplayName":"TestZamjenskiObjekat","ExecutorUri":"executor://MSTestAdapter/v2","Source":"C:\\Users\\29\\Documents\\GitHub\\e-Demokratija-VVS\\e-Demokratija\\GlasacTest\\bin\\Debug\\net5.0\\fine-code-coverage\\build-output\\Testovi.dll","CodeFilePath":null,"LineNumber":-1,"Properties":[{"Key":{"Id":"TestCase.ManagedType","Label":"ManagedType","Category":"","Description":"","Attributes":1,"ValueType":"System.String"},"Value":"Testovi.UnitTest1"},{"Key":{"Id":"TestCase.ManagedMethod","Label":"ManagedMethod","Category":"","Description":"","Attributes":1,"ValueType":"System.String"},"Value":"TestZamjenskiObjekat"},{"Key":{"Id":"MSTestDiscoverer.TestClassName","Label":"ClassName","Category":"","Description":"","Attributes":1,"ValueType":"System.String"},"Value":"Testovi.UnitTest1"},{"Key":{"Id":"TestCase.Hierarchy","Label":"Hierarchy","Category":"","Description":"","Attributes":2,"ValueType":"System.String[]"},"Value":["Testovi","UnitTest1"]},{"Key":{"Id":"TestObject.Traits","Label":"Traits","Category":"","Description":"","Attributes":5,"ValueType":"System.Collections.Generic.KeyValuePair`2[[System.String],[System.String]][]"},"Value":[]}]},"Attachments":[],"Outcome":1,"ErrorMessage":null,"ErrorStackTrace":null,"DisplayName":"TestZamjenskiObjekat","Messages":[],"ComputerName":null,"Duration":"00:00:00.0017651","StartTime":"2023-12-13T09:13:31.56861+01:00","EndTime":"2023-12-13T09:13:31.5709768+01:00","Properties":[{"Key":{"Id":"ExecutionId","Label":"ExecutionId","Category":"","Description":"","Attributes":1,"ValueType":"System.Guid"},"Value":"00000000-0000-0000-0000-000000000000"},{"Key":{"Id":"ParentExecId","Label":"ParentExecId","Category":"","Description":"","Attributes":1,"ValueType":"System.Guid"},"Value":"00000000-0000-0000-0000-000000000000"},{"Key":{"Id":"InnerResultsCount","Label":"InnerResultsCount","Category":"","Description":"","Attributes":1,"ValueType":"System.Int32"},"Value":0}]}],"TestRunStatistics":{"ExecutedTests":27,"Stats":{"Passed":27}},"ActiveTests":[{"Id":"e413121f-5ff8-7754-9cf2-10bb30b65644","FullyQualifiedName":"Testovi.UnitTest1.TestKonstruktoraGlasacaXML","DisplayName":"TestKonstruktoraGlasacaXML","ExecutorUri":"executor://MSTestAdapter/v2","Source":"C:\\Users\\29\\Documents\\GitHub\\e-Demokratija-VVS\\e-Demokratija\\GlasacTest\\bin\\Debug\\net5.0\\fine-code-coverage\\build-output\\Testovi.dll","CodeFilePath":null,"LineNumber":-1,"Properties":[{"Key":{"Id":"TestCase.ManagedType","Label":"ManagedType","Category":"","Description":"","Attributes":1,"ValueType":"System.String"},"Value":"Testovi.UnitTest1"},{"Key":{"Id":"TestCase.ManagedMethod","Label":"ManagedMethod","Category":"","Description":"","Attributes":1,"ValueType":"System.String"},"Value":"TestKonstruktoraGlasacaXML(System.String,System.String)"},{"Key":{"Id":"MSTestDiscoverer.TestClassName","Label":"ClassName","Category":"","Description":"","Attributes":1,"ValueType":"System.String"},"Value":"Testovi.UnitTest1"},{"Key":{"Id":"TestCase.Hierarchy","Label":"Hierarchy","Category":"","Description":"","Attributes":2,"ValueType":"System.String[]"},"Value":["Testovi","UnitTest1"]},{"Key":{"Id":"TestObject.Traits","Label":"Traits","Category":"","Description":"","Attributes":5,"ValueType":"System.Collections.Generic.KeyValuePair`2[[System.String],[System.String]][]"},"Value":[]}]}]}}
TpTrace Verbose: 0 : 10104, 4, 2023/12/13, 09:13:31.574, 23929106514382, testhost.dll, TestRunCache: OnNewTestResult: Notified the onCacheHit callback.
TpTrace Verbose: 0 : 10104, 4, 2023/12/13, 09:13:31.576, 23929106532505, testhost.dll, MulticastDelegateUtilities.SafeInvoke: TestCaseEventsHandler.RaiseTestCaseStart: Invoking callback 1/1 for Microsoft.VisualStudio.TestPlatform.CrossPlatEngine.DataCollection.ProxyOutOfProcDataCollectionManager., took 1 ms.
TpTrace Information: 0 : 10104, 4, 2023/12/13, 09:13:31.576, 23929106536353, testhost.dll, MSTest - Executing test TestKonstruktoraGlasacaXML
TpTrace Information: 0 : 10104, 4, 2023/12/13, 09:13:31.594, 23929106712545, testhost.dll, MSTest - Executed test TestKonstruktoraGlasacaXML
TpTrace Verbose: 0 : 10104, 4, 2023/12/13, 09:13:31.594, 23929106713838, testhost.dll, TestExecutionRecorder.RecordEnd: test: Testovi.UnitTest1.TestKonstruktoraGlasacaXML execution completed.
TpTrace Warning: 0 : 10104, 4, 2023/12/13, 09:13:31.594, 23929106714159, testhost.dll, TestRunCache: InProgressTests is null
TpTrace Verbose: 0 : 10104, 4, 2023/12/13, 09:13:31.598, 23929106752804, testhost.dll, MulticastDelegateUtilities.SafeInvoke: TestCaseEventsHandler.RaiseTestCaseEnd: Invoking callback 1/1 for Microsoft.VisualStudio.TestPlatform.CrossPlatEngine.DataCollection.ProxyOutOfProcDataCollectionManager., took 3 ms.
TpTrace Information: 0 : 10104, 4, 2023/12/13, 09:13:31.598, 23929106753887, testhost.dll, MSTest - MSTestExecutor:Test Testovi.UnitTest1.TestKonstruktoraGlasacaXML failed. ErrorMessage:Could not find file 'C:\Users\29\Documents\GitHub\e-Demokratija-VVS\e-Demokratija\GlasacTest\bin\Debug\Glasaci.xml'., ErrorStackTrace:   at System.IO.FileStream.ValidateFileHandle(SafeFileHandle fileHandle)
   at System.IO.FileStream.CreateFileOpenHandle(FileMode mode, FileShare share, FileOptions options)
   at System.IO.FileStream..ctor(String path, FileMode mode, FileAccess access, FileShare share, Int32 bufferSize, FileOptions options)
   at System.IO.FileStream..ctor(String path, FileMode mode, FileAccess access, FileShare share, Int32 bufferSize)
   at System.Xml.XmlDownloadManager.GetStream(Uri uri, ICredentials credentials, IWebProxy proxy)
   at System.Xml.XmlUrlResolver.GetEntity(Uri absoluteUri, String role, Type ofObjectToReturn)
   at System.Xml.XmlTextReaderImpl.OpenUrl()
   at System.Xml.XmlTextReaderImpl.Read()
   at System.Xml.XmlLoader.Load(XmlDocument doc, XmlReader reader, Boolean preserveWhitespace)
   at System.Xml.XmlDocument.Load(XmlReader reader)
   at System.Xml.XmlDocument.Load(String filename)
   at Testovi.UnitTest1.ReadXML()+MoveNext() in C:\Users\29\Documents\GitHub\e-Demokratija-VVS\e-Demokratija\GlasacTest\UnitTest1.cs:line 228
   at System.Linq.Enumerable.Any[TSource](IEnumerable`1 source)
.
TpTrace Verbose: 0 : 10104, 4, 2023/12/13, 09:13:31.598, 23929106754268, testhost.dll, TestExecutionRecorder.RecordResult: Received result for test: Testovi.UnitTest1.TestKonstruktoraGlasacaXML.
TpTrace Verbose: 0 : 10104, 4, 2023/12/13, 09:13:31.598, 23929106754785, testhost.dll, MulticastDelegateUtilities.SafeInvoke: TestCaseEventsHandler.RaiseTestCaseEnd: Invoking callback 1/1 for Microsoft.VisualStudio.TestPlatform.CrossPlatEngine.DataCollection.ProxyOutOfProcDataCollectionManager., took 0 ms.
TpTrace Warning: 0 : 10104, 4, 2023/12/13, 09:13:31.598, 23929106755125, testhost.dll, TestRunCache: InProgressTests is null
TpTrace Warning: 0 : 10104, 4, 2023/12/13, 09:13:31.598, 23929106755359, testhost.dll, TestRunCache: No test found corresponding to testResult '' in inProgress list.
TpTrace Verbose: 0 : 10104, 4, 2023/12/13, 09:13:31.598, 23929106755960, testhost.dll, TestExecutionRecorder.RecordStart: Starting test: Testovi.UnitTest1.TestKonstruktoraGlasacaCSV.
TpTrace Verbose: 0 : 10104, 4, 2023/12/13, 09:13:31.599, 23929106766259, testhost.dll, MulticastDelegateUtilities.SafeInvoke: TestCaseEventsHandler.RaiseTestCaseStart: Invoking callback 1/1 for Microsoft.VisualStudio.TestPlatform.CrossPlatEngine.DataCollection.ProxyOutOfProcDataCollectionManager., took 0 ms.
TpTrace Information: 0 : 10104, 4, 2023/12/13, 09:13:31.599, 23929106767065, testhost.dll, MSTest - Executing test TestKonstruktoraGlasacaCSV
TpTrace Information: 0 : 10104, 4, 2023/12/13, 09:13:31.600, 23929106776656, testhost.dll, MSTest - Executed test TestKonstruktoraGlasacaCSV
TpTrace Verbose: 0 : 10104, 4, 2023/12/13, 09:13:31.600, 23929106777378, testhost.dll, TestExecutionRecorder.RecordEnd: test: Testovi.UnitTest1.TestKonstruktoraGlasacaCSV execution completed.
TpTrace Verbose: 0 : 10104, 4, 2023/12/13, 09:13:31.602, 23929106793418, testhost.dll, MulticastDelegateUtilities.SafeInvoke: TestCaseEventsHandler.RaiseTestCaseEnd: Invoking callback 1/1 for Microsoft.VisualStudio.TestPlatform.CrossPlatEngine.DataCollection.ProxyOutOfProcDataCollectionManager., took 1 ms.
TpTrace Information: 0 : 10104, 4, 2023/12/13, 09:13:31.602, 23929106794193, testhost.dll, MSTest - MSTestExecutor:Test Testovi.UnitTest1.TestKonstruktoraGlasacaCSV failed. ErrorMessage:Could not find file 'C:\Users\29\Documents\GitHub\e-Demokratija-VVS\e-Demokratija\GlasacTest\bin\Debug\Glasaci.csv'., ErrorStackTrace:   at System.IO.FileStream.ValidateFileHandle(SafeFileHandle fileHandle)
   at System.IO.FileStream.CreateFileOpenHandle(FileMode mode, FileShare share, FileOptions options)
   at System.IO.FileStream..ctor(String path, FileMode mode, FileAccess access, FileShare share, Int32 bufferSize, FileOptions options)
   at System.IO.StreamReader.ValidateArgsAndOpenPath(String path, Encoding encoding, Int32 bufferSize)
   at System.IO.StreamReader..ctor(String path)
   at Testovi.UnitTest1.ReadCSV()+MoveNext() in C:\Users\29\Documents\GitHub\e-Demokratija-VVS\e-Demokratija\GlasacTest\UnitTest1.cs:line 241
   at System.Linq.Enumerable.Any[TSource](IEnumerable`1 source)
.
TpTrace Verbose: 0 : 10104, 4, 2023/12/13, 09:13:31.602, 23929106794522, testhost.dll, TestExecutionRecorder.RecordResult: Received result for test: Testovi.UnitTest1.TestKonstruktoraGlasacaCSV.
TpTrace Verbose: 0 : 10104, 4, 2023/12/13, 09:13:31.602, 23929106794960, testhost.dll, MulticastDelegateUtilities.SafeInvoke: TestCaseEventsHandler.RaiseTestCaseEnd: Invoking callback 1/1 for Microsoft.VisualStudio.TestPlatform.CrossPlatEngine.DataCollection.ProxyOutOfProcDataCollectionManager., took 0 ms.
TpTrace Warning: 0 : 10104, 4, 2023/12/13, 09:13:31.602, 23929106795238, testhost.dll, TestRunCache: InProgressTests is null
TpTrace Warning: 0 : 10104, 4, 2023/12/13, 09:13:31.602, 23929106795445, testhost.dll, TestRunCache: No test found corresponding to testResult '' in inProgress list.
TpTrace Verbose: 0 : 10104, 4, 2023/12/13, 09:13:31.602, 23929106796213, testhost.dll, TestExecutionRecorder.RecordStart: Starting test: Testovi.UnitTest2.TestIspravnogKonstruktoraKlaseSupervizor.
TpTrace Verbose: 0 : 10104, 4, 2023/12/13, 09:13:31.604, 23929106809004, testhost.dll, MulticastDelegateUtilities.SafeInvoke: TestCaseEventsHandler.RaiseTestCaseStart: Invoking callback 1/1 for Microsoft.VisualStudio.TestPlatform.CrossPlatEngine.DataCollection.ProxyOutOfProcDataCollectionManager., took 1 ms.
TpTrace Information: 0 : 10104, 4, 2023/12/13, 09:13:31.604, 23929106809633, testhost.dll, MSTest - Executing test TestIspravnogKonstruktoraKlaseSupervizor
TpTrace Information: 0 : 10104, 4, 2023/12/13, 09:13:31.604, 23929106815931, testhost.dll, MSTest - Executed test TestIspravnogKonstruktoraKlaseSupervizor
TpTrace Verbose: 0 : 10104, 4, 2023/12/13, 09:13:31.604, 23929106816517, testhost.dll, TestExecutionRecorder.RecordEnd: test: Testovi.UnitTest2.TestIspravnogKonstruktoraKlaseSupervizor execution completed.
TpTrace Verbose: 0 : 10104, 4, 2023/12/13, 09:13:31.605, 23929106828239, testhost.dll, MulticastDelegateUtilities.SafeInvoke: TestCaseEventsHandler.RaiseTestCaseEnd: Invoking callback 1/1 for Microsoft.VisualStudio.TestPlatform.CrossPlatEngine.DataCollection.ProxyOutOfProcDataCollectionManager., took 1 ms.
TpTrace Verbose: 0 : 10104, 4, 2023/12/13, 09:13:31.606, 23929106828800, testhost.dll, TestExecutionRecorder.RecordResult: Received result for test: Testovi.UnitTest2.TestIspravnogKonstruktoraKlaseSupervizor.
TpTrace Verbose: 0 : 10104, 4, 2023/12/13, 09:13:31.606, 23929106829201, testhost.dll, MulticastDelegateUtilities.SafeInvoke: TestCaseEventsHandler.RaiseTestCaseEnd: Invoking callback 1/1 for Microsoft.VisualStudio.TestPlatform.CrossPlatEngine.DataCollection.ProxyOutOfProcDataCollectionManager., took 0 ms.
TpTrace Warning: 0 : 10104, 4, 2023/12/13, 09:13:31.606, 23929106829481, testhost.dll, TestRunCache: InProgressTests is null
TpTrace Warning: 0 : 10104, 4, 2023/12/13, 09:13:31.606, 23929106829688, testhost.dll, TestRunCache: No test found corresponding to testResult 'TestIspravnogKonstruktoraKlaseSupervizor' in inProgress list.
TpTrace Verbose: 0 : 10104, 4, 2023/12/13, 09:13:31.606, 23929106830168, testhost.dll, TestExecutionRecorder.RecordStart: Starting test: Testovi.UnitTest2.TestDaLiJePasswordIspravan_VracaTrue.
TpTrace Verbose: 0 : 10104, 4, 2023/12/13, 09:13:31.607, 23929106839368, testhost.dll, MulticastDelegateUtilities.SafeInvoke: TestCaseEventsHandler.RaiseTestCaseStart: Invoking callback 1/1 for Microsoft.VisualStudio.TestPlatform.CrossPlatEngine.DataCollection.ProxyOutOfProcDataCollectionManager., took 0 ms.
TpTrace Information: 0 : 10104, 4, 2023/12/13, 09:13:31.607, 23929106839828, testhost.dll, MSTest - Executing test TestDaLiJePasswordIspravan_VracaTrue
TpTrace Information: 0 : 10104, 4, 2023/12/13, 09:13:31.607, 23929106843289, testhost.dll, MSTest - Executed test TestDaLiJePasswordIspravan_VracaTrue
TpTrace Verbose: 0 : 10104, 4, 2023/12/13, 09:13:31.607, 23929106843773, testhost.dll, TestExecutionRecorder.RecordEnd: test: Testovi.UnitTest2.TestDaLiJePasswordIspravan_VracaTrue execution completed.
TpTrace Verbose: 0 : 10104, 4, 2023/12/13, 09:13:31.608, 23929106855836, testhost.dll, MulticastDelegateUtilities.SafeInvoke: TestCaseEventsHandler.RaiseTestCaseEnd: Invoking callback 1/1 for Microsoft.VisualStudio.TestPlatform.CrossPlatEngine.DataCollection.ProxyOutOfProcDataCollectionManager., took 1 ms.
TpTrace Verbose: 0 : 10104, 4, 2023/12/13, 09:13:31.608, 23929106856506, testhost.dll, TestExecutionRecorder.RecordResult: Received result for test: Testovi.UnitTest2.TestDaLiJePasswordIspravan_VracaTrue.
TpTrace Verbose: 0 : 10104, 4, 2023/12/13, 09:13:31.608, 23929106856905, testhost.dll, MulticastDelegateUtilities.SafeInvoke: TestCaseEventsHandler.RaiseTestCaseEnd: Invoking callback 1/1 for Microsoft.VisualStudio.TestPlatform.CrossPlatEngine.DataCollection.ProxyOutOfProcDataCollectionManager., took 0 ms.
TpTrace Warning: 0 : 10104, 4, 2023/12/13, 09:13:31.608, 23929106857164, testhost.dll, TestRunCache: InProgressTests is null
TpTrace Warning: 0 : 10104, 4, 2023/12/13, 09:13:31.608, 23929106857342, testhost.dll, TestRunCache: No test found corresponding to testResult 'TestDaLiJePasswordIspravan_VracaTrue' in inProgress list.
TpTrace Verbose: 0 : 10104, 4, 2023/12/13, 09:13:31.608, 23929106857824, testhost.dll, TestExecutionRecorder.RecordStart: Starting test: Testovi.UnitTest2.TestDaLiStrankaPostoji_VracaFalseZaPraznuListu.
TpTrace Verbose: 0 : 10104, 4, 2023/12/13, 09:13:31.609, 23929106867226, testhost.dll, MulticastDelegateUtilities.SafeInvoke: TestCaseEventsHandler.RaiseTestCaseStart: Invoking callback 1/1 for Microsoft.VisualStudio.TestPlatform.CrossPlatEngine.DataCollection.ProxyOutOfProcDataCollectionManager., took 0 ms.
TpTrace Information: 0 : 10104, 4, 2023/12/13, 09:13:31.609, 23929106867927, testhost.dll, MSTest - Executing test TestDaLiStrankaPostoji_VracaFalseZaPraznuListu
TpTrace Information: 0 : 10104, 4, 2023/12/13, 09:13:31.610, 23929106876346, testhost.dll, MSTest - Executed test TestDaLiStrankaPostoji_VracaFalseZaPraznuListu
TpTrace Verbose: 0 : 10104, 4, 2023/12/13, 09:13:31.610, 23929106876993, testhost.dll, TestExecutionRecorder.RecordEnd: test: Testovi.UnitTest2.TestDaLiStrankaPostoji_VracaFalseZaPraznuListu execution completed.
TpTrace Verbose: 0 : 10104, 4, 2023/12/13, 09:13:31.612, 23929106891721, testhost.dll, MulticastDelegateUtilities.SafeInvoke: TestCaseEventsHandler.RaiseTestCaseEnd: Invoking callback 1/1 for Microsoft.VisualStudio.TestPlatform.CrossPlatEngine.DataCollection.ProxyOutOfProcDataCollectionManager., took 1 ms.
TpTrace Verbose: 0 : 10104, 4, 2023/12/13, 09:13:31.612, 23929106892712, testhost.dll, TestExecutionRecorder.RecordResult: Received result for test: Testovi.UnitTest2.TestDaLiStrankaPostoji_VracaFalseZaPraznuListu.
TpTrace Verbose: 0 : 10104, 4, 2023/12/13, 09:13:31.612, 23929106893462, testhost.dll, MulticastDelegateUtilities.SafeInvoke: TestCaseEventsHandler.RaiseTestCaseEnd: Invoking callback 1/1 for Microsoft.VisualStudio.TestPlatform.CrossPlatEngine.DataCollection.ProxyOutOfProcDataCollectionManager., took 0 ms.
TpTrace Warning: 0 : 10104, 4, 2023/12/13, 09:13:31.612, 23929106893891, testhost.dll, TestRunCache: InProgressTests is null
TpTrace Warning: 0 : 10104, 4, 2023/12/13, 09:13:31.612, 23929106894189, testhost.dll, TestRunCache: No test found corresponding to testResult 'TestDaLiStrankaPostoji_VracaFalseZaPraznuListu' in inProgress list.
TpTrace Verbose: 0 : 10104, 4, 2023/12/13, 09:13:31.612, 23929106894954, testhost.dll, TestExecutionRecorder.RecordStart: Starting test: Testovi.UnitTest2.TestDaLiStrankaPostoji_VracaFalseZaNeispravanNaziv.
TpTrace Verbose: 0 : 10104, 4, 2023/12/13, 09:13:31.613, 23929106906152, testhost.dll, MulticastDelegateUtilities.SafeInvoke: TestCaseEventsHandler.RaiseTestCaseStart: Invoking callback 1/1 for Microsoft.VisualStudio.TestPlatform.CrossPlatEngine.DataCollection.ProxyOutOfProcDataCollectionManager., took 1 ms.
TpTrace Information: 0 : 10104, 4, 2023/12/13, 09:13:31.613, 23929106906996, testhost.dll, MSTest - Executing test TestDaLiStrankaPostoji_VracaFalseZaNeispravanNaziv
TpTrace Information: 0 : 10104, 4, 2023/12/13, 09:13:31.614, 23929106915896, testhost.dll, MSTest - Executed test TestDaLiStrankaPostoji_VracaFalseZaNeispravanNaziv
TpTrace Verbose: 0 : 10104, 4, 2023/12/13, 09:13:31.614, 23929106916689, testhost.dll, TestExecutionRecorder.RecordEnd: test: Testovi.UnitTest2.TestDaLiStrankaPostoji_VracaFalseZaNeispravanNaziv execution completed.
TpTrace Verbose: 0 : 10104, 4, 2023/12/13, 09:13:31.616, 23929106928653, testhost.dll, MulticastDelegateUtilities.SafeInvoke: TestCaseEventsHandler.RaiseTestCaseEnd: Invoking callback 1/1 for Microsoft.VisualStudio.TestPlatform.CrossPlatEngine.DataCollection.ProxyOutOfProcDataCollectionManager., took 1 ms.
TpTrace Verbose: 0 : 10104, 4, 2023/12/13, 09:13:31.616, 23929106929179, testhost.dll, TestExecutionRecorder.RecordResult: Received result for test: Testovi.UnitTest2.TestDaLiStrankaPostoji_VracaFalseZaNeispravanNaziv.
TpTrace Verbose: 0 : 10104, 4, 2023/12/13, 09:13:31.616, 23929106929766, testhost.dll, MulticastDelegateUtilities.SafeInvoke: TestCaseEventsHandler.RaiseTestCaseEnd: Invoking callback 1/1 for Microsoft.VisualStudio.TestPlatform.CrossPlatEngine.DataCollection.ProxyOutOfProcDataCollectionManager., took 0 ms.
TpTrace Warning: 0 : 10104, 4, 2023/12/13, 09:13:31.616, 23929106930090, testhost.dll, TestRunCache: InProgressTests is null
TpTrace Warning: 0 : 10104, 4, 2023/12/13, 09:13:31.616, 23929106930291, testhost.dll, TestRunCache: No test found corresponding to testResult 'TestDaLiStrankaPostoji_VracaFalseZaNeispravanNaziv' in inProgress list.
TpTrace Verbose: 0 : 10104, 4, 2023/12/13, 09:13:31.616, 23929106931062, testhost.dll, TestExecutionRecorder.RecordStart: Starting test: Testovi.UnitTest2.TestDaLiStrankaPostoji_VracaTrueZaPravilanNaziv.
TpTrace Verbose: 0 : 10104, 4, 2023/12/13, 09:13:31.617, 23929106946326, testhost.dll, MulticastDelegateUtilities.SafeInvoke: TestCaseEventsHandler.RaiseTestCaseStart: Invoking callback 1/1 for Microsoft.VisualStudio.TestPlatform.CrossPlatEngine.DataCollection.ProxyOutOfProcDataCollectionManager., took 1 ms.
TpTrace Information: 0 : 10104, 4, 2023/12/13, 09:13:31.617, 23929106947356, testhost.dll, MSTest - Executing test TestDaLiStrankaPostoji_VracaTrueZaPravilanNaziv
TpTrace Information: 0 : 10104, 4, 2023/12/13, 09:13:31.618, 23929106953133, testhost.dll, MSTest - Executed test TestDaLiStrankaPostoji_VracaTrueZaPravilanNaziv
TpTrace Verbose: 0 : 10104, 4, 2023/12/13, 09:13:31.618, 23929106953913, testhost.dll, TestExecutionRecorder.RecordEnd: test: Testovi.UnitTest2.TestDaLiStrankaPostoji_VracaTrueZaPravilanNaziv execution completed.
TpTrace Verbose: 0 : 10104, 4, 2023/12/13, 09:13:31.619, 23929106966689, testhost.dll, MulticastDelegateUtilities.SafeInvoke: TestCaseEventsHandler.RaiseTestCaseEnd: Invoking callback 1/1 for Microsoft.VisualStudio.TestPlatform.CrossPlatEngine.DataCollection.ProxyOutOfProcDataCollectionManager., took 1 ms.
TpTrace Verbose: 0 : 10104, 4, 2023/12/13, 09:13:31.619, 23929106967369, testhost.dll, TestExecutionRecorder.RecordResult: Received result for test: Testovi.UnitTest2.TestDaLiStrankaPostoji_VracaTrueZaPravilanNaziv.
TpTrace Verbose: 0 : 10104, 4, 2023/12/13, 09:13:31.619, 23929106967852, testhost.dll, MulticastDelegateUtilities.SafeInvoke: TestCaseEventsHandler.RaiseTestCaseEnd: Invoking callback 1/1 for Microsoft.VisualStudio.TestPlatform.CrossPlatEngine.DataCollection.ProxyOutOfProcDataCollectionManager., took 0 ms.
TpTrace Warning: 0 : 10104, 4, 2023/12/13, 09:13:31.619, 23929106968210, testhost.dll, TestRunCache: InProgressTests is null
TpTrace Warning: 0 : 10104, 4, 2023/12/13, 09:13:31.620, 23929106968491, testhost.dll, TestRunCache: No test found corresponding to testResult 'TestDaLiStrankaPostoji_VracaTrueZaPravilanNaziv' in inProgress list.
TpTrace Verbose: 0 : 10104, 4, 2023/12/13, 09:13:31.620, 23929106969472, testhost.dll, TestExecutionRecorder.RecordStart: Starting test: Testovi.UnitTest2.TestDaLiKandidatPostoji_VracaFalseZaPraznuListu.
TpTrace Verbose: 0 : 10104, 4, 2023/12/13, 09:13:31.621, 23929106980647, testhost.dll, MulticastDelegateUtilities.SafeInvoke: TestCaseEventsHandler.RaiseTestCaseStart: Invoking callback 1/1 for Microsoft.VisualStudio.TestPlatform.CrossPlatEngine.DataCollection.ProxyOutOfProcDataCollectionManager., took 1 ms.
TpTrace Information: 0 : 10104, 4, 2023/12/13, 09:13:31.621, 23929106982054, testhost.dll, MSTest - Executing test TestDaLiKandidatPostoji_VracaFalseZaPraznuListu
TpTrace Information: 0 : 10104, 4, 2023/12/13, 09:13:31.622, 23929106991018, testhost.dll, MSTest - Executed test TestDaLiKandidatPostoji_VracaFalseZaPraznuListu
TpTrace Verbose: 0 : 10104, 4, 2023/12/13, 09:13:31.622, 23929106991690, testhost.dll, TestExecutionRecorder.RecordEnd: test: Testovi.UnitTest2.TestDaLiKandidatPostoji_VracaFalseZaPraznuListu execution completed.
TpTrace Verbose: 0 : 10104, 4, 2023/12/13, 09:13:31.623, 23929107006999, testhost.dll, MulticastDelegateUtilities.SafeInvoke: TestCaseEventsHandler.RaiseTestCaseEnd: Invoking callback 1/1 for Microsoft.VisualStudio.TestPlatform.CrossPlatEngine.DataCollection.ProxyOutOfProcDataCollectionManager., took 1 ms.
TpTrace Verbose: 0 : 10104, 4, 2023/12/13, 09:13:31.623, 23929107007662, testhost.dll, TestExecutionRecorder.RecordResult: Received result for test: Testovi.UnitTest2.TestDaLiKandidatPostoji_VracaFalseZaPraznuListu.
TpTrace Verbose: 0 : 10104, 4, 2023/12/13, 09:13:31.623, 23929107008196, testhost.dll, MulticastDelegateUtilities.SafeInvoke: TestCaseEventsHandler.RaiseTestCaseEnd: Invoking callback 1/1 for Microsoft.VisualStudio.TestPlatform.CrossPlatEngine.DataCollection.ProxyOutOfProcDataCollectionManager., took 0 ms.
TpTrace Warning: 0 : 10104, 4, 2023/12/13, 09:13:31.624, 23929107008625, testhost.dll, TestRunCache: InProgressTests is null
TpTrace Warning: 0 : 10104, 4, 2023/12/13, 09:13:31.624, 23929107008958, testhost.dll, TestRunCache: No test found corresponding to testResult 'TestDaLiKandidatPostoji_VracaFalseZaPraznuListu' in inProgress list.
TpTrace Verbose: 0 : 10104, 4, 2023/12/13, 09:13:31.624, 23929107009676, testhost.dll, TestExecutionRecorder.RecordStart: Starting test: Testovi.UnitTest2.TestDaLiKandidatPostoji_VracaFalseZaNeispravanRedniBroj.
TpTrace Verbose: 0 : 10104, 4, 2023/12/13, 09:13:31.625, 23929107024706, testhost.dll, MulticastDelegateUtilities.SafeInvoke: TestCaseEventsHandler.RaiseTestCaseStart: Invoking callback 1/1 for Microsoft.VisualStudio.TestPlatform.CrossPlatEngine.DataCollection.ProxyOutOfProcDataCollectionManager., took 1 ms.
TpTrace Information: 0 : 10104, 4, 2023/12/13, 09:13:31.625, 23929107026075, testhost.dll, MSTest - Executing test TestDaLiKandidatPostoji_VracaFalseZaNeispravanRedniBroj
TpTrace Information: 0 : 10104, 4, 2023/12/13, 09:13:31.626, 23929107036363, testhost.dll, MSTest - Executed test TestDaLiKandidatPostoji_VracaFalseZaNeispravanRedniBroj
TpTrace Verbose: 0 : 10104, 4, 2023/12/13, 09:13:31.626, 23929107037236, testhost.dll, TestExecutionRecorder.RecordEnd: test: Testovi.UnitTest2.TestDaLiKandidatPostoji_VracaFalseZaNeispravanRedniBroj execution completed.
TpTrace Verbose: 0 : 10104, 4, 2023/12/13, 09:13:31.628, 23929107050532, testhost.dll, MulticastDelegateUtilities.SafeInvoke: TestCaseEventsHandler.RaiseTestCaseEnd: Invoking callback 1/1 for Microsoft.VisualStudio.TestPlatform.CrossPlatEngine.DataCollection.ProxyOutOfProcDataCollectionManager., took 1 ms.
TpTrace Verbose: 0 : 10104, 4, 2023/12/13, 09:13:31.628, 23929107051482, testhost.dll, TestExecutionRecorder.RecordResult: Received result for test: Testovi.UnitTest2.TestDaLiKandidatPostoji_VracaFalseZaNeispravanRedniBroj.
TpTrace Verbose: 0 : 10104, 4, 2023/12/13, 09:13:31.628, 23929107052251, testhost.dll, MulticastDelegateUtilities.SafeInvoke: TestCaseEventsHandler.RaiseTestCaseEnd: Invoking callback 1/1 for Microsoft.VisualStudio.TestPlatform.CrossPlatEngine.DataCollection.ProxyOutOfProcDataCollectionManager., took 0 ms.
TpTrace Warning: 0 : 10104, 4, 2023/12/13, 09:13:31.628, 23929107052819, testhost.dll, TestRunCache: InProgressTests is null
TpTrace Warning: 0 : 10104, 4, 2023/12/13, 09:13:31.628, 23929107053260, testhost.dll, TestRunCache: No test found corresponding to testResult 'TestDaLiKandidatPostoji_VracaFalseZaNeispravanRedniBroj' in inProgress list.
TpTrace Verbose: 0 : 10104, 4, 2023/12/13, 09:13:31.628, 23929107054018, testhost.dll, TestExecutionRecorder.RecordStart: Starting test: Testovi.UnitTest2.TestDaLiKandidatPostoji_VracaTrueZaPravilanRedniBroj.
TpTrace Information: 0 : 10104, 4, 2023/12/13, 09:13:31.628, 23929107054466, testhost.dll, Sending test run statistics
TpTrace Verbose: 0 : 10104, 4, 2023/12/13, 09:13:31.629, 23929107065788, testhost.dll, TestRequestHandler.SendData: sending data from testhost: {"Version":7,"MessageType":"TestExecution.StatsChange","Payload":{"NewTestResults":[{"TestCase":{"Id":"e413121f-5ff8-7754-9cf2-10bb30b65644","FullyQualifiedName":"Testovi.UnitTest1.TestKonstruktoraGlasacaXML","DisplayName":"TestKonstruktoraGlasacaXML","ExecutorUri":"executor://MSTestAdapter/v2","Source":"C:\\Users\\29\\Documents\\GitHub\\e-Demokratija-VVS\\e-Demokratija\\GlasacTest\\bin\\Debug\\net5.0\\fine-code-coverage\\build-output\\Testovi.dll","CodeFilePath":null,"LineNumber":-1,"Properties":[{"Key":{"Id":"TestCase.ManagedType","Label":"ManagedType","Category":"","Description":"","Attributes":1,"ValueType":"System.String"},"Value":"Testovi.UnitTest1"},{"Key":{"Id":"TestCase.ManagedMethod","Label":"ManagedMethod","Category":"","Description":"","Attributes":1,"ValueType":"System.String"},"Value":"TestKonstruktoraGlasacaXML(System.String,System.String)"},{"Key":{"Id":"MSTestDiscoverer.TestClassName","Label":"ClassName","Category":"","Description":"","Attributes":1,"ValueType":"System.String"},"Value":"Testovi.UnitTest1"},{"Key":{"Id":"TestCase.Hierarchy","Label":"Hierarchy","Category":"","Description":"","Attributes":2,"ValueType":"System.String[]"},"Value":["Testovi","UnitTest1"]},{"Key":{"Id":"TestObject.Traits","Label":"Traits","Category":"","Description":"","Attributes":5,"ValueType":"System.Collections.Generic.KeyValuePair`2[[System.String],[System.String]][]"},"Value":[]}]},"Attachments":[],"Outcome":2,"ErrorMessage":"Could not find file 'C:\\Users\\29\\Documents\\GitHub\\e-Demokratija-VVS\\e-Demokratija\\GlasacTest\\bin\\Debug\\Glasaci.xml'.","ErrorStackTrace":"   at System.IO.FileStream.ValidateFileHandle(SafeFileHandle fileHandle)\r\n   at System.IO.FileStream.CreateFileOpenHandle(FileMode mode, FileShare share, FileOptions options)\r\n   at System.IO.FileStream..ctor(String path, FileMode mode, FileAccess access, FileShare share, Int32 bufferSize, FileOptions options)\r\n   at System.IO.FileStream..ctor(String path, FileMode mode, FileAccess access, FileShare share, Int32 bufferSize)\r\n   at System.Xml.XmlDownloadManager.GetStream(Uri uri, ICredentials credentials, IWebProxy proxy)\r\n   at System.Xml.XmlUrlResolver.GetEntity(Uri absoluteUri, String role, Type ofObjectToReturn)\r\n   at System.Xml.XmlTextReaderImpl.OpenUrl()\r\n   at System.Xml.XmlTextReaderImpl.Read()\r\n   at System.Xml.XmlLoader.Load(XmlDocument doc, XmlReader reader, Boolean preserveWhitespace)\r\n   at System.Xml.XmlDocument.Load(XmlReader reader)\r\n   at System.Xml.XmlDocument.Load(String filename)\r\n   at Testovi.UnitTest1.ReadXML()+MoveNext() in C:\\Users\\29\\Documents\\GitHub\\e-Demokratija-VVS\\e-Demokratija\\GlasacTest\\UnitTest1.cs:line 228\r\n   at System.Linq.Enumerable.Any[TSource](IEnumerable`1 source)\r\n","DisplayName":null,"Messages":[],"ComputerName":null,"Duration":"00:00:00","StartTime":"2023-12-13T09:13:31.576777+01:00","EndTime":"2023-12-13T09:13:31.5945311+01:00","Properties":[{"Key":{"Id":"ExecutionId","Label":"ExecutionId","Category":"","Description":"","Attributes":1,"ValueType":"System.Guid"},"Value":"00000000-0000-0000-0000-000000000000"},{"Key":{"Id":"ParentExecId","Label":"ParentExecId","Category":"","Description":"","Attributes":1,"ValueType":"System.Guid"},"Value":"00000000-0000-0000-0000-000000000000"},{"Key":{"Id":"InnerResultsCount","Label":"InnerResultsCount","Category":"","Description":"","Attributes":1,"ValueType":"System.Int32"},"Value":0}]},{"TestCase":{"Id":"bdca11b8-1e5b-1f07-1c29-9d34b9492d4e","FullyQualifiedName":"Testovi.UnitTest1.TestKonstruktoraGlasacaCSV","DisplayName":"TestKonstruktoraGlasacaCSV","ExecutorUri":"executor://MSTestAdapter/v2","Source":"C:\\Users\\29\\Documents\\GitHub\\e-Demokratija-VVS\\e-Demokratija\\GlasacTest\\bin\\Debug\\net5.0\\fine-code-coverage\\build-output\\Testovi.dll","CodeFilePath":null,"LineNumber":-1,"Properties":[{"Key":{"Id":"TestCase.ManagedType","Label":"ManagedType","Category":"","Description":"","Attributes":1,"ValueType":"System.String"},"Value":"Testovi.UnitTest1"},{"Key":{"Id":"TestCase.ManagedMethod","Label":"ManagedMethod","Category":"","Description":"","Attributes":1,"ValueType":"System.String"},"Value":"TestKonstruktoraGlasacaCSV(System.String,System.String)"},{"Key":{"Id":"MSTestDiscoverer.TestClassName","Label":"ClassName","Category":"","Description":"","Attributes":1,"ValueType":"System.String"},"Value":"Testovi.UnitTest1"},{"Key":{"Id":"TestCase.Hierarchy","Label":"Hierarchy","Category":"","Description":"","Attributes":2,"ValueType":"System.String[]"},"Value":["Testovi","UnitTest1"]},{"Key":{"Id":"TestObject.Traits","Label":"Traits","Category":"","Description":"","Attributes":5,"ValueType":"System.Collections.Generic.KeyValuePair`2[[System.String],[System.String]][]"},"Value":[]}]},"Attachments":[],"Outcome":2,"ErrorMessage":"Could not find file 'C:\\Users\\29\\Documents\\GitHub\\e-Demokratija-VVS\\e-Demokratija\\GlasacTest\\bin\\Debug\\Glasaci.csv'.","ErrorStackTrace":"   at System.IO.FileStream.ValidateFileHandle(SafeFileHandle fileHandle)\r\n   at System.IO.FileStream.CreateFileOpenHandle(FileMode mode, FileShare share, FileOptions options)\r\n   at System.IO.FileStream..ctor(String path, FileMode mode, FileAccess access, FileShare share, Int32 bufferSize, FileOptions options)\r\n   at System.IO.StreamReader.ValidateArgsAndOpenPath(String path, Encoding encoding, Int32 bufferSize)\r\n   at System.IO.StreamReader..ctor(String path)\r\n   at Testovi.UnitTest1.ReadCSV()+MoveNext() in C:\\Users\\29\\Documents\\GitHub\\e-Demokratija-VVS\\e-Demokratija\\GlasacTest\\UnitTest1.cs:line 241\r\n   at System.Linq.Enumerable.Any[TSource](IEnumerable`1 source)\r\n","DisplayName":null,"Messages":[],"ComputerName":null,"Duration":"00:00:00","StartTime":"2023-12-13T09:13:31.5998683+01:00","EndTime":"2023-12-13T09:13:31.6008913+01:00","Properties":[{"Key":{"Id":"ExecutionId","Label":"ExecutionId","Category":"","Description":"","Attributes":1,"ValueType":"System.Guid"},"Value":"00000000-0000-0000-0000-000000000000"},{"Key":{"Id":"ParentExecId","Label":"ParentExecId","Category":"","Description":"","Attributes":1,"ValueType":"System.Guid"},"Value":"00000000-0000-0000-0000-000000000000"},{"Key":{"Id":"InnerResultsCount","Label":"InnerResultsCount","Category":"","Description":"","Attributes":1,"ValueType":"System.Int32"},"Value":0}]},{"TestCase":{"Id":"6ed60130-5c60-2be5-163c-50ac5c732780","FullyQualifiedName":"Testovi.UnitTest2.TestIspravnogKonstruktoraKlaseSupervizor","DisplayName":"TestIspravnogKonstruktoraKlaseSupervizor","ExecutorUri":"executor://MSTestAdapter/v2","Source":"C:\\Users\\29\\Documents\\GitHub\\e-Demokratija-VVS\\e-Demokratija\\GlasacTest\\bin\\Debug\\net5.0\\fine-code-coverage\\build-output\\Testovi.dll","CodeFilePath":null,"LineNumber":-1,"Properties":[{"Key":{"Id":"TestCase.ManagedType","Label":"ManagedType","Category":"","Description":"","Attributes":1,"ValueType":"System.String"},"Value":"Testovi.UnitTest2"},{"Key":{"Id":"TestCase.ManagedMethod","Label":"ManagedMethod","Category":"","Description":"","Attributes":1,"ValueType":"System.String"},"Value":"TestIspravnogKonstruktoraKlaseSupervizor"},{"Key":{"Id":"MSTestDiscoverer.TestClassName","Label":"ClassName","Category":"","Description":"","Attributes":1,"ValueType":"System.String"},"Value":"Testovi.UnitTest2"},{"Key":{"Id":"TestCase.Hierarchy","Label":"Hierarchy","Category":"","Description":"","Attributes":2,"ValueType":"System.String[]"},"Value":["Testovi","UnitTest2"]},{"Key":{"Id":"TestObject.Traits","Label":"Traits","Category":"","Description":"","Attributes":5,"ValueType":"System.Collections.Generic.KeyValuePair`2[[System.String],[System.String]][]"},"Value":[]}]},"Attachments":[],"Outcome":1,"ErrorMessage":null,"ErrorStackTrace":null,"DisplayName":"TestIspravnogKonstruktoraKlaseSupervizor","Messages":[],"ComputerName":null,"Duration":"00:00:00.0003580","StartTime":"2023-12-13T09:13:31.6041255+01:00","EndTime":"2023-12-13T09:13:31.6048082+01:00","Properties":[{"Key":{"Id":"ExecutionId","Label":"ExecutionId","Category":"","Description":"","Attributes":1,"ValueType":"System.Guid"},"Value":"00000000-0000-0000-0000-000000000000"},{"Key":{"Id":"ParentExecId","Label":"ParentExecId","Category":"","Description":"","Attributes":1,"ValueType":"System.Guid"},"Value":"00000000-0000-0000-0000-000000000000"},{"Key":{"Id":"InnerResultsCount","Label":"InnerResultsCount","Category":"","Description":"","Attributes":1,"ValueType":"System.Int32"},"Value":0}]},{"TestCase":{"Id":"cfed0b40-0eb0-a74f-cc81-5e5b710ca4d4","FullyQualifiedName":"Testovi.UnitTest2.TestDaLiJePasswordIspravan_VracaTrue","DisplayName":"TestDaLiJePasswordIspravan_VracaTrue","ExecutorUri":"executor://MSTestAdapter/v2","Source":"C:\\Users\\29\\Documents\\GitHub\\e-Demokratija-VVS\\e-Demokratija\\GlasacTest\\bin\\Debug\\net5.0\\fine-code-coverage\\build-output\\Testovi.dll","CodeFilePath":null,"LineNumber":-1,"Properties":[{"Key":{"Id":"TestCase.ManagedType","Label":"ManagedType","Category":"","Description":"","Attributes":1,"ValueType":"System.String"},"Value":"Testovi.UnitTest2"},{"Key":{"Id":"TestCase.ManagedMethod","Label":"ManagedMethod","Category":"","Description":"","Attributes":1,"ValueType":"System.String"},"Value":"TestDaLiJePasswordIspravan_VracaTrue"},{"Key":{"Id":"MSTestDiscoverer.TestClassName","Label":"ClassName","Category":"","Description":"","Attributes":1,"ValueType":"System.String"},"Value":"Testovi.UnitTest2"},{"Key":{"Id":"TestCase.Hierarchy","Label":"Hierarchy","Category":"","Description":"","Attributes":2,"ValueType":"System.String[]"},"Value":["Testovi","UnitTest2"]},{"Key":{"Id":"TestObject.Traits","Label":"Traits","Category":"","Description":"","Attributes":5,"ValueType":"System.Collections.Generic.KeyValuePair`2[[System.String],[System.String]][]"},"Value":[]}]},"Attachments":[],"Outcome":1,"ErrorMessage":null,"ErrorStackTrace":null,"DisplayName":"TestDaLiJePasswordIspravan_VracaTrue","Messages":[],"ComputerName":null,"Duration":"00:00:00.0002053","StartTime":"2023-12-13T09:13:31.6071459+01:00","EndTime":"2023-12-13T09:13:31.6075352+01:00","Properties":[{"Key":{"Id":"ExecutionId","Label":"ExecutionId","Category":"","Description":"","Attributes":1,"ValueType":"System.Guid"},"Value":"00000000-0000-0000-0000-000000000000"},{"Key":{"Id":"ParentExecId","Label":"ParentExecId","Category":"","Description":"","Attributes":1,"ValueType":"System.Guid"},"Value":"00000000-0000-0000-0000-000000000000"},{"Key":{"Id":"InnerResultsCount","Label":"InnerResultsCount","Category":"","Description":"","Attributes":1,"ValueType":"System.Int32"},"Value":0}]},{"TestCase":{"Id":"09066540-0f86-bd6e-e3e1-6141d4e75a4e","FullyQualifiedName":"Testovi.UnitTest2.TestDaLiStrankaPostoji_VracaFalseZaPraznuListu","DisplayName":"TestDaLiStrankaPostoji_VracaFalseZaPraznuListu","ExecutorUri":"executor://MSTestAdapter/v2","Source":"C:\\Users\\29\\Documents\\GitHub\\e-Demokratija-VVS\\e-Demokratija\\GlasacTest\\bin\\Debug\\net5.0\\fine-code-coverage\\build-output\\Testovi.dll","CodeFilePath":null,"LineNumber":-1,"Properties":[{"Key":{"Id":"TestCase.ManagedType","Label":"ManagedType","Category":"","Description":"","Attributes":1,"ValueType":"System.String"},"Value":"Testovi.UnitTest2"},{"Key":{"Id":"TestCase.ManagedMethod","Label":"ManagedMethod","Category":"","Description":"","Attributes":1,"ValueType":"System.String"},"Value":"TestDaLiStrankaPostoji_VracaFalseZaPraznuListu"},{"Key":{"Id":"MSTestDiscoverer.TestClassName","Label":"ClassName","Category":"","Description":"","Attributes":1,"ValueType":"System.String"},"Value":"Testovi.UnitTest2"},{"Key":{"Id":"TestCase.Hierarchy","Label":"Hierarchy","Category":"","Description":"","Attributes":2,"ValueType":"System.String[]"},"Value":["Testovi","UnitTest2"]},{"Key":{"Id":"TestObject.Traits","Label":"Traits","Category":"","Description":"","Attributes":5,"ValueType":"System.Collections.Generic.KeyValuePair`2[[System.String],[System.String]][]"},"Value":[]}]},"Attachments":[],"Outcome":1,"ErrorMessage":null,"ErrorStackTrace":null,"DisplayName":"TestDaLiStrankaPostoji_VracaFalseZaPraznuListu","Messages":[],"ComputerName":null,"Duration":"00:00:00.0006471","StartTime":"2023-12-13T09:13:31.6099529+01:00","EndTime":"2023-12-13T09:13:31.6108554+01:00","Properties":[{"Key":{"Id":"ExecutionId","Label":"ExecutionId","Category":"","Description":"","Attributes":1,"ValueType":"System.Guid"},"Value":"00000000-0000-0000-0000-000000000000"},{"Key":{"Id":"ParentExecId","Label":"ParentExecId","Category":"","Description":"","Attributes":1,"ValueType":"System.Guid"},"Value":"00000000-0000-0000-0000-000000000000"},{"Key":{"Id":"InnerResultsCount","Label":"InnerResultsCount","Category":"","Description":"","Attributes":1,"ValueType":"System.Int32"},"Value":0}]},{"TestCase":{"Id":"c9f7d67d-d8a5-ce0d-5bf8-d2c68326df2f","FullyQualifiedName":"Testovi.UnitTest2.TestDaLiStrankaPostoji_VracaFalseZaNeispravanNaziv","DisplayName":"TestDaLiStrankaPostoji_VracaFalseZaNeispravanNaziv","ExecutorUri":"executor://MSTestAdapter/v2","Source":"C:\\Users\\29\\Documents\\GitHub\\e-Demokratija-VVS\\e-Demokratija\\GlasacTest\\bin\\Debug\\net5.0\\fine-code-coverage\\build-output\\Testovi.dll","CodeFilePath":null,"LineNumber":-1,"Properties":[{"Key":{"Id":"TestCase.ManagedType","Label":"ManagedType","Category":"","Description":"","Attributes":1,"ValueType":"System.String"},"Value":"Testovi.UnitTest2"},{"Key":{"Id":"TestCase.ManagedMethod","Label":"ManagedMethod","Category":"","Description":"","Attributes":1,"ValueType":"System.String"},"Value":"TestDaLiStrankaPostoji_VracaFalseZaNeispravanNaziv"},{"Key":{"Id":"MSTestDiscoverer.TestClassName","Label":"ClassName","Category":"","Description":"","Attributes":1,"ValueType":"System.String"},"Value":"Testovi.UnitTest2"},{"Key":{"Id":"TestCase.Hierarchy","Label":"Hierarchy","Category":"","Description":"","Attributes":2,"ValueType":"System.String[]"},"Value":["Testovi","UnitTest2"]},{"Key":{"Id":"TestObject.Traits","Label":"Traits","Category":"","Description":"","Attributes":5,"ValueType":"System.Collections.Generic.KeyValuePair`2[[System.String],[System.String]][]"},"Value":[]}]},"Attachments":[],"Outcome":1,"ErrorMessage":null,"ErrorStackTrace":null,"DisplayName":"TestDaLiStrankaPostoji_VracaFalseZaNeispravanNaziv","Messages":[],"ComputerName":null,"Duration":"00:00:00.0006729","StartTime":"2023-12-13T09:13:31.613859+01:00","EndTime":"2023-12-13T09:13:31.6148215+01:00","Properties":[{"Key":{"Id":"ExecutionId","Label":"ExecutionId","Category":"","Description":"","Attributes":1,"ValueType":"System.Guid"},"Value":"00000000-0000-0000-0000-000000000000"},{"Key":{"Id":"ParentExecId","Label":"ParentExecId","Category":"","Description":"","Attributes":1,"ValueType":"System.Guid"},"Value":"00000000-0000-0000-0000-000000000000"},{"Key":{"Id":"InnerResultsCount","Label":"InnerResultsCount","Category":"","Description":"","Attributes":1,"ValueType":"System.Int32"},"Value":0}]},{"TestCase":{"Id":"b0e3d6f3-e0dc-4258-0c48-c5cb8f1ee4b0","FullyQualifiedName":"Testovi.UnitTest2.TestDaLiStrankaPostoji_VracaTrueZaPravilanNaziv","DisplayName":"TestDaLiStrankaPostoji_VracaTrueZaPravilanNaziv","ExecutorUri":"executor://MSTestAdapter/v2","Source":"C:\\Users\\29\\Documents\\GitHub\\e-Demokratija-VVS\\e-Demokratija\\GlasacTest\\bin\\Debug\\net5.0\\fine-code-coverage\\build-output\\Testovi.dll","CodeFilePath":null,"LineNumber":-1,"Properties":[{"Key":{"Id":"TestCase.ManagedType","Label":"ManagedType","Category":"","Description":"","Attributes":1,"ValueType":"System.String"},"Value":"Testovi.UnitTest2"},{"Key":{"Id":"TestCase.ManagedMethod","Label":"ManagedMethod","Category":"","Description":"","Attributes":1,"ValueType":"System.String"},"Value":"TestDaLiStrankaPostoji_VracaTrueZaPravilanNaziv"},{"Key":{"Id":"MSTestDiscoverer.TestClassName","Label":"ClassName","Category":"","Description":"","Attributes":1,"ValueType":"System.String"},"Value":"Testovi.UnitTest2"},{"Key":{"Id":"TestCase.Hierarchy","Label":"Hierarchy","Category":"","Description":"","Attributes":2,"ValueType":"System.String[]"},"Value":["Testovi","UnitTest2"]},{"Key":{"Id":"TestObject.Traits","Label":"Traits","Category":"","Description":"","Attributes":5,"ValueType":"System.Collections.Generic.KeyValuePair`2[[System.String],[System.String]][]"},"Value":[]}]},"Attachments":[],"Outcome":1,"ErrorMessage":null,"ErrorStackTrace":null,"DisplayName":"TestDaLiStrankaPostoji_VracaTrueZaPravilanNaziv","Messages":[],"ComputerName":null,"Duration":"00:00:00.0003080","StartTime":"2023-12-13T09:13:31.6178943+01:00","EndTime":"2023-12-13T09:13:31.6185407+01:00","Properties":[{"Key":{"Id":"ExecutionId","Label":"ExecutionId","Category":"","Description":"","Attributes":1,"ValueType":"System.Guid"},"Value":"00000000-0000-0000-0000-000000000000"},{"Key":{"Id":"ParentExecId","Label":"ParentExecId","Category":"","Description":"","Attributes":1,"ValueType":"System.Guid"},"Value":"00000000-0000-0000-0000-000000000000"},{"Key":{"Id":"InnerResultsCount","Label":"InnerResultsCount","Category":"","Description":"","Attributes":1,"ValueType":"System.Int32"},"Value":0}]},{"TestCase":{"Id":"85d48e40-a5e1-9493-f992-4f7f3ff1fd87","FullyQualifiedName":"Testovi.UnitTest2.TestDaLiKandidatPostoji_VracaFalseZaPraznuListu","DisplayName":"TestDaLiKandidatPostoji_VracaFalseZaPraznuListu","ExecutorUri":"executor://MSTestAdapter/v2","Source":"C:\\Users\\29\\Documents\\GitHub\\e-Demokratija-VVS\\e-Demokratija\\GlasacTest\\bin\\Debug\\net5.0\\fine-code-coverage\\build-output\\Testovi.dll","CodeFilePath":null,"LineNumber":-1,"Properties":[{"Key":{"Id":"TestCase.ManagedType","Label":"ManagedType","Category":"","Description":"","Attributes":1,"ValueType":"System.String"},"Value":"Testovi.UnitTest2"},{"Key":{"Id":"TestCase.ManagedMethod","Label":"ManagedMethod","Category":"","Description":"","Attributes":1,"ValueType":"System.String"},"Value":"TestDaLiKandidatPostoji_VracaFalseZaPraznuListu"},{"Key":{"Id":"MSTestDiscoverer.TestClassName","Label":"ClassName","Category":"","Description":"","Attributes":1,"ValueType":"System.String"},"Value":"Testovi.UnitTest2"},{"Key":{"Id":"TestCase.Hierarchy","Label":"Hierarchy","Category":"","Description":"","Attributes":2,"ValueType":"System.String[]"},"Value":["Testovi","UnitTest2"]},{"Key":{"Id":"TestObject.Traits","Label":"Traits","Category":"","Description":"","Attributes":5,"ValueType":"System.Collections.Generic.KeyValuePair`2[[System.String],[System.String]][]"},"Value":[]}]},"Attachments":[],"Outcome":1,"ErrorMessage":null,"ErrorStackTrace":null,"DisplayName":"TestDaLiKandidatPostoji_VracaFalseZaPraznuListu","Messages":[],"ComputerName":null,"Duration":"00:00:00.0006975","StartTime":"2023-12-13T09:13:31.6213648+01:00","EndTime":"2023-12-13T09:13:31.6223229+01:00","Properties":[{"Key":{"Id":"ExecutionId","Label":"ExecutionId","Category":"","Description":"","Attributes":1,"ValueType":"System.Guid"},"Value":"00000000-0000-0000-0000-000000000000"},{"Key":{"Id":"ParentExecId","Label":"ParentExecId","Category":"","Description":"","Attributes":1,"ValueType":"System.Guid"},"Value":"00000000-0000-0000-0000-000000000000"},{"Key":{"Id":"InnerResultsCount","Label":"InnerResultsCount","Category":"","Description":"","Attributes":1,"ValueType":"System.Int32"},"Value":0}]},{"TestCase":{"Id":"8a5511eb-39cb-66d2-1900-f1509fd142da","FullyQualifiedName":"Testovi.UnitTest2.TestDaLiKandidatPostoji_VracaFalseZaNeispravanRedniBroj","DisplayName":"TestDaLiKandidatPostoji_VracaFalseZaNeispravanRedniBroj","ExecutorUri":"executor://MSTestAdapter/v2","Source":"C:\\Users\\29\\Documents\\GitHub\\e-Demokratija-VVS\\e-Demokratija\\GlasacTest\\bin\\Debug\\net5.0\\fine-code-coverage\\build-output\\Testovi.dll","CodeFilePath":null,"LineNumber":-1,"Properties":[{"Key":{"Id":"TestCase.ManagedType","Label":"ManagedType","Category":"","Description":"","Attributes":1,"ValueType":"System.String"},"Value":"Testovi.UnitTest2"},{"Key":{"Id":"TestCase.ManagedMethod","Label":"ManagedMethod","Category":"","Description":"","Attributes":1,"ValueType":"System.String"},"Value":"TestDaLiKandidatPostoji_VracaFalseZaNeispravanRedniBroj"},{"Key":{"Id":"MSTestDiscoverer.TestClassName","Label":"ClassName","Category":"","Description":"","Attributes":1,"ValueType":"System.String"},"Value":"Testovi.UnitTest2"},{"Key":{"Id":"TestCase.Hierarchy","Label":"Hierarchy","Category":"","Description":"","Attributes":2,"ValueType":"System.String[]"},"Value":["Testovi","UnitTest2"]},{"Key":{"Id":"TestObject.Traits","Label":"Traits","Category":"","Description":"","Attributes":5,"ValueType":"System.Collections.Generic.KeyValuePair`2[[System.String],[System.String]][]"},"Value":[]}]},"Attachments":[],"Outcome":1,"ErrorMessage":null,"ErrorStackTrace":null,"DisplayName":"TestDaLiKandidatPostoji_VracaFalseZaNeispravanRedniBroj","Messages":[],"ComputerName":null,"Duration":"00:00:00.0007477","StartTime":"2023-12-13T09:13:31.6257663+01:00","EndTime":"2023-12-13T09:13:31.6268749+01:00","Properties":[{"Key":{"Id":"ExecutionId","Label":"ExecutionId","Category":"","Description":"","Attributes":1,"ValueType":"System.Guid"},"Value":"00000000-0000-0000-0000-000000000000"},{"Key":{"Id":"ParentExecId","Label":"ParentExecId","Category":"","Description":"","Attributes":1,"ValueType":"System.Guid"},"Value":"00000000-0000-0000-0000-000000000000"},{"Key":{"Id":"InnerResultsCount","Label":"InnerResultsCount","Category":"","Description":"","Attributes":1,"ValueType":"System.Int32"},"Value":0}]}],"TestRunStatistics":{"ExecutedTests":36,"Stats":{"Passed":34,"Failed":2}},"ActiveTests":[{"Id":"b349e62d-e074-a423-7c05-e6a17283a2ec","FullyQualifiedName":"Testovi.UnitTest2.TestDaLiKandidatPostoji_VracaTrueZaPravilanRedniBroj","DisplayName":"TestDaLiKandidatPostoji_VracaTrueZaPravilanRedniBroj","ExecutorUri":"executor://MSTestAdapter/v2","Source":"C:\\Users\\29\\Documents\\GitHub\\e-Demokratija-VVS\\e-Demokratija\\GlasacTest\\bin\\Debug\\net5.0\\fine-code-coverage\\build-output\\Testovi.dll","CodeFilePath":null,"LineNumber":-1,"Properties":[{"Key":{"Id":"TestCase.ManagedType","Label":"ManagedType","Category":"","Description":"","Attributes":1,"ValueType":"System.String"},"Value":"Testovi.UnitTest2"},{"Key":{"Id":"TestCase.ManagedMethod","Label":"ManagedMethod","Category":"","Description":"","Attributes":1,"ValueType":"System.String"},"Value":"TestDaLiKandidatPostoji_VracaTrueZaPravilanRedniBroj"},{"Key":{"Id":"MSTestDiscoverer.TestClassName","Label":"ClassName","Category":"","Description":"","Attributes":1,"ValueType":"System.String"},"Value":"Testovi.UnitTest2"},{"Key":{"Id":"TestCase.Hierarchy","Label":"Hierarchy","Category":"","Description":"","Attributes":2,"ValueType":"System.String[]"},"Value":["Testovi","UnitTest2"]},{"Key":{"Id":"TestObject.Traits","Label":"Traits","Category":"","Description":"","Attributes":5,"ValueType":"System.Collections.Generic.KeyValuePair`2[[System.String],[System.String]][]"},"Value":[]}]}]}}
TpTrace Verbose: 0 : 10104, 4, 2023/12/13, 09:13:31.630, 23929107072699, testhost.dll, TestRunCache: OnNewTestResult: Notified the onCacheHit callback.
TpTrace Verbose: 0 : 10104, 4, 2023/12/13, 09:13:31.632, 23929107090152, testhost.dll, MulticastDelegateUtilities.SafeInvoke: TestCaseEventsHandler.RaiseTestCaseStart: Invoking callback 1/1 for Microsoft.VisualStudio.TestPlatform.CrossPlatEngine.DataCollection.ProxyOutOfProcDataCollectionManager., took 1 ms.
TpTrace Information: 0 : 10104, 4, 2023/12/13, 09:13:31.632, 23929107091630, testhost.dll, MSTest - Executing test TestDaLiKandidatPostoji_VracaTrueZaPravilanRedniBroj
TpTrace Information: 0 : 10104, 4, 2023/12/13, 09:13:31.633, 23929107100196, testhost.dll, MSTest - Executed test TestDaLiKandidatPostoji_VracaTrueZaPravilanRedniBroj
TpTrace Verbose: 0 : 10104, 4, 2023/12/13, 09:13:31.633, 23929107101496, testhost.dll, TestExecutionRecorder.RecordEnd: test: Testovi.UnitTest2.TestDaLiKandidatPostoji_VracaTrueZaPravilanRedniBroj execution completed.
TpTrace Warning: 0 : 10104, 4, 2023/12/13, 09:13:31.633, 23929107102061, testhost.dll, TestRunCache: InProgressTests is null
TpTrace Verbose: 0 : 10104, 4, 2023/12/13, 09:13:31.635, 23929107125879, testhost.dll, MulticastDelegateUtilities.SafeInvoke: TestCaseEventsHandler.RaiseTestCaseEnd: Invoking callback 1/1 for Microsoft.VisualStudio.TestPlatform.CrossPlatEngine.DataCollection.ProxyOutOfProcDataCollectionManager., took 2 ms.
TpTrace Verbose: 0 : 10104, 4, 2023/12/13, 09:13:31.635, 23929107127131, testhost.dll, TestExecutionRecorder.RecordResult: Received result for test: Testovi.UnitTest2.TestDaLiKandidatPostoji_VracaTrueZaPravilanRedniBroj.
TpTrace Verbose: 0 : 10104, 4, 2023/12/13, 09:13:31.635, 23929107127760, testhost.dll, MulticastDelegateUtilities.SafeInvoke: TestCaseEventsHandler.RaiseTestCaseEnd: Invoking callback 1/1 for Microsoft.VisualStudio.TestPlatform.CrossPlatEngine.DataCollection.ProxyOutOfProcDataCollectionManager., took 0 ms.
TpTrace Warning: 0 : 10104, 4, 2023/12/13, 09:13:31.635, 23929107128131, testhost.dll, TestRunCache: InProgressTests is null
TpTrace Warning: 0 : 10104, 4, 2023/12/13, 09:13:31.636, 23929107128380, testhost.dll, TestRunCache: No test found corresponding to testResult 'TestDaLiKandidatPostoji_VracaTrueZaPravilanRedniBroj' in inProgress list.
TpTrace Verbose: 0 : 10104, 4, 2023/12/13, 09:13:31.636, 23929107129033, testhost.dll, TestExecutionRecorder.RecordStart: Starting test: Testovi.UnitTest2.TestGenerisiNoviPassword_PasswordSeAzurira.
TpTrace Verbose: 0 : 10104, 4, 2023/12/13, 09:13:31.637, 23929107147973, testhost.dll, MulticastDelegateUtilities.SafeInvoke: TestCaseEventsHandler.RaiseTestCaseStart: Invoking callback 1/1 for Microsoft.VisualStudio.TestPlatform.CrossPlatEngine.DataCollection.ProxyOutOfProcDataCollectionManager., took 1 ms.
TpTrace Information: 0 : 10104, 4, 2023/12/13, 09:13:31.638, 23929107149028, testhost.dll, MSTest - Executing test TestGenerisiNoviPassword_PasswordSeAzurira
TpTrace Information: 0 : 10104, 4, 2023/12/13, 09:13:31.644, 23929107210215, testhost.dll, MSTest - Executed test TestGenerisiNoviPassword_PasswordSeAzurira
TpTrace Verbose: 0 : 10104, 4, 2023/12/13, 09:13:31.644, 23929107211545, testhost.dll, TestExecutionRecorder.RecordEnd: test: Testovi.UnitTest2.TestGenerisiNoviPassword_PasswordSeAzurira execution completed.
TpTrace Verbose: 0 : 10104, 4, 2023/12/13, 09:13:31.645, 23929107226427, testhost.dll, MulticastDelegateUtilities.SafeInvoke: TestCaseEventsHandler.RaiseTestCaseEnd: Invoking callback 1/1 for Microsoft.VisualStudio.TestPlatform.CrossPlatEngine.DataCollection.ProxyOutOfProcDataCollectionManager., took 1 ms.
TpTrace Verbose: 0 : 10104, 4, 2023/12/13, 09:13:31.645, 23929107227890, testhost.dll, TestExecutionRecorder.RecordResult: Received result for test: Testovi.UnitTest2.TestGenerisiNoviPassword_PasswordSeAzurira.
TpTrace Verbose: 0 : 10104, 4, 2023/12/13, 09:13:31.646, 23929107228807, testhost.dll, MulticastDelegateUtilities.SafeInvoke: TestCaseEventsHandler.RaiseTestCaseEnd: Invoking callback 1/1 for Microsoft.VisualStudio.TestPlatform.CrossPlatEngine.DataCollection.ProxyOutOfProcDataCollectionManager., took 0 ms.
TpTrace Warning: 0 : 10104, 4, 2023/12/13, 09:13:31.646, 23929107229444, testhost.dll, TestRunCache: InProgressTests is null
TpTrace Warning: 0 : 10104, 4, 2023/12/13, 09:13:31.646, 23929107229915, testhost.dll, TestRunCache: No test found corresponding to testResult 'TestGenerisiNoviPassword_PasswordSeAzurira' in inProgress list.
TpTrace Verbose: 0 : 10104, 4, 2023/12/13, 09:13:31.646, 23929107230848, testhost.dll, TestExecutionRecorder.RecordStart: Starting test: Testovi.UnitTest2.DaLiPostojiKandidatSaImenom_KandidatPostoji_VracaTrue.
TpTrace Verbose: 0 : 10104, 4, 2023/12/13, 09:13:31.647, 23929107243796, testhost.dll, MulticastDelegateUtilities.SafeInvoke: TestCaseEventsHandler.RaiseTestCaseStart: Invoking callback 1/1 for Microsoft.VisualStudio.TestPlatform.CrossPlatEngine.DataCollection.ProxyOutOfProcDataCollectionManager., took 1 ms.
TpTrace Information: 0 : 10104, 4, 2023/12/13, 09:13:31.647, 23929107244703, testhost.dll, MSTest - Executing test DaLiPostojiKandidatSaImenom_KandidatPostoji_VracaTrue
TpTrace Information: 0 : 10104, 4, 2023/12/13, 09:13:31.649, 23929107258565, testhost.dll, MSTest - Executed test DaLiPostojiKandidatSaImenom_KandidatPostoji_VracaTrue
TpTrace Verbose: 0 : 10104, 4, 2023/12/13, 09:13:31.649, 23929107260494, testhost.dll, TestExecutionRecorder.RecordEnd: test: Testovi.UnitTest2.DaLiPostojiKandidatSaImenom_KandidatPostoji_VracaTrue execution completed.
TpTrace Verbose: 0 : 10104, 4, 2023/12/13, 09:13:31.651, 23929107284100, testhost.dll, MulticastDelegateUtilities.SafeInvoke: TestCaseEventsHandler.RaiseTestCaseEnd: Invoking callback 1/1 for Microsoft.VisualStudio.TestPlatform.CrossPlatEngine.DataCollection.ProxyOutOfProcDataCollectionManager., took 2 ms.
TpTrace Verbose: 0 : 10104, 4, 2023/12/13, 09:13:31.651, 23929107285152, testhost.dll, TestExecutionRecorder.RecordResult: Received result for test: Testovi.UnitTest2.DaLiPostojiKandidatSaImenom_KandidatPostoji_VracaTrue.
TpTrace Verbose: 0 : 10104, 4, 2023/12/13, 09:13:31.651, 23929107285729, testhost.dll, MulticastDelegateUtilities.SafeInvoke: TestCaseEventsHandler.RaiseTestCaseEnd: Invoking callback 1/1 for Microsoft.VisualStudio.TestPlatform.CrossPlatEngine.DataCollection.ProxyOutOfProcDataCollectionManager., took 0 ms.
TpTrace Warning: 0 : 10104, 4, 2023/12/13, 09:13:31.651, 23929107286115, testhost.dll, TestRunCache: InProgressTests is null
TpTrace Warning: 0 : 10104, 4, 2023/12/13, 09:13:31.651, 23929107286407, testhost.dll, TestRunCache: No test found corresponding to testResult 'DaLiPostojiKandidatSaImenom_KandidatPostoji_VracaTrue' in inProgress list.
TpTrace Verbose: 0 : 10104, 4, 2023/12/13, 09:13:31.651, 23929107287171, testhost.dll, TestExecutionRecorder.RecordStart: Starting test: Testovi.UnitTest2.DaLiPostojiKandidatSaImenom_KandidatNePostoji_VracaFalse.
TpTrace Verbose: 0 : 10104, 4, 2023/12/13, 09:13:31.653, 23929107303003, testhost.dll, MulticastDelegateUtilities.SafeInvoke: TestCaseEventsHandler.RaiseTestCaseStart: Invoking callback 1/1 for Microsoft.VisualStudio.TestPlatform.CrossPlatEngine.DataCollection.ProxyOutOfProcDataCollectionManager., took 1 ms.
TpTrace Information: 0 : 10104, 4, 2023/12/13, 09:13:31.653, 23929107303975, testhost.dll, MSTest - Executing test DaLiPostojiKandidatSaImenom_KandidatNePostoji_VracaFalse
TpTrace Information: 0 : 10104, 4, 2023/12/13, 09:13:31.654, 23929107312175, testhost.dll, MSTest - Executed test DaLiPostojiKandidatSaImenom_KandidatNePostoji_VracaFalse
TpTrace Verbose: 0 : 10104, 4, 2023/12/13, 09:13:31.654, 23929107313501, testhost.dll, TestExecutionRecorder.RecordEnd: test: Testovi.UnitTest2.DaLiPostojiKandidatSaImenom_KandidatNePostoji_VracaFalse execution completed.
TpTrace Verbose: 0 : 10104, 4, 2023/12/13, 09:13:31.656, 23929107335810, testhost.dll, MulticastDelegateUtilities.SafeInvoke: TestCaseEventsHandler.RaiseTestCaseEnd: Invoking callback 1/1 for Microsoft.VisualStudio.TestPlatform.CrossPlatEngine.DataCollection.ProxyOutOfProcDataCollectionManager., took 2 ms.
TpTrace Verbose: 0 : 10104, 4, 2023/12/13, 09:13:31.656, 23929107337060, testhost.dll, TestExecutionRecorder.RecordResult: Received result for test: Testovi.UnitTest2.DaLiPostojiKandidatSaImenom_KandidatNePostoji_VracaFalse.
TpTrace Verbose: 0 : 10104, 4, 2023/12/13, 09:13:31.656, 23929107337773, testhost.dll, MulticastDelegateUtilities.SafeInvoke: TestCaseEventsHandler.RaiseTestCaseEnd: Invoking callback 1/1 for Microsoft.VisualStudio.TestPlatform.CrossPlatEngine.DataCollection.ProxyOutOfProcDataCollectionManager., took 0 ms.
TpTrace Warning: 0 : 10104, 4, 2023/12/13, 09:13:31.657, 23929107338422, testhost.dll, TestRunCache: InProgressTests is null
TpTrace Warning: 0 : 10104, 4, 2023/12/13, 09:13:31.657, 23929107338982, testhost.dll, TestRunCache: No test found corresponding to testResult 'DaLiPostojiKandidatSaImenom_KandidatNePostoji_VracaFalse' in inProgress list.
TpTrace Information: 0 : 10104, 4, 2023/12/13, 09:13:31.657, 23929107342152, testhost.dll, MSTest - Executing cleanup methods.
TpTrace Information: 0 : 10104, 4, 2023/12/13, 09:13:31.659, 23929107361913, testhost.dll, MSTest - Executed cleanup methods.
TpTrace Information: 0 : 10104, 4, 2023/12/13, 09:13:31.659, 23929107362763, testhost.dll, MSTest - Executed tests belonging to source C:\Users\29\Documents\GitHub\e-Demokratija-VVS\e-Demokratija\GlasacTest\bin\Debug\net5.0\fine-code-coverage\build-output\Testovi.dll
TpTrace Verbose: 0 : 10104, 4, 2023/12/13, 09:13:31.659, 23929107367494, testhost.dll, BaseRunTests.RunTestInternalWithExecutors: Completed running tests for executor://MSTestAdapter/v2
TpTrace Verbose: 0 : 10104, 4, 2023/12/13, 09:13:31.661, 23929107380802, testhost.dll, MulticastDelegateUtilities.SafeInvoke: TestCaseEventsHandler.RaiseSessionEnd: Invoking callback 1/1 for Microsoft.VisualStudio.TestPlatform.CrossPlatEngine.DataCollection.ProxyOutOfProcDataCollectionManager., took 0 ms.
TpTrace Information: 0 : 10104, 4, 2023/12/13, 09:13:31.664, 23929107418289, testhost.dll, Sending test run complete
TpTrace Verbose: 0 : 10104, 4, 2023/12/13, 09:13:31.677, 23929107542221, testhost.dll, TestRequestHandler.SendData: sending data from testhost: {"Version":7,"MessageType":"TestExecution.Completed","Payload":{"TestRunCompleteArgs":{"TestRunStatistics":{"ExecutedTests":40,"Stats":{"Passed":38,"Failed":2}},"IsCanceled":false,"IsAborted":false,"Error":null,"AttachmentSets":[],"InvokedDataCollectors":[],"ElapsedTimeInRunningTests":"00:00:00.5400987","Metrics":{},"DiscoveredExtensions":{"TestDiscoverers":["Microsoft.VisualStudio.TestPlatform.MSTest.TestAdapter.MSTestDiscoverer, Microsoft.VisualStudio.TestPlatform.MSTest.TestAdapter, Version=14.0.0.0, Culture=neutral, PublicKeyToken=b03f5f7f11d50a3a"],"TestExecutors":["executor://MSTestAdapter/v2"],"TestExecutors2":[],"TestSettingsProviders":[]}},"LastRunTests":{"NewTestResults":[{"TestCase":{"Id":"b349e62d-e074-a423-7c05-e6a17283a2ec","FullyQualifiedName":"Testovi.UnitTest2.TestDaLiKandidatPostoji_VracaTrueZaPravilanRedniBroj","DisplayName":"TestDaLiKandidatPostoji_VracaTrueZaPravilanRedniBroj","ExecutorUri":"executor://MSTestAdapter/v2","Source":"C:\\Users\\29\\Documents\\GitHub\\e-Demokratija-VVS\\e-Demokratija\\GlasacTest\\bin\\Debug\\net5.0\\fine-code-coverage\\build-output\\Testovi.dll","CodeFilePath":null,"LineNumber":-1,"Properties":[{"Key":{"Id":"TestCase.ManagedType","Label":"ManagedType","Category":"","Description":"","Attributes":1,"ValueType":"System.String"},"Value":"Testovi.UnitTest2"},{"Key":{"Id":"TestCase.ManagedMethod","Label":"ManagedMethod","Category":"","Description":"","Attributes":1,"ValueType":"System.String"},"Value":"TestDaLiKandidatPostoji_VracaTrueZaPravilanRedniBroj"},{"Key":{"Id":"MSTestDiscoverer.TestClassName","Label":"ClassName","Category":"","Description":"","Attributes":1,"ValueType":"System.String"},"Value":"Testovi.UnitTest2"},{"Key":{"Id":"TestCase.Hierarchy","Label":"Hierarchy","Category":"","Description":"","Attributes":2,"ValueType":"System.String[]"},"Value":["Testovi","UnitTest2"]},{"Key":{"Id":"TestObject.Traits","Label":"Traits","Category":"","Description":"","Attributes":5,"ValueType":"System.Collections.Generic.KeyValuePair`2[[System.String],[System.String]][]"},"Value":[]}]},"Attachments":[],"Outcome":1,"ErrorMessage":null,"ErrorStackTrace":null,"DisplayName":"TestDaLiKandidatPostoji_VracaTrueZaPravilanRedniBroj","Messages":[],"ComputerName":null,"Duration":"00:00:00.0004631","StartTime":"2023-12-13T09:13:31.6323177+01:00","EndTime":"2023-12-13T09:13:31.6332978+01:00","Properties":[{"Key":{"Id":"ExecutionId","Label":"ExecutionId","Category":"","Description":"","Attributes":1,"ValueType":"System.Guid"},"Value":"00000000-0000-0000-0000-000000000000"},{"Key":{"Id":"ParentExecId","Label":"ParentExecId","Category":"","Description":"","Attributes":1,"ValueType":"System.Guid"},"Value":"00000000-0000-0000-0000-000000000000"},{"Key":{"Id":"InnerResultsCount","Label":"InnerResultsCount","Category":"","Description":"","Attributes":1,"ValueType":"System.Int32"},"Value":0}]},{"TestCase":{"Id":"9d698c59-09c8-29e4-4df4-013112f9c101","FullyQualifiedName":"Testovi.UnitTest2.TestGenerisiNoviPassword_PasswordSeAzurira","DisplayName":"TestGenerisiNoviPassword_PasswordSeAzurira","ExecutorUri":"executor://MSTestAdapter/v2","Source":"C:\\Users\\29\\Documents\\GitHub\\e-Demokratija-VVS\\e-Demokratija\\GlasacTest\\bin\\Debug\\net5.0\\fine-code-coverage\\build-output\\Testovi.dll","CodeFilePath":null,"LineNumber":-1,"Properties":[{"Key":{"Id":"TestCase.ManagedType","Label":"ManagedType","Category":"","Description":"","Attributes":1,"ValueType":"System.String"},"Value":"Testovi.UnitTest2"},{"Key":{"Id":"TestCase.ManagedMethod","Label":"ManagedMethod","Category":"","Description":"","Attributes":1,"ValueType":"System.String"},"Value":"TestGenerisiNoviPassword_PasswordSeAzurira"},{"Key":{"Id":"MSTestDiscoverer.TestClassName","Label":"ClassName","Category":"","Description":"","Attributes":1,"ValueType":"System.String"},"Value":"Testovi.UnitTest2"},{"Key":{"Id":"TestCase.Hierarchy","Label":"Hierarchy","Category":"","Description":"","Attributes":2,"ValueType":"System.String[]"},"Value":["Testovi","UnitTest2"]},{"Key":{"Id":"TestObject.Traits","Label":"Traits","Category":"","Description":"","Attributes":5,"ValueType":"System.Collections.Generic.KeyValuePair`2[[System.String],[System.String]][]"},"Value":[]}]},"Attachments":[],"Outcome":1,"ErrorMessage":null,"ErrorStackTrace":null,"DisplayName":"TestGenerisiNoviPassword_PasswordSeAzurira","Messages":[],"ComputerName":null,"Duration":"00:00:00.0058227","StartTime":"2023-12-13T09:13:31.6380616+01:00","EndTime":"2023-12-13T09:13:31.6443008+01:00","Properties":[{"Key":{"Id":"ExecutionId","Label":"ExecutionId","Category":"","Description":"","Attributes":1,"ValueType":"System.Guid"},"Value":"00000000-0000-0000-0000-000000000000"},{"Key":{"Id":"ParentExecId","Label":"ParentExecId","Category":"","Description":"","Attributes":1,"ValueType":"System.Guid"},"Value":"00000000-0000-0000-0000-000000000000"},{"Key":{"Id":"InnerResultsCount","Label":"InnerResultsCount","Category":"","Description":"","Attributes":1,"ValueType":"System.Int32"},"Value":0}]},{"TestCase":{"Id":"0b154b2f-6a91-2e9c-0479-33452eccec01","FullyQualifiedName":"Testovi.UnitTest2.DaLiPostojiKandidatSaImenom_KandidatPostoji_VracaTrue","DisplayName":"DaLiPostojiKandidatSaImenom_KandidatPostoji_VracaTrue","ExecutorUri":"executor://MSTestAdapter/v2","Source":"C:\\Users\\29\\Documents\\GitHub\\e-Demokratija-VVS\\e-Demokratija\\GlasacTest\\bin\\Debug\\net5.0\\fine-code-coverage\\build-output\\Testovi.dll","CodeFilePath":null,"LineNumber":-1,"Properties":[{"Key":{"Id":"TestCase.ManagedType","Label":"ManagedType","Category":"","Description":"","Attributes":1,"ValueType":"System.String"},"Value":"Testovi.UnitTest2"},{"Key":{"Id":"TestCase.ManagedMethod","Label":"ManagedMethod","Category":"","Description":"","Attributes":1,"ValueType":"System.String"},"Value":"DaLiPostojiKandidatSaImenom_KandidatPostoji_VracaTrue"},{"Key":{"Id":"MSTestDiscoverer.TestClassName","Label":"ClassName","Category":"","Description":"","Attributes":1,"ValueType":"System.String"},"Value":"Testovi.UnitTest2"},{"Key":{"Id":"TestCase.Hierarchy","Label":"Hierarchy","Category":"","Description":"","Attributes":2,"ValueType":"System.String[]"},"Value":["Testovi","UnitTest2"]},{"Key":{"Id":"TestObject.Traits","Label":"Traits","Category":"","Description":"","Attributes":5,"ValueType":"System.Collections.Generic.KeyValuePair`2[[System.String],[System.String]][]"},"Value":[]}]},"Attachments":[],"Outcome":1,"ErrorMessage":null,"ErrorStackTrace":null,"DisplayName":"DaLiPostojiKandidatSaImenom_KandidatPostoji_VracaTrue","Messages":[],"ComputerName":null,"Duration":"00:00:00.0010821","StartTime":"2023-12-13T09:13:31.6476296+01:00","EndTime":"2023-12-13T09:13:31.6491667+01:00","Properties":[{"Key":{"Id":"ExecutionId","Label":"ExecutionId","Category":"","Description":"","Attributes":1,"ValueType":"System.Guid"},"Value":"00000000-0000-0000-0000-000000000000"},{"Key":{"Id":"ParentExecId","Label":"ParentExecId","Category":"","Description":"","Attributes":1,"ValueType":"System.Guid"},"Value":"00000000-0000-0000-0000-000000000000"},{"Key":{"Id":"InnerResultsCount","Label":"InnerResultsCount","Category":"","Description":"","Attributes":1,"ValueType":"System.Int32"},"Value":0}]},{"TestCase":{"Id":"e0b9a69e-7cfd-4dc2-c363-3277147d5278","FullyQualifiedName":"Testovi.UnitTest2.DaLiPostojiKandidatSaImenom_KandidatNePostoji_VracaFalse","DisplayName":"DaLiPostojiKandidatSaImenom_KandidatNePostoji_VracaFalse","ExecutorUri":"executor://MSTestAdapter/v2","Source":"C:\\Users\\29\\Documents\\GitHub\\e-Demokratija-VVS\\e-Demokratija\\GlasacTest\\bin\\Debug\\net5.0\\fine-code-coverage\\build-output\\Testovi.dll","CodeFilePath":null,"LineNumber":-1,"Properties":[{"Key":{"Id":"TestCase.ManagedType","Label":"ManagedType","Category":"","Description":"","Attributes":1,"ValueType":"System.String"},"Value":"Testovi.UnitTest2"},{"Key":{"Id":"TestCase.ManagedMethod","Label":"ManagedMethod","Category":"","Description":"","Attributes":1,"ValueType":"System.String"},"Value":"DaLiPostojiKandidatSaImenom_KandidatNePostoji_VracaFalse"},{"Key":{"Id":"MSTestDiscoverer.TestClassName","Label":"ClassName","Category":"","Description":"","Attributes":1,"ValueType":"System.String"},"Value":"Testovi.UnitTest2"},{"Key":{"Id":"TestCase.Hierarchy","Label":"Hierarchy","Category":"","Description":"","Attributes":2,"ValueType":"System.String[]"},"Value":["Testovi","UnitTest2"]},{"Key":{"Id":"TestObject.Traits","Label":"Traits","Category":"","Description":"","Attributes":5,"ValueType":"System.Collections.Generic.KeyValuePair`2[[System.String],[System.String]][]"},"Value":[]}]},"Attachments":[],"Outcome":1,"ErrorMessage":null,"ErrorStackTrace":null,"DisplayName":"DaLiPostojiKandidatSaImenom_KandidatNePostoji_VracaFalse","Messages":[],"ComputerName":null,"Duration":"00:00:00.0005252","StartTime":"2023-12-13T09:13:31.6535557+01:00","EndTime":"2023-12-13T09:13:31.6544988+01:00","Properties":[{"Key":{"Id":"ExecutionId","Label":"ExecutionId","Category":"","Description":"","Attributes":1,"ValueType":"System.Guid"},"Value":"00000000-0000-0000-0000-000000000000"},{"Key":{"Id":"ParentExecId","Label":"ParentExecId","Category":"","Description":"","Attributes":1,"ValueType":"System.Guid"},"Value":"00000000-0000-0000-0000-000000000000"},{"Key":{"Id":"InnerResultsCount","Label":"InnerResultsCount","Category":"","Description":"","Attributes":1,"ValueType":"System.Int32"},"Value":0}]}],"TestRunStatistics":{"ExecutedTests":40,"Stats":{"Passed":38,"Failed":2}},"ActiveTests":[]},"RunAttachments":[],"ExecutorUris":["executor://mstestadapter/v2"]}}
TpTrace Verbose: 0 : 10104, 4, 2023/12/13, 09:13:31.677, 23929107546275, testhost.dll, BaseRunTests.RunTests: Run is complete.
TpTrace Verbose: 0 : 10104, 10, 2023/12/13, 09:13:31.678, 23929107555066, testhost.dll, TcpClientExtensions.MessageLoopAsync: NotifyDataAvailable remoteEndPoint: [::ffff:127.0.0.1]:57985 localEndPoint: [::ffff:127.0.0.1]:57986
TpTrace Information: 0 : 10104, 10, 2023/12/13, 09:13:31.678, 23929107556008, testhost.dll, TestRequestHandler.OnMessageReceived: received message: (TestSession.Terminate) -> {"MessageType":"TestSession.Terminate","Payload":null}
TpTrace Information: 0 : 10104, 10, 2023/12/13, 09:13:31.678, 23929107556262, testhost.dll, Session End message received from server. Closing the connection.
TpTrace Information: 0 : 10104, 10, 2023/12/13, 09:13:31.679, 23929107560249, testhost.dll, SocketClient.Stop: Stop communication from server endpoint: 127.0.0.1:057985
TpTrace Information: 0 : 10104, 10, 2023/12/13, 09:13:31.679, 23929107560788, testhost.dll, SocketClient: Stop: Cancellation requested. Stopping message loop.
TpTrace Verbose: 0 : 10104, 10, 2023/12/13, 09:13:31.679, 23929107562498, testhost.dll, LengthPrefixCommunicationChannel.Dispose: Dispose reader and writer.
TpTrace Information: 0 : 10104, 10, 2023/12/13, 09:13:31.679, 23929107563200, testhost.dll, Closing the connection !
TpTrace Verbose: 0 : 10104, 10, 2023/12/13, 09:13:31.679, 23929107563511, testhost.dll, MulticastDelegateUtilities.SafeInvoke: LengthPrefixCommunicationChannel: MessageReceived: Invoking callback 1/1 for Microsoft.VisualStudio.TestPlatform.CommunicationUtilities.TestRequestHandler., took 0 ms.
TpTrace Information: 0 : 10104, 10, 2023/12/13, 09:13:31.679, 23929107566159, testhost.dll, SocketClient.PrivateStop: Stop communication from server endpoint: 127.0.0.1:057985, error:
TpTrace Verbose: 0 : 10104, 10, 2023/12/13, 09:13:31.680, 23929107570552, testhost.dll, LengthPrefixCommunicationChannel.Dispose: Dispose reader and writer.
TpTrace Information: 0 : 10104, 1, 2023/12/13, 09:13:31.680, 23929107570572, testhost.dll, Closing the connection!
TpTrace Verbose: 0 : 10104, 10, 2023/12/13, 09:13:31.680, 23929107571397, testhost.dll, TcpClientExtensions.MessageLoopAsync: exiting MessageLoopAsync remoteEndPoint: [::ffff:127.0.0.1]:57985 localEndPoint: [::ffff:127.0.0.1]:57986
TpTrace Information: 0 : 10104, 1, 2023/12/13, 09:13:31.680, 23929107572614, testhost.dll, Testhost process exiting.
