TpTrace Verbose: 0 : 3404, 1, 2023/12/12, 16:45:43.715, 23336385172763, testhost.dll, Version: 17.5.0 Current process architecture: X64
TpTrace Verbose: 0 : 3404, 1, 2023/12/12, 16:45:43.717, 23336385193849, testhost.dll, Runtime location: C:\Program Files\dotnet\shared\Microsoft.NETCore.App\5.0.17
TpTrace Information: 0 : 3404, 1, 2023/12/12, 16:45:43.718, 23336385206604, testhost.dll, DefaultEngineInvoker.Invoke: Testhost process started with args :[--port, 54813],[--endpoint, 127.0.0.1:054813],[--role, client],[--parentprocessid, 22480],[--diag, C:\Users\29\Documents\GitHub\e-Demokratija-VVS\e-Demokratija\GlasacTest\bin\Debug\net5.0\fine-code-coverage\coverage-tool-output\diagnostics.host.23-12-12_16-45-43_57493_5.log],[--tracelevel, 4],[--datacollectionport, 54812],[--telemetryoptedin, false]
TpTrace Information: 0 : 3404, 1, 2023/12/12, 16:45:43.719, 23336385213841, testhost.dll, Setting up debug trace listener.
TpTrace Verbose: 0 : 3404, 1, 2023/12/12, 16:45:43.719, 23336385214919, testhost.dll, TestPlatformTraceListener.Setup: Replacing listener System.Diagnostics.DefaultTraceListener with TestHostTraceListener.
TpTrace Verbose: 0 : 3404, 1, 2023/12/12, 16:45:43.719, 23336385215213, testhost.dll, TestPlatformTraceListener.Setup: Added test platform trace listener.
TpTrace Information: 0 : 3404, 1, 2023/12/12, 16:45:43.719, 23336385217163, testhost.dll, DefaultEngineInvoker.SetParentProcessExitCallback: Monitoring parent process with id: '22480'
TpTrace Information: 0 : 3404, 1, 2023/12/12, 16:45:43.723, 23336385256175, testhost.dll, DefaultEngineInvoker.GetConnectionInfo: Initialize communication on endpoint address: '127.0.0.1:054813'
TpTrace Information: 0 : 3404, 1, 2023/12/12, 16:45:43.738, 23336385401893, testhost.dll, SocketClient.Start: connecting to server endpoint: 127.0.0.1:054813
TpTrace Information: 0 : 3404, 1, 2023/12/12, 16:45:43.744, 23336385468598, testhost.dll, DefaultEngineInvoker.ConnectToDatacollector: Connecting to datacollector, port: 54812
TpTrace Information: 0 : 3404, 8, 2023/12/12, 16:45:43.745, 23336385477080, testhost.dll, SocketClient.OnServerConnected: connected to server endpoint: 127.0.0.1:054813
TpTrace Information: 0 : 3404, 1, 2023/12/12, 16:45:43.747, 23336385495163, testhost.dll, Trying to connect to server on socket : 127.0.0.1:54812 
TpTrace Verbose: 0 : 3404, 1, 2023/12/12, 16:45:43.747, 23336385498800, testhost.dll, SocketCommunicationManager : SetupClientAsync : Attempting to connect to the server.
TpTrace Verbose: 0 : 3404, 8, 2023/12/12, 16:45:43.748, 23336385508554, testhost.dll, MulticastDelegateUtilities.SafeInvoke: SocketClient: ServerConnected: Invoking callback 1/1 for Microsoft.VisualStudio.TestPlatform.CommunicationUtilities.TestRequestHandler., took 0 ms.
TpTrace Verbose: 0 : 3404, 8, 2023/12/12, 16:45:43.748, 23336385509387, testhost.dll, Connected to server, and starting MessageLoopAsync
TpTrace Information: 0 : 3404, 10, 2023/12/12, 16:45:43.749, 23336385511481, testhost.dll, Connected to the server successfully 
TpTrace Information: 0 : 3404, 10, 2023/12/12, 16:45:43.749, 23336385512078, testhost.dll, Using the buffer size of 16384 bytes
TpTrace Verbose: 0 : 3404, 1, 2023/12/12, 16:45:43.749, 23336385513444, testhost.dll, SocketCommunicationManager.WaitForServerConnection took: 0 ms, with 90000 ms timeout, and finished with True.
TpTrace Information: 0 : 3404, 1, 2023/12/12, 16:45:43.749, 23336385514533, testhost.dll, DefaultEngineInvoker.Invoke: Start Request Processing.
TpTrace Information: 0 : 3404, 12, 2023/12/12, 16:45:43.749, 23336385520152, testhost.dll, DefaultEngineInvoker.StartProcessingAsync: Connected to vstest.console, Starting process requests.
TpTrace Verbose: 0 : 3404, 9, 2023/12/12, 16:45:43.751, 23336385532421, testhost.dll, TcpClientExtensions.MessageLoopAsync: Polling on remoteEndPoint: [::ffff:127.0.0.1]:54813 localEndPoint: [::ffff:127.0.0.1]:54814
TpTrace Verbose: 0 : 3404, 9, 2023/12/12, 16:45:43.751, 23336385534980, testhost.dll, TcpClientExtensions.MessageLoopAsync: NotifyDataAvailable remoteEndPoint: [::ffff:127.0.0.1]:54813 localEndPoint: [::ffff:127.0.0.1]:54814
TpTrace Information: 0 : 3404, 9, 2023/12/12, 16:45:43.754, 23336385567408, testhost.dll, TestRequestHandler.OnMessageReceived: received message: (ProtocolVersion) -> {"MessageType":"ProtocolVersion","Payload":7}
TpTrace Verbose: 0 : 3404, 9, 2023/12/12, 16:45:43.884, 23336386869341, testhost.dll, TestRequestHandler.SendData: sending data from testhost: {"Version":7,"MessageType":"TestSession.Message","Payload":{"MessageLevel":0,"Message":"Logging TestHost Diagnostics in file: C:\\Users\\29\\Documents\\GitHub\\e-Demokratija-VVS\\e-Demokratija\\GlasacTest\\bin\\Debug\\net5.0\\fine-code-coverage\\coverage-tool-output\\diagnostics.host.23-12-12_16-45-43_57493_5.log"}}
TpTrace Verbose: 0 : 3404, 9, 2023/12/12, 16:45:43.885, 23336386871276, testhost.dll, MulticastDelegateUtilities.SafeInvoke: LengthPrefixCommunicationChannel: MessageReceived: Invoking callback 1/1 for Microsoft.VisualStudio.TestPlatform.CommunicationUtilities.TestRequestHandler., took 132 ms.
TpTrace Verbose: 0 : 3404, 9, 2023/12/12, 16:45:43.885, 23336386871687, testhost.dll, TcpClientExtensions.MessageLoopAsync: Polling on remoteEndPoint: [::ffff:127.0.0.1]:54813 localEndPoint: [::ffff:127.0.0.1]:54814
TpTrace Verbose: 0 : 3404, 9, 2023/12/12, 16:45:43.885, 23336386872072, testhost.dll, TcpClientExtensions.MessageLoopAsync: NotifyDataAvailable remoteEndPoint: [::ffff:127.0.0.1]:54813 localEndPoint: [::ffff:127.0.0.1]:54814
TpTrace Information: 0 : 3404, 9, 2023/12/12, 16:45:43.885, 23336386872778, testhost.dll, TestRequestHandler.OnMessageReceived: received message: (TestExecution.Initialize) -> {"Version":7,"MessageType":"TestExecution.Initialize","Payload":["C:\\Users\\29\\Documents\\GitHub\\e-Demokratija-VVS\\e-Demokratija\\GlasacTest\\bin\\Debug\\net5.0\\fine-code-coverage\\build-output\\Microsoft.VisualStudio.TestPlatform.MSTest.TestAdapter.dll"]}
TpTrace Verbose: 0 : 3404, 9, 2023/12/12, 16:45:43.893, 23336386957038, testhost.dll, MulticastDelegateUtilities.SafeInvoke: LengthPrefixCommunicationChannel: MessageReceived: Invoking callback 1/1 for Microsoft.VisualStudio.TestPlatform.CommunicationUtilities.TestRequestHandler., took 8 ms.
TpTrace Verbose: 0 : 3404, 9, 2023/12/12, 16:45:43.893, 23336386957818, testhost.dll, TcpClientExtensions.MessageLoopAsync: Polling on remoteEndPoint: [::ffff:127.0.0.1]:54813 localEndPoint: [::ffff:127.0.0.1]:54814
TpTrace Verbose: 0 : 3404, 9, 2023/12/12, 16:45:43.893, 23336386958179, testhost.dll, TcpClientExtensions.MessageLoopAsync: NotifyDataAvailable remoteEndPoint: [::ffff:127.0.0.1]:54813 localEndPoint: [::ffff:127.0.0.1]:54814
TpTrace Information: 0 : 3404, 9, 2023/12/12, 16:45:43.893, 23336386958840, testhost.dll, TestRequestHandler.OnMessageReceived: received message: (TestExecution.StartWithSources) -> {"Version":7,"MessageType":"TestExecution.StartWithSources","Payload":{"AdapterSourceMap":{"_none_":["C:\\Users\\29\\Documents\\GitHub\\e-Demokratija-VVS\\e-Demokratija\\GlasacTest\\bin\\Debug\\net5.0\\fine-code-coverage\\build-output\\GlasacTest.dll"]},"RunSettings":"<RunSettings>\r\n  <RunConfiguration>\r\n    <ResultsDirectory>C:\\Users\\29\\Documents\\GitHub\\e-Demokratija-VVS\\e-Demokratija\\GlasacTest\\bin\\Debug\\net5.0\\fine-code-coverage\\coverage-tool-output</ResultsDirectory>\r\n    <TargetFrameworkVersion>.NETCoreApp,Version=v5.0</TargetFrameworkVersion>\r\n    <DesignMode>False</DesignMode>\r\n    <CollectSourceInformation>False</CollectSourceInformation>\r\n  </RunConfiguration>\r\n  <LoggerRunSettings>\r\n    <Loggers>\r\n      <Logger friendlyName=\"blame\" enabled=\"True\" />\r\n      <Logger friendlyName=\"Console\" uri=\"logger://microsoft/TestPlatform/ConsoleLogger/v1\" assemblyQualifiedName=\"Microsoft.VisualStudio.TestPlatform.CommandLine.Internal.ConsoleLogger, vstest.console, Version=15.0.0.0, Culture=neutral, PublicKeyToken=b03f5f7f11d50a3a\" codeBase=\"C:\\Program Files\\dotnet\\sdk\\7.0.302\\vstest.console.dll\" enabled=\"True\" />\r\n    </Loggers>\r\n  </LoggerRunSettings>\r\n  <DataCollectionRunSettings>\r\n    <DataCollectors>\r\n      <DataCollector friendlyName=\"blame\" enabled=\"True\">\r\n        <Configuration>\r\n          <ResultsDirectory>C:\\Users\\29\\Documents\\GitHub\\e-Demokratija-VVS\\e-Demokratija\\GlasacTest\\bin\\Debug\\net5.0\\fine-code-coverage\\coverage-tool-output</ResultsDirectory>\r\n        </Configuration>\r\n      </DataCollector>\r\n    </DataCollectors>\r\n  </DataCollectionRunSettings>\r\n</RunSettings>","TestExecutionContext":{"FrequencyOfRunStatsChangeEvent":10,"RunStatsChangeEventTimeout":"00:00:01.5000000","InIsolation":false,"KeepAlive":false,"AreTestCaseLevelEventsRequired":false,"IsDebug":false,"TestCaseFilter":null,"FilterOptions":null},"Package":null}}
TpTrace Information: 0 : 3404, 4, 2023/12/12, 16:45:43.894, 23336386960936, testhost.dll, TestRequestHandler.OnMessageReceived: Running job 'TestExecution.Initialize'.
TpTrace Verbose: 0 : 3404, 4, 2023/12/12, 16:45:43.895, 23336386979351, testhost.dll, TestExecutorService: Loading the extensions
TpTrace Verbose: 0 : 3404, 4, 2023/12/12, 16:45:43.897, 23336386992801, testhost.dll, TestPluginCache.DiscoverTestExtensions: finding test extensions in assemblies ends with: TestAdapter.dll TPluginInfo: Microsoft.VisualStudio.TestPlatform.Common.ExtensionFramework.Utilities.TestExecutorPluginInformation TExtension: Microsoft.VisualStudio.TestPlatform.ObjectModel.Adapter.ITestExecutor
TpTrace Verbose: 0 : 3404, 4, 2023/12/12, 16:45:43.898, 23336387003165, testhost.dll, TestPluginCache.GetExtensionPaths: Filtered extension paths: 
TpTrace Verbose: 0 : 3404, 4, 2023/12/12, 16:45:43.898, 23336387006606, testhost.dll, TestPluginCache.GetExtensionPaths: Added default extension paths: C:\Users\29\Documents\GitHub\e-Demokratija-VVS\e-Demokratija\GlasacTest\bin\Debug\net5.0\fine-code-coverage\build-output\Microsoft.VisualStudio.TestPlatform.MSTest.TestAdapter.dll
TpTrace Verbose: 0 : 3404, 4, 2023/12/12, 16:45:43.898, 23336387007130, testhost.dll, TestPluginCache.GetExtensionPaths: Added unfilterableExtensionPaths: 
TpTrace Information: 0 : 3404, 4, 2023/12/12, 16:45:43.899, 23336387019334, testhost.dll, AssemblyResolver.ctor: Creating AssemblyResolver with searchDirectories C:\Users\29\Documents\GitHub\e-Demokratija-VVS\e-Demokratija\GlasacTest\bin\Debug\net5.0\fine-code-coverage\build-output
TpTrace Verbose: 0 : 3404, 4, 2023/12/12, 16:45:43.902, 23336387041648, testhost.dll, TestPluginCache.DiscoverTestExtensions: Discovering the extensions using extension path.
TpTrace Verbose: 0 : 3404, 4, 2023/12/12, 16:45:43.902, 23336387043613, testhost.dll, TestPluginCache.GetExtensionPaths: Filtered extension paths: 
TpTrace Verbose: 0 : 3404, 4, 2023/12/12, 16:45:43.902, 23336387044479, testhost.dll, TestPluginCache.GetExtensionPaths: Added default extension paths: C:\Users\29\Documents\GitHub\e-Demokratija-VVS\e-Demokratija\GlasacTest\bin\Debug\net5.0\fine-code-coverage\build-output\Microsoft.VisualStudio.TestPlatform.MSTest.TestAdapter.dll
TpTrace Verbose: 0 : 3404, 4, 2023/12/12, 16:45:43.902, 23336387044885, testhost.dll, TestPluginCache.GetExtensionPaths: Added unfilterableExtensionPaths: 
TpTrace Verbose: 0 : 3404, 4, 2023/12/12, 16:45:43.902, 23336387045996, testhost.dll, TestPluginCache.DiscoverTestExtensions: Discovering the extensions using allExtensionPaths: C:\Users\29\Documents\GitHub\e-Demokratija-VVS\e-Demokratija\GlasacTest\bin\Debug\net5.0\fine-code-coverage\build-output\Microsoft.VisualStudio.TestPlatform.MSTest.TestAdapter.dll
TpTrace Information: 0 : 3404, 4, 2023/12/12, 16:45:43.903, 23336387056384, testhost.dll, AssemblyResolver.AddSearchDirectories: Adding more searchDirectories C:\Users\29\Documents\GitHub\e-Demokratija-VVS\e-Demokratija\GlasacTest\bin\Debug\net5.0\fine-code-coverage\build-output
TpTrace Information: 0 : 3404, 4, 2023/12/12, 16:45:43.907, 23336387099575, testhost.dll, AssemblyResolver.OnResolve: Microsoft.VisualStudio.TestPlatform.MSTest.TestAdapter: Resolving assembly.
TpTrace Information: 0 : 3404, 4, 2023/12/12, 16:45:43.908, 23336387101001, testhost.dll, AssemblyResolver.OnResolve: Microsoft.VisualStudio.TestPlatform.MSTest.TestAdapter: Searching in: 'C:\Users\29\Documents\GitHub\e-Demokratija-VVS\e-Demokratija\GlasacTest\bin\Debug\net5.0\fine-code-coverage\build-output'.
TpTrace Information: 0 : 3404, 4, 2023/12/12, 16:45:43.909, 23336387110291, testhost.dll, AssemblyResolver.OnResolve: Microsoft.VisualStudio.TestPlatform.MSTest.TestAdapter: Loading assembly 'C:\Users\29\Documents\GitHub\e-Demokratija-VVS\e-Demokratija\GlasacTest\bin\Debug\net5.0\fine-code-coverage\build-output\Microsoft.VisualStudio.TestPlatform.MSTest.TestAdapter.dll'.
TpTrace Information: 0 : 3404, 4, 2023/12/12, 16:45:43.909, 23336387116001, testhost.dll, AssemblyResolver.OnResolve: Resolved assembly: Microsoft.VisualStudio.TestPlatform.MSTest.TestAdapter, from path: C:\Users\29\Documents\GitHub\e-Demokratija-VVS\e-Demokratija\GlasacTest\bin\Debug\net5.0\fine-code-coverage\build-output\Microsoft.VisualStudio.TestPlatform.MSTest.TestAdapter.dll
TpTrace Verbose: 0 : 3404, 4, 2023/12/12, 16:45:43.917, 23336387196238, testhost.dll, MetadataReaderExtensionsHelper: Discovering extensions inside assembly 'Microsoft.VisualStudio.TestPlatform.MSTest.TestAdapter, Version=14.0.0.0, Culture=neutral, PublicKeyToken=b03f5f7f11d50a3a' file path 'C:\Users\29\Documents\GitHub\e-Demokratija-VVS\e-Demokratija\GlasacTest\bin\Debug\net5.0\fine-code-coverage\build-output\Microsoft.VisualStudio.TestPlatform.MSTest.TestAdapter.dll'
TpTrace Verbose: 0 : 3404, 9, 2023/12/12, 16:45:43.922, 23336387242954, testhost.dll, MulticastDelegateUtilities.SafeInvoke: LengthPrefixCommunicationChannel: MessageReceived: Invoking callback 1/1 for Microsoft.VisualStudio.TestPlatform.CommunicationUtilities.TestRequestHandler., took 28 ms.
TpTrace Verbose: 0 : 3404, 9, 2023/12/12, 16:45:43.922, 23336387244104, testhost.dll, TcpClientExtensions.MessageLoopAsync: Polling on remoteEndPoint: [::ffff:127.0.0.1]:54813 localEndPoint: [::ffff:127.0.0.1]:54814
TpTrace Information: 0 : 3404, 4, 2023/12/12, 16:45:43.926, 23336387282291, testhost.dll, GetTestExtensionFromType: Register extension with identifier data 'executor://MSTestAdapter/v2' and type 'Microsoft.VisualStudio.TestPlatform.MSTest.TestAdapter.MSTestExecutor, Microsoft.VisualStudio.TestPlatform.MSTest.TestAdapter, Version=14.0.0.0, Culture=neutral, PublicKeyToken=b03f5f7f11d50a3a' inside file 'C:\Users\29\Documents\GitHub\e-Demokratija-VVS\e-Demokratija\GlasacTest\bin\Debug\net5.0\fine-code-coverage\build-output\Microsoft.VisualStudio.TestPlatform.MSTest.TestAdapter.dll'
TpTrace Verbose: 0 : 3404, 4, 2023/12/12, 16:45:43.928, 23336387301108, testhost.dll, TestPluginCache: Discovered the extensions using extension path ''.
TpTrace Verbose: 0 : 3404, 4, 2023/12/12, 16:45:43.928, 23336387304702, testhost.dll, TestPluginCache: Discoverers are ''.
TpTrace Verbose: 0 : 3404, 4, 2023/12/12, 16:45:43.928, 23336387305210, testhost.dll, TestPluginCache: Executors are 'executor://MSTestAdapter/v2'.
TpTrace Verbose: 0 : 3404, 4, 2023/12/12, 16:45:43.928, 23336387305655, testhost.dll, TestPluginCache: Executors2 are ''.
TpTrace Verbose: 0 : 3404, 4, 2023/12/12, 16:45:43.928, 23336387306104, testhost.dll, TestPluginCache: Setting providers are ''.
TpTrace Verbose: 0 : 3404, 4, 2023/12/12, 16:45:43.928, 23336387306491, testhost.dll, TestPluginCache: Loggers are ''.
TpTrace Verbose: 0 : 3404, 4, 2023/12/12, 16:45:43.928, 23336387306867, testhost.dll, TestPluginCache: TestHosts are ''.
TpTrace Verbose: 0 : 3404, 4, 2023/12/12, 16:45:43.928, 23336387307228, testhost.dll, TestPluginCache: DataCollectors are ''.
TpTrace Verbose: 0 : 3404, 4, 2023/12/12, 16:45:43.931, 23336387333539, testhost.dll, TestPluginCache.DiscoverTestExtensions: finding test extensions in assemblies ends with: TestAdapter.dll TPluginInfo: Microsoft.VisualStudio.TestPlatform.Common.ExtensionFramework.Utilities.TestExecutorPluginInformation2 TExtension: Microsoft.VisualStudio.TestPlatform.ObjectModel.Adapter.ITestExecutor2
TpTrace Verbose: 0 : 3404, 4, 2023/12/12, 16:45:43.931, 23336387335961, testhost.dll, TestPluginCache.GetExtensionPaths: Filtered extension paths: 
TpTrace Verbose: 0 : 3404, 4, 2023/12/12, 16:45:43.931, 23336387336347, testhost.dll, TestPluginCache.GetExtensionPaths: Added default extension paths: C:\Users\29\Documents\GitHub\e-Demokratija-VVS\e-Demokratija\GlasacTest\bin\Debug\net5.0\fine-code-coverage\build-output\Microsoft.VisualStudio.TestPlatform.MSTest.TestAdapter.dll
TpTrace Verbose: 0 : 3404, 4, 2023/12/12, 16:45:43.931, 23336387337314, testhost.dll, TestPluginCache.GetExtensionPaths: Added unfilterableExtensionPaths: 
TpTrace Information: 0 : 3404, 4, 2023/12/12, 16:45:43.931, 23336387338957, testhost.dll, AssemblyResolver.AddSearchDirectories: Adding more searchDirectories C:\Users\29\Documents\GitHub\e-Demokratija-VVS\e-Demokratija\GlasacTest\bin\Debug\net5.0\fine-code-coverage\build-output
TpTrace Verbose: 0 : 3404, 4, 2023/12/12, 16:45:43.931, 23336387339339, testhost.dll, TestPluginCache.DiscoverTestExtensions: Discovering the extensions using extension path.
TpTrace Verbose: 0 : 3404, 4, 2023/12/12, 16:45:43.931, 23336387340044, testhost.dll, TestPluginCache.GetExtensionPaths: Filtered extension paths: 
TpTrace Verbose: 0 : 3404, 4, 2023/12/12, 16:45:43.932, 23336387340777, testhost.dll, TestPluginCache.GetExtensionPaths: Added default extension paths: C:\Users\29\Documents\GitHub\e-Demokratija-VVS\e-Demokratija\GlasacTest\bin\Debug\net5.0\fine-code-coverage\build-output\Microsoft.VisualStudio.TestPlatform.MSTest.TestAdapter.dll
TpTrace Verbose: 0 : 3404, 4, 2023/12/12, 16:45:43.932, 23336387341089, testhost.dll, TestPluginCache.GetExtensionPaths: Added unfilterableExtensionPaths: 
TpTrace Verbose: 0 : 3404, 4, 2023/12/12, 16:45:43.932, 23336387341319, testhost.dll, TestPluginCache.DiscoverTestExtensions: Discovering the extensions using allExtensionPaths: C:\Users\29\Documents\GitHub\e-Demokratija-VVS\e-Demokratija\GlasacTest\bin\Debug\net5.0\fine-code-coverage\build-output\Microsoft.VisualStudio.TestPlatform.MSTest.TestAdapter.dll
TpTrace Information: 0 : 3404, 4, 2023/12/12, 16:45:43.932, 23336387341678, testhost.dll, AssemblyResolver.AddSearchDirectories: Adding more searchDirectories C:\Users\29\Documents\GitHub\e-Demokratija-VVS\e-Demokratija\GlasacTest\bin\Debug\net5.0\fine-code-coverage\build-output
TpTrace Verbose: 0 : 3404, 4, 2023/12/12, 16:45:43.932, 23336387342392, testhost.dll, MetadataReaderExtensionsHelper: Discovering extensions inside assembly 'Microsoft.VisualStudio.TestPlatform.MSTest.TestAdapter, Version=14.0.0.0, Culture=neutral, PublicKeyToken=b03f5f7f11d50a3a' file path 'C:\Users\29\Documents\GitHub\e-Demokratija-VVS\e-Demokratija\GlasacTest\bin\Debug\net5.0\fine-code-coverage\build-output\Microsoft.VisualStudio.TestPlatform.MSTest.TestAdapter.dll'
TpTrace Verbose: 0 : 3404, 4, 2023/12/12, 16:45:43.932, 23336387348075, testhost.dll, TestPluginCache: Discovered the extensions using extension path ''.
TpTrace Verbose: 0 : 3404, 4, 2023/12/12, 16:45:43.932, 23336387348588, testhost.dll, TestPluginCache: Discoverers are ''.
TpTrace Verbose: 0 : 3404, 4, 2023/12/12, 16:45:43.932, 23336387348844, testhost.dll, TestPluginCache: Executors are 'executor://MSTestAdapter/v2'.
TpTrace Verbose: 0 : 3404, 4, 2023/12/12, 16:45:43.932, 23336387349286, testhost.dll, TestPluginCache: Executors2 are ''.
TpTrace Verbose: 0 : 3404, 4, 2023/12/12, 16:45:43.932, 23336387349535, testhost.dll, TestPluginCache: Setting providers are ''.
TpTrace Verbose: 0 : 3404, 4, 2023/12/12, 16:45:43.932, 23336387349750, testhost.dll, TestPluginCache: Loggers are ''.
TpTrace Verbose: 0 : 3404, 4, 2023/12/12, 16:45:43.932, 23336387349903, testhost.dll, TestPluginCache: TestHosts are ''.
TpTrace Verbose: 0 : 3404, 4, 2023/12/12, 16:45:43.932, 23336387350054, testhost.dll, TestPluginCache: DataCollectors are ''.
TpTrace Information: 0 : 3404, 4, 2023/12/12, 16:45:43.936, 23336387389783, testhost.dll, TestPluginManager.CreateTestExtension: Attempting to load test extension: Microsoft.VisualStudio.TestPlatform.MSTest.TestAdapter.MSTestExecutor
TpTrace Verbose: 0 : 3404, 4, 2023/12/12, 16:45:43.943, 23336387455855, testhost.dll, TestExecutorExtensionManager: Loading executor Microsoft.VisualStudio.TestPlatform.Common.ExtensionDecorators.SerialTestRunDecorator
TpTrace Verbose: 0 : 3404, 4, 2023/12/12, 16:45:43.943, 23336387456699, testhost.dll, TestExecutorService: Loaded the executors
TpTrace Verbose: 0 : 3404, 4, 2023/12/12, 16:45:43.944, 23336387463502, testhost.dll, TestPluginCache.DiscoverTestExtensions: finding test extensions in assemblies ends with: TestAdapter.dll TPluginInfo: Microsoft.VisualStudio.TestPlatform.Common.ExtensionFramework.Utilities.TestSettingsProviderPluginInformation TExtension: Microsoft.VisualStudio.TestPlatform.ObjectModel.Adapter.ISettingsProvider
TpTrace Verbose: 0 : 3404, 4, 2023/12/12, 16:45:43.944, 23336387464388, testhost.dll, TestPluginCache.GetExtensionPaths: Filtered extension paths: 
TpTrace Verbose: 0 : 3404, 4, 2023/12/12, 16:45:43.944, 23336387464733, testhost.dll, TestPluginCache.GetExtensionPaths: Added default extension paths: C:\Users\29\Documents\GitHub\e-Demokratija-VVS\e-Demokratija\GlasacTest\bin\Debug\net5.0\fine-code-coverage\build-output\Microsoft.VisualStudio.TestPlatform.MSTest.TestAdapter.dll
TpTrace Verbose: 0 : 3404, 4, 2023/12/12, 16:45:43.944, 23336387465085, testhost.dll, TestPluginCache.GetExtensionPaths: Added unfilterableExtensionPaths: 
TpTrace Information: 0 : 3404, 4, 2023/12/12, 16:45:43.944, 23336387466308, testhost.dll, AssemblyResolver.AddSearchDirectories: Adding more searchDirectories C:\Users\29\Documents\GitHub\e-Demokratija-VVS\e-Demokratija\GlasacTest\bin\Debug\net5.0\fine-code-coverage\build-output
TpTrace Verbose: 0 : 3404, 4, 2023/12/12, 16:45:43.944, 23336387466689, testhost.dll, TestPluginCache.DiscoverTestExtensions: Discovering the extensions using extension path.
TpTrace Verbose: 0 : 3404, 4, 2023/12/12, 16:45:43.944, 23336387466908, testhost.dll, TestPluginCache.GetExtensionPaths: Filtered extension paths: 
TpTrace Verbose: 0 : 3404, 4, 2023/12/12, 16:45:43.944, 23336387467090, testhost.dll, TestPluginCache.GetExtensionPaths: Added default extension paths: C:\Users\29\Documents\GitHub\e-Demokratija-VVS\e-Demokratija\GlasacTest\bin\Debug\net5.0\fine-code-coverage\build-output\Microsoft.VisualStudio.TestPlatform.MSTest.TestAdapter.dll
TpTrace Verbose: 0 : 3404, 4, 2023/12/12, 16:45:43.944, 23336387467273, testhost.dll, TestPluginCache.GetExtensionPaths: Added unfilterableExtensionPaths: 
TpTrace Verbose: 0 : 3404, 4, 2023/12/12, 16:45:43.944, 23336387467471, testhost.dll, TestPluginCache.DiscoverTestExtensions: Discovering the extensions using allExtensionPaths: C:\Users\29\Documents\GitHub\e-Demokratija-VVS\e-Demokratija\GlasacTest\bin\Debug\net5.0\fine-code-coverage\build-output\Microsoft.VisualStudio.TestPlatform.MSTest.TestAdapter.dll
TpTrace Information: 0 : 3404, 4, 2023/12/12, 16:45:43.944, 23336387467793, testhost.dll, AssemblyResolver.AddSearchDirectories: Adding more searchDirectories C:\Users\29\Documents\GitHub\e-Demokratija-VVS\e-Demokratija\GlasacTest\bin\Debug\net5.0\fine-code-coverage\build-output
TpTrace Verbose: 0 : 3404, 4, 2023/12/12, 16:45:43.944, 23336387468382, testhost.dll, MetadataReaderExtensionsHelper: Discovering extensions inside assembly 'Microsoft.VisualStudio.TestPlatform.MSTest.TestAdapter, Version=14.0.0.0, Culture=neutral, PublicKeyToken=b03f5f7f11d50a3a' file path 'C:\Users\29\Documents\GitHub\e-Demokratija-VVS\e-Demokratija\GlasacTest\bin\Debug\net5.0\fine-code-coverage\build-output\Microsoft.VisualStudio.TestPlatform.MSTest.TestAdapter.dll'
TpTrace Verbose: 0 : 3404, 4, 2023/12/12, 16:45:43.945, 23336387472191, testhost.dll, TestPluginCache: Discovered the extensions using extension path ''.
TpTrace Verbose: 0 : 3404, 4, 2023/12/12, 16:45:43.945, 23336387472561, testhost.dll, TestPluginCache: Discoverers are ''.
TpTrace Verbose: 0 : 3404, 4, 2023/12/12, 16:45:43.945, 23336387472765, testhost.dll, TestPluginCache: Executors are 'executor://MSTestAdapter/v2'.
TpTrace Verbose: 0 : 3404, 4, 2023/12/12, 16:45:43.945, 23336387472956, testhost.dll, TestPluginCache: Executors2 are ''.
TpTrace Verbose: 0 : 3404, 4, 2023/12/12, 16:45:43.945, 23336387473232, testhost.dll, TestPluginCache: Setting providers are ''.
TpTrace Verbose: 0 : 3404, 4, 2023/12/12, 16:45:43.945, 23336387473450, testhost.dll, TestPluginCache: Loggers are ''.
TpTrace Verbose: 0 : 3404, 4, 2023/12/12, 16:45:43.945, 23336387473710, testhost.dll, TestPluginCache: TestHosts are ''.
TpTrace Verbose: 0 : 3404, 4, 2023/12/12, 16:45:43.945, 23336387473884, testhost.dll, TestPluginCache: DataCollectors are ''.
TpTrace Verbose: 0 : 3404, 4, 2023/12/12, 16:45:43.946, 23336387482111, testhost.dll, TestExecutorService: Loaded the settings providers
TpTrace Information: 0 : 3404, 4, 2023/12/12, 16:45:43.946, 23336387482756, testhost.dll, TestExecutorService: Loaded the extensions
TpTrace Information: 0 : 3404, 4, 2023/12/12, 16:45:43.946, 23336387487621, testhost.dll, TestRequestHandler.OnMessageReceived: Running job 'TestExecution.StartWithSources'.
TpTrace Verbose: 0 : 3404, 4, 2023/12/12, 16:45:44.002, 23336388046107, testhost.dll, MulticastDelegateUtilities.SafeInvoke: TestCaseEventsHandler.RaiseSessionStart: Invoking callbacks was skipped because there are no subscribers.
TpTrace Information: 0 : 3404, 4, 2023/12/12, 16:45:44.006, 23336388080248, testhost.dll, TestDiscoveryManager: Discovering tests from sources C:\Users\29\Documents\GitHub\e-Demokratija-VVS\e-Demokratija\GlasacTest\bin\Debug\net5.0\fine-code-coverage\build-output\GlasacTest.dll
TpTrace Verbose: 0 : 3404, 4, 2023/12/12, 16:45:44.008, 23336388103376, testhost.dll, TestPluginCache.DiscoverTestExtensions: finding test extensions in assemblies ends with: TestAdapter.dll TPluginInfo: Microsoft.VisualStudio.TestPlatform.Common.ExtensionFramework.Utilities.TestDiscovererPluginInformation TExtension: Microsoft.VisualStudio.TestPlatform.ObjectModel.Adapter.ITestDiscoverer
TpTrace Verbose: 0 : 3404, 4, 2023/12/12, 16:45:44.008, 23336388104469, testhost.dll, TestPluginCache.GetExtensionPaths: Filtered extension paths: 
TpTrace Verbose: 0 : 3404, 4, 2023/12/12, 16:45:44.008, 23336388104816, testhost.dll, TestPluginCache.GetExtensionPaths: Added default extension paths: C:\Users\29\Documents\GitHub\e-Demokratija-VVS\e-Demokratija\GlasacTest\bin\Debug\net5.0\fine-code-coverage\build-output\Microsoft.VisualStudio.TestPlatform.MSTest.TestAdapter.dll
TpTrace Verbose: 0 : 3404, 4, 2023/12/12, 16:45:44.008, 23336388105109, testhost.dll, TestPluginCache.GetExtensionPaths: Added unfilterableExtensionPaths: 
TpTrace Information: 0 : 3404, 4, 2023/12/12, 16:45:44.008, 23336388106210, testhost.dll, AssemblyResolver.AddSearchDirectories: Adding more searchDirectories C:\Users\29\Documents\GitHub\e-Demokratija-VVS\e-Demokratija\GlasacTest\bin\Debug\net5.0\fine-code-coverage\build-output
TpTrace Verbose: 0 : 3404, 4, 2023/12/12, 16:45:44.008, 23336388106584, testhost.dll, TestPluginCache.DiscoverTestExtensions: Discovering the extensions using extension path.
TpTrace Verbose: 0 : 3404, 4, 2023/12/12, 16:45:44.008, 23336388106800, testhost.dll, TestPluginCache.GetExtensionPaths: Filtered extension paths: 
TpTrace Verbose: 0 : 3404, 4, 2023/12/12, 16:45:44.008, 23336388107010, testhost.dll, TestPluginCache.GetExtensionPaths: Added default extension paths: C:\Users\29\Documents\GitHub\e-Demokratija-VVS\e-Demokratija\GlasacTest\bin\Debug\net5.0\fine-code-coverage\build-output\Microsoft.VisualStudio.TestPlatform.MSTest.TestAdapter.dll
TpTrace Verbose: 0 : 3404, 4, 2023/12/12, 16:45:44.008, 23336388107195, testhost.dll, TestPluginCache.GetExtensionPaths: Added unfilterableExtensionPaths: 
TpTrace Verbose: 0 : 3404, 4, 2023/12/12, 16:45:44.008, 23336388107396, testhost.dll, TestPluginCache.DiscoverTestExtensions: Discovering the extensions using allExtensionPaths: C:\Users\29\Documents\GitHub\e-Demokratija-VVS\e-Demokratija\GlasacTest\bin\Debug\net5.0\fine-code-coverage\build-output\Microsoft.VisualStudio.TestPlatform.MSTest.TestAdapter.dll
TpTrace Information: 0 : 3404, 4, 2023/12/12, 16:45:44.008, 23336388107721, testhost.dll, AssemblyResolver.AddSearchDirectories: Adding more searchDirectories C:\Users\29\Documents\GitHub\e-Demokratija-VVS\e-Demokratija\GlasacTest\bin\Debug\net5.0\fine-code-coverage\build-output
TpTrace Verbose: 0 : 3404, 4, 2023/12/12, 16:45:44.008, 23336388108438, testhost.dll, MetadataReaderExtensionsHelper: Discovering extensions inside assembly 'Microsoft.VisualStudio.TestPlatform.MSTest.TestAdapter, Version=14.0.0.0, Culture=neutral, PublicKeyToken=b03f5f7f11d50a3a' file path 'C:\Users\29\Documents\GitHub\e-Demokratija-VVS\e-Demokratija\GlasacTest\bin\Debug\net5.0\fine-code-coverage\build-output\Microsoft.VisualStudio.TestPlatform.MSTest.TestAdapter.dll'
TpTrace Information: 0 : 3404, 4, 2023/12/12, 16:45:44.011, 23336388132257, testhost.dll, GetTestExtensionFromType: Register extension with identifier data 'Microsoft.VisualStudio.TestPlatform.MSTest.TestAdapter.MSTestDiscoverer, Microsoft.VisualStudio.TestPlatform.MSTest.TestAdapter, Version=14.0.0.0, Culture=neutral, PublicKeyToken=b03f5f7f11d50a3a' and type 'Microsoft.VisualStudio.TestPlatform.MSTest.TestAdapter.MSTestDiscoverer, Microsoft.VisualStudio.TestPlatform.MSTest.TestAdapter, Version=14.0.0.0, Culture=neutral, PublicKeyToken=b03f5f7f11d50a3a' inside file 'C:\Users\29\Documents\GitHub\e-Demokratija-VVS\e-Demokratija\GlasacTest\bin\Debug\net5.0\fine-code-coverage\build-output\Microsoft.VisualStudio.TestPlatform.MSTest.TestAdapter.dll'
TpTrace Verbose: 0 : 3404, 4, 2023/12/12, 16:45:44.011, 23336388133838, testhost.dll, TestPluginCache: Discovered the extensions using extension path ''.
TpTrace Verbose: 0 : 3404, 4, 2023/12/12, 16:45:44.011, 23336388134342, testhost.dll, TestPluginCache: Discoverers are 'Microsoft.VisualStudio.TestPlatform.MSTest.TestAdapter.MSTestDiscoverer, Microsoft.VisualStudio.TestPlatform.MSTest.TestAdapter, Version=14.0.0.0, Culture=neutral, PublicKeyToken=b03f5f7f11d50a3a'.
TpTrace Verbose: 0 : 3404, 4, 2023/12/12, 16:45:44.011, 23336388134582, testhost.dll, TestPluginCache: Executors are 'executor://MSTestAdapter/v2'.
TpTrace Verbose: 0 : 3404, 4, 2023/12/12, 16:45:44.011, 23336388134784, testhost.dll, TestPluginCache: Executors2 are ''.
TpTrace Verbose: 0 : 3404, 4, 2023/12/12, 16:45:44.011, 23336388135009, testhost.dll, TestPluginCache: Setting providers are ''.
TpTrace Verbose: 0 : 3404, 4, 2023/12/12, 16:45:44.011, 23336388135187, testhost.dll, TestPluginCache: Loggers are ''.
TpTrace Verbose: 0 : 3404, 4, 2023/12/12, 16:45:44.011, 23336388135356, testhost.dll, TestPluginCache: TestHosts are ''.
TpTrace Verbose: 0 : 3404, 4, 2023/12/12, 16:45:44.011, 23336388135525, testhost.dll, TestPluginCache: DataCollectors are ''.
TpTrace Verbose: 0 : 3404, 4, 2023/12/12, 16:45:44.016, 23336388183690, testhost.dll, BaseRunTests.RunTestInternalWithExecutors: Running tests for executor://MSTestAdapter/v2
TpTrace Information: 0 : 3404, 4, 2023/12/12, 16:45:44.018, 23336388209393, testhost.dll, AssemblyResolver.OnResolve: Microsoft.VisualStudio.TestPlatform.MSTestAdapter.PlatformServices.Interface: Resolving assembly.
TpTrace Information: 0 : 3404, 4, 2023/12/12, 16:45:44.019, 23336388210345, testhost.dll, AssemblyResolver.OnResolve: Microsoft.VisualStudio.TestPlatform.MSTestAdapter.PlatformServices.Interface: Searching in: 'C:\Users\29\Documents\GitHub\e-Demokratija-VVS\e-Demokratija\GlasacTest\bin\Debug\net5.0\fine-code-coverage\build-output'.
TpTrace Information: 0 : 3404, 4, 2023/12/12, 16:45:44.019, 23336388212454, testhost.dll, AssemblyResolver.OnResolve: Microsoft.VisualStudio.TestPlatform.MSTestAdapter.PlatformServices.Interface: Loading assembly 'C:\Users\29\Documents\GitHub\e-Demokratija-VVS\e-Demokratija\GlasacTest\bin\Debug\net5.0\fine-code-coverage\build-output\Microsoft.VisualStudio.TestPlatform.MSTestAdapter.PlatformServices.Interface.dll'.
TpTrace Information: 0 : 3404, 4, 2023/12/12, 16:45:44.019, 23336388214753, testhost.dll, AssemblyResolver.OnResolve: Resolved assembly: Microsoft.VisualStudio.TestPlatform.MSTestAdapter.PlatformServices.Interface, from path: C:\Users\29\Documents\GitHub\e-Demokratija-VVS\e-Demokratija\GlasacTest\bin\Debug\net5.0\fine-code-coverage\build-output\Microsoft.VisualStudio.TestPlatform.MSTestAdapter.PlatformServices.Interface.dll
TpTrace Information: 0 : 3404, 4, 2023/12/12, 16:45:44.020, 23336388222954, testhost.dll, AssemblyResolver.OnResolve: Microsoft.VisualStudio.TestPlatform.MSTestAdapter.PlatformServices: Resolving assembly.
TpTrace Information: 0 : 3404, 4, 2023/12/12, 16:45:44.020, 23336388223483, testhost.dll, AssemblyResolver.OnResolve: Microsoft.VisualStudio.TestPlatform.MSTestAdapter.PlatformServices: Searching in: 'C:\Users\29\Documents\GitHub\e-Demokratija-VVS\e-Demokratija\GlasacTest\bin\Debug\net5.0\fine-code-coverage\build-output'.
TpTrace Information: 0 : 3404, 4, 2023/12/12, 16:45:44.020, 23336388225027, testhost.dll, AssemblyResolver.OnResolve: Microsoft.VisualStudio.TestPlatform.MSTestAdapter.PlatformServices: Loading assembly 'C:\Users\29\Documents\GitHub\e-Demokratija-VVS\e-Demokratija\GlasacTest\bin\Debug\net5.0\fine-code-coverage\build-output\Microsoft.VisualStudio.TestPlatform.MSTestAdapter.PlatformServices.dll'.
TpTrace Information: 0 : 3404, 4, 2023/12/12, 16:45:44.020, 23336388227232, testhost.dll, AssemblyResolver.OnResolve: Resolved assembly: Microsoft.VisualStudio.TestPlatform.MSTestAdapter.PlatformServices, from path: C:\Users\29\Documents\GitHub\e-Demokratija-VVS\e-Demokratija\GlasacTest\bin\Debug\net5.0\fine-code-coverage\build-output\Microsoft.VisualStudio.TestPlatform.MSTestAdapter.PlatformServices.dll
TpTrace Information: 0 : 3404, 4, 2023/12/12, 16:45:44.020, 23336388229814, testhost.dll, MSTest - MSTestExecutor.RunTests: Running tests from sources.
TpTrace Information: 0 : 3404, 4, 2023/12/12, 16:45:44.023, 23336388258918, testhost.dll, MSTest - CollectSourceInformation value Found : False 
TpTrace Information: 0 : 3404, 4, 2023/12/12, 16:45:44.038, 23336388405078, testhost.dll, MSTest - DictionaryHelper.ConcatWithOverwrites: The source is null or empty, returning the overwrite dictionary.
TpTrace Information: 0 : 3404, 4, 2023/12/12, 16:45:44.043, 23336388452531, testhost.dll, MSTest - DictionaryHelper.ConcatWithOverwrites: The source is null or empty, returning the overwrite dictionary.
TpTrace Information: 0 : 3404, 4, 2023/12/12, 16:45:44.048, 23336388503154, testhost.dll, AssemblyResolver.OnResolve: Microsoft.TestPlatform.AdapterUtilities: Resolving assembly.
TpTrace Information: 0 : 3404, 4, 2023/12/12, 16:45:44.048, 23336388504118, testhost.dll, AssemblyResolver.OnResolve: Microsoft.TestPlatform.AdapterUtilities: Searching in: 'C:\Users\29\Documents\GitHub\e-Demokratija-VVS\e-Demokratija\GlasacTest\bin\Debug\net5.0\fine-code-coverage\build-output'.
TpTrace Information: 0 : 3404, 4, 2023/12/12, 16:45:44.048, 23336388506029, testhost.dll, AssemblyResolver.OnResolve: Microsoft.TestPlatform.AdapterUtilities: Loading assembly 'C:\Users\29\Documents\GitHub\e-Demokratija-VVS\e-Demokratija\GlasacTest\bin\Debug\net5.0\fine-code-coverage\build-output\Microsoft.TestPlatform.AdapterUtilities.dll'.
TpTrace Information: 0 : 3404, 4, 2023/12/12, 16:45:44.048, 23336388508025, testhost.dll, AssemblyResolver.OnResolve: Resolved assembly: Microsoft.TestPlatform.AdapterUtilities, from path: C:\Users\29\Documents\GitHub\e-Demokratija-VVS\e-Demokratija\GlasacTest\bin\Debug\net5.0\fine-code-coverage\build-output\Microsoft.TestPlatform.AdapterUtilities.dll
TpTrace Information: 0 : 3404, 4, 2023/12/12, 16:45:44.079, 23336388811042, testhost.dll, AssemblyResolver.OnResolve: Microsoft.VisualStudio.TestPlatform.MSTest.TestAdapter.resources: Resolving assembly.
TpTrace Information: 0 : 3404, 4, 2023/12/12, 16:45:44.079, 23336388812111, testhost.dll, AssemblyResolver.OnResolve: Microsoft.VisualStudio.TestPlatform.MSTest.TestAdapter.resources: Searching in: 'C:\Users\29\Documents\GitHub\e-Demokratija-VVS\e-Demokratija\GlasacTest\bin\Debug\net5.0\fine-code-coverage\build-output'.
TpTrace Information: 0 : 3404, 4, 2023/12/12, 16:45:44.079, 23336388813224, testhost.dll, AssemblyResolver.OnResolve: Microsoft.VisualStudio.TestPlatform.MSTest.TestAdapter.resources: Assembly path does not exist: 'C:\Users\29\Documents\GitHub\e-Demokratija-VVS\e-Demokratija\GlasacTest\bin\Debug\net5.0\fine-code-coverage\build-output\Microsoft.VisualStudio.TestPlatform.MSTest.TestAdapter.resources.dll', returning.
TpTrace Information: 0 : 3404, 4, 2023/12/12, 16:45:44.079, 23336388813893, testhost.dll, AssemblyResolver.OnResolve: Microsoft.VisualStudio.TestPlatform.MSTest.TestAdapter.resources: Assembly path does not exist: 'C:\Users\29\Documents\GitHub\e-Demokratija-VVS\e-Demokratija\GlasacTest\bin\Debug\net5.0\fine-code-coverage\build-output\Microsoft.VisualStudio.TestPlatform.MSTest.TestAdapter.resources.exe', returning.
TpTrace Information: 0 : 3404, 4, 2023/12/12, 16:45:44.079, 23336388814146, testhost.dll, AssemblyResolver.OnResolve: Microsoft.VisualStudio.TestPlatform.MSTest.TestAdapter.resources: Failed to load assembly.
TpTrace Information: 0 : 3404, 4, 2023/12/12, 16:45:44.088, 23336388907864, testhost.dll, MSTest - DynamicDataEnumarator: Exception occurred while enumerating IDataSource attribute on "GlasacTest.UnitTest1.TestKonstruktoraPacijentaXML(System.String,System.String)": System.IO.FileNotFoundException: Could not find file 'C:\Users\29\Documents\GitHub\e-Demokratija-VVS\e-Demokratija\GlasacTest\bin\Debug\Glasaci.xml'.
File name: 'C:\Users\29\Documents\GitHub\e-Demokratija-VVS\e-Demokratija\GlasacTest\bin\Debug\Glasaci.xml'
   at System.IO.FileStream.ValidateFileHandle(SafeFileHandle fileHandle)
   at System.IO.FileStream.CreateFileOpenHandle(FileMode mode, FileShare share, FileOptions options)
   at System.IO.FileStream..ctor(String path, FileMode mode, FileAccess access, FileShare share, Int32 bufferSize, FileOptions options)
   at System.IO.FileStream..ctor(String path, FileMode mode, FileAccess access, FileShare share, Int32 bufferSize)
   at System.Xml.XmlDownloadManager.GetStream(Uri uri, ICredentials credentials, IWebProxy proxy)
   at System.Xml.XmlUrlResolver.GetEntity(Uri absoluteUri, String role, Type ofObjectToReturn)
   at System.Xml.XmlTextReaderImpl.OpenUrl()
   at System.Xml.XmlTextReaderImpl.Read()
   at System.Xml.XmlLoader.Load(XmlDocument doc, XmlReader reader, Boolean preserveWhitespace)
   at System.Xml.XmlDocument.Load(XmlReader reader)
   at System.Xml.XmlDocument.Load(String filename)
   at GlasacTest.UnitTest1.ReadXML()+MoveNext() in C:\Users\29\Documents\GitHub\e-Demokratija-VVS\e-Demokratija\GlasacTest\UnitTest1.cs:line 230
   at System.Linq.Enumerable.Any[TSource](IEnumerable`1 source)
   at Microsoft.VisualStudio.TestTools.UnitTesting.DynamicDataAttribute.GetData(MethodInfo methodInfo)
   at Microsoft.VisualStudio.TestPlatform.MSTest.TestAdapter.Discovery.AssemblyEnumerator.ProcessTestDataSourceTests(UnitTestElement test, MethodInfo methodInfo, ITestDataSource[] testDataSources, List`1 tests)
   at Microsoft.VisualStudio.TestPlatform.MSTest.TestAdapter.Discovery.AssemblyEnumerator.TryProcessTestDataSourceTests(UnitTestElement test, TestMethodInfo testMethodInfo, List`1 tests)
TpTrace Information: 0 : 3404, 4, 2023/12/12, 16:45:44.095, 23336388975454, testhost.dll, MSTest - DynamicDataEnumarator: Exception occurred while enumerating IDataSource attribute on "GlasacTest.UnitTest1.TestKonstruktoraPacijentaCSV(System.String,System.String)": System.IO.FileNotFoundException: Could not find file 'C:\Users\29\Documents\GitHub\e-Demokratija-VVS\e-Demokratija\GlasacTest\bin\Debug\Glasaci.csv'.
File name: 'C:\Users\29\Documents\GitHub\e-Demokratija-VVS\e-Demokratija\GlasacTest\bin\Debug\Glasaci.csv'
   at System.IO.FileStream.ValidateFileHandle(SafeFileHandle fileHandle)
   at System.IO.FileStream.CreateFileOpenHandle(FileMode mode, FileShare share, FileOptions options)
   at System.IO.FileStream..ctor(String path, FileMode mode, FileAccess access, FileShare share, Int32 bufferSize, FileOptions options)
   at System.IO.StreamReader.ValidateArgsAndOpenPath(String path, Encoding encoding, Int32 bufferSize)
   at System.IO.StreamReader..ctor(String path)
   at GlasacTest.UnitTest1.ReadCSV()+MoveNext() in C:\Users\29\Documents\GitHub\e-Demokratija-VVS\e-Demokratija\GlasacTest\UnitTest1.cs:line 243
   at System.Linq.Enumerable.Any[TSource](IEnumerable`1 source)
   at Microsoft.VisualStudio.TestTools.UnitTesting.DynamicDataAttribute.GetData(MethodInfo methodInfo)
   at Microsoft.VisualStudio.TestPlatform.MSTest.TestAdapter.Discovery.AssemblyEnumerator.ProcessTestDataSourceTests(UnitTestElement test, MethodInfo methodInfo, ITestDataSource[] testDataSources, List`1 tests)
   at Microsoft.VisualStudio.TestPlatform.MSTest.TestAdapter.Discovery.AssemblyEnumerator.TryProcessTestDataSourceTests(UnitTestElement test, TestMethodInfo testMethodInfo, List`1 tests)
TpTrace Information: 0 : 3404, 4, 2023/12/12, 16:45:44.098, 23336389008125, testhost.dll, MSTest - DictionaryHelper.ConcatWithOverwrites: The source is null or empty, returning the overwrite dictionary.
TpTrace Information: 0 : 3404, 4, 2023/12/12, 16:45:44.098, 23336389009843, testhost.dll, MSTest - DictionaryHelper.ConcatWithOverwrites: The source is null or empty, returning the overwrite dictionary.
TpTrace Information: 0 : 3404, 4, 2023/12/12, 16:45:44.099, 23336389010443, testhost.dll, MSTest - DictionaryHelper.ConcatWithOverwrites: The source is null or empty, returning the overwrite dictionary.
TpTrace Information: 0 : 3404, 4, 2023/12/12, 16:45:44.099, 23336389010919, testhost.dll, MSTest - DictionaryHelper.ConcatWithOverwrites: The source is null or empty, returning the overwrite dictionary.
TpTrace Information: 0 : 3404, 4, 2023/12/12, 16:45:44.099, 23336389011391, testhost.dll, MSTest - DictionaryHelper.ConcatWithOverwrites: The source is null or empty, returning the overwrite dictionary.
TpTrace Information: 0 : 3404, 4, 2023/12/12, 16:45:44.099, 23336389012916, testhost.dll, MSTest - MSTestDiscoverer: Found 29 tests from source C:\Users\29\Documents\GitHub\e-Demokratija-VVS\e-Demokratija\GlasacTest\bin\Debug\net5.0\fine-code-coverage\build-output\GlasacTest.dll
TpTrace Information: 0 : 3404, 4, 2023/12/12, 16:45:44.114, 23336389163614, testhost.dll, AssemblyResolver.OnResolve: Microsoft.VisualStudio.TestPlatform.MSTestAdapter.PlatformServices.resources: Resolving assembly.
TpTrace Information: 0 : 3404, 4, 2023/12/12, 16:45:44.114, 23336389164793, testhost.dll, AssemblyResolver.OnResolve: Microsoft.VisualStudio.TestPlatform.MSTestAdapter.PlatformServices.resources: Searching in: 'C:\Users\29\Documents\GitHub\e-Demokratija-VVS\e-Demokratija\GlasacTest\bin\Debug\net5.0\fine-code-coverage\build-output'.
TpTrace Information: 0 : 3404, 4, 2023/12/12, 16:45:44.114, 23336389165857, testhost.dll, AssemblyResolver.OnResolve: Microsoft.VisualStudio.TestPlatform.MSTestAdapter.PlatformServices.resources: Assembly path does not exist: 'C:\Users\29\Documents\GitHub\e-Demokratija-VVS\e-Demokratija\GlasacTest\bin\Debug\net5.0\fine-code-coverage\build-output\Microsoft.VisualStudio.TestPlatform.MSTestAdapter.PlatformServices.resources.dll', returning.
TpTrace Information: 0 : 3404, 4, 2023/12/12, 16:45:44.114, 23336389166654, testhost.dll, AssemblyResolver.OnResolve: Microsoft.VisualStudio.TestPlatform.MSTestAdapter.PlatformServices.resources: Assembly path does not exist: 'C:\Users\29\Documents\GitHub\e-Demokratija-VVS\e-Demokratija\GlasacTest\bin\Debug\net5.0\fine-code-coverage\build-output\Microsoft.VisualStudio.TestPlatform.MSTestAdapter.PlatformServices.resources.exe', returning.
TpTrace Information: 0 : 3404, 4, 2023/12/12, 16:45:44.114, 23336389166891, testhost.dll, AssemblyResolver.OnResolve: Microsoft.VisualStudio.TestPlatform.MSTestAdapter.PlatformServices.resources: Failed to load assembly.
TpTrace Information: 0 : 3404, 4, 2023/12/12, 16:45:44.114, 23336389168541, testhost.dll, AssemblyResolver.OnResolve: Microsoft.VisualStudio.TestPlatform.MSTestAdapter.PlatformServices.resources: Resolving assembly.
TpTrace Information: 0 : 3404, 4, 2023/12/12, 16:45:44.114, 23336389168897, testhost.dll, AssemblyResolver.OnResolve: Microsoft.VisualStudio.TestPlatform.MSTestAdapter.PlatformServices.resources: Resolved from cache.
TpTrace Information: 0 : 3404, 4, 2023/12/12, 16:45:44.123, 23336389258113, testhost.dll, MSTest - Created unit-test runner C:\Users\29\Documents\GitHub\e-Demokratija-VVS\e-Demokratija\GlasacTest\bin\Debug\net5.0\fine-code-coverage\build-output\GlasacTest.dll
TpTrace Verbose: 0 : 3404, 4, 2023/12/12, 16:45:44.129, 23336389314342, testhost.dll, TestExecutionRecorder.RecordStart: Starting test: GlasacTest.UnitTest1.TestIspravnogKonstruktoraKlaseGlasac1.
TpTrace Verbose: 0 : 3404, 4, 2023/12/12, 16:45:44.203, 23336390056477, testhost.dll, MulticastDelegateUtilities.SafeInvoke: TestCaseEventsHandler.RaiseTestCaseStart: Invoking callback 1/1 for Microsoft.VisualStudio.TestPlatform.CrossPlatEngine.DataCollection.ProxyOutOfProcDataCollectionManager., took 71 ms.
TpTrace Information: 0 : 3404, 4, 2023/12/12, 16:45:44.203, 23336390057946, testhost.dll, MSTest - Executing test TestIspravnogKonstruktoraKlaseGlasac1
TpTrace Information: 0 : 3404, 4, 2023/12/12, 16:45:44.231, 23336390337031, testhost.dll, MSTest - Executed test TestIspravnogKonstruktoraKlaseGlasac1
TpTrace Verbose: 0 : 3404, 4, 2023/12/12, 16:45:44.237, 23336390391406, testhost.dll, TestExecutionRecorder.RecordEnd: test: GlasacTest.UnitTest1.TestIspravnogKonstruktoraKlaseGlasac1 execution completed.
TpTrace Verbose: 0 : 3404, 4, 2023/12/12, 16:45:44.252, 23336390542166, testhost.dll, MulticastDelegateUtilities.SafeInvoke: TestCaseEventsHandler.RaiseTestCaseEnd: Invoking callback 1/1 for Microsoft.VisualStudio.TestPlatform.CrossPlatEngine.DataCollection.ProxyOutOfProcDataCollectionManager., took 14 ms.
TpTrace Verbose: 0 : 3404, 4, 2023/12/12, 16:45:44.253, 23336390551561, testhost.dll, TestExecutionRecorder.RecordResult: Received result for test: GlasacTest.UnitTest1.TestIspravnogKonstruktoraKlaseGlasac1.
TpTrace Verbose: 0 : 3404, 4, 2023/12/12, 16:45:44.254, 23336390567890, testhost.dll, MulticastDelegateUtilities.SafeInvoke: TestCaseEventsHandler.RaiseTestCaseEnd: Invoking callback 1/1 for Microsoft.VisualStudio.TestPlatform.CrossPlatEngine.DataCollection.ProxyOutOfProcDataCollectionManager., took 1 ms.
TpTrace Warning: 0 : 3404, 4, 2023/12/12, 16:45:44.259, 23336390611059, testhost.dll, TestRunCache: InProgressTests is null
TpTrace Warning: 0 : 3404, 4, 2023/12/12, 16:45:44.259, 23336390613744, testhost.dll, TestRunCache: No test found corresponding to testResult 'TestIspravnogKonstruktoraKlaseGlasac1' in inProgress list.
TpTrace Verbose: 0 : 3404, 4, 2023/12/12, 16:45:44.259, 23336390615102, testhost.dll, TestExecutionRecorder.RecordStart: Starting test: GlasacTest.UnitTest1.TestIspravnogKonstruktoraKlaseGlasac2.
TpTrace Verbose: 0 : 3404, 4, 2023/12/12, 16:45:44.261, 23336390635372, testhost.dll, MulticastDelegateUtilities.SafeInvoke: TestCaseEventsHandler.RaiseTestCaseStart: Invoking callback 1/1 for Microsoft.VisualStudio.TestPlatform.CrossPlatEngine.DataCollection.ProxyOutOfProcDataCollectionManager., took 1 ms.
TpTrace Information: 0 : 3404, 4, 2023/12/12, 16:45:44.261, 23336390636427, testhost.dll, MSTest - Executing test TestIspravnogKonstruktoraKlaseGlasac2
TpTrace Information: 0 : 3404, 4, 2023/12/12, 16:45:44.262, 23336390644708, testhost.dll, MSTest - Executed test TestIspravnogKonstruktoraKlaseGlasac2
TpTrace Verbose: 0 : 3404, 4, 2023/12/12, 16:45:44.262, 23336390645714, testhost.dll, TestExecutionRecorder.RecordEnd: test: GlasacTest.UnitTest1.TestIspravnogKonstruktoraKlaseGlasac2 execution completed.
TpTrace Verbose: 0 : 3404, 4, 2023/12/12, 16:45:44.264, 23336390661632, testhost.dll, MulticastDelegateUtilities.SafeInvoke: TestCaseEventsHandler.RaiseTestCaseEnd: Invoking callback 1/1 for Microsoft.VisualStudio.TestPlatform.CrossPlatEngine.DataCollection.ProxyOutOfProcDataCollectionManager., took 1 ms.
TpTrace Verbose: 0 : 3404, 4, 2023/12/12, 16:45:44.264, 23336390662422, testhost.dll, TestExecutionRecorder.RecordResult: Received result for test: GlasacTest.UnitTest1.TestIspravnogKonstruktoraKlaseGlasac2.
TpTrace Verbose: 0 : 3404, 4, 2023/12/12, 16:45:44.264, 23336390662840, testhost.dll, MulticastDelegateUtilities.SafeInvoke: TestCaseEventsHandler.RaiseTestCaseEnd: Invoking callback 1/1 for Microsoft.VisualStudio.TestPlatform.CrossPlatEngine.DataCollection.ProxyOutOfProcDataCollectionManager., took 0 ms.
TpTrace Warning: 0 : 3404, 4, 2023/12/12, 16:45:44.264, 23336390663136, testhost.dll, TestRunCache: InProgressTests is null
TpTrace Warning: 0 : 3404, 4, 2023/12/12, 16:45:44.264, 23336390663380, testhost.dll, TestRunCache: No test found corresponding to testResult 'TestIspravnogKonstruktoraKlaseGlasac2' in inProgress list.
TpTrace Verbose: 0 : 3404, 4, 2023/12/12, 16:45:44.264, 23336390663945, testhost.dll, TestExecutionRecorder.RecordStart: Starting test: GlasacTest.UnitTest1.TestIspravneDodjeleKoda1.
TpTrace Verbose: 0 : 3404, 4, 2023/12/12, 16:45:44.265, 23336390674102, testhost.dll, MulticastDelegateUtilities.SafeInvoke: TestCaseEventsHandler.RaiseTestCaseStart: Invoking callback 1/1 for Microsoft.VisualStudio.TestPlatform.CrossPlatEngine.DataCollection.ProxyOutOfProcDataCollectionManager., took 0 ms.
TpTrace Information: 0 : 3404, 4, 2023/12/12, 16:45:44.265, 23336390674683, testhost.dll, MSTest - Executing test TestIspravneDodjeleKoda1
TpTrace Information: 0 : 3404, 4, 2023/12/12, 16:45:44.265, 23336390679614, testhost.dll, MSTest - Executed test TestIspravneDodjeleKoda1
TpTrace Verbose: 0 : 3404, 4, 2023/12/12, 16:45:44.266, 23336390680455, testhost.dll, TestExecutionRecorder.RecordEnd: test: GlasacTest.UnitTest1.TestIspravneDodjeleKoda1 execution completed.
TpTrace Verbose: 0 : 3404, 4, 2023/12/12, 16:45:44.267, 23336390692673, testhost.dll, MulticastDelegateUtilities.SafeInvoke: TestCaseEventsHandler.RaiseTestCaseEnd: Invoking callback 1/1 for Microsoft.VisualStudio.TestPlatform.CrossPlatEngine.DataCollection.ProxyOutOfProcDataCollectionManager., took 1 ms.
TpTrace Verbose: 0 : 3404, 4, 2023/12/12, 16:45:44.267, 23336390693326, testhost.dll, TestExecutionRecorder.RecordResult: Received result for test: GlasacTest.UnitTest1.TestIspravneDodjeleKoda1.
TpTrace Verbose: 0 : 3404, 4, 2023/12/12, 16:45:44.267, 23336390693684, testhost.dll, MulticastDelegateUtilities.SafeInvoke: TestCaseEventsHandler.RaiseTestCaseEnd: Invoking callback 1/1 for Microsoft.VisualStudio.TestPlatform.CrossPlatEngine.DataCollection.ProxyOutOfProcDataCollectionManager., took 0 ms.
TpTrace Warning: 0 : 3404, 4, 2023/12/12, 16:45:44.267, 23336390693941, testhost.dll, TestRunCache: InProgressTests is null
TpTrace Warning: 0 : 3404, 4, 2023/12/12, 16:45:44.267, 23336390694126, testhost.dll, TestRunCache: No test found corresponding to testResult 'TestIspravneDodjeleKoda1' in inProgress list.
TpTrace Verbose: 0 : 3404, 4, 2023/12/12, 16:45:44.267, 23336390694617, testhost.dll, TestExecutionRecorder.RecordStart: Starting test: GlasacTest.UnitTest1.TestIspravneDodjeleKoda2.
TpTrace Verbose: 0 : 3404, 4, 2023/12/12, 16:45:44.268, 23336390707052, testhost.dll, MulticastDelegateUtilities.SafeInvoke: TestCaseEventsHandler.RaiseTestCaseStart: Invoking callback 1/1 for Microsoft.VisualStudio.TestPlatform.CrossPlatEngine.DataCollection.ProxyOutOfProcDataCollectionManager., took 1 ms.
TpTrace Information: 0 : 3404, 4, 2023/12/12, 16:45:44.268, 23336390707554, testhost.dll, MSTest - Executing test TestIspravneDodjeleKoda2
TpTrace Information: 0 : 3404, 4, 2023/12/12, 16:45:44.269, 23336390710801, testhost.dll, MSTest - Executed test TestIspravneDodjeleKoda2
TpTrace Verbose: 0 : 3404, 4, 2023/12/12, 16:45:44.269, 23336390711286, testhost.dll, TestExecutionRecorder.RecordEnd: test: GlasacTest.UnitTest1.TestIspravneDodjeleKoda2 execution completed.
TpTrace Verbose: 0 : 3404, 4, 2023/12/12, 16:45:44.270, 23336390721388, testhost.dll, MulticastDelegateUtilities.SafeInvoke: TestCaseEventsHandler.RaiseTestCaseEnd: Invoking callback 1/1 for Microsoft.VisualStudio.TestPlatform.CrossPlatEngine.DataCollection.ProxyOutOfProcDataCollectionManager., took 0 ms.
TpTrace Verbose: 0 : 3404, 4, 2023/12/12, 16:45:44.270, 23336390721844, testhost.dll, TestExecutionRecorder.RecordResult: Received result for test: GlasacTest.UnitTest1.TestIspravneDodjeleKoda2.
TpTrace Verbose: 0 : 3404, 4, 2023/12/12, 16:45:44.270, 23336390722154, testhost.dll, MulticastDelegateUtilities.SafeInvoke: TestCaseEventsHandler.RaiseTestCaseEnd: Invoking callback 1/1 for Microsoft.VisualStudio.TestPlatform.CrossPlatEngine.DataCollection.ProxyOutOfProcDataCollectionManager., took 0 ms.
TpTrace Warning: 0 : 3404, 4, 2023/12/12, 16:45:44.270, 23336390722437, testhost.dll, TestRunCache: InProgressTests is null
TpTrace Warning: 0 : 3404, 4, 2023/12/12, 16:45:44.270, 23336390722650, testhost.dll, TestRunCache: No test found corresponding to testResult 'TestIspravneDodjeleKoda2' in inProgress list.
TpTrace Verbose: 0 : 3404, 4, 2023/12/12, 16:45:44.270, 23336390723081, testhost.dll, TestExecutionRecorder.RecordStart: Starting test: GlasacTest.UnitTest1.TestDuzineImenaIzuzetak1.
TpTrace Verbose: 0 : 3404, 4, 2023/12/12, 16:45:44.271, 23336390732049, testhost.dll, MulticastDelegateUtilities.SafeInvoke: TestCaseEventsHandler.RaiseTestCaseStart: Invoking callback 1/1 for Microsoft.VisualStudio.TestPlatform.CrossPlatEngine.DataCollection.ProxyOutOfProcDataCollectionManager., took 0 ms.
TpTrace Information: 0 : 3404, 4, 2023/12/12, 16:45:44.271, 23336390732500, testhost.dll, MSTest - Executing test TestDuzineImenaIzuzetak1
TpTrace Information: 0 : 3404, 4, 2023/12/12, 16:45:44.272, 23336390749551, testhost.dll, MSTest - Executed test TestDuzineImenaIzuzetak1
TpTrace Verbose: 0 : 3404, 4, 2023/12/12, 16:45:44.273, 23336390750641, testhost.dll, TestExecutionRecorder.RecordEnd: test: GlasacTest.UnitTest1.TestDuzineImenaIzuzetak1 execution completed.
TpTrace Verbose: 0 : 3404, 4, 2023/12/12, 16:45:44.274, 23336390763066, testhost.dll, MulticastDelegateUtilities.SafeInvoke: TestCaseEventsHandler.RaiseTestCaseEnd: Invoking callback 1/1 for Microsoft.VisualStudio.TestPlatform.CrossPlatEngine.DataCollection.ProxyOutOfProcDataCollectionManager., took 1 ms.
TpTrace Verbose: 0 : 3404, 4, 2023/12/12, 16:45:44.274, 23336390763672, testhost.dll, TestExecutionRecorder.RecordResult: Received result for test: GlasacTest.UnitTest1.TestDuzineImenaIzuzetak1.
TpTrace Verbose: 0 : 3404, 4, 2023/12/12, 16:45:44.274, 23336390764023, testhost.dll, MulticastDelegateUtilities.SafeInvoke: TestCaseEventsHandler.RaiseTestCaseEnd: Invoking callback 1/1 for Microsoft.VisualStudio.TestPlatform.CrossPlatEngine.DataCollection.ProxyOutOfProcDataCollectionManager., took 0 ms.
TpTrace Warning: 0 : 3404, 4, 2023/12/12, 16:45:44.274, 23336390764288, testhost.dll, TestRunCache: InProgressTests is null
TpTrace Warning: 0 : 3404, 4, 2023/12/12, 16:45:44.274, 23336390764471, testhost.dll, TestRunCache: No test found corresponding to testResult 'TestDuzineImenaIzuzetak1' in inProgress list.
TpTrace Verbose: 0 : 3404, 4, 2023/12/12, 16:45:44.274, 23336390764948, testhost.dll, TestExecutionRecorder.RecordStart: Starting test: GlasacTest.UnitTest1.TestDuzineImenaIzuzetak2.
TpTrace Verbose: 0 : 3404, 4, 2023/12/12, 16:45:44.275, 23336390774225, testhost.dll, MulticastDelegateUtilities.SafeInvoke: TestCaseEventsHandler.RaiseTestCaseStart: Invoking callback 1/1 for Microsoft.VisualStudio.TestPlatform.CrossPlatEngine.DataCollection.ProxyOutOfProcDataCollectionManager., took 0 ms.
TpTrace Information: 0 : 3404, 4, 2023/12/12, 16:45:44.275, 23336390774727, testhost.dll, MSTest - Executing test TestDuzineImenaIzuzetak2
TpTrace Information: 0 : 3404, 4, 2023/12/12, 16:45:44.276, 23336390780932, testhost.dll, MSTest - Executed test TestDuzineImenaIzuzetak2
TpTrace Verbose: 0 : 3404, 4, 2023/12/12, 16:45:44.276, 23336390781474, testhost.dll, TestExecutionRecorder.RecordEnd: test: GlasacTest.UnitTest1.TestDuzineImenaIzuzetak2 execution completed.
TpTrace Verbose: 0 : 3404, 4, 2023/12/12, 16:45:44.277, 23336390793850, testhost.dll, MulticastDelegateUtilities.SafeInvoke: TestCaseEventsHandler.RaiseTestCaseEnd: Invoking callback 1/1 for Microsoft.VisualStudio.TestPlatform.CrossPlatEngine.DataCollection.ProxyOutOfProcDataCollectionManager., took 1 ms.
TpTrace Verbose: 0 : 3404, 4, 2023/12/12, 16:45:44.277, 23336390794779, testhost.dll, TestExecutionRecorder.RecordResult: Received result for test: GlasacTest.UnitTest1.TestDuzineImenaIzuzetak2.
TpTrace Verbose: 0 : 3404, 4, 2023/12/12, 16:45:44.277, 23336390795511, testhost.dll, MulticastDelegateUtilities.SafeInvoke: TestCaseEventsHandler.RaiseTestCaseEnd: Invoking callback 1/1 for Microsoft.VisualStudio.TestPlatform.CrossPlatEngine.DataCollection.ProxyOutOfProcDataCollectionManager., took 0 ms.
TpTrace Warning: 0 : 3404, 4, 2023/12/12, 16:45:44.277, 23336390795963, testhost.dll, TestRunCache: InProgressTests is null
TpTrace Warning: 0 : 3404, 4, 2023/12/12, 16:45:44.277, 23336390796200, testhost.dll, TestRunCache: No test found corresponding to testResult 'TestDuzineImenaIzuzetak2' in inProgress list.
TpTrace Verbose: 0 : 3404, 4, 2023/12/12, 16:45:44.277, 23336390796728, testhost.dll, TestExecutionRecorder.RecordStart: Starting test: GlasacTest.UnitTest1.TestPraznoImeIzuzetak1.
TpTrace Verbose: 0 : 3404, 4, 2023/12/12, 16:45:44.278, 23336390807402, testhost.dll, MulticastDelegateUtilities.SafeInvoke: TestCaseEventsHandler.RaiseTestCaseStart: Invoking callback 1/1 for Microsoft.VisualStudio.TestPlatform.CrossPlatEngine.DataCollection.ProxyOutOfProcDataCollectionManager., took 1 ms.
TpTrace Information: 0 : 3404, 4, 2023/12/12, 16:45:44.278, 23336390807993, testhost.dll, MSTest - Executing test TestPraznoImeIzuzetak1
TpTrace Information: 0 : 3404, 4, 2023/12/12, 16:45:44.279, 23336390814594, testhost.dll, MSTest - Executed test TestPraznoImeIzuzetak1
TpTrace Verbose: 0 : 3404, 4, 2023/12/12, 16:45:44.279, 23336390815090, testhost.dll, TestExecutionRecorder.RecordEnd: test: GlasacTest.UnitTest1.TestPraznoImeIzuzetak1 execution completed.
TpTrace Verbose: 0 : 3404, 4, 2023/12/12, 16:45:44.280, 23336390825465, testhost.dll, MulticastDelegateUtilities.SafeInvoke: TestCaseEventsHandler.RaiseTestCaseEnd: Invoking callback 1/1 for Microsoft.VisualStudio.TestPlatform.CrossPlatEngine.DataCollection.ProxyOutOfProcDataCollectionManager., took 1 ms.
TpTrace Verbose: 0 : 3404, 4, 2023/12/12, 16:45:44.280, 23336390825944, testhost.dll, TestExecutionRecorder.RecordResult: Received result for test: GlasacTest.UnitTest1.TestPraznoImeIzuzetak1.
TpTrace Verbose: 0 : 3404, 4, 2023/12/12, 16:45:44.280, 23336390826265, testhost.dll, MulticastDelegateUtilities.SafeInvoke: TestCaseEventsHandler.RaiseTestCaseEnd: Invoking callback 1/1 for Microsoft.VisualStudio.TestPlatform.CrossPlatEngine.DataCollection.ProxyOutOfProcDataCollectionManager., took 0 ms.
TpTrace Warning: 0 : 3404, 4, 2023/12/12, 16:45:44.280, 23336390826507, testhost.dll, TestRunCache: InProgressTests is null
TpTrace Warning: 0 : 3404, 4, 2023/12/12, 16:45:44.280, 23336390826686, testhost.dll, TestRunCache: No test found corresponding to testResult 'TestPraznoImeIzuzetak1' in inProgress list.
TpTrace Verbose: 0 : 3404, 4, 2023/12/12, 16:45:44.280, 23336390827179, testhost.dll, TestExecutionRecorder.RecordStart: Starting test: GlasacTest.UnitTest1.TestPraznoImeIzuzetak2.
TpTrace Verbose: 0 : 3404, 4, 2023/12/12, 16:45:44.281, 23336390836585, testhost.dll, MulticastDelegateUtilities.SafeInvoke: TestCaseEventsHandler.RaiseTestCaseStart: Invoking callback 1/1 for Microsoft.VisualStudio.TestPlatform.CrossPlatEngine.DataCollection.ProxyOutOfProcDataCollectionManager., took 0 ms.
TpTrace Information: 0 : 3404, 4, 2023/12/12, 16:45:44.281, 23336390837142, testhost.dll, MSTest - Executing test TestPraznoImeIzuzetak2
TpTrace Information: 0 : 3404, 4, 2023/12/12, 16:45:44.282, 23336390844421, testhost.dll, MSTest - Executed test TestPraznoImeIzuzetak2
TpTrace Verbose: 0 : 3404, 4, 2023/12/12, 16:45:44.282, 23336390845052, testhost.dll, TestExecutionRecorder.RecordEnd: test: GlasacTest.UnitTest1.TestPraznoImeIzuzetak2 execution completed.
TpTrace Verbose: 0 : 3404, 4, 2023/12/12, 16:45:44.283, 23336390856183, testhost.dll, MulticastDelegateUtilities.SafeInvoke: TestCaseEventsHandler.RaiseTestCaseEnd: Invoking callback 1/1 for Microsoft.VisualStudio.TestPlatform.CrossPlatEngine.DataCollection.ProxyOutOfProcDataCollectionManager., took 1 ms.
TpTrace Verbose: 0 : 3404, 4, 2023/12/12, 16:45:44.283, 23336390856685, testhost.dll, TestExecutionRecorder.RecordResult: Received result for test: GlasacTest.UnitTest1.TestPraznoImeIzuzetak2.
TpTrace Verbose: 0 : 3404, 4, 2023/12/12, 16:45:44.283, 23336390857065, testhost.dll, MulticastDelegateUtilities.SafeInvoke: TestCaseEventsHandler.RaiseTestCaseEnd: Invoking callback 1/1 for Microsoft.VisualStudio.TestPlatform.CrossPlatEngine.DataCollection.ProxyOutOfProcDataCollectionManager., took 0 ms.
TpTrace Warning: 0 : 3404, 4, 2023/12/12, 16:45:44.283, 23336390857353, testhost.dll, TestRunCache: InProgressTests is null
TpTrace Warning: 0 : 3404, 4, 2023/12/12, 16:45:44.283, 23336390857561, testhost.dll, TestRunCache: No test found corresponding to testResult 'TestPraznoImeIzuzetak2' in inProgress list.
TpTrace Verbose: 0 : 3404, 4, 2023/12/12, 16:45:44.283, 23336390858018, testhost.dll, TestExecutionRecorder.RecordStart: Starting test: GlasacTest.UnitTest1.TestImeNullIzuzetak1.
TpTrace Verbose: 0 : 3404, 4, 2023/12/12, 16:45:44.284, 23336390866601, testhost.dll, MulticastDelegateUtilities.SafeInvoke: TestCaseEventsHandler.RaiseTestCaseStart: Invoking callback 1/1 for Microsoft.VisualStudio.TestPlatform.CrossPlatEngine.DataCollection.ProxyOutOfProcDataCollectionManager., took 0 ms.
TpTrace Information: 0 : 3404, 4, 2023/12/12, 16:45:44.284, 23336390867035, testhost.dll, MSTest - Executing test TestImeNullIzuzetak1
TpTrace Information: 0 : 3404, 4, 2023/12/12, 16:45:44.285, 23336390873510, testhost.dll, MSTest - Executed test TestImeNullIzuzetak1
TpTrace Verbose: 0 : 3404, 4, 2023/12/12, 16:45:44.285, 23336390874046, testhost.dll, TestExecutionRecorder.RecordEnd: test: GlasacTest.UnitTest1.TestImeNullIzuzetak1 execution completed.
TpTrace Verbose: 0 : 3404, 4, 2023/12/12, 16:45:44.286, 23336390884200, testhost.dll, MulticastDelegateUtilities.SafeInvoke: TestCaseEventsHandler.RaiseTestCaseEnd: Invoking callback 1/1 for Microsoft.VisualStudio.TestPlatform.CrossPlatEngine.DataCollection.ProxyOutOfProcDataCollectionManager., took 0 ms.
TpTrace Verbose: 0 : 3404, 4, 2023/12/12, 16:45:44.286, 23336390884666, testhost.dll, TestExecutionRecorder.RecordResult: Received result for test: GlasacTest.UnitTest1.TestImeNullIzuzetak1.
TpTrace Verbose: 0 : 3404, 4, 2023/12/12, 16:45:44.286, 23336390884972, testhost.dll, MulticastDelegateUtilities.SafeInvoke: TestCaseEventsHandler.RaiseTestCaseEnd: Invoking callback 1/1 for Microsoft.VisualStudio.TestPlatform.CrossPlatEngine.DataCollection.ProxyOutOfProcDataCollectionManager., took 0 ms.
TpTrace Warning: 0 : 3404, 4, 2023/12/12, 16:45:44.286, 23336390885218, testhost.dll, TestRunCache: InProgressTests is null
TpTrace Warning: 0 : 3404, 4, 2023/12/12, 16:45:44.286, 23336390885397, testhost.dll, TestRunCache: No test found corresponding to testResult 'TestImeNullIzuzetak1' in inProgress list.
TpTrace Verbose: 0 : 3404, 4, 2023/12/12, 16:45:44.286, 23336390885874, testhost.dll, TestExecutionRecorder.RecordStart: Starting test: GlasacTest.UnitTest1.TestImeNisuSlovaIzuzetak.
TpTrace Information: 0 : 3404, 4, 2023/12/12, 16:45:44.287, 23336390899559, testhost.dll, Sending test run statistics
TpTrace Verbose: 0 : 3404, 4, 2023/12/12, 16:45:44.316, 23336391180948, testhost.dll, TestRequestHandler.SendData: sending data from testhost: {"Version":7,"MessageType":"TestExecution.StatsChange","Payload":{"NewTestResults":[{"TestCase":{"Id":"6a8830f3-dfe5-9cf8-0545-461c95ec9bda","FullyQualifiedName":"GlasacTest.UnitTest1.TestIspravnogKonstruktoraKlaseGlasac1","DisplayName":"TestIspravnogKonstruktoraKlaseGlasac1","ExecutorUri":"executor://MSTestAdapter/v2","Source":"C:\\Users\\29\\Documents\\GitHub\\e-Demokratija-VVS\\e-Demokratija\\GlasacTest\\bin\\Debug\\net5.0\\fine-code-coverage\\build-output\\GlasacTest.dll","CodeFilePath":null,"LineNumber":-1,"Properties":[{"Key":{"Id":"TestCase.ManagedType","Label":"ManagedType","Category":"","Description":"","Attributes":1,"ValueType":"System.String"},"Value":"GlasacTest.UnitTest1"},{"Key":{"Id":"TestCase.ManagedMethod","Label":"ManagedMethod","Category":"","Description":"","Attributes":1,"ValueType":"System.String"},"Value":"TestIspravnogKonstruktoraKlaseGlasac1"},{"Key":{"Id":"MSTestDiscoverer.TestClassName","Label":"ClassName","Category":"","Description":"","Attributes":1,"ValueType":"System.String"},"Value":"GlasacTest.UnitTest1"},{"Key":{"Id":"TestCase.Hierarchy","Label":"Hierarchy","Category":"","Description":"","Attributes":2,"ValueType":"System.String[]"},"Value":["GlasacTest","UnitTest1"]},{"Key":{"Id":"TestObject.Traits","Label":"Traits","Category":"","Description":"","Attributes":5,"ValueType":"System.Collections.Generic.KeyValuePair`2[[System.String],[System.String]][]"},"Value":[]}]},"Attachments":[],"Outcome":1,"ErrorMessage":null,"ErrorStackTrace":null,"DisplayName":"TestIspravnogKonstruktoraKlaseGlasac1","Messages":[],"ComputerName":null,"Duration":"00:00:00.0109642","StartTime":"2023-12-12T16:45:44.2037028+01:00","EndTime":"2023-12-12T16:45:44.2317947+01:00","Properties":[{"Key":{"Id":"ExecutionId","Label":"ExecutionId","Category":"","Description":"","Attributes":1,"ValueType":"System.Guid"},"Value":"00000000-0000-0000-0000-000000000000"},{"Key":{"Id":"ParentExecId","Label":"ParentExecId","Category":"","Description":"","Attributes":1,"ValueType":"System.Guid"},"Value":"00000000-0000-0000-0000-000000000000"},{"Key":{"Id":"InnerResultsCount","Label":"InnerResultsCount","Category":"","Description":"","Attributes":1,"ValueType":"System.Int32"},"Value":0}]},{"TestCase":{"Id":"f93948ea-4f3a-90b9-30bc-0e2fee5b9027","FullyQualifiedName":"GlasacTest.UnitTest1.TestIspravnogKonstruktoraKlaseGlasac2","DisplayName":"TestIspravnogKonstruktoraKlaseGlasac2","ExecutorUri":"executor://MSTestAdapter/v2","Source":"C:\\Users\\29\\Documents\\GitHub\\e-Demokratija-VVS\\e-Demokratija\\GlasacTest\\bin\\Debug\\net5.0\\fine-code-coverage\\build-output\\GlasacTest.dll","CodeFilePath":null,"LineNumber":-1,"Properties":[{"Key":{"Id":"TestCase.ManagedType","Label":"ManagedType","Category":"","Description":"","Attributes":1,"ValueType":"System.String"},"Value":"GlasacTest.UnitTest1"},{"Key":{"Id":"TestCase.ManagedMethod","Label":"ManagedMethod","Category":"","Description":"","Attributes":1,"ValueType":"System.String"},"Value":"TestIspravnogKonstruktoraKlaseGlasac2"},{"Key":{"Id":"MSTestDiscoverer.TestClassName","Label":"ClassName","Category":"","Description":"","Attributes":1,"ValueType":"System.String"},"Value":"GlasacTest.UnitTest1"},{"Key":{"Id":"TestCase.Hierarchy","Label":"Hierarchy","Category":"","Description":"","Attributes":2,"ValueType":"System.String[]"},"Value":["GlasacTest","UnitTest1"]},{"Key":{"Id":"TestObject.Traits","Label":"Traits","Category":"","Description":"","Attributes":5,"ValueType":"System.Collections.Generic.KeyValuePair`2[[System.String],[System.String]][]"},"Value":[]}]},"Attachments":[],"Outcome":1,"ErrorMessage":null,"ErrorStackTrace":null,"DisplayName":"TestIspravnogKonstruktoraKlaseGlasac2","Messages":[],"ComputerName":null,"Duration":"00:00:00.0005831","StartTime":"2023-12-12T16:45:44.2616216+01:00","EndTime":"2023-12-12T16:45:44.2625347+01:00","Properties":[{"Key":{"Id":"ExecutionId","Label":"ExecutionId","Category":"","Description":"","Attributes":1,"ValueType":"System.Guid"},"Value":"00000000-0000-0000-0000-000000000000"},{"Key":{"Id":"ParentExecId","Label":"ParentExecId","Category":"","Description":"","Attributes":1,"ValueType":"System.Guid"},"Value":"00000000-0000-0000-0000-000000000000"},{"Key":{"Id":"InnerResultsCount","Label":"InnerResultsCount","Category":"","Description":"","Attributes":1,"ValueType":"System.Int32"},"Value":0}]},{"TestCase":{"Id":"6ddc9370-7350-bc68-da43-6eef32513937","FullyQualifiedName":"GlasacTest.UnitTest1.TestIspravneDodjeleKoda1","DisplayName":"TestIspravneDodjeleKoda1","ExecutorUri":"executor://MSTestAdapter/v2","Source":"C:\\Users\\29\\Documents\\GitHub\\e-Demokratija-VVS\\e-Demokratija\\GlasacTest\\bin\\Debug\\net5.0\\fine-code-coverage\\build-output\\GlasacTest.dll","CodeFilePath":null,"LineNumber":-1,"Properties":[{"Key":{"Id":"TestCase.ManagedType","Label":"ManagedType","Category":"","Description":"","Attributes":1,"ValueType":"System.String"},"Value":"GlasacTest.UnitTest1"},{"Key":{"Id":"TestCase.ManagedMethod","Label":"ManagedMethod","Category":"","Description":"","Attributes":1,"ValueType":"System.String"},"Value":"TestIspravneDodjeleKoda1"},{"Key":{"Id":"MSTestDiscoverer.TestClassName","Label":"ClassName","Category":"","Description":"","Attributes":1,"ValueType":"System.String"},"Value":"GlasacTest.UnitTest1"},{"Key":{"Id":"TestCase.Hierarchy","Label":"Hierarchy","Category":"","Description":"","Attributes":2,"ValueType":"System.String[]"},"Value":["GlasacTest","UnitTest1"]},{"Key":{"Id":"TestObject.Traits","Label":"Traits","Category":"","Description":"","Attributes":5,"ValueType":"System.Collections.Generic.KeyValuePair`2[[System.String],[System.String]][]"},"Value":[]}]},"Attachments":[],"Outcome":1,"ErrorMessage":null,"ErrorStackTrace":null,"DisplayName":"TestIspravneDodjeleKoda1","Messages":[],"ComputerName":null,"Duration":"00:00:00.0003153","StartTime":"2023-12-12T16:45:44.2654489+01:00","EndTime":"2023-12-12T16:45:44.2660139+01:00","Properties":[{"Key":{"Id":"ExecutionId","Label":"ExecutionId","Category":"","Description":"","Attributes":1,"ValueType":"System.Guid"},"Value":"00000000-0000-0000-0000-000000000000"},{"Key":{"Id":"ParentExecId","Label":"ParentExecId","Category":"","Description":"","Attributes":1,"ValueType":"System.Guid"},"Value":"00000000-0000-0000-0000-000000000000"},{"Key":{"Id":"InnerResultsCount","Label":"InnerResultsCount","Category":"","Description":"","Attributes":1,"ValueType":"System.Int32"},"Value":0}]},{"TestCase":{"Id":"a5785a24-645b-c905-9dbd-94f0ba7935bb","FullyQualifiedName":"GlasacTest.UnitTest1.TestIspravneDodjeleKoda2","DisplayName":"TestIspravneDodjeleKoda2","ExecutorUri":"executor://MSTestAdapter/v2","Source":"C:\\Users\\29\\Documents\\GitHub\\e-Demokratija-VVS\\e-Demokratija\\GlasacTest\\bin\\Debug\\net5.0\\fine-code-coverage\\build-output\\GlasacTest.dll","CodeFilePath":null,"LineNumber":-1,"Properties":[{"Key":{"Id":"TestCase.ManagedType","Label":"ManagedType","Category":"","Description":"","Attributes":1,"ValueType":"System.String"},"Value":"GlasacTest.UnitTest1"},{"Key":{"Id":"TestCase.ManagedMethod","Label":"ManagedMethod","Category":"","Description":"","Attributes":1,"ValueType":"System.String"},"Value":"TestIspravneDodjeleKoda2"},{"Key":{"Id":"MSTestDiscoverer.TestClassName","Label":"ClassName","Category":"","Description":"","Attributes":1,"ValueType":"System.String"},"Value":"GlasacTest.UnitTest1"},{"Key":{"Id":"TestCase.Hierarchy","Label":"Hierarchy","Category":"","Description":"","Attributes":2,"ValueType":"System.String[]"},"Value":["GlasacTest","UnitTest1"]},{"Key":{"Id":"TestObject.Traits","Label":"Traits","Category":"","Description":"","Attributes":5,"ValueType":"System.Collections.Generic.KeyValuePair`2[[System.String],[System.String]][]"},"Value":[]}]},"Attachments":[],"Outcome":1,"ErrorMessage":null,"ErrorStackTrace":null,"DisplayName":"TestIspravneDodjeleKoda2","Messages":[],"ComputerName":null,"Duration":"00:00:00.0001844","StartTime":"2023-12-12T16:45:44.2687363+01:00","EndTime":"2023-12-12T16:45:44.2691034+01:00","Properties":[{"Key":{"Id":"ExecutionId","Label":"ExecutionId","Category":"","Description":"","Attributes":1,"ValueType":"System.Guid"},"Value":"00000000-0000-0000-0000-000000000000"},{"Key":{"Id":"ParentExecId","Label":"ParentExecId","Category":"","Description":"","Attributes":1,"ValueType":"System.Guid"},"Value":"00000000-0000-0000-0000-000000000000"},{"Key":{"Id":"InnerResultsCount","Label":"InnerResultsCount","Category":"","Description":"","Attributes":1,"ValueType":"System.Int32"},"Value":0}]},{"TestCase":{"Id":"4989200b-19d0-ad47-d7e5-6aff09a4ca06","FullyQualifiedName":"GlasacTest.UnitTest1.TestDuzineImenaIzuzetak1","DisplayName":"TestDuzineImenaIzuzetak1","ExecutorUri":"executor://MSTestAdapter/v2","Source":"C:\\Users\\29\\Documents\\GitHub\\e-Demokratija-VVS\\e-Demokratija\\GlasacTest\\bin\\Debug\\net5.0\\fine-code-coverage\\build-output\\GlasacTest.dll","CodeFilePath":null,"LineNumber":-1,"Properties":[{"Key":{"Id":"TestCase.ManagedType","Label":"ManagedType","Category":"","Description":"","Attributes":1,"ValueType":"System.String"},"Value":"GlasacTest.UnitTest1"},{"Key":{"Id":"TestCase.ManagedMethod","Label":"ManagedMethod","Category":"","Description":"","Attributes":1,"ValueType":"System.String"},"Value":"TestDuzineImenaIzuzetak1"},{"Key":{"Id":"MSTestDiscoverer.TestClassName","Label":"ClassName","Category":"","Description":"","Attributes":1,"ValueType":"System.String"},"Value":"GlasacTest.UnitTest1"},{"Key":{"Id":"TestCase.Hierarchy","Label":"Hierarchy","Category":"","Description":"","Attributes":2,"ValueType":"System.String[]"},"Value":["GlasacTest","UnitTest1"]},{"Key":{"Id":"TestObject.Traits","Label":"Traits","Category":"","Description":"","Attributes":5,"ValueType":"System.Collections.Generic.KeyValuePair`2[[System.String],[System.String]][]"},"Value":[]}]},"Attachments":[],"Outcome":1,"ErrorMessage":null,"ErrorStackTrace":null,"DisplayName":"TestDuzineImenaIzuzetak1","Messages":[],"ComputerName":null,"Duration":"00:00:00.0014993","StartTime":"2023-12-12T16:45:44.2712314+01:00","EndTime":"2023-12-12T16:45:44.273034+01:00","Properties":[{"Key":{"Id":"ExecutionId","Label":"ExecutionId","Category":"","Description":"","Attributes":1,"ValueType":"System.Guid"},"Value":"00000000-0000-0000-0000-000000000000"},{"Key":{"Id":"ParentExecId","Label":"ParentExecId","Category":"","Description":"","Attributes":1,"ValueType":"System.Guid"},"Value":"00000000-0000-0000-0000-000000000000"},{"Key":{"Id":"InnerResultsCount","Label":"InnerResultsCount","Category":"","Description":"","Attributes":1,"ValueType":"System.Int32"},"Value":0}]},{"TestCase":{"Id":"9594bdf3-28bb-e5ad-8b1d-5a2011af20da","FullyQualifiedName":"GlasacTest.UnitTest1.TestDuzineImenaIzuzetak2","DisplayName":"TestDuzineImenaIzuzetak2","ExecutorUri":"executor://MSTestAdapter/v2","Source":"C:\\Users\\29\\Documents\\GitHub\\e-Demokratija-VVS\\e-Demokratija\\GlasacTest\\bin\\Debug\\net5.0\\fine-code-coverage\\build-output\\GlasacTest.dll","CodeFilePath":null,"LineNumber":-1,"Properties":[{"Key":{"Id":"TestCase.ManagedType","Label":"ManagedType","Category":"","Description":"","Attributes":1,"ValueType":"System.String"},"Value":"GlasacTest.UnitTest1"},{"Key":{"Id":"TestCase.ManagedMethod","Label":"ManagedMethod","Category":"","Description":"","Attributes":1,"ValueType":"System.String"},"Value":"TestDuzineImenaIzuzetak2"},{"Key":{"Id":"MSTestDiscoverer.TestClassName","Label":"ClassName","Category":"","Description":"","Attributes":1,"ValueType":"System.String"},"Value":"GlasacTest.UnitTest1"},{"Key":{"Id":"TestCase.Hierarchy","Label":"Hierarchy","Category":"","Description":"","Attributes":2,"ValueType":"System.String[]"},"Value":["GlasacTest","UnitTest1"]},{"Key":{"Id":"TestObject.Traits","Label":"Traits","Category":"","Description":"","Attributes":5,"ValueType":"System.Collections.Generic.KeyValuePair`2[[System.String],[System.String]][]"},"Value":[]}]},"Attachments":[],"Outcome":1,"ErrorMessage":null,"ErrorStackTrace":null,"DisplayName":"TestDuzineImenaIzuzetak2","Messages":[],"ComputerName":null,"Duration":"00:00:00.0004439","StartTime":"2023-12-12T16:45:44.275454+01:00","EndTime":"2023-12-12T16:45:44.2761224+01:00","Properties":[{"Key":{"Id":"ExecutionId","Label":"ExecutionId","Category":"","Description":"","Attributes":1,"ValueType":"System.Guid"},"Value":"00000000-0000-0000-0000-000000000000"},{"Key":{"Id":"ParentExecId","Label":"ParentExecId","Category":"","Description":"","Attributes":1,"ValueType":"System.Guid"},"Value":"00000000-0000-0000-0000-000000000000"},{"Key":{"Id":"InnerResultsCount","Label":"InnerResultsCount","Category":"","Description":"","Attributes":1,"ValueType":"System.Int32"},"Value":0}]},{"TestCase":{"Id":"0ef0b886-81a3-ee7b-415a-7a90914cb8e3","FullyQualifiedName":"GlasacTest.UnitTest1.TestPraznoImeIzuzetak1","DisplayName":"TestPraznoImeIzuzetak1","ExecutorUri":"executor://MSTestAdapter/v2","Source":"C:\\Users\\29\\Documents\\GitHub\\e-Demokratija-VVS\\e-Demokratija\\GlasacTest\\bin\\Debug\\net5.0\\fine-code-coverage\\build-output\\GlasacTest.dll","CodeFilePath":null,"LineNumber":-1,"Properties":[{"Key":{"Id":"TestCase.ManagedType","Label":"ManagedType","Category":"","Description":"","Attributes":1,"ValueType":"System.String"},"Value":"GlasacTest.UnitTest1"},{"Key":{"Id":"TestCase.ManagedMethod","Label":"ManagedMethod","Category":"","Description":"","Attributes":1,"ValueType":"System.String"},"Value":"TestPraznoImeIzuzetak1"},{"Key":{"Id":"MSTestDiscoverer.TestClassName","Label":"ClassName","Category":"","Description":"","Attributes":1,"ValueType":"System.String"},"Value":"GlasacTest.UnitTest1"},{"Key":{"Id":"TestCase.Hierarchy","Label":"Hierarchy","Category":"","Description":"","Attributes":2,"ValueType":"System.String[]"},"Value":["GlasacTest","UnitTest1"]},{"Key":{"Id":"TestObject.Traits","Label":"Traits","Category":"","Description":"","Attributes":5,"ValueType":"System.Collections.Generic.KeyValuePair`2[[System.String],[System.String]][]"},"Value":[]}]},"Attachments":[],"Outcome":1,"ErrorMessage":null,"ErrorStackTrace":null,"DisplayName":"TestPraznoImeIzuzetak1","Messages":[],"ComputerName":null,"Duration":"00:00:00.0004650","StartTime":"2023-12-12T16:45:44.2787798+01:00","EndTime":"2023-12-12T16:45:44.2794844+01:00","Properties":[{"Key":{"Id":"ExecutionId","Label":"ExecutionId","Category":"","Description":"","Attributes":1,"ValueType":"System.Guid"},"Value":"00000000-0000-0000-0000-000000000000"},{"Key":{"Id":"ParentExecId","Label":"ParentExecId","Category":"","Description":"","Attributes":1,"ValueType":"System.Guid"},"Value":"00000000-0000-0000-0000-000000000000"},{"Key":{"Id":"InnerResultsCount","Label":"InnerResultsCount","Category":"","Description":"","Attributes":1,"ValueType":"System.Int32"},"Value":0}]},{"TestCase":{"Id":"eaf5dde1-6645-5741-9407-a8db0ec6fa38","FullyQualifiedName":"GlasacTest.UnitTest1.TestPraznoImeIzuzetak2","DisplayName":"TestPraznoImeIzuzetak2","ExecutorUri":"executor://MSTestAdapter/v2","Source":"C:\\Users\\29\\Documents\\GitHub\\e-Demokratija-VVS\\e-Demokratija\\GlasacTest\\bin\\Debug\\net5.0\\fine-code-coverage\\build-output\\GlasacTest.dll","CodeFilePath":null,"LineNumber":-1,"Properties":[{"Key":{"Id":"TestCase.ManagedType","Label":"ManagedType","Category":"","Description":"","Attributes":1,"ValueType":"System.String"},"Value":"GlasacTest.UnitTest1"},{"Key":{"Id":"TestCase.ManagedMethod","Label":"ManagedMethod","Category":"","Description":"","Attributes":1,"ValueType":"System.String"},"Value":"TestPraznoImeIzuzetak2"},{"Key":{"Id":"MSTestDiscoverer.TestClassName","Label":"ClassName","Category":"","Description":"","Attributes":1,"ValueType":"System.String"},"Value":"GlasacTest.UnitTest1"},{"Key":{"Id":"TestCase.Hierarchy","Label":"Hierarchy","Category":"","Description":"","Attributes":2,"ValueType":"System.String[]"},"Value":["GlasacTest","UnitTest1"]},{"Key":{"Id":"TestObject.Traits","Label":"Traits","Category":"","Description":"","Attributes":5,"ValueType":"System.Collections.Generic.KeyValuePair`2[[System.String],[System.String]][]"},"Value":[]}]},"Attachments":[],"Outcome":1,"ErrorMessage":null,"ErrorStackTrace":null,"DisplayName":"TestPraznoImeIzuzetak2","Messages":[],"ComputerName":null,"Duration":"00:00:00.0005345","StartTime":"2023-12-12T16:45:44.2816954+01:00","EndTime":"2023-12-12T16:45:44.2824791+01:00","Properties":[{"Key":{"Id":"ExecutionId","Label":"ExecutionId","Category":"","Description":"","Attributes":1,"ValueType":"System.Guid"},"Value":"00000000-0000-0000-0000-000000000000"},{"Key":{"Id":"ParentExecId","Label":"ParentExecId","Category":"","Description":"","Attributes":1,"ValueType":"System.Guid"},"Value":"00000000-0000-0000-0000-000000000000"},{"Key":{"Id":"InnerResultsCount","Label":"InnerResultsCount","Category":"","Description":"","Attributes":1,"ValueType":"System.Int32"},"Value":0}]},{"TestCase":{"Id":"82f93303-c1e1-edb4-ae6a-9a75e27678cf","FullyQualifiedName":"GlasacTest.UnitTest1.TestImeNullIzuzetak1","DisplayName":"TestImeNullIzuzetak1","ExecutorUri":"executor://MSTestAdapter/v2","Source":"C:\\Users\\29\\Documents\\GitHub\\e-Demokratija-VVS\\e-Demokratija\\GlasacTest\\bin\\Debug\\net5.0\\fine-code-coverage\\build-output\\GlasacTest.dll","CodeFilePath":null,"LineNumber":-1,"Properties":[{"Key":{"Id":"TestCase.ManagedType","Label":"ManagedType","Category":"","Description":"","Attributes":1,"ValueType":"System.String"},"Value":"GlasacTest.UnitTest1"},{"Key":{"Id":"TestCase.ManagedMethod","Label":"ManagedMethod","Category":"","Description":"","Attributes":1,"ValueType":"System.String"},"Value":"TestImeNullIzuzetak1"},{"Key":{"Id":"MSTestDiscoverer.TestClassName","Label":"ClassName","Category":"","Description":"","Attributes":1,"ValueType":"System.String"},"Value":"GlasacTest.UnitTest1"},{"Key":{"Id":"TestCase.Hierarchy","Label":"Hierarchy","Category":"","Description":"","Attributes":2,"ValueType":"System.String[]"},"Value":["GlasacTest","UnitTest1"]},{"Key":{"Id":"TestObject.Traits","Label":"Traits","Category":"","Description":"","Attributes":5,"ValueType":"System.Collections.Generic.KeyValuePair`2[[System.String],[System.String]][]"},"Value":[]}]},"Attachments":[],"Outcome":1,"ErrorMessage":null,"ErrorStackTrace":null,"DisplayName":"TestImeNullIzuzetak1","Messages":[],"ComputerName":null,"Duration":"00:00:00.0004505","StartTime":"2023-12-12T16:45:44.2846851+01:00","EndTime":"2023-12-12T16:45:44.2853794+01:00","Properties":[{"Key":{"Id":"ExecutionId","Label":"ExecutionId","Category":"","Description":"","Attributes":1,"ValueType":"System.Guid"},"Value":"00000000-0000-0000-0000-000000000000"},{"Key":{"Id":"ParentExecId","Label":"ParentExecId","Category":"","Description":"","Attributes":1,"ValueType":"System.Guid"},"Value":"00000000-0000-0000-0000-000000000000"},{"Key":{"Id":"InnerResultsCount","Label":"InnerResultsCount","Category":"","Description":"","Attributes":1,"ValueType":"System.Int32"},"Value":0}]}],"TestRunStatistics":{"ExecutedTests":9,"Stats":{"Passed":9}},"ActiveTests":[{"Id":"c55264a7-37c8-744b-702e-fc36af29a59a","FullyQualifiedName":"GlasacTest.UnitTest1.TestImeNisuSlovaIzuzetak","DisplayName":"TestImeNisuSlovaIzuzetak","ExecutorUri":"executor://MSTestAdapter/v2","Source":"C:\\Users\\29\\Documents\\GitHub\\e-Demokratija-VVS\\e-Demokratija\\GlasacTest\\bin\\Debug\\net5.0\\fine-code-coverage\\build-output\\GlasacTest.dll","CodeFilePath":null,"LineNumber":-1,"Properties":[{"Key":{"Id":"TestCase.ManagedType","Label":"ManagedType","Category":"","Description":"","Attributes":1,"ValueType":"System.String"},"Value":"GlasacTest.UnitTest1"},{"Key":{"Id":"TestCase.ManagedMethod","Label":"ManagedMethod","Category":"","Description":"","Attributes":1,"ValueType":"System.String"},"Value":"TestImeNisuSlovaIzuzetak"},{"Key":{"Id":"MSTestDiscoverer.TestClassName","Label":"ClassName","Category":"","Description":"","Attributes":1,"ValueType":"System.String"},"Value":"GlasacTest.UnitTest1"},{"Key":{"Id":"TestCase.Hierarchy","Label":"Hierarchy","Category":"","Description":"","Attributes":2,"ValueType":"System.String[]"},"Value":["GlasacTest","UnitTest1"]},{"Key":{"Id":"TestObject.Traits","Label":"Traits","Category":"","Description":"","Attributes":5,"ValueType":"System.Collections.Generic.KeyValuePair`2[[System.String],[System.String]][]"},"Value":[]}]}]}}
TpTrace Verbose: 0 : 3404, 4, 2023/12/12, 16:45:44.316, 23336391185311, testhost.dll, TestRunCache: OnNewTestResult: Notified the onCacheHit callback.
TpTrace Verbose: 0 : 3404, 4, 2023/12/12, 16:45:44.317, 23336391198115, testhost.dll, MulticastDelegateUtilities.SafeInvoke: TestCaseEventsHandler.RaiseTestCaseStart: Invoking callback 1/1 for Microsoft.VisualStudio.TestPlatform.CrossPlatEngine.DataCollection.ProxyOutOfProcDataCollectionManager., took 1 ms.
TpTrace Information: 0 : 3404, 4, 2023/12/12, 16:45:44.317, 23336391198951, testhost.dll, MSTest - Executing test TestImeNisuSlovaIzuzetak
TpTrace Information: 0 : 3404, 4, 2023/12/12, 16:45:44.318, 23336391206584, testhost.dll, MSTest - Executed test TestImeNisuSlovaIzuzetak
TpTrace Verbose: 0 : 3404, 4, 2023/12/12, 16:45:44.318, 23336391207400, testhost.dll, TestExecutionRecorder.RecordEnd: test: GlasacTest.UnitTest1.TestImeNisuSlovaIzuzetak execution completed.
TpTrace Warning: 0 : 3404, 4, 2023/12/12, 16:45:44.318, 23336391207638, testhost.dll, TestRunCache: InProgressTests is null
TpTrace Verbose: 0 : 3404, 4, 2023/12/12, 16:45:44.320, 23336391220255, testhost.dll, MulticastDelegateUtilities.SafeInvoke: TestCaseEventsHandler.RaiseTestCaseEnd: Invoking callback 1/1 for Microsoft.VisualStudio.TestPlatform.CrossPlatEngine.DataCollection.ProxyOutOfProcDataCollectionManager., took 1 ms.
TpTrace Verbose: 0 : 3404, 4, 2023/12/12, 16:45:44.320, 23336391221111, testhost.dll, TestExecutionRecorder.RecordResult: Received result for test: GlasacTest.UnitTest1.TestImeNisuSlovaIzuzetak.
TpTrace Verbose: 0 : 3404, 4, 2023/12/12, 16:45:44.320, 23336391221536, testhost.dll, MulticastDelegateUtilities.SafeInvoke: TestCaseEventsHandler.RaiseTestCaseEnd: Invoking callback 1/1 for Microsoft.VisualStudio.TestPlatform.CrossPlatEngine.DataCollection.ProxyOutOfProcDataCollectionManager., took 0 ms.
TpTrace Warning: 0 : 3404, 4, 2023/12/12, 16:45:44.320, 23336391221806, testhost.dll, TestRunCache: InProgressTests is null
TpTrace Warning: 0 : 3404, 4, 2023/12/12, 16:45:44.320, 23336391221994, testhost.dll, TestRunCache: No test found corresponding to testResult 'TestImeNisuSlovaIzuzetak' in inProgress list.
TpTrace Verbose: 0 : 3404, 4, 2023/12/12, 16:45:44.320, 23336391222532, testhost.dll, TestExecutionRecorder.RecordStart: Starting test: GlasacTest.UnitTest1.TestiImeCrticaIzuzetak.
TpTrace Verbose: 0 : 3404, 4, 2023/12/12, 16:45:44.321, 23336391233552, testhost.dll, MulticastDelegateUtilities.SafeInvoke: TestCaseEventsHandler.RaiseTestCaseStart: Invoking callback 1/1 for Microsoft.VisualStudio.TestPlatform.CrossPlatEngine.DataCollection.ProxyOutOfProcDataCollectionManager., took 1 ms.
TpTrace Information: 0 : 3404, 4, 2023/12/12, 16:45:44.321, 23336391234176, testhost.dll, MSTest - Executing test TestiImeCrticaIzuzetak
TpTrace Information: 0 : 3404, 4, 2023/12/12, 16:45:44.322, 23336391241008, testhost.dll, MSTest - Executed test TestiImeCrticaIzuzetak
TpTrace Verbose: 0 : 3404, 4, 2023/12/12, 16:45:44.322, 23336391241655, testhost.dll, TestExecutionRecorder.RecordEnd: test: GlasacTest.UnitTest1.TestiImeCrticaIzuzetak execution completed.
TpTrace Verbose: 0 : 3404, 4, 2023/12/12, 16:45:44.323, 23336391257353, testhost.dll, MulticastDelegateUtilities.SafeInvoke: TestCaseEventsHandler.RaiseTestCaseEnd: Invoking callback 1/1 for Microsoft.VisualStudio.TestPlatform.CrossPlatEngine.DataCollection.ProxyOutOfProcDataCollectionManager., took 1 ms.
TpTrace Verbose: 0 : 3404, 4, 2023/12/12, 16:45:44.323, 23336391258033, testhost.dll, TestExecutionRecorder.RecordResult: Received result for test: GlasacTest.UnitTest1.TestiImeCrticaIzuzetak.
TpTrace Verbose: 0 : 3404, 4, 2023/12/12, 16:45:44.323, 23336391258431, testhost.dll, MulticastDelegateUtilities.SafeInvoke: TestCaseEventsHandler.RaiseTestCaseEnd: Invoking callback 1/1 for Microsoft.VisualStudio.TestPlatform.CrossPlatEngine.DataCollection.ProxyOutOfProcDataCollectionManager., took 0 ms.
TpTrace Warning: 0 : 3404, 4, 2023/12/12, 16:45:44.323, 23336391258733, testhost.dll, TestRunCache: InProgressTests is null
TpTrace Warning: 0 : 3404, 4, 2023/12/12, 16:45:44.323, 23336391258919, testhost.dll, TestRunCache: No test found corresponding to testResult 'TestiImeCrticaIzuzetak' in inProgress list.
TpTrace Verbose: 0 : 3404, 4, 2023/12/12, 16:45:44.323, 23336391259394, testhost.dll, TestExecutionRecorder.RecordStart: Starting test: GlasacTest.UnitTest1.TestDuzinePrezimenaIzuzetak1.
TpTrace Verbose: 0 : 3404, 4, 2023/12/12, 16:45:44.325, 23336391271715, testhost.dll, MulticastDelegateUtilities.SafeInvoke: TestCaseEventsHandler.RaiseTestCaseStart: Invoking callback 1/1 for Microsoft.VisualStudio.TestPlatform.CrossPlatEngine.DataCollection.ProxyOutOfProcDataCollectionManager., took 1 ms.
TpTrace Information: 0 : 3404, 4, 2023/12/12, 16:45:44.325, 23336391272577, testhost.dll, MSTest - Executing test TestDuzinePrezimenaIzuzetak1
TpTrace Information: 0 : 3404, 4, 2023/12/12, 16:45:44.325, 23336391280066, testhost.dll, MSTest - Executed test TestDuzinePrezimenaIzuzetak1
TpTrace Verbose: 0 : 3404, 4, 2023/12/12, 16:45:44.326, 23336391280750, testhost.dll, TestExecutionRecorder.RecordEnd: test: GlasacTest.UnitTest1.TestDuzinePrezimenaIzuzetak1 execution completed.
TpTrace Verbose: 0 : 3404, 4, 2023/12/12, 16:45:44.327, 23336391292891, testhost.dll, MulticastDelegateUtilities.SafeInvoke: TestCaseEventsHandler.RaiseTestCaseEnd: Invoking callback 1/1 for Microsoft.VisualStudio.TestPlatform.CrossPlatEngine.DataCollection.ProxyOutOfProcDataCollectionManager., took 1 ms.
TpTrace Verbose: 0 : 3404, 4, 2023/12/12, 16:45:44.327, 23336391293544, testhost.dll, TestExecutionRecorder.RecordResult: Received result for test: GlasacTest.UnitTest1.TestDuzinePrezimenaIzuzetak1.
TpTrace Verbose: 0 : 3404, 4, 2023/12/12, 16:45:44.327, 23336391293943, testhost.dll, MulticastDelegateUtilities.SafeInvoke: TestCaseEventsHandler.RaiseTestCaseEnd: Invoking callback 1/1 for Microsoft.VisualStudio.TestPlatform.CrossPlatEngine.DataCollection.ProxyOutOfProcDataCollectionManager., took 0 ms.
TpTrace Warning: 0 : 3404, 4, 2023/12/12, 16:45:44.327, 23336391294202, testhost.dll, TestRunCache: InProgressTests is null
TpTrace Warning: 0 : 3404, 4, 2023/12/12, 16:45:44.327, 23336391294385, testhost.dll, TestRunCache: No test found corresponding to testResult 'TestDuzinePrezimenaIzuzetak1' in inProgress list.
TpTrace Verbose: 0 : 3404, 4, 2023/12/12, 16:45:44.327, 23336391294895, testhost.dll, TestExecutionRecorder.RecordStart: Starting test: GlasacTest.UnitTest1.TestDuzinPrezimenaIzuzetak2.
TpTrace Verbose: 0 : 3404, 4, 2023/12/12, 16:45:44.328, 23336391305759, testhost.dll, MulticastDelegateUtilities.SafeInvoke: TestCaseEventsHandler.RaiseTestCaseStart: Invoking callback 1/1 for Microsoft.VisualStudio.TestPlatform.CrossPlatEngine.DataCollection.ProxyOutOfProcDataCollectionManager., took 1 ms.
TpTrace Information: 0 : 3404, 4, 2023/12/12, 16:45:44.328, 23336391306328, testhost.dll, MSTest - Executing test TestDuzinPrezimenaIzuzetak2
TpTrace Information: 0 : 3404, 4, 2023/12/12, 16:45:44.329, 23336391312879, testhost.dll, MSTest - Executed test TestDuzinPrezimenaIzuzetak2
TpTrace Verbose: 0 : 3404, 4, 2023/12/12, 16:45:44.329, 23336391313490, testhost.dll, TestExecutionRecorder.RecordEnd: test: GlasacTest.UnitTest1.TestDuzinPrezimenaIzuzetak2 execution completed.
TpTrace Verbose: 0 : 3404, 4, 2023/12/12, 16:45:44.330, 23336391324889, testhost.dll, MulticastDelegateUtilities.SafeInvoke: TestCaseEventsHandler.RaiseTestCaseEnd: Invoking callback 1/1 for Microsoft.VisualStudio.TestPlatform.CrossPlatEngine.DataCollection.ProxyOutOfProcDataCollectionManager., took 1 ms.
TpTrace Verbose: 0 : 3404, 4, 2023/12/12, 16:45:44.330, 23336391325399, testhost.dll, TestExecutionRecorder.RecordResult: Received result for test: GlasacTest.UnitTest1.TestDuzinPrezimenaIzuzetak2.
TpTrace Verbose: 0 : 3404, 4, 2023/12/12, 16:45:44.330, 23336391325786, testhost.dll, MulticastDelegateUtilities.SafeInvoke: TestCaseEventsHandler.RaiseTestCaseEnd: Invoking callback 1/1 for Microsoft.VisualStudio.TestPlatform.CrossPlatEngine.DataCollection.ProxyOutOfProcDataCollectionManager., took 0 ms.
TpTrace Warning: 0 : 3404, 4, 2023/12/12, 16:45:44.330, 23336391326039, testhost.dll, TestRunCache: InProgressTests is null
TpTrace Warning: 0 : 3404, 4, 2023/12/12, 16:45:44.330, 23336391326224, testhost.dll, TestRunCache: No test found corresponding to testResult 'TestDuzinPrezimenaIzuzetak2' in inProgress list.
TpTrace Verbose: 0 : 3404, 4, 2023/12/12, 16:45:44.330, 23336391326748, testhost.dll, TestExecutionRecorder.RecordStart: Starting test: GlasacTest.UnitTest1.TestPraznoPrezimeIzuzetak.
TpTrace Verbose: 0 : 3404, 4, 2023/12/12, 16:45:44.331, 23336391336362, testhost.dll, MulticastDelegateUtilities.SafeInvoke: TestCaseEventsHandler.RaiseTestCaseStart: Invoking callback 1/1 for Microsoft.VisualStudio.TestPlatform.CrossPlatEngine.DataCollection.ProxyOutOfProcDataCollectionManager., took 0 ms.
TpTrace Information: 0 : 3404, 4, 2023/12/12, 16:45:44.331, 23336391337024, testhost.dll, MSTest - Executing test TestPraznoPrezimeIzuzetak
TpTrace Information: 0 : 3404, 4, 2023/12/12, 16:45:44.332, 23336391343421, testhost.dll, MSTest - Executed test TestPraznoPrezimeIzuzetak
TpTrace Verbose: 0 : 3404, 4, 2023/12/12, 16:45:44.332, 23336391344027, testhost.dll, TestExecutionRecorder.RecordEnd: test: GlasacTest.UnitTest1.TestPraznoPrezimeIzuzetak execution completed.
TpTrace Verbose: 0 : 3404, 4, 2023/12/12, 16:45:44.333, 23336391356023, testhost.dll, MulticastDelegateUtilities.SafeInvoke: TestCaseEventsHandler.RaiseTestCaseEnd: Invoking callback 1/1 for Microsoft.VisualStudio.TestPlatform.CrossPlatEngine.DataCollection.ProxyOutOfProcDataCollectionManager., took 1 ms.
TpTrace Verbose: 0 : 3404, 4, 2023/12/12, 16:45:44.333, 23336391356626, testhost.dll, TestExecutionRecorder.RecordResult: Received result for test: GlasacTest.UnitTest1.TestPraznoPrezimeIzuzetak.
TpTrace Verbose: 0 : 3404, 4, 2023/12/12, 16:45:44.333, 23336391356992, testhost.dll, MulticastDelegateUtilities.SafeInvoke: TestCaseEventsHandler.RaiseTestCaseEnd: Invoking callback 1/1 for Microsoft.VisualStudio.TestPlatform.CrossPlatEngine.DataCollection.ProxyOutOfProcDataCollectionManager., took 0 ms.
TpTrace Warning: 0 : 3404, 4, 2023/12/12, 16:45:44.333, 23336391357258, testhost.dll, TestRunCache: InProgressTests is null
TpTrace Warning: 0 : 3404, 4, 2023/12/12, 16:45:44.333, 23336391357439, testhost.dll, TestRunCache: No test found corresponding to testResult 'TestPraznoPrezimeIzuzetak' in inProgress list.
TpTrace Verbose: 0 : 3404, 4, 2023/12/12, 16:45:44.333, 23336391357943, testhost.dll, TestExecutionRecorder.RecordStart: Starting test: GlasacTest.UnitTest1.TestPrezimeNisuSlovaIzuzetak.
TpTrace Verbose: 0 : 3404, 4, 2023/12/12, 16:45:44.334, 23336391368117, testhost.dll, MulticastDelegateUtilities.SafeInvoke: TestCaseEventsHandler.RaiseTestCaseStart: Invoking callback 1/1 for Microsoft.VisualStudio.TestPlatform.CrossPlatEngine.DataCollection.ProxyOutOfProcDataCollectionManager., took 0 ms.
TpTrace Information: 0 : 3404, 4, 2023/12/12, 16:45:44.334, 23336391368663, testhost.dll, MSTest - Executing test TestPrezimeNisuSlovaIzuzetak
TpTrace Information: 0 : 3404, 4, 2023/12/12, 16:45:44.335, 23336391374861, testhost.dll, MSTest - Executed test TestPrezimeNisuSlovaIzuzetak
TpTrace Verbose: 0 : 3404, 4, 2023/12/12, 16:45:44.335, 23336391375412, testhost.dll, TestExecutionRecorder.RecordEnd: test: GlasacTest.UnitTest1.TestPrezimeNisuSlovaIzuzetak execution completed.
TpTrace Verbose: 0 : 3404, 4, 2023/12/12, 16:45:44.336, 23336391387365, testhost.dll, MulticastDelegateUtilities.SafeInvoke: TestCaseEventsHandler.RaiseTestCaseEnd: Invoking callback 1/1 for Microsoft.VisualStudio.TestPlatform.CrossPlatEngine.DataCollection.ProxyOutOfProcDataCollectionManager., took 1 ms.
TpTrace Verbose: 0 : 3404, 4, 2023/12/12, 16:45:44.336, 23336391388027, testhost.dll, TestExecutionRecorder.RecordResult: Received result for test: GlasacTest.UnitTest1.TestPrezimeNisuSlovaIzuzetak.
TpTrace Verbose: 0 : 3404, 4, 2023/12/12, 16:45:44.336, 23336391388528, testhost.dll, MulticastDelegateUtilities.SafeInvoke: TestCaseEventsHandler.RaiseTestCaseEnd: Invoking callback 1/1 for Microsoft.VisualStudio.TestPlatform.CrossPlatEngine.DataCollection.ProxyOutOfProcDataCollectionManager., took 0 ms.
TpTrace Warning: 0 : 3404, 4, 2023/12/12, 16:45:44.336, 23336391388807, testhost.dll, TestRunCache: InProgressTests is null
TpTrace Warning: 0 : 3404, 4, 2023/12/12, 16:45:44.336, 23336391388995, testhost.dll, TestRunCache: No test found corresponding to testResult 'TestPrezimeNisuSlovaIzuzetak' in inProgress list.
TpTrace Verbose: 0 : 3404, 4, 2023/12/12, 16:45:44.336, 23336391389469, testhost.dll, TestExecutionRecorder.RecordStart: Starting test: GlasacTest.UnitTest1.TestPrezimeCrticaIzuzetak.
TpTrace Verbose: 0 : 3404, 4, 2023/12/12, 16:45:44.337, 23336391399703, testhost.dll, MulticastDelegateUtilities.SafeInvoke: TestCaseEventsHandler.RaiseTestCaseStart: Invoking callback 1/1 for Microsoft.VisualStudio.TestPlatform.CrossPlatEngine.DataCollection.ProxyOutOfProcDataCollectionManager., took 0 ms.
TpTrace Information: 0 : 3404, 4, 2023/12/12, 16:45:44.338, 23336391400400, testhost.dll, MSTest - Executing test TestPrezimeCrticaIzuzetak
TpTrace Information: 0 : 3404, 4, 2023/12/12, 16:45:44.338, 23336391406983, testhost.dll, MSTest - Executed test TestPrezimeCrticaIzuzetak
TpTrace Verbose: 0 : 3404, 4, 2023/12/12, 16:45:44.338, 23336391407546, testhost.dll, TestExecutionRecorder.RecordEnd: test: GlasacTest.UnitTest1.TestPrezimeCrticaIzuzetak execution completed.
TpTrace Verbose: 0 : 3404, 4, 2023/12/12, 16:45:44.340, 23336391420225, testhost.dll, MulticastDelegateUtilities.SafeInvoke: TestCaseEventsHandler.RaiseTestCaseEnd: Invoking callback 1/1 for Microsoft.VisualStudio.TestPlatform.CrossPlatEngine.DataCollection.ProxyOutOfProcDataCollectionManager., took 1 ms.
TpTrace Verbose: 0 : 3404, 4, 2023/12/12, 16:45:44.340, 23336391420847, testhost.dll, TestExecutionRecorder.RecordResult: Received result for test: GlasacTest.UnitTest1.TestPrezimeCrticaIzuzetak.
TpTrace Verbose: 0 : 3404, 4, 2023/12/12, 16:45:44.340, 23336391421219, testhost.dll, MulticastDelegateUtilities.SafeInvoke: TestCaseEventsHandler.RaiseTestCaseEnd: Invoking callback 1/1 for Microsoft.VisualStudio.TestPlatform.CrossPlatEngine.DataCollection.ProxyOutOfProcDataCollectionManager., took 0 ms.
TpTrace Warning: 0 : 3404, 4, 2023/12/12, 16:45:44.340, 23336391421473, testhost.dll, TestRunCache: InProgressTests is null
TpTrace Warning: 0 : 3404, 4, 2023/12/12, 16:45:44.340, 23336391421656, testhost.dll, TestRunCache: No test found corresponding to testResult 'TestPrezimeCrticaIzuzetak' in inProgress list.
TpTrace Verbose: 0 : 3404, 4, 2023/12/12, 16:45:44.340, 23336391422194, testhost.dll, TestExecutionRecorder.RecordStart: Starting test: GlasacTest.UnitTest1.TestDatumUBuducnostiIzuzetak.
TpTrace Verbose: 0 : 3404, 4, 2023/12/12, 16:45:44.341, 23336391438702, testhost.dll, MulticastDelegateUtilities.SafeInvoke: TestCaseEventsHandler.RaiseTestCaseStart: Invoking callback 1/1 for Microsoft.VisualStudio.TestPlatform.CrossPlatEngine.DataCollection.ProxyOutOfProcDataCollectionManager., took 1 ms.
TpTrace Information: 0 : 3404, 4, 2023/12/12, 16:45:44.341, 23336391439404, testhost.dll, MSTest - Executing test TestDatumUBuducnostiIzuzetak
TpTrace Information: 0 : 3404, 4, 2023/12/12, 16:45:44.342, 23336391446415, testhost.dll, MSTest - Executed test TestDatumUBuducnostiIzuzetak
TpTrace Verbose: 0 : 3404, 4, 2023/12/12, 16:45:44.342, 23336391447202, testhost.dll, TestExecutionRecorder.RecordEnd: test: GlasacTest.UnitTest1.TestDatumUBuducnostiIzuzetak execution completed.
TpTrace Verbose: 0 : 3404, 4, 2023/12/12, 16:45:44.344, 23336391462652, testhost.dll, MulticastDelegateUtilities.SafeInvoke: TestCaseEventsHandler.RaiseTestCaseEnd: Invoking callback 1/1 for Microsoft.VisualStudio.TestPlatform.CrossPlatEngine.DataCollection.ProxyOutOfProcDataCollectionManager., took 1 ms.
TpTrace Verbose: 0 : 3404, 4, 2023/12/12, 16:45:44.344, 23336391463930, testhost.dll, TestExecutionRecorder.RecordResult: Received result for test: GlasacTest.UnitTest1.TestDatumUBuducnostiIzuzetak.
TpTrace Verbose: 0 : 3404, 4, 2023/12/12, 16:45:44.344, 23336391464754, testhost.dll, MulticastDelegateUtilities.SafeInvoke: TestCaseEventsHandler.RaiseTestCaseEnd: Invoking callback 1/1 for Microsoft.VisualStudio.TestPlatform.CrossPlatEngine.DataCollection.ProxyOutOfProcDataCollectionManager., took 0 ms.
TpTrace Warning: 0 : 3404, 4, 2023/12/12, 16:45:44.344, 23336391465309, testhost.dll, TestRunCache: InProgressTests is null
TpTrace Warning: 0 : 3404, 4, 2023/12/12, 16:45:44.344, 23336391465678, testhost.dll, TestRunCache: No test found corresponding to testResult 'TestDatumUBuducnostiIzuzetak' in inProgress list.
TpTrace Verbose: 0 : 3404, 4, 2023/12/12, 16:45:44.344, 23336391466694, testhost.dll, TestExecutionRecorder.RecordStart: Starting test: GlasacTest.UnitTest1.TestPunoljetniGlasacIzuzetak1.
TpTrace Verbose: 0 : 3404, 4, 2023/12/12, 16:45:44.346, 23336391482148, testhost.dll, MulticastDelegateUtilities.SafeInvoke: TestCaseEventsHandler.RaiseTestCaseStart: Invoking callback 1/1 for Microsoft.VisualStudio.TestPlatform.CrossPlatEngine.DataCollection.ProxyOutOfProcDataCollectionManager., took 1 ms.
TpTrace Information: 0 : 3404, 4, 2023/12/12, 16:45:44.346, 23336391483195, testhost.dll, MSTest - Executing test TestPunoljetniGlasacIzuzetak1
TpTrace Information: 0 : 3404, 4, 2023/12/12, 16:45:44.347, 23336391492398, testhost.dll, MSTest - Executed test TestPunoljetniGlasacIzuzetak1
TpTrace Verbose: 0 : 3404, 4, 2023/12/12, 16:45:44.347, 23336391493397, testhost.dll, TestExecutionRecorder.RecordEnd: test: GlasacTest.UnitTest1.TestPunoljetniGlasacIzuzetak1 execution completed.
TpTrace Verbose: 0 : 3404, 4, 2023/12/12, 16:45:44.349, 23336391512751, testhost.dll, MulticastDelegateUtilities.SafeInvoke: TestCaseEventsHandler.RaiseTestCaseEnd: Invoking callback 1/1 for Microsoft.VisualStudio.TestPlatform.CrossPlatEngine.DataCollection.ProxyOutOfProcDataCollectionManager., took 1 ms.
TpTrace Verbose: 0 : 3404, 4, 2023/12/12, 16:45:44.349, 23336391513506, testhost.dll, TestExecutionRecorder.RecordResult: Received result for test: GlasacTest.UnitTest1.TestPunoljetniGlasacIzuzetak1.
TpTrace Verbose: 0 : 3404, 4, 2023/12/12, 16:45:44.349, 23336391513920, testhost.dll, MulticastDelegateUtilities.SafeInvoke: TestCaseEventsHandler.RaiseTestCaseEnd: Invoking callback 1/1 for Microsoft.VisualStudio.TestPlatform.CrossPlatEngine.DataCollection.ProxyOutOfProcDataCollectionManager., took 0 ms.
TpTrace Warning: 0 : 3404, 4, 2023/12/12, 16:45:44.349, 23336391514200, testhost.dll, TestRunCache: InProgressTests is null
TpTrace Warning: 0 : 3404, 4, 2023/12/12, 16:45:44.349, 23336391514391, testhost.dll, TestRunCache: No test found corresponding to testResult 'TestPunoljetniGlasacIzuzetak1' in inProgress list.
TpTrace Verbose: 0 : 3404, 4, 2023/12/12, 16:45:44.349, 23336391515030, testhost.dll, TestExecutionRecorder.RecordStart: Starting test: GlasacTest.UnitTest1.TestPunoljetniGlasacIzuzetak2.
TpTrace Information: 0 : 3404, 4, 2023/12/12, 16:45:44.349, 23336391515484, testhost.dll, Sending test run statistics
TpTrace Verbose: 0 : 3404, 4, 2023/12/12, 16:45:44.350, 23336391529929, testhost.dll, TestRequestHandler.SendData: sending data from testhost: {"Version":7,"MessageType":"TestExecution.StatsChange","Payload":{"NewTestResults":[{"TestCase":{"Id":"c55264a7-37c8-744b-702e-fc36af29a59a","FullyQualifiedName":"GlasacTest.UnitTest1.TestImeNisuSlovaIzuzetak","DisplayName":"TestImeNisuSlovaIzuzetak","ExecutorUri":"executor://MSTestAdapter/v2","Source":"C:\\Users\\29\\Documents\\GitHub\\e-Demokratija-VVS\\e-Demokratija\\GlasacTest\\bin\\Debug\\net5.0\\fine-code-coverage\\build-output\\GlasacTest.dll","CodeFilePath":null,"LineNumber":-1,"Properties":[{"Key":{"Id":"TestCase.ManagedType","Label":"ManagedType","Category":"","Description":"","Attributes":1,"ValueType":"System.String"},"Value":"GlasacTest.UnitTest1"},{"Key":{"Id":"TestCase.ManagedMethod","Label":"ManagedMethod","Category":"","Description":"","Attributes":1,"ValueType":"System.String"},"Value":"TestImeNisuSlovaIzuzetak"},{"Key":{"Id":"MSTestDiscoverer.TestClassName","Label":"ClassName","Category":"","Description":"","Attributes":1,"ValueType":"System.String"},"Value":"GlasacTest.UnitTest1"},{"Key":{"Id":"TestCase.Hierarchy","Label":"Hierarchy","Category":"","Description":"","Attributes":2,"ValueType":"System.String[]"},"Value":["GlasacTest","UnitTest1"]},{"Key":{"Id":"TestObject.Traits","Label":"Traits","Category":"","Description":"","Attributes":5,"ValueType":"System.Collections.Generic.KeyValuePair`2[[System.String],[System.String]][]"},"Value":[]}]},"Attachments":[],"Outcome":1,"ErrorMessage":null,"ErrorStackTrace":null,"DisplayName":"TestImeNisuSlovaIzuzetak","Messages":[],"ComputerName":null,"Duration":"00:00:00.0005279","StartTime":"2023-12-12T16:45:44.317874+01:00","EndTime":"2023-12-12T16:45:44.3187116+01:00","Properties":[{"Key":{"Id":"ExecutionId","Label":"ExecutionId","Category":"","Description":"","Attributes":1,"ValueType":"System.Guid"},"Value":"00000000-0000-0000-0000-000000000000"},{"Key":{"Id":"ParentExecId","Label":"ParentExecId","Category":"","Description":"","Attributes":1,"ValueType":"System.Guid"},"Value":"00000000-0000-0000-0000-000000000000"},{"Key":{"Id":"InnerResultsCount","Label":"InnerResultsCount","Category":"","Description":"","Attributes":1,"ValueType":"System.Int32"},"Value":0}]},{"TestCase":{"Id":"cc58a5ec-7acb-a573-a501-bac1cd4290f1","FullyQualifiedName":"GlasacTest.UnitTest1.TestiImeCrticaIzuzetak","DisplayName":"TestiImeCrticaIzuzetak","ExecutorUri":"executor://MSTestAdapter/v2","Source":"C:\\Users\\29\\Documents\\GitHub\\e-Demokratija-VVS\\e-Demokratija\\GlasacTest\\bin\\Debug\\net5.0\\fine-code-coverage\\build-output\\GlasacTest.dll","CodeFilePath":null,"LineNumber":-1,"Properties":[{"Key":{"Id":"TestCase.ManagedType","Label":"ManagedType","Category":"","Description":"","Attributes":1,"ValueType":"System.String"},"Value":"GlasacTest.UnitTest1"},{"Key":{"Id":"TestCase.ManagedMethod","Label":"ManagedMethod","Category":"","Description":"","Attributes":1,"ValueType":"System.String"},"Value":"TestiImeCrticaIzuzetak"},{"Key":{"Id":"MSTestDiscoverer.TestClassName","Label":"ClassName","Category":"","Description":"","Attributes":1,"ValueType":"System.String"},"Value":"GlasacTest.UnitTest1"},{"Key":{"Id":"TestCase.Hierarchy","Label":"Hierarchy","Category":"","Description":"","Attributes":2,"ValueType":"System.String[]"},"Value":["GlasacTest","UnitTest1"]},{"Key":{"Id":"TestObject.Traits","Label":"Traits","Category":"","Description":"","Attributes":5,"ValueType":"System.Collections.Generic.KeyValuePair`2[[System.String],[System.String]][]"},"Value":[]}]},"Attachments":[],"Outcome":1,"ErrorMessage":null,"ErrorStackTrace":null,"DisplayName":"TestiImeCrticaIzuzetak","Messages":[],"ComputerName":null,"Duration":"00:00:00.0004821","StartTime":"2023-12-12T16:45:44.3213979+01:00","EndTime":"2023-12-12T16:45:44.3221379+01:00","Properties":[{"Key":{"Id":"ExecutionId","Label":"ExecutionId","Category":"","Description":"","Attributes":1,"ValueType":"System.Guid"},"Value":"00000000-0000-0000-0000-000000000000"},{"Key":{"Id":"ParentExecId","Label":"ParentExecId","Category":"","Description":"","Attributes":1,"ValueType":"System.Guid"},"Value":"00000000-0000-0000-0000-000000000000"},{"Key":{"Id":"InnerResultsCount","Label":"InnerResultsCount","Category":"","Description":"","Attributes":1,"ValueType":"System.Int32"},"Value":0}]},{"TestCase":{"Id":"7bb92d12-6964-5d12-b9b5-9f3b4f8ed1d3","FullyQualifiedName":"GlasacTest.UnitTest1.TestDuzinePrezimenaIzuzetak1","DisplayName":"TestDuzinePrezimenaIzuzetak1","ExecutorUri":"executor://MSTestAdapter/v2","Source":"C:\\Users\\29\\Documents\\GitHub\\e-Demokratija-VVS\\e-Demokratija\\GlasacTest\\bin\\Debug\\net5.0\\fine-code-coverage\\build-output\\GlasacTest.dll","CodeFilePath":null,"LineNumber":-1,"Properties":[{"Key":{"Id":"TestCase.ManagedType","Label":"ManagedType","Category":"","Description":"","Attributes":1,"ValueType":"System.String"},"Value":"GlasacTest.UnitTest1"},{"Key":{"Id":"TestCase.ManagedMethod","Label":"ManagedMethod","Category":"","Description":"","Attributes":1,"ValueType":"System.String"},"Value":"TestDuzinePrezimenaIzuzetak1"},{"Key":{"Id":"MSTestDiscoverer.TestClassName","Label":"ClassName","Category":"","Description":"","Attributes":1,"ValueType":"System.String"},"Value":"GlasacTest.UnitTest1"},{"Key":{"Id":"TestCase.Hierarchy","Label":"Hierarchy","Category":"","Description":"","Attributes":2,"ValueType":"System.String[]"},"Value":["GlasacTest","UnitTest1"]},{"Key":{"Id":"TestObject.Traits","Label":"Traits","Category":"","Description":"","Attributes":5,"ValueType":"System.Collections.Generic.KeyValuePair`2[[System.String],[System.String]][]"},"Value":[]}]},"Attachments":[],"Outcome":1,"ErrorMessage":null,"ErrorStackTrace":null,"DisplayName":"TestDuzinePrezimenaIzuzetak1","Messages":[],"ComputerName":null,"Duration":"00:00:00.0005163","StartTime":"2023-12-12T16:45:44.3252371+01:00","EndTime":"2023-12-12T16:45:44.3260482+01:00","Properties":[{"Key":{"Id":"ExecutionId","Label":"ExecutionId","Category":"","Description":"","Attributes":1,"ValueType":"System.Guid"},"Value":"00000000-0000-0000-0000-000000000000"},{"Key":{"Id":"ParentExecId","Label":"ParentExecId","Category":"","Description":"","Attributes":1,"ValueType":"System.Guid"},"Value":"00000000-0000-0000-0000-000000000000"},{"Key":{"Id":"InnerResultsCount","Label":"InnerResultsCount","Category":"","Description":"","Attributes":1,"ValueType":"System.Int32"},"Value":0}]},{"TestCase":{"Id":"64cc4626-9435-277b-8d57-d9ced54de85f","FullyQualifiedName":"GlasacTest.UnitTest1.TestDuzinPrezimenaIzuzetak2","DisplayName":"TestDuzinPrezimenaIzuzetak2","ExecutorUri":"executor://MSTestAdapter/v2","Source":"C:\\Users\\29\\Documents\\GitHub\\e-Demokratija-VVS\\e-Demokratija\\GlasacTest\\bin\\Debug\\net5.0\\fine-code-coverage\\build-output\\GlasacTest.dll","CodeFilePath":null,"LineNumber":-1,"Properties":[{"Key":{"Id":"TestCase.ManagedType","Label":"ManagedType","Category":"","Description":"","Attributes":1,"ValueType":"System.String"},"Value":"GlasacTest.UnitTest1"},{"Key":{"Id":"TestCase.ManagedMethod","Label":"ManagedMethod","Category":"","Description":"","Attributes":1,"ValueType":"System.String"},"Value":"TestDuzinPrezimenaIzuzetak2"},{"Key":{"Id":"MSTestDiscoverer.TestClassName","Label":"ClassName","Category":"","Description":"","Attributes":1,"ValueType":"System.String"},"Value":"GlasacTest.UnitTest1"},{"Key":{"Id":"TestCase.Hierarchy","Label":"Hierarchy","Category":"","Description":"","Attributes":2,"ValueType":"System.String[]"},"Value":["GlasacTest","UnitTest1"]},{"Key":{"Id":"TestObject.Traits","Label":"Traits","Category":"","Description":"","Attributes":5,"ValueType":"System.Collections.Generic.KeyValuePair`2[[System.String],[System.String]][]"},"Value":[]}]},"Attachments":[],"Outcome":1,"ErrorMessage":null,"ErrorStackTrace":null,"DisplayName":"TestDuzinPrezimenaIzuzetak2","Messages":[],"ComputerName":null,"Duration":"00:00:00.0004607","StartTime":"2023-12-12T16:45:44.3286138+01:00","EndTime":"2023-12-12T16:45:44.3293232+01:00","Properties":[{"Key":{"Id":"ExecutionId","Label":"ExecutionId","Category":"","Description":"","Attributes":1,"ValueType":"System.Guid"},"Value":"00000000-0000-0000-0000-000000000000"},{"Key":{"Id":"ParentExecId","Label":"ParentExecId","Category":"","Description":"","Attributes":1,"ValueType":"System.Guid"},"Value":"00000000-0000-0000-0000-000000000000"},{"Key":{"Id":"InnerResultsCount","Label":"InnerResultsCount","Category":"","Description":"","Attributes":1,"ValueType":"System.Int32"},"Value":0}]},{"TestCase":{"Id":"12f7652e-d06a-025c-21b0-7173d9110319","FullyQualifiedName":"GlasacTest.UnitTest1.TestPraznoPrezimeIzuzetak","DisplayName":"TestPraznoPrezimeIzuzetak","ExecutorUri":"executor://MSTestAdapter/v2","Source":"C:\\Users\\29\\Documents\\GitHub\\e-Demokratija-VVS\\e-Demokratija\\GlasacTest\\bin\\Debug\\net5.0\\fine-code-coverage\\build-output\\GlasacTest.dll","CodeFilePath":null,"LineNumber":-1,"Properties":[{"Key":{"Id":"TestCase.ManagedType","Label":"ManagedType","Category":"","Description":"","Attributes":1,"ValueType":"System.String"},"Value":"GlasacTest.UnitTest1"},{"Key":{"Id":"TestCase.ManagedMethod","Label":"ManagedMethod","Category":"","Description":"","Attributes":1,"ValueType":"System.String"},"Value":"TestPraznoPrezimeIzuzetak"},{"Key":{"Id":"MSTestDiscoverer.TestClassName","Label":"ClassName","Category":"","Description":"","Attributes":1,"ValueType":"System.String"},"Value":"GlasacTest.UnitTest1"},{"Key":{"Id":"TestCase.Hierarchy","Label":"Hierarchy","Category":"","Description":"","Attributes":2,"ValueType":"System.String[]"},"Value":["GlasacTest","UnitTest1"]},{"Key":{"Id":"TestObject.Traits","Label":"Traits","Category":"","Description":"","Attributes":5,"ValueType":"System.Collections.Generic.KeyValuePair`2[[System.String],[System.String]][]"},"Value":[]}]},"Attachments":[],"Outcome":1,"ErrorMessage":null,"ErrorStackTrace":null,"DisplayName":"TestPraznoPrezimeIzuzetak","Messages":[],"ComputerName":null,"Duration":"00:00:00.0004327","StartTime":"2023-12-12T16:45:44.3316829+01:00","EndTime":"2023-12-12T16:45:44.3323769+01:00","Properties":[{"Key":{"Id":"ExecutionId","Label":"ExecutionId","Category":"","Description":"","Attributes":1,"ValueType":"System.Guid"},"Value":"00000000-0000-0000-0000-000000000000"},{"Key":{"Id":"ParentExecId","Label":"ParentExecId","Category":"","Description":"","Attributes":1,"ValueType":"System.Guid"},"Value":"00000000-0000-0000-0000-000000000000"},{"Key":{"Id":"InnerResultsCount","Label":"InnerResultsCount","Category":"","Description":"","Attributes":1,"ValueType":"System.Int32"},"Value":0}]},{"TestCase":{"Id":"94da9adf-cdcc-312c-287c-0244cf17950b","FullyQualifiedName":"GlasacTest.UnitTest1.TestPrezimeNisuSlovaIzuzetak","DisplayName":"TestPrezimeNisuSlovaIzuzetak","ExecutorUri":"executor://MSTestAdapter/v2","Source":"C:\\Users\\29\\Documents\\GitHub\\e-Demokratija-VVS\\e-Demokratija\\GlasacTest\\bin\\Debug\\net5.0\\fine-code-coverage\\build-output\\GlasacTest.dll","CodeFilePath":null,"LineNumber":-1,"Properties":[{"Key":{"Id":"TestCase.ManagedType","Label":"ManagedType","Category":"","Description":"","Attributes":1,"ValueType":"System.String"},"Value":"GlasacTest.UnitTest1"},{"Key":{"Id":"TestCase.ManagedMethod","Label":"ManagedMethod","Category":"","Description":"","Attributes":1,"ValueType":"System.String"},"Value":"TestPrezimeNisuSlovaIzuzetak"},{"Key":{"Id":"MSTestDiscoverer.TestClassName","Label":"ClassName","Category":"","Description":"","Attributes":1,"ValueType":"System.String"},"Value":"GlasacTest.UnitTest1"},{"Key":{"Id":"TestCase.Hierarchy","Label":"Hierarchy","Category":"","Description":"","Attributes":2,"ValueType":"System.String[]"},"Value":["GlasacTest","UnitTest1"]},{"Key":{"Id":"TestObject.Traits","Label":"Traits","Category":"","Description":"","Attributes":5,"ValueType":"System.Collections.Generic.KeyValuePair`2[[System.String],[System.String]][]"},"Value":[]}]},"Attachments":[],"Outcome":1,"ErrorMessage":null,"ErrorStackTrace":null,"DisplayName":"TestPrezimeNisuSlovaIzuzetak","Messages":[],"ComputerName":null,"Duration":"00:00:00.0004374","StartTime":"2023-12-12T16:45:44.3348474+01:00","EndTime":"2023-12-12T16:45:44.3355159+01:00","Properties":[{"Key":{"Id":"ExecutionId","Label":"ExecutionId","Category":"","Description":"","Attributes":1,"ValueType":"System.Guid"},"Value":"00000000-0000-0000-0000-000000000000"},{"Key":{"Id":"ParentExecId","Label":"ParentExecId","Category":"","Description":"","Attributes":1,"ValueType":"System.Guid"},"Value":"00000000-0000-0000-0000-000000000000"},{"Key":{"Id":"InnerResultsCount","Label":"InnerResultsCount","Category":"","Description":"","Attributes":1,"ValueType":"System.Int32"},"Value":0}]},{"TestCase":{"Id":"53f2633b-91f4-b671-9a46-dc7612de8614","FullyQualifiedName":"GlasacTest.UnitTest1.TestPrezimeCrticaIzuzetak","DisplayName":"TestPrezimeCrticaIzuzetak","ExecutorUri":"executor://MSTestAdapter/v2","Source":"C:\\Users\\29\\Documents\\GitHub\\e-Demokratija-VVS\\e-Demokratija\\GlasacTest\\bin\\Debug\\net5.0\\fine-code-coverage\\build-output\\GlasacTest.dll","CodeFilePath":null,"LineNumber":-1,"Properties":[{"Key":{"Id":"TestCase.ManagedType","Label":"ManagedType","Category":"","Description":"","Attributes":1,"ValueType":"System.String"},"Value":"GlasacTest.UnitTest1"},{"Key":{"Id":"TestCase.ManagedMethod","Label":"ManagedMethod","Category":"","Description":"","Attributes":1,"ValueType":"System.String"},"Value":"TestPrezimeCrticaIzuzetak"},{"Key":{"Id":"MSTestDiscoverer.TestClassName","Label":"ClassName","Category":"","Description":"","Attributes":1,"ValueType":"System.String"},"Value":"GlasacTest.UnitTest1"},{"Key":{"Id":"TestCase.Hierarchy","Label":"Hierarchy","Category":"","Description":"","Attributes":2,"ValueType":"System.String[]"},"Value":["GlasacTest","UnitTest1"]},{"Key":{"Id":"TestObject.Traits","Label":"Traits","Category":"","Description":"","Attributes":5,"ValueType":"System.Collections.Generic.KeyValuePair`2[[System.String],[System.String]][]"},"Value":[]}]},"Attachments":[],"Outcome":1,"ErrorMessage":null,"ErrorStackTrace":null,"DisplayName":"TestPrezimeCrticaIzuzetak","Messages":[],"ComputerName":null,"Duration":"00:00:00.0004536","StartTime":"2023-12-12T16:45:44.338021+01:00","EndTime":"2023-12-12T16:45:44.3387289+01:00","Properties":[{"Key":{"Id":"ExecutionId","Label":"ExecutionId","Category":"","Description":"","Attributes":1,"ValueType":"System.Guid"},"Value":"00000000-0000-0000-0000-000000000000"},{"Key":{"Id":"ParentExecId","Label":"ParentExecId","Category":"","Description":"","Attributes":1,"ValueType":"System.Guid"},"Value":"00000000-0000-0000-0000-000000000000"},{"Key":{"Id":"InnerResultsCount","Label":"InnerResultsCount","Category":"","Description":"","Attributes":1,"ValueType":"System.Int32"},"Value":0}]},{"TestCase":{"Id":"6701e86c-a86c-ca23-dae0-35ea5afb3c72","FullyQualifiedName":"GlasacTest.UnitTest1.TestDatumUBuducnostiIzuzetak","DisplayName":"TestDatumUBuducnostiIzuzetak","ExecutorUri":"executor://MSTestAdapter/v2","Source":"C:\\Users\\29\\Documents\\GitHub\\e-Demokratija-VVS\\e-Demokratija\\GlasacTest\\bin\\Debug\\net5.0\\fine-code-coverage\\build-output\\GlasacTest.dll","CodeFilePath":null,"LineNumber":-1,"Properties":[{"Key":{"Id":"TestCase.ManagedType","Label":"ManagedType","Category":"","Description":"","Attributes":1,"ValueType":"System.String"},"Value":"GlasacTest.UnitTest1"},{"Key":{"Id":"TestCase.ManagedMethod","Label":"ManagedMethod","Category":"","Description":"","Attributes":1,"ValueType":"System.String"},"Value":"TestDatumUBuducnostiIzuzetak"},{"Key":{"Id":"MSTestDiscoverer.TestClassName","Label":"ClassName","Category":"","Description":"","Attributes":1,"ValueType":"System.String"},"Value":"GlasacTest.UnitTest1"},{"Key":{"Id":"TestCase.Hierarchy","Label":"Hierarchy","Category":"","Description":"","Attributes":2,"ValueType":"System.String[]"},"Value":["GlasacTest","UnitTest1"]},{"Key":{"Id":"TestObject.Traits","Label":"Traits","Category":"","Description":"","Attributes":5,"ValueType":"System.Collections.Generic.KeyValuePair`2[[System.String],[System.String]][]"},"Value":[]}]},"Attachments":[],"Outcome":1,"ErrorMessage":null,"ErrorStackTrace":null,"DisplayName":"TestDatumUBuducnostiIzuzetak","Messages":[],"ComputerName":null,"Duration":"00:00:00.0004718","StartTime":"2023-12-12T16:45:44.3419205+01:00","EndTime":"2023-12-12T16:45:44.3426902+01:00","Properties":[{"Key":{"Id":"ExecutionId","Label":"ExecutionId","Category":"","Description":"","Attributes":1,"ValueType":"System.Guid"},"Value":"00000000-0000-0000-0000-000000000000"},{"Key":{"Id":"ParentExecId","Label":"ParentExecId","Category":"","Description":"","Attributes":1,"ValueType":"System.Guid"},"Value":"00000000-0000-0000-0000-000000000000"},{"Key":{"Id":"InnerResultsCount","Label":"InnerResultsCount","Category":"","Description":"","Attributes":1,"ValueType":"System.Int32"},"Value":0}]},{"TestCase":{"Id":"87391f84-2b7f-4979-ec20-6cc8cba207bb","FullyQualifiedName":"GlasacTest.UnitTest1.TestPunoljetniGlasacIzuzetak1","DisplayName":"TestPunoljetniGlasacIzuzetak1","ExecutorUri":"executor://MSTestAdapter/v2","Source":"C:\\Users\\29\\Documents\\GitHub\\e-Demokratija-VVS\\e-Demokratija\\GlasacTest\\bin\\Debug\\net5.0\\fine-code-coverage\\build-output\\GlasacTest.dll","CodeFilePath":null,"LineNumber":-1,"Properties":[{"Key":{"Id":"TestCase.ManagedType","Label":"ManagedType","Category":"","Description":"","Attributes":1,"ValueType":"System.String"},"Value":"GlasacTest.UnitTest1"},{"Key":{"Id":"TestCase.ManagedMethod","Label":"ManagedMethod","Category":"","Description":"","Attributes":1,"ValueType":"System.String"},"Value":"TestPunoljetniGlasacIzuzetak1"},{"Key":{"Id":"MSTestDiscoverer.TestClassName","Label":"ClassName","Category":"","Description":"","Attributes":1,"ValueType":"System.String"},"Value":"GlasacTest.UnitTest1"},{"Key":{"Id":"TestCase.Hierarchy","Label":"Hierarchy","Category":"","Description":"","Attributes":2,"ValueType":"System.String[]"},"Value":["GlasacTest","UnitTest1"]},{"Key":{"Id":"TestObject.Traits","Label":"Traits","Category":"","Description":"","Attributes":5,"ValueType":"System.Collections.Generic.KeyValuePair`2[[System.String],[System.String]][]"},"Value":[]}]},"Attachments":[],"Outcome":1,"ErrorMessage":null,"ErrorStackTrace":null,"DisplayName":"TestPunoljetniGlasacIzuzetak1","Messages":[],"ComputerName":null,"Duration":"00:00:00.0006046","StartTime":"2023-12-12T16:45:44.3462965+01:00","EndTime":"2023-12-12T16:45:44.3473067+01:00","Properties":[{"Key":{"Id":"ExecutionId","Label":"ExecutionId","Category":"","Description":"","Attributes":1,"ValueType":"System.Guid"},"Value":"00000000-0000-0000-0000-000000000000"},{"Key":{"Id":"ParentExecId","Label":"ParentExecId","Category":"","Description":"","Attributes":1,"ValueType":"System.Guid"},"Value":"00000000-0000-0000-0000-000000000000"},{"Key":{"Id":"InnerResultsCount","Label":"InnerResultsCount","Category":"","Description":"","Attributes":1,"ValueType":"System.Int32"},"Value":0}]}],"TestRunStatistics":{"ExecutedTests":18,"Stats":{"Passed":18}},"ActiveTests":[{"Id":"bd22d5fa-f1e7-4da2-4151-e7b25114a2b3","FullyQualifiedName":"GlasacTest.UnitTest1.TestPunoljetniGlasacIzuzetak2","DisplayName":"TestPunoljetniGlasacIzuzetak2","ExecutorUri":"executor://MSTestAdapter/v2","Source":"C:\\Users\\29\\Documents\\GitHub\\e-Demokratija-VVS\\e-Demokratija\\GlasacTest\\bin\\Debug\\net5.0\\fine-code-coverage\\build-output\\GlasacTest.dll","CodeFilePath":null,"LineNumber":-1,"Properties":[{"Key":{"Id":"TestCase.ManagedType","Label":"ManagedType","Category":"","Description":"","Attributes":1,"ValueType":"System.String"},"Value":"GlasacTest.UnitTest1"},{"Key":{"Id":"TestCase.ManagedMethod","Label":"ManagedMethod","Category":"","Description":"","Attributes":1,"ValueType":"System.String"},"Value":"TestPunoljetniGlasacIzuzetak2"},{"Key":{"Id":"MSTestDiscoverer.TestClassName","Label":"ClassName","Category":"","Description":"","Attributes":1,"ValueType":"System.String"},"Value":"GlasacTest.UnitTest1"},{"Key":{"Id":"TestCase.Hierarchy","Label":"Hierarchy","Category":"","Description":"","Attributes":2,"ValueType":"System.String[]"},"Value":["GlasacTest","UnitTest1"]},{"Key":{"Id":"TestObject.Traits","Label":"Traits","Category":"","Description":"","Attributes":5,"ValueType":"System.Collections.Generic.KeyValuePair`2[[System.String],[System.String]][]"},"Value":[]}]}]}}
TpTrace Verbose: 0 : 3404, 4, 2023/12/12, 16:45:44.351, 23336391533531, testhost.dll, TestRunCache: OnNewTestResult: Notified the onCacheHit callback.
TpTrace Verbose: 0 : 3404, 4, 2023/12/12, 16:45:44.352, 23336391546904, testhost.dll, MulticastDelegateUtilities.SafeInvoke: TestCaseEventsHandler.RaiseTestCaseStart: Invoking callback 1/1 for Microsoft.VisualStudio.TestPlatform.CrossPlatEngine.DataCollection.ProxyOutOfProcDataCollectionManager., took 1 ms.
TpTrace Information: 0 : 3404, 4, 2023/12/12, 16:45:44.352, 23336391547589, testhost.dll, MSTest - Executing test TestPunoljetniGlasacIzuzetak2
TpTrace Information: 0 : 3404, 4, 2023/12/12, 16:45:44.353, 23336391555560, testhost.dll, MSTest - Executed test TestPunoljetniGlasacIzuzetak2
TpTrace Verbose: 0 : 3404, 4, 2023/12/12, 16:45:44.353, 23336391556526, testhost.dll, TestExecutionRecorder.RecordEnd: test: GlasacTest.UnitTest1.TestPunoljetniGlasacIzuzetak2 execution completed.
TpTrace Warning: 0 : 3404, 4, 2023/12/12, 16:45:44.353, 23336391556749, testhost.dll, TestRunCache: InProgressTests is null
TpTrace Verbose: 0 : 3404, 4, 2023/12/12, 16:45:44.354, 23336391569995, testhost.dll, MulticastDelegateUtilities.SafeInvoke: TestCaseEventsHandler.RaiseTestCaseEnd: Invoking callback 1/1 for Microsoft.VisualStudio.TestPlatform.CrossPlatEngine.DataCollection.ProxyOutOfProcDataCollectionManager., took 1 ms.
TpTrace Verbose: 0 : 3404, 4, 2023/12/12, 16:45:44.355, 23336391570715, testhost.dll, TestExecutionRecorder.RecordResult: Received result for test: GlasacTest.UnitTest1.TestPunoljetniGlasacIzuzetak2.
TpTrace Verbose: 0 : 3404, 4, 2023/12/12, 16:45:44.355, 23336391571107, testhost.dll, MulticastDelegateUtilities.SafeInvoke: TestCaseEventsHandler.RaiseTestCaseEnd: Invoking callback 1/1 for Microsoft.VisualStudio.TestPlatform.CrossPlatEngine.DataCollection.ProxyOutOfProcDataCollectionManager., took 0 ms.
TpTrace Warning: 0 : 3404, 4, 2023/12/12, 16:45:44.355, 23336391571457, testhost.dll, TestRunCache: InProgressTests is null
TpTrace Warning: 0 : 3404, 4, 2023/12/12, 16:45:44.355, 23336391571648, testhost.dll, TestRunCache: No test found corresponding to testResult 'TestPunoljetniGlasacIzuzetak2' in inProgress list.
TpTrace Verbose: 0 : 3404, 4, 2023/12/12, 16:45:44.355, 23336391572140, testhost.dll, TestExecutionRecorder.RecordStart: Starting test: GlasacTest.UnitTest1.TestSetterImena.
TpTrace Verbose: 0 : 3404, 4, 2023/12/12, 16:45:44.356, 23336391585072, testhost.dll, MulticastDelegateUtilities.SafeInvoke: TestCaseEventsHandler.RaiseTestCaseStart: Invoking callback 1/1 for Microsoft.VisualStudio.TestPlatform.CrossPlatEngine.DataCollection.ProxyOutOfProcDataCollectionManager., took 1 ms.
TpTrace Information: 0 : 3404, 4, 2023/12/12, 16:45:44.356, 23336391585994, testhost.dll, MSTest - Executing test TestSetterImena
TpTrace Information: 0 : 3404, 4, 2023/12/12, 16:45:44.359, 23336391614575, testhost.dll, MSTest - Executed test TestSetterImena
TpTrace Verbose: 0 : 3404, 4, 2023/12/12, 16:45:44.359, 23336391617142, testhost.dll, TestExecutionRecorder.RecordEnd: test: GlasacTest.UnitTest1.TestSetterImena execution completed.
TpTrace Verbose: 0 : 3404, 4, 2023/12/12, 16:45:44.361, 23336391634723, testhost.dll, MulticastDelegateUtilities.SafeInvoke: TestCaseEventsHandler.RaiseTestCaseEnd: Invoking callback 1/1 for Microsoft.VisualStudio.TestPlatform.CrossPlatEngine.DataCollection.ProxyOutOfProcDataCollectionManager., took 1 ms.
TpTrace Verbose: 0 : 3404, 4, 2023/12/12, 16:45:44.361, 23336391635521, testhost.dll, TestExecutionRecorder.RecordResult: Received result for test: GlasacTest.UnitTest1.TestSetterImena.
TpTrace Verbose: 0 : 3404, 4, 2023/12/12, 16:45:44.361, 23336391635932, testhost.dll, MulticastDelegateUtilities.SafeInvoke: TestCaseEventsHandler.RaiseTestCaseEnd: Invoking callback 1/1 for Microsoft.VisualStudio.TestPlatform.CrossPlatEngine.DataCollection.ProxyOutOfProcDataCollectionManager., took 0 ms.
TpTrace Warning: 0 : 3404, 4, 2023/12/12, 16:45:44.361, 23336391636334, testhost.dll, TestRunCache: InProgressTests is null
TpTrace Warning: 0 : 3404, 4, 2023/12/12, 16:45:44.361, 23336391636543, testhost.dll, TestRunCache: No test found corresponding to testResult 'TestSetterImena' in inProgress list.
TpTrace Verbose: 0 : 3404, 4, 2023/12/12, 16:45:44.361, 23336391637084, testhost.dll, TestExecutionRecorder.RecordStart: Starting test: GlasacTest.UnitTest1.TestSetterPrezimena.
TpTrace Verbose: 0 : 3404, 4, 2023/12/12, 16:45:44.362, 23336391649632, testhost.dll, MulticastDelegateUtilities.SafeInvoke: TestCaseEventsHandler.RaiseTestCaseStart: Invoking callback 1/1 for Microsoft.VisualStudio.TestPlatform.CrossPlatEngine.DataCollection.ProxyOutOfProcDataCollectionManager., took 1 ms.
TpTrace Information: 0 : 3404, 4, 2023/12/12, 16:45:44.363, 23336391650324, testhost.dll, MSTest - Executing test TestSetterPrezimena
TpTrace Information: 0 : 3404, 4, 2023/12/12, 16:45:44.363, 23336391655199, testhost.dll, MSTest - Executed test TestSetterPrezimena
TpTrace Verbose: 0 : 3404, 4, 2023/12/12, 16:45:44.363, 23336391655918, testhost.dll, TestExecutionRecorder.RecordEnd: test: GlasacTest.UnitTest1.TestSetterPrezimena execution completed.
TpTrace Verbose: 0 : 3404, 4, 2023/12/12, 16:45:44.364, 23336391668852, testhost.dll, MulticastDelegateUtilities.SafeInvoke: TestCaseEventsHandler.RaiseTestCaseEnd: Invoking callback 1/1 for Microsoft.VisualStudio.TestPlatform.CrossPlatEngine.DataCollection.ProxyOutOfProcDataCollectionManager., took 1 ms.
TpTrace Verbose: 0 : 3404, 4, 2023/12/12, 16:45:44.364, 23336391669583, testhost.dll, TestExecutionRecorder.RecordResult: Received result for test: GlasacTest.UnitTest1.TestSetterPrezimena.
TpTrace Verbose: 0 : 3404, 4, 2023/12/12, 16:45:44.364, 23336391670003, testhost.dll, MulticastDelegateUtilities.SafeInvoke: TestCaseEventsHandler.RaiseTestCaseEnd: Invoking callback 1/1 for Microsoft.VisualStudio.TestPlatform.CrossPlatEngine.DataCollection.ProxyOutOfProcDataCollectionManager., took 0 ms.
TpTrace Warning: 0 : 3404, 4, 2023/12/12, 16:45:44.365, 23336391670286, testhost.dll, TestRunCache: InProgressTests is null
TpTrace Warning: 0 : 3404, 4, 2023/12/12, 16:45:44.365, 23336391670473, testhost.dll, TestRunCache: No test found corresponding to testResult 'TestSetterPrezimena' in inProgress list.
TpTrace Verbose: 0 : 3404, 4, 2023/12/12, 16:45:44.365, 23336391671199, testhost.dll, TestExecutionRecorder.RecordStart: Starting test: GlasacTest.UnitTest1.TestSetterDatumaRodjenja.
TpTrace Verbose: 0 : 3404, 4, 2023/12/12, 16:45:44.366, 23336391683820, testhost.dll, MulticastDelegateUtilities.SafeInvoke: TestCaseEventsHandler.RaiseTestCaseStart: Invoking callback 1/1 for Microsoft.VisualStudio.TestPlatform.CrossPlatEngine.DataCollection.ProxyOutOfProcDataCollectionManager., took 1 ms.
TpTrace Information: 0 : 3404, 4, 2023/12/12, 16:45:44.366, 23336391685127, testhost.dll, MSTest - Executing test TestSetterDatumaRodjenja
TpTrace Information: 0 : 3404, 4, 2023/12/12, 16:45:44.370, 23336391728878, testhost.dll, MSTest - Executed test TestSetterDatumaRodjenja
TpTrace Verbose: 0 : 3404, 4, 2023/12/12, 16:45:44.370, 23336391729981, testhost.dll, TestExecutionRecorder.RecordEnd: test: GlasacTest.UnitTest1.TestSetterDatumaRodjenja execution completed.
TpTrace Verbose: 0 : 3404, 4, 2023/12/12, 16:45:44.373, 23336391751914, testhost.dll, MulticastDelegateUtilities.SafeInvoke: TestCaseEventsHandler.RaiseTestCaseEnd: Invoking callback 1/1 for Microsoft.VisualStudio.TestPlatform.CrossPlatEngine.DataCollection.ProxyOutOfProcDataCollectionManager., took 2 ms.
TpTrace Verbose: 0 : 3404, 4, 2023/12/12, 16:45:44.373, 23336391753558, testhost.dll, TestExecutionRecorder.RecordResult: Received result for test: GlasacTest.UnitTest1.TestSetterDatumaRodjenja.
TpTrace Verbose: 0 : 3404, 4, 2023/12/12, 16:45:44.373, 23336391754596, testhost.dll, MulticastDelegateUtilities.SafeInvoke: TestCaseEventsHandler.RaiseTestCaseEnd: Invoking callback 1/1 for Microsoft.VisualStudio.TestPlatform.CrossPlatEngine.DataCollection.ProxyOutOfProcDataCollectionManager., took 0 ms.
TpTrace Warning: 0 : 3404, 4, 2023/12/12, 16:45:44.373, 23336391755279, testhost.dll, TestRunCache: InProgressTests is null
TpTrace Warning: 0 : 3404, 4, 2023/12/12, 16:45:44.373, 23336391755709, testhost.dll, TestRunCache: No test found corresponding to testResult 'TestSetterDatumaRodjenja' in inProgress list.
TpTrace Verbose: 0 : 3404, 4, 2023/12/12, 16:45:44.373, 23336391756671, testhost.dll, TestExecutionRecorder.RecordStart: Starting test: GlasacTest.UnitTest1.TestSetterKoda.
TpTrace Verbose: 0 : 3404, 4, 2023/12/12, 16:45:44.375, 23336391779512, testhost.dll, MulticastDelegateUtilities.SafeInvoke: TestCaseEventsHandler.RaiseTestCaseStart: Invoking callback 1/1 for Microsoft.VisualStudio.TestPlatform.CrossPlatEngine.DataCollection.ProxyOutOfProcDataCollectionManager., took 2 ms.
TpTrace Information: 0 : 3404, 4, 2023/12/12, 16:45:44.376, 23336391780213, testhost.dll, MSTest - Executing test TestSetterKoda
TpTrace Information: 0 : 3404, 4, 2023/12/12, 16:45:44.376, 23336391785230, testhost.dll, MSTest - Executed test TestSetterKoda
TpTrace Verbose: 0 : 3404, 4, 2023/12/12, 16:45:44.376, 23336391786113, testhost.dll, TestExecutionRecorder.RecordEnd: test: GlasacTest.UnitTest1.TestSetterKoda execution completed.
TpTrace Verbose: 0 : 3404, 4, 2023/12/12, 16:45:44.381, 23336391836437, testhost.dll, MulticastDelegateUtilities.SafeInvoke: TestCaseEventsHandler.RaiseTestCaseEnd: Invoking callback 1/1 for Microsoft.VisualStudio.TestPlatform.CrossPlatEngine.DataCollection.ProxyOutOfProcDataCollectionManager., took 4 ms.
TpTrace Verbose: 0 : 3404, 4, 2023/12/12, 16:45:44.381, 23336391837171, testhost.dll, TestExecutionRecorder.RecordResult: Received result for test: GlasacTest.UnitTest1.TestSetterKoda.
TpTrace Verbose: 0 : 3404, 4, 2023/12/12, 16:45:44.381, 23336391837575, testhost.dll, MulticastDelegateUtilities.SafeInvoke: TestCaseEventsHandler.RaiseTestCaseEnd: Invoking callback 1/1 for Microsoft.VisualStudio.TestPlatform.CrossPlatEngine.DataCollection.ProxyOutOfProcDataCollectionManager., took 0 ms.
TpTrace Warning: 0 : 3404, 4, 2023/12/12, 16:45:44.381, 23336391837853, testhost.dll, TestRunCache: InProgressTests is null
TpTrace Warning: 0 : 3404, 4, 2023/12/12, 16:45:44.381, 23336391838039, testhost.dll, TestRunCache: No test found corresponding to testResult 'TestSetterKoda' in inProgress list.
TpTrace Verbose: 0 : 3404, 4, 2023/12/12, 16:45:44.381, 23336391838549, testhost.dll, TestExecutionRecorder.RecordStart: Starting test: GlasacTest.UnitTest1.TestSetterDaLiJeGlasaoZaGradonacelnika.
TpTrace Verbose: 0 : 3404, 4, 2023/12/12, 16:45:44.383, 23336391850668, testhost.dll, MulticastDelegateUtilities.SafeInvoke: TestCaseEventsHandler.RaiseTestCaseStart: Invoking callback 1/1 for Microsoft.VisualStudio.TestPlatform.CrossPlatEngine.DataCollection.ProxyOutOfProcDataCollectionManager., took 1 ms.
TpTrace Information: 0 : 3404, 4, 2023/12/12, 16:45:44.383, 23336391852113, testhost.dll, MSTest - Executing test TestSetterDaLiJeGlasaoZaGradonacelnika
TpTrace Information: 0 : 3404, 4, 2023/12/12, 16:45:44.383, 23336391857910, testhost.dll, MSTest - Executed test TestSetterDaLiJeGlasaoZaGradonacelnika
TpTrace Verbose: 0 : 3404, 4, 2023/12/12, 16:45:44.383, 23336391858654, testhost.dll, TestExecutionRecorder.RecordEnd: test: GlasacTest.UnitTest1.TestSetterDaLiJeGlasaoZaGradonacelnika execution completed.
TpTrace Verbose: 0 : 3404, 4, 2023/12/12, 16:45:44.385, 23336391871338, testhost.dll, MulticastDelegateUtilities.SafeInvoke: TestCaseEventsHandler.RaiseTestCaseEnd: Invoking callback 1/1 for Microsoft.VisualStudio.TestPlatform.CrossPlatEngine.DataCollection.ProxyOutOfProcDataCollectionManager., took 1 ms.
TpTrace Verbose: 0 : 3404, 4, 2023/12/12, 16:45:44.385, 23336391872005, testhost.dll, TestExecutionRecorder.RecordResult: Received result for test: GlasacTest.UnitTest1.TestSetterDaLiJeGlasaoZaGradonacelnika.
TpTrace Verbose: 0 : 3404, 4, 2023/12/12, 16:45:44.385, 23336391872391, testhost.dll, MulticastDelegateUtilities.SafeInvoke: TestCaseEventsHandler.RaiseTestCaseEnd: Invoking callback 1/1 for Microsoft.VisualStudio.TestPlatform.CrossPlatEngine.DataCollection.ProxyOutOfProcDataCollectionManager., took 0 ms.
TpTrace Warning: 0 : 3404, 4, 2023/12/12, 16:45:44.385, 23336391872661, testhost.dll, TestRunCache: InProgressTests is null
TpTrace Warning: 0 : 3404, 4, 2023/12/12, 16:45:44.385, 23336391872855, testhost.dll, TestRunCache: No test found corresponding to testResult 'TestSetterDaLiJeGlasaoZaGradonacelnika' in inProgress list.
TpTrace Verbose: 0 : 3404, 4, 2023/12/12, 16:45:44.385, 23336391873391, testhost.dll, TestExecutionRecorder.RecordStart: Starting test: GlasacTest.UnitTest1.TestSetterDaLiJeGlasaoZaNacelnika.
TpTrace Verbose: 0 : 3404, 4, 2023/12/12, 16:45:44.386, 23336391883359, testhost.dll, MulticastDelegateUtilities.SafeInvoke: TestCaseEventsHandler.RaiseTestCaseStart: Invoking callback 1/1 for Microsoft.VisualStudio.TestPlatform.CrossPlatEngine.DataCollection.ProxyOutOfProcDataCollectionManager., took 0 ms.
TpTrace Information: 0 : 3404, 4, 2023/12/12, 16:45:44.386, 23336391883936, testhost.dll, MSTest - Executing test TestSetterDaLiJeGlasaoZaNacelnika
TpTrace Information: 0 : 3404, 4, 2023/12/12, 16:45:44.386, 23336391888541, testhost.dll, MSTest - Executed test TestSetterDaLiJeGlasaoZaNacelnika
TpTrace Verbose: 0 : 3404, 4, 2023/12/12, 16:45:44.386, 23336391889300, testhost.dll, TestExecutionRecorder.RecordEnd: test: GlasacTest.UnitTest1.TestSetterDaLiJeGlasaoZaNacelnika execution completed.
TpTrace Verbose: 0 : 3404, 4, 2023/12/12, 16:45:44.388, 23336391901401, testhost.dll, MulticastDelegateUtilities.SafeInvoke: TestCaseEventsHandler.RaiseTestCaseEnd: Invoking callback 1/1 for Microsoft.VisualStudio.TestPlatform.CrossPlatEngine.DataCollection.ProxyOutOfProcDataCollectionManager., took 1 ms.
TpTrace Verbose: 0 : 3404, 4, 2023/12/12, 16:45:44.388, 23336391902028, testhost.dll, TestExecutionRecorder.RecordResult: Received result for test: GlasacTest.UnitTest1.TestSetterDaLiJeGlasaoZaNacelnika.
TpTrace Verbose: 0 : 3404, 4, 2023/12/12, 16:45:44.388, 23336391902435, testhost.dll, MulticastDelegateUtilities.SafeInvoke: TestCaseEventsHandler.RaiseTestCaseEnd: Invoking callback 1/1 for Microsoft.VisualStudio.TestPlatform.CrossPlatEngine.DataCollection.ProxyOutOfProcDataCollectionManager., took 0 ms.
TpTrace Warning: 0 : 3404, 4, 2023/12/12, 16:45:44.388, 23336391902700, testhost.dll, TestRunCache: InProgressTests is null
TpTrace Warning: 0 : 3404, 4, 2023/12/12, 16:45:44.388, 23336391902886, testhost.dll, TestRunCache: No test found corresponding to testResult 'TestSetterDaLiJeGlasaoZaNacelnika' in inProgress list.
TpTrace Verbose: 0 : 3404, 4, 2023/12/12, 16:45:44.388, 23336391903388, testhost.dll, TestExecutionRecorder.RecordStart: Starting test: GlasacTest.UnitTest1.TestSetterDaLiJeGlasaoZaVijecnika.
TpTrace Verbose: 0 : 3404, 4, 2023/12/12, 16:45:44.389, 23336391915525, testhost.dll, MulticastDelegateUtilities.SafeInvoke: TestCaseEventsHandler.RaiseTestCaseStart: Invoking callback 1/1 for Microsoft.VisualStudio.TestPlatform.CrossPlatEngine.DataCollection.ProxyOutOfProcDataCollectionManager., took 1 ms.
TpTrace Information: 0 : 3404, 4, 2023/12/12, 16:45:44.389, 23336391916543, testhost.dll, MSTest - Executing test TestSetterDaLiJeGlasaoZaVijecnika
TpTrace Information: 0 : 3404, 4, 2023/12/12, 16:45:44.390, 23336391921947, testhost.dll, MSTest - Executed test TestSetterDaLiJeGlasaoZaVijecnika
TpTrace Verbose: 0 : 3404, 4, 2023/12/12, 16:45:44.390, 23336391922702, testhost.dll, TestExecutionRecorder.RecordEnd: test: GlasacTest.UnitTest1.TestSetterDaLiJeGlasaoZaVijecnika execution completed.
TpTrace Verbose: 0 : 3404, 4, 2023/12/12, 16:45:44.391, 23336391935919, testhost.dll, MulticastDelegateUtilities.SafeInvoke: TestCaseEventsHandler.RaiseTestCaseEnd: Invoking callback 1/1 for Microsoft.VisualStudio.TestPlatform.CrossPlatEngine.DataCollection.ProxyOutOfProcDataCollectionManager., took 1 ms.
TpTrace Verbose: 0 : 3404, 4, 2023/12/12, 16:45:44.391, 23336391936540, testhost.dll, TestExecutionRecorder.RecordResult: Received result for test: GlasacTest.UnitTest1.TestSetterDaLiJeGlasaoZaVijecnika.
TpTrace Verbose: 0 : 3404, 4, 2023/12/12, 16:45:44.391, 23336391936925, testhost.dll, MulticastDelegateUtilities.SafeInvoke: TestCaseEventsHandler.RaiseTestCaseEnd: Invoking callback 1/1 for Microsoft.VisualStudio.TestPlatform.CrossPlatEngine.DataCollection.ProxyOutOfProcDataCollectionManager., took 0 ms.
TpTrace Warning: 0 : 3404, 4, 2023/12/12, 16:45:44.391, 23336391937191, testhost.dll, TestRunCache: InProgressTests is null
TpTrace Warning: 0 : 3404, 4, 2023/12/12, 16:45:44.391, 23336391937371, testhost.dll, TestRunCache: No test found corresponding to testResult 'TestSetterDaLiJeGlasaoZaVijecnika' in inProgress list.
TpTrace Verbose: 0 : 3404, 4, 2023/12/12, 16:45:44.391, 23336391937894, testhost.dll, TestExecutionRecorder.RecordStart: Starting test: GlasacTest.UnitTest1.TestZamjenskiObjekat.
TpTrace Verbose: 0 : 3404, 4, 2023/12/12, 16:45:44.392, 23336391948157, testhost.dll, MulticastDelegateUtilities.SafeInvoke: TestCaseEventsHandler.RaiseTestCaseStart: Invoking callback 1/1 for Microsoft.VisualStudio.TestPlatform.CrossPlatEngine.DataCollection.ProxyOutOfProcDataCollectionManager., took 0 ms.
TpTrace Information: 0 : 3404, 4, 2023/12/12, 16:45:44.392, 23336391948757, testhost.dll, MSTest - Executing test TestZamjenskiObjekat
TpTrace Information: 0 : 3404, 4, 2023/12/12, 16:45:44.394, 23336391960396, testhost.dll, MSTest - Executed test TestZamjenskiObjekat
TpTrace Verbose: 0 : 3404, 4, 2023/12/12, 16:45:44.394, 23336391961295, testhost.dll, TestExecutionRecorder.RecordEnd: test: GlasacTest.UnitTest1.TestZamjenskiObjekat execution completed.
TpTrace Verbose: 0 : 3404, 4, 2023/12/12, 16:45:44.395, 23336391974412, testhost.dll, MulticastDelegateUtilities.SafeInvoke: TestCaseEventsHandler.RaiseTestCaseEnd: Invoking callback 1/1 for Microsoft.VisualStudio.TestPlatform.CrossPlatEngine.DataCollection.ProxyOutOfProcDataCollectionManager., took 1 ms.
TpTrace Verbose: 0 : 3404, 4, 2023/12/12, 16:45:44.395, 23336391975071, testhost.dll, TestExecutionRecorder.RecordResult: Received result for test: GlasacTest.UnitTest1.TestZamjenskiObjekat.
TpTrace Verbose: 0 : 3404, 4, 2023/12/12, 16:45:44.395, 23336391975477, testhost.dll, MulticastDelegateUtilities.SafeInvoke: TestCaseEventsHandler.RaiseTestCaseEnd: Invoking callback 1/1 for Microsoft.VisualStudio.TestPlatform.CrossPlatEngine.DataCollection.ProxyOutOfProcDataCollectionManager., took 0 ms.
TpTrace Warning: 0 : 3404, 4, 2023/12/12, 16:45:44.395, 23336391975775, testhost.dll, TestRunCache: InProgressTests is null
TpTrace Warning: 0 : 3404, 4, 2023/12/12, 16:45:44.395, 23336391975971, testhost.dll, TestRunCache: No test found corresponding to testResult 'TestZamjenskiObjekat' in inProgress list.
TpTrace Verbose: 0 : 3404, 4, 2023/12/12, 16:45:44.395, 23336391977165, testhost.dll, TestExecutionRecorder.RecordStart: Starting test: GlasacTest.UnitTest1.TestKonstruktoraPacijentaXML.
TpTrace Information: 0 : 3404, 4, 2023/12/12, 16:45:44.395, 23336391977505, testhost.dll, Sending test run statistics
TpTrace Verbose: 0 : 3404, 4, 2023/12/12, 16:45:44.396, 23336391981800, testhost.dll, TestRequestHandler.SendData: sending data from testhost: {"Version":7,"MessageType":"TestExecution.StatsChange","Payload":{"NewTestResults":[{"TestCase":{"Id":"bd22d5fa-f1e7-4da2-4151-e7b25114a2b3","FullyQualifiedName":"GlasacTest.UnitTest1.TestPunoljetniGlasacIzuzetak2","DisplayName":"TestPunoljetniGlasacIzuzetak2","ExecutorUri":"executor://MSTestAdapter/v2","Source":"C:\\Users\\29\\Documents\\GitHub\\e-Demokratija-VVS\\e-Demokratija\\GlasacTest\\bin\\Debug\\net5.0\\fine-code-coverage\\build-output\\GlasacTest.dll","CodeFilePath":null,"LineNumber":-1,"Properties":[{"Key":{"Id":"TestCase.ManagedType","Label":"ManagedType","Category":"","Description":"","Attributes":1,"ValueType":"System.String"},"Value":"GlasacTest.UnitTest1"},{"Key":{"Id":"TestCase.ManagedMethod","Label":"ManagedMethod","Category":"","Description":"","Attributes":1,"ValueType":"System.String"},"Value":"TestPunoljetniGlasacIzuzetak2"},{"Key":{"Id":"MSTestDiscoverer.TestClassName","Label":"ClassName","Category":"","Description":"","Attributes":1,"ValueType":"System.String"},"Value":"GlasacTest.UnitTest1"},{"Key":{"Id":"TestCase.Hierarchy","Label":"Hierarchy","Category":"","Description":"","Attributes":2,"ValueType":"System.String[]"},"Value":["GlasacTest","UnitTest1"]},{"Key":{"Id":"TestObject.Traits","Label":"Traits","Category":"","Description":"","Attributes":5,"ValueType":"System.Collections.Generic.KeyValuePair`2[[System.String],[System.String]][]"},"Value":[]}]},"Attachments":[],"Outcome":1,"ErrorMessage":null,"ErrorStackTrace":null,"DisplayName":"TestPunoljetniGlasacIzuzetak2","Messages":[],"ComputerName":null,"Duration":"00:00:00.0005667","StartTime":"2023-12-12T16:45:44.3527387+01:00","EndTime":"2023-12-12T16:45:44.3536246+01:00","Properties":[{"Key":{"Id":"ExecutionId","Label":"ExecutionId","Category":"","Description":"","Attributes":1,"ValueType":"System.Guid"},"Value":"00000000-0000-0000-0000-000000000000"},{"Key":{"Id":"ParentExecId","Label":"ParentExecId","Category":"","Description":"","Attributes":1,"ValueType":"System.Guid"},"Value":"00000000-0000-0000-0000-000000000000"},{"Key":{"Id":"InnerResultsCount","Label":"InnerResultsCount","Category":"","Description":"","Attributes":1,"ValueType":"System.Int32"},"Value":0}]},{"TestCase":{"Id":"bf8a4434-c94c-4391-997c-27b9a9ff54ec","FullyQualifiedName":"GlasacTest.UnitTest1.TestSetterImena","DisplayName":"TestSetterImena","ExecutorUri":"executor://MSTestAdapter/v2","Source":"C:\\Users\\29\\Documents\\GitHub\\e-Demokratija-VVS\\e-Demokratija\\GlasacTest\\bin\\Debug\\net5.0\\fine-code-coverage\\build-output\\GlasacTest.dll","CodeFilePath":null,"LineNumber":-1,"Properties":[{"Key":{"Id":"TestCase.ManagedType","Label":"ManagedType","Category":"","Description":"","Attributes":1,"ValueType":"System.String"},"Value":"GlasacTest.UnitTest1"},{"Key":{"Id":"TestCase.ManagedMethod","Label":"ManagedMethod","Category":"","Description":"","Attributes":1,"ValueType":"System.String"},"Value":"TestSetterImena"},{"Key":{"Id":"MSTestDiscoverer.TestClassName","Label":"ClassName","Category":"","Description":"","Attributes":1,"ValueType":"System.String"},"Value":"GlasacTest.UnitTest1"},{"Key":{"Id":"TestCase.Hierarchy","Label":"Hierarchy","Category":"","Description":"","Attributes":2,"ValueType":"System.String[]"},"Value":["GlasacTest","UnitTest1"]},{"Key":{"Id":"TestObject.Traits","Label":"Traits","Category":"","Description":"","Attributes":5,"ValueType":"System.Collections.Generic.KeyValuePair`2[[System.String],[System.String]][]"},"Value":[]}]},"Attachments":[],"Outcome":1,"ErrorMessage":null,"ErrorStackTrace":null,"DisplayName":"TestSetterImena","Messages":[],"ComputerName":null,"Duration":"00:00:00.0024311","StartTime":"2023-12-12T16:45:44.3565699+01:00","EndTime":"2023-12-12T16:45:44.3596526+01:00","Properties":[{"Key":{"Id":"ExecutionId","Label":"ExecutionId","Category":"","Description":"","Attributes":1,"ValueType":"System.Guid"},"Value":"00000000-0000-0000-0000-000000000000"},{"Key":{"Id":"ParentExecId","Label":"ParentExecId","Category":"","Description":"","Attributes":1,"ValueType":"System.Guid"},"Value":"00000000-0000-0000-0000-000000000000"},{"Key":{"Id":"InnerResultsCount","Label":"InnerResultsCount","Category":"","Description":"","Attributes":1,"ValueType":"System.Int32"},"Value":0}]},{"TestCase":{"Id":"6152abd1-e3fe-29e7-35f4-72d2472d7e1d","FullyQualifiedName":"GlasacTest.UnitTest1.TestSetterPrezimena","DisplayName":"TestSetterPrezimena","ExecutorUri":"executor://MSTestAdapter/v2","Source":"C:\\Users\\29\\Documents\\GitHub\\e-Demokratija-VVS\\e-Demokratija\\GlasacTest\\bin\\Debug\\net5.0\\fine-code-coverage\\build-output\\GlasacTest.dll","CodeFilePath":null,"LineNumber":-1,"Properties":[{"Key":{"Id":"TestCase.ManagedType","Label":"ManagedType","Category":"","Description":"","Attributes":1,"ValueType":"System.String"},"Value":"GlasacTest.UnitTest1"},{"Key":{"Id":"TestCase.ManagedMethod","Label":"ManagedMethod","Category":"","Description":"","Attributes":1,"ValueType":"System.String"},"Value":"TestSetterPrezimena"},{"Key":{"Id":"MSTestDiscoverer.TestClassName","Label":"ClassName","Category":"","Description":"","Attributes":1,"ValueType":"System.String"},"Value":"GlasacTest.UnitTest1"},{"Key":{"Id":"TestCase.Hierarchy","Label":"Hierarchy","Category":"","Description":"","Attributes":2,"ValueType":"System.String[]"},"Value":["GlasacTest","UnitTest1"]},{"Key":{"Id":"TestObject.Traits","Label":"Traits","Category":"","Description":"","Attributes":5,"ValueType":"System.Collections.Generic.KeyValuePair`2[[System.String],[System.String]][]"},"Value":[]}]},"Attachments":[],"Outcome":1,"ErrorMessage":null,"ErrorStackTrace":null,"DisplayName":"TestSetterPrezimena","Messages":[],"ComputerName":null,"Duration":"00:00:00.0003054","StartTime":"2023-12-12T16:45:44.3630128+01:00","EndTime":"2023-12-12T16:45:44.3635655+01:00","Properties":[{"Key":{"Id":"ExecutionId","Label":"ExecutionId","Category":"","Description":"","Attributes":1,"ValueType":"System.Guid"},"Value":"00000000-0000-0000-0000-000000000000"},{"Key":{"Id":"ParentExecId","Label":"ParentExecId","Category":"","Description":"","Attributes":1,"ValueType":"System.Guid"},"Value":"00000000-0000-0000-0000-000000000000"},{"Key":{"Id":"InnerResultsCount","Label":"InnerResultsCount","Category":"","Description":"","Attributes":1,"ValueType":"System.Int32"},"Value":0}]},{"TestCase":{"Id":"90075077-a355-f9d1-0ae2-635f49dc8236","FullyQualifiedName":"GlasacTest.UnitTest1.TestSetterDatumaRodjenja","DisplayName":"TestSetterDatumaRodjenja","ExecutorUri":"executor://MSTestAdapter/v2","Source":"C:\\Users\\29\\Documents\\GitHub\\e-Demokratija-VVS\\e-Demokratija\\GlasacTest\\bin\\Debug\\net5.0\\fine-code-coverage\\build-output\\GlasacTest.dll","CodeFilePath":null,"LineNumber":-1,"Properties":[{"Key":{"Id":"TestCase.ManagedType","Label":"ManagedType","Category":"","Description":"","Attributes":1,"ValueType":"System.String"},"Value":"GlasacTest.UnitTest1"},{"Key":{"Id":"TestCase.ManagedMethod","Label":"ManagedMethod","Category":"","Description":"","Attributes":1,"ValueType":"System.String"},"Value":"TestSetterDatumaRodjenja"},{"Key":{"Id":"MSTestDiscoverer.TestClassName","Label":"ClassName","Category":"","Description":"","Attributes":1,"ValueType":"System.String"},"Value":"GlasacTest.UnitTest1"},{"Key":{"Id":"TestCase.Hierarchy","Label":"Hierarchy","Category":"","Description":"","Attributes":2,"ValueType":"System.String[]"},"Value":["GlasacTest","UnitTest1"]},{"Key":{"Id":"TestObject.Traits","Label":"Traits","Category":"","Description":"","Attributes":5,"ValueType":"System.Collections.Generic.KeyValuePair`2[[System.String],[System.String]][]"},"Value":[]}]},"Attachments":[],"Outcome":1,"ErrorMessage":null,"ErrorStackTrace":null,"DisplayName":"TestSetterDatumaRodjenja","Messages":[],"ComputerName":null,"Duration":"00:00:00.0003235","StartTime":"2023-12-12T16:45:44.3664899+01:00","EndTime":"2023-12-12T16:45:44.3709672+01:00","Properties":[{"Key":{"Id":"ExecutionId","Label":"ExecutionId","Category":"","Description":"","Attributes":1,"ValueType":"System.Guid"},"Value":"00000000-0000-0000-0000-000000000000"},{"Key":{"Id":"ParentExecId","Label":"ParentExecId","Category":"","Description":"","Attributes":1,"ValueType":"System.Guid"},"Value":"00000000-0000-0000-0000-000000000000"},{"Key":{"Id":"InnerResultsCount","Label":"InnerResultsCount","Category":"","Description":"","Attributes":1,"ValueType":"System.Int32"},"Value":0}]},{"TestCase":{"Id":"973e481c-88f9-e314-d217-2ad0bea01836","FullyQualifiedName":"GlasacTest.UnitTest1.TestSetterKoda","DisplayName":"TestSetterKoda","ExecutorUri":"executor://MSTestAdapter/v2","Source":"C:\\Users\\29\\Documents\\GitHub\\e-Demokratija-VVS\\e-Demokratija\\GlasacTest\\bin\\Debug\\net5.0\\fine-code-coverage\\build-output\\GlasacTest.dll","CodeFilePath":null,"LineNumber":-1,"Properties":[{"Key":{"Id":"TestCase.ManagedType","Label":"ManagedType","Category":"","Description":"","Attributes":1,"ValueType":"System.String"},"Value":"GlasacTest.UnitTest1"},{"Key":{"Id":"TestCase.ManagedMethod","Label":"ManagedMethod","Category":"","Description":"","Attributes":1,"ValueType":"System.String"},"Value":"TestSetterKoda"},{"Key":{"Id":"MSTestDiscoverer.TestClassName","Label":"ClassName","Category":"","Description":"","Attributes":1,"ValueType":"System.String"},"Value":"GlasacTest.UnitTest1"},{"Key":{"Id":"TestCase.Hierarchy","Label":"Hierarchy","Category":"","Description":"","Attributes":2,"ValueType":"System.String[]"},"Value":["GlasacTest","UnitTest1"]},{"Key":{"Id":"TestObject.Traits","Label":"Traits","Category":"","Description":"","Attributes":5,"ValueType":"System.Collections.Generic.KeyValuePair`2[[System.String],[System.String]][]"},"Value":[]}]},"Attachments":[],"Outcome":1,"ErrorMessage":null,"ErrorStackTrace":null,"DisplayName":"TestSetterKoda","Messages":[],"ComputerName":null,"Duration":"00:00:00.0002914","StartTime":"2023-12-12T16:45:44.3760012+01:00","EndTime":"2023-12-12T16:45:44.3765818+01:00","Properties":[{"Key":{"Id":"ExecutionId","Label":"ExecutionId","Category":"","Description":"","Attributes":1,"ValueType":"System.Guid"},"Value":"00000000-0000-0000-0000-000000000000"},{"Key":{"Id":"ParentExecId","Label":"ParentExecId","Category":"","Description":"","Attributes":1,"ValueType":"System.Guid"},"Value":"00000000-0000-0000-0000-000000000000"},{"Key":{"Id":"InnerResultsCount","Label":"InnerResultsCount","Category":"","Description":"","Attributes":1,"ValueType":"System.Int32"},"Value":0}]},{"TestCase":{"Id":"25d8591a-27e7-0fa5-866f-a516f6d23e96","FullyQualifiedName":"GlasacTest.UnitTest1.TestSetterDaLiJeGlasaoZaGradonacelnika","DisplayName":"TestSetterDaLiJeGlasaoZaGradonacelnika","ExecutorUri":"executor://MSTestAdapter/v2","Source":"C:\\Users\\29\\Documents\\GitHub\\e-Demokratija-VVS\\e-Demokratija\\GlasacTest\\bin\\Debug\\net5.0\\fine-code-coverage\\build-output\\GlasacTest.dll","CodeFilePath":null,"LineNumber":-1,"Properties":[{"Key":{"Id":"TestCase.ManagedType","Label":"ManagedType","Category":"","Description":"","Attributes":1,"ValueType":"System.String"},"Value":"GlasacTest.UnitTest1"},{"Key":{"Id":"TestCase.ManagedMethod","Label":"ManagedMethod","Category":"","Description":"","Attributes":1,"ValueType":"System.String"},"Value":"TestSetterDaLiJeGlasaoZaGradonacelnika"},{"Key":{"Id":"MSTestDiscoverer.TestClassName","Label":"ClassName","Category":"","Description":"","Attributes":1,"ValueType":"System.String"},"Value":"GlasacTest.UnitTest1"},{"Key":{"Id":"TestCase.Hierarchy","Label":"Hierarchy","Category":"","Description":"","Attributes":2,"ValueType":"System.String[]"},"Value":["GlasacTest","UnitTest1"]},{"Key":{"Id":"TestObject.Traits","Label":"Traits","Category":"","Description":"","Attributes":5,"ValueType":"System.Collections.Generic.KeyValuePair`2[[System.String],[System.String]][]"},"Value":[]}]},"Attachments":[],"Outcome":1,"ErrorMessage":null,"ErrorStackTrace":null,"DisplayName":"TestSetterDaLiJeGlasaoZaGradonacelnika","Messages":[],"ComputerName":null,"Duration":"00:00:00.0003717","StartTime":"2023-12-12T16:45:44.3831889+01:00","EndTime":"2023-12-12T16:45:44.3838367+01:00","Properties":[{"Key":{"Id":"ExecutionId","Label":"ExecutionId","Category":"","Description":"","Attributes":1,"ValueType":"System.Guid"},"Value":"00000000-0000-0000-0000-000000000000"},{"Key":{"Id":"ParentExecId","Label":"ParentExecId","Category":"","Description":"","Attributes":1,"ValueType":"System.Guid"},"Value":"00000000-0000-0000-0000-000000000000"},{"Key":{"Id":"InnerResultsCount","Label":"InnerResultsCount","Category":"","Description":"","Attributes":1,"ValueType":"System.Int32"},"Value":0}]},{"TestCase":{"Id":"164d2400-42c1-7cb3-44c2-03dd5e6aa7fc","FullyQualifiedName":"GlasacTest.UnitTest1.TestSetterDaLiJeGlasaoZaNacelnika","DisplayName":"TestSetterDaLiJeGlasaoZaNacelnika","ExecutorUri":"executor://MSTestAdapter/v2","Source":"C:\\Users\\29\\Documents\\GitHub\\e-Demokratija-VVS\\e-Demokratija\\GlasacTest\\bin\\Debug\\net5.0\\fine-code-coverage\\build-output\\GlasacTest.dll","CodeFilePath":null,"LineNumber":-1,"Properties":[{"Key":{"Id":"TestCase.ManagedType","Label":"ManagedType","Category":"","Description":"","Attributes":1,"ValueType":"System.String"},"Value":"GlasacTest.UnitTest1"},{"Key":{"Id":"TestCase.ManagedMethod","Label":"ManagedMethod","Category":"","Description":"","Attributes":1,"ValueType":"System.String"},"Value":"TestSetterDaLiJeGlasaoZaNacelnika"},{"Key":{"Id":"MSTestDiscoverer.TestClassName","Label":"ClassName","Category":"","Description":"","Attributes":1,"ValueType":"System.String"},"Value":"GlasacTest.UnitTest1"},{"Key":{"Id":"TestCase.Hierarchy","Label":"Hierarchy","Category":"","Description":"","Attributes":2,"ValueType":"System.String[]"},"Value":["GlasacTest","UnitTest1"]},{"Key":{"Id":"TestObject.Traits","Label":"Traits","Category":"","Description":"","Attributes":5,"ValueType":"System.Collections.Generic.KeyValuePair`2[[System.String],[System.String]][]"},"Value":[]}]},"Attachments":[],"Outcome":1,"ErrorMessage":null,"ErrorStackTrace":null,"DisplayName":"TestSetterDaLiJeGlasaoZaNacelnika","Messages":[],"ComputerName":null,"Duration":"00:00:00.0002403","StartTime":"2023-12-12T16:45:44.3863743+01:00","EndTime":"2023-12-12T16:45:44.3869021+01:00","Properties":[{"Key":{"Id":"ExecutionId","Label":"ExecutionId","Category":"","Description":"","Attributes":1,"ValueType":"System.Guid"},"Value":"00000000-0000-0000-0000-000000000000"},{"Key":{"Id":"ParentExecId","Label":"ParentExecId","Category":"","Description":"","Attributes":1,"ValueType":"System.Guid"},"Value":"00000000-0000-0000-0000-000000000000"},{"Key":{"Id":"InnerResultsCount","Label":"InnerResultsCount","Category":"","Description":"","Attributes":1,"ValueType":"System.Int32"},"Value":0}]},{"TestCase":{"Id":"1ebcbd33-0d27-3aee-9b5c-6fca5b79f3e4","FullyQualifiedName":"GlasacTest.UnitTest1.TestSetterDaLiJeGlasaoZaVijecnika","DisplayName":"TestSetterDaLiJeGlasaoZaVijecnika","ExecutorUri":"executor://MSTestAdapter/v2","Source":"C:\\Users\\29\\Documents\\GitHub\\e-Demokratija-VVS\\e-Demokratija\\GlasacTest\\bin\\Debug\\net5.0\\fine-code-coverage\\build-output\\GlasacTest.dll","CodeFilePath":null,"LineNumber":-1,"Properties":[{"Key":{"Id":"TestCase.ManagedType","Label":"ManagedType","Category":"","Description":"","Attributes":1,"ValueType":"System.String"},"Value":"GlasacTest.UnitTest1"},{"Key":{"Id":"TestCase.ManagedMethod","Label":"ManagedMethod","Category":"","Description":"","Attributes":1,"ValueType":"System.String"},"Value":"TestSetterDaLiJeGlasaoZaVijecnika"},{"Key":{"Id":"MSTestDiscoverer.TestClassName","Label":"ClassName","Category":"","Description":"","Attributes":1,"ValueType":"System.String"},"Value":"GlasacTest.UnitTest1"},{"Key":{"Id":"TestCase.Hierarchy","Label":"Hierarchy","Category":"","Description":"","Attributes":2,"ValueType":"System.String[]"},"Value":["GlasacTest","UnitTest1"]},{"Key":{"Id":"TestObject.Traits","Label":"Traits","Category":"","Description":"","Attributes":5,"ValueType":"System.Collections.Generic.KeyValuePair`2[[System.String],[System.String]][]"},"Value":[]}]},"Attachments":[],"Outcome":1,"ErrorMessage":null,"ErrorStackTrace":null,"DisplayName":"TestSetterDaLiJeGlasaoZaVijecnika","Messages":[],"ComputerName":null,"Duration":"00:00:00.0003137","StartTime":"2023-12-12T16:45:44.3896318+01:00","EndTime":"2023-12-12T16:45:44.3902405+01:00","Properties":[{"Key":{"Id":"ExecutionId","Label":"ExecutionId","Category":"","Description":"","Attributes":1,"ValueType":"System.Guid"},"Value":"00000000-0000-0000-0000-000000000000"},{"Key":{"Id":"ParentExecId","Label":"ParentExecId","Category":"","Description":"","Attributes":1,"ValueType":"System.Guid"},"Value":"00000000-0000-0000-0000-000000000000"},{"Key":{"Id":"InnerResultsCount","Label":"InnerResultsCount","Category":"","Description":"","Attributes":1,"ValueType":"System.Int32"},"Value":0}]},{"TestCase":{"Id":"55ecdd11-bf15-acee-f167-eb5b9ad95713","FullyQualifiedName":"GlasacTest.UnitTest1.TestZamjenskiObjekat","DisplayName":"TestZamjenskiObjekat","ExecutorUri":"executor://MSTestAdapter/v2","Source":"C:\\Users\\29\\Documents\\GitHub\\e-Demokratija-VVS\\e-Demokratija\\GlasacTest\\bin\\Debug\\net5.0\\fine-code-coverage\\build-output\\GlasacTest.dll","CodeFilePath":null,"LineNumber":-1,"Properties":[{"Key":{"Id":"TestCase.ManagedType","Label":"ManagedType","Category":"","Description":"","Attributes":1,"ValueType":"System.String"},"Value":"GlasacTest.UnitTest1"},{"Key":{"Id":"TestCase.ManagedMethod","Label":"ManagedMethod","Category":"","Description":"","Attributes":1,"ValueType":"System.String"},"Value":"TestZamjenskiObjekat"},{"Key":{"Id":"MSTestDiscoverer.TestClassName","Label":"ClassName","Category":"","Description":"","Attributes":1,"ValueType":"System.String"},"Value":"GlasacTest.UnitTest1"},{"Key":{"Id":"TestCase.Hierarchy","Label":"Hierarchy","Category":"","Description":"","Attributes":2,"ValueType":"System.String[]"},"Value":["GlasacTest","UnitTest1"]},{"Key":{"Id":"TestObject.Traits","Label":"Traits","Category":"","Description":"","Attributes":5,"ValueType":"System.Collections.Generic.KeyValuePair`2[[System.String],[System.String]][]"},"Value":[]}]},"Attachments":[],"Outcome":1,"ErrorMessage":null,"ErrorStackTrace":null,"DisplayName":"TestZamjenskiObjekat","Messages":[],"ComputerName":null,"Duration":"00:00:00.0009489","StartTime":"2023-12-12T16:45:44.3928563+01:00","EndTime":"2023-12-12T16:45:44.3940986+01:00","Properties":[{"Key":{"Id":"ExecutionId","Label":"ExecutionId","Category":"","Description":"","Attributes":1,"ValueType":"System.Guid"},"Value":"00000000-0000-0000-0000-000000000000"},{"Key":{"Id":"ParentExecId","Label":"ParentExecId","Category":"","Description":"","Attributes":1,"ValueType":"System.Guid"},"Value":"00000000-0000-0000-0000-000000000000"},{"Key":{"Id":"InnerResultsCount","Label":"InnerResultsCount","Category":"","Description":"","Attributes":1,"ValueType":"System.Int32"},"Value":0}]}],"TestRunStatistics":{"ExecutedTests":27,"Stats":{"Passed":27}},"ActiveTests":[{"Id":"cb1fbf46-3e57-b5ba-46eb-36d357a6bc21","FullyQualifiedName":"GlasacTest.UnitTest1.TestKonstruktoraPacijentaXML","DisplayName":"TestKonstruktoraPacijentaXML","ExecutorUri":"executor://MSTestAdapter/v2","Source":"C:\\Users\\29\\Documents\\GitHub\\e-Demokratija-VVS\\e-Demokratija\\GlasacTest\\bin\\Debug\\net5.0\\fine-code-coverage\\build-output\\GlasacTest.dll","CodeFilePath":null,"LineNumber":-1,"Properties":[{"Key":{"Id":"TestCase.ManagedType","Label":"ManagedType","Category":"","Description":"","Attributes":1,"ValueType":"System.String"},"Value":"GlasacTest.UnitTest1"},{"Key":{"Id":"TestCase.ManagedMethod","Label":"ManagedMethod","Category":"","Description":"","Attributes":1,"ValueType":"System.String"},"Value":"TestKonstruktoraPacijentaXML(System.String,System.String)"},{"Key":{"Id":"MSTestDiscoverer.TestClassName","Label":"ClassName","Category":"","Description":"","Attributes":1,"ValueType":"System.String"},"Value":"GlasacTest.UnitTest1"},{"Key":{"Id":"TestCase.Hierarchy","Label":"Hierarchy","Category":"","Description":"","Attributes":2,"ValueType":"System.String[]"},"Value":["GlasacTest","UnitTest1"]},{"Key":{"Id":"TestObject.Traits","Label":"Traits","Category":"","Description":"","Attributes":5,"ValueType":"System.Collections.Generic.KeyValuePair`2[[System.String],[System.String]][]"},"Value":[]}]}]}}
TpTrace Verbose: 0 : 3404, 4, 2023/12/12, 16:45:44.396, 23336391984769, testhost.dll, TestRunCache: OnNewTestResult: Notified the onCacheHit callback.
TpTrace Verbose: 0 : 3404, 4, 2023/12/12, 16:45:44.397, 23336391995948, testhost.dll, MulticastDelegateUtilities.SafeInvoke: TestCaseEventsHandler.RaiseTestCaseStart: Invoking callback 1/1 for Microsoft.VisualStudio.TestPlatform.CrossPlatEngine.DataCollection.ProxyOutOfProcDataCollectionManager., took 1 ms.
TpTrace Information: 0 : 3404, 4, 2023/12/12, 16:45:44.397, 23336391996732, testhost.dll, MSTest - Executing test TestKonstruktoraPacijentaXML
TpTrace Information: 0 : 3404, 4, 2023/12/12, 16:45:44.406, 23336392084604, testhost.dll, MSTest - Executed test TestKonstruktoraPacijentaXML
TpTrace Verbose: 0 : 3404, 4, 2023/12/12, 16:45:44.406, 23336392085736, testhost.dll, TestExecutionRecorder.RecordEnd: test: GlasacTest.UnitTest1.TestKonstruktoraPacijentaXML execution completed.
TpTrace Warning: 0 : 3404, 4, 2023/12/12, 16:45:44.406, 23336392085981, testhost.dll, TestRunCache: InProgressTests is null
TpTrace Verbose: 0 : 3404, 4, 2023/12/12, 16:45:44.407, 23336392098458, testhost.dll, MulticastDelegateUtilities.SafeInvoke: TestCaseEventsHandler.RaiseTestCaseEnd: Invoking callback 1/1 for Microsoft.VisualStudio.TestPlatform.CrossPlatEngine.DataCollection.ProxyOutOfProcDataCollectionManager., took 1 ms.
TpTrace Information: 0 : 3404, 4, 2023/12/12, 16:45:44.407, 23336392099125, testhost.dll, MSTest - MSTestExecutor:Test GlasacTest.UnitTest1.TestKonstruktoraPacijentaXML failed. ErrorMessage:Could not find file 'C:\Users\29\Documents\GitHub\e-Demokratija-VVS\e-Demokratija\GlasacTest\bin\Debug\Glasaci.xml'., ErrorStackTrace:   at System.IO.FileStream.ValidateFileHandle(SafeFileHandle fileHandle)
   at System.IO.FileStream.CreateFileOpenHandle(FileMode mode, FileShare share, FileOptions options)
   at System.IO.FileStream..ctor(String path, FileMode mode, FileAccess access, FileShare share, Int32 bufferSize, FileOptions options)
   at System.IO.FileStream..ctor(String path, FileMode mode, FileAccess access, FileShare share, Int32 bufferSize)
   at System.Xml.XmlDownloadManager.GetStream(Uri uri, ICredentials credentials, IWebProxy proxy)
   at System.Xml.XmlUrlResolver.GetEntity(Uri absoluteUri, String role, Type ofObjectToReturn)
   at System.Xml.XmlTextReaderImpl.OpenUrl()
   at System.Xml.XmlTextReaderImpl.Read()
   at System.Xml.XmlLoader.Load(XmlDocument doc, XmlReader reader, Boolean preserveWhitespace)
   at System.Xml.XmlDocument.Load(XmlReader reader)
   at System.Xml.XmlDocument.Load(String filename)
   at GlasacTest.UnitTest1.ReadXML()+MoveNext() in C:\Users\29\Documents\GitHub\e-Demokratija-VVS\e-Demokratija\GlasacTest\UnitTest1.cs:line 230
   at System.Linq.Enumerable.Any[TSource](IEnumerable`1 source)
.
TpTrace Verbose: 0 : 3404, 4, 2023/12/12, 16:45:44.407, 23336392099409, testhost.dll, TestExecutionRecorder.RecordResult: Received result for test: GlasacTest.UnitTest1.TestKonstruktoraPacijentaXML.
TpTrace Verbose: 0 : 3404, 4, 2023/12/12, 16:45:44.407, 23336392099747, testhost.dll, MulticastDelegateUtilities.SafeInvoke: TestCaseEventsHandler.RaiseTestCaseEnd: Invoking callback 1/1 for Microsoft.VisualStudio.TestPlatform.CrossPlatEngine.DataCollection.ProxyOutOfProcDataCollectionManager., took 0 ms.
TpTrace Warning: 0 : 3404, 4, 2023/12/12, 16:45:44.407, 23336392100005, testhost.dll, TestRunCache: InProgressTests is null
TpTrace Warning: 0 : 3404, 4, 2023/12/12, 16:45:44.408, 23336392100187, testhost.dll, TestRunCache: No test found corresponding to testResult '' in inProgress list.
TpTrace Verbose: 0 : 3404, 4, 2023/12/12, 16:45:44.408, 23336392100667, testhost.dll, TestExecutionRecorder.RecordStart: Starting test: GlasacTest.UnitTest1.TestKonstruktoraPacijentaCSV.
TpTrace Verbose: 0 : 3404, 4, 2023/12/12, 16:45:44.408, 23336392109572, testhost.dll, MulticastDelegateUtilities.SafeInvoke: TestCaseEventsHandler.RaiseTestCaseStart: Invoking callback 1/1 for Microsoft.VisualStudio.TestPlatform.CrossPlatEngine.DataCollection.ProxyOutOfProcDataCollectionManager., took 0 ms.
TpTrace Information: 0 : 3404, 4, 2023/12/12, 16:45:44.408, 23336392110101, testhost.dll, MSTest - Executing test TestKonstruktoraPacijentaCSV
TpTrace Information: 0 : 3404, 4, 2023/12/12, 16:45:44.409, 23336392117432, testhost.dll, MSTest - Executed test TestKonstruktoraPacijentaCSV
TpTrace Verbose: 0 : 3404, 4, 2023/12/12, 16:45:44.409, 23336392117992, testhost.dll, TestExecutionRecorder.RecordEnd: test: GlasacTest.UnitTest1.TestKonstruktoraPacijentaCSV execution completed.
TpTrace Verbose: 0 : 3404, 4, 2023/12/12, 16:45:44.410, 23336392129229, testhost.dll, MulticastDelegateUtilities.SafeInvoke: TestCaseEventsHandler.RaiseTestCaseEnd: Invoking callback 1/1 for Microsoft.VisualStudio.TestPlatform.CrossPlatEngine.DataCollection.ProxyOutOfProcDataCollectionManager., took 1 ms.
TpTrace Information: 0 : 3404, 4, 2023/12/12, 16:45:44.410, 23336392129782, testhost.dll, MSTest - MSTestExecutor:Test GlasacTest.UnitTest1.TestKonstruktoraPacijentaCSV failed. ErrorMessage:Could not find file 'C:\Users\29\Documents\GitHub\e-Demokratija-VVS\e-Demokratija\GlasacTest\bin\Debug\Glasaci.csv'., ErrorStackTrace:   at System.IO.FileStream.ValidateFileHandle(SafeFileHandle fileHandle)
   at System.IO.FileStream.CreateFileOpenHandle(FileMode mode, FileShare share, FileOptions options)
   at System.IO.FileStream..ctor(String path, FileMode mode, FileAccess access, FileShare share, Int32 bufferSize, FileOptions options)
   at System.IO.StreamReader.ValidateArgsAndOpenPath(String path, Encoding encoding, Int32 bufferSize)
   at System.IO.StreamReader..ctor(String path)
   at GlasacTest.UnitTest1.ReadCSV()+MoveNext() in C:\Users\29\Documents\GitHub\e-Demokratija-VVS\e-Demokratija\GlasacTest\UnitTest1.cs:line 243
   at System.Linq.Enumerable.Any[TSource](IEnumerable`1 source)
.
TpTrace Verbose: 0 : 3404, 4, 2023/12/12, 16:45:44.410, 23336392130018, testhost.dll, TestExecutionRecorder.RecordResult: Received result for test: GlasacTest.UnitTest1.TestKonstruktoraPacijentaCSV.
TpTrace Verbose: 0 : 3404, 4, 2023/12/12, 16:45:44.411, 23336392130347, testhost.dll, MulticastDelegateUtilities.SafeInvoke: TestCaseEventsHandler.RaiseTestCaseEnd: Invoking callback 1/1 for Microsoft.VisualStudio.TestPlatform.CrossPlatEngine.DataCollection.ProxyOutOfProcDataCollectionManager., took 0 ms.
TpTrace Warning: 0 : 3404, 4, 2023/12/12, 16:45:44.411, 23336392130592, testhost.dll, TestRunCache: InProgressTests is null
TpTrace Warning: 0 : 3404, 4, 2023/12/12, 16:45:44.411, 23336392130777, testhost.dll, TestRunCache: No test found corresponding to testResult '' in inProgress list.
TpTrace Information: 0 : 3404, 4, 2023/12/12, 16:45:44.411, 23336392132539, testhost.dll, MSTest - Executing cleanup methods.
TpTrace Information: 0 : 3404, 4, 2023/12/12, 16:45:44.412, 23336392145150, testhost.dll, MSTest - Executed cleanup methods.
TpTrace Information: 0 : 3404, 4, 2023/12/12, 16:45:44.412, 23336392145781, testhost.dll, MSTest - Executed tests belonging to source C:\Users\29\Documents\GitHub\e-Demokratija-VVS\e-Demokratija\GlasacTest\bin\Debug\net5.0\fine-code-coverage\build-output\GlasacTest.dll
TpTrace Verbose: 0 : 3404, 4, 2023/12/12, 16:45:44.412, 23336392148508, testhost.dll, BaseRunTests.RunTestInternalWithExecutors: Completed running tests for executor://MSTestAdapter/v2
TpTrace Verbose: 0 : 3404, 4, 2023/12/12, 16:45:44.413, 23336392157714, testhost.dll, MulticastDelegateUtilities.SafeInvoke: TestCaseEventsHandler.RaiseSessionEnd: Invoking callback 1/1 for Microsoft.VisualStudio.TestPlatform.CrossPlatEngine.DataCollection.ProxyOutOfProcDataCollectionManager., took 0 ms.
TpTrace Information: 0 : 3404, 4, 2023/12/12, 16:45:44.416, 23336392180202, testhost.dll, Sending test run complete
TpTrace Verbose: 0 : 3404, 4, 2023/12/12, 16:45:44.425, 23336392276772, testhost.dll, TestRequestHandler.SendData: sending data from testhost: {"Version":7,"MessageType":"TestExecution.Completed","Payload":{"TestRunCompleteArgs":{"TestRunStatistics":{"ExecutedTests":29,"Stats":{"Passed":27,"Failed":2}},"IsCanceled":false,"IsAborted":false,"Error":null,"AttachmentSets":[],"InvokedDataCollectors":[],"ElapsedTimeInRunningTests":"00:00:00.4001039","Metrics":{},"DiscoveredExtensions":{"TestDiscoverers":["Microsoft.VisualStudio.TestPlatform.MSTest.TestAdapter.MSTestDiscoverer, Microsoft.VisualStudio.TestPlatform.MSTest.TestAdapter, Version=14.0.0.0, Culture=neutral, PublicKeyToken=b03f5f7f11d50a3a"],"TestExecutors":["executor://MSTestAdapter/v2"],"TestExecutors2":[],"TestSettingsProviders":[]}},"LastRunTests":{"NewTestResults":[{"TestCase":{"Id":"cb1fbf46-3e57-b5ba-46eb-36d357a6bc21","FullyQualifiedName":"GlasacTest.UnitTest1.TestKonstruktoraPacijentaXML","DisplayName":"TestKonstruktoraPacijentaXML","ExecutorUri":"executor://MSTestAdapter/v2","Source":"C:\\Users\\29\\Documents\\GitHub\\e-Demokratija-VVS\\e-Demokratija\\GlasacTest\\bin\\Debug\\net5.0\\fine-code-coverage\\build-output\\GlasacTest.dll","CodeFilePath":null,"LineNumber":-1,"Properties":[{"Key":{"Id":"TestCase.ManagedType","Label":"ManagedType","Category":"","Description":"","Attributes":1,"ValueType":"System.String"},"Value":"GlasacTest.UnitTest1"},{"Key":{"Id":"TestCase.ManagedMethod","Label":"ManagedMethod","Category":"","Description":"","Attributes":1,"ValueType":"System.String"},"Value":"TestKonstruktoraPacijentaXML(System.String,System.String)"},{"Key":{"Id":"MSTestDiscoverer.TestClassName","Label":"ClassName","Category":"","Description":"","Attributes":1,"ValueType":"System.String"},"Value":"GlasacTest.UnitTest1"},{"Key":{"Id":"TestCase.Hierarchy","Label":"Hierarchy","Category":"","Description":"","Attributes":2,"ValueType":"System.String[]"},"Value":["GlasacTest","UnitTest1"]},{"Key":{"Id":"TestObject.Traits","Label":"Traits","Category":"","Description":"","Attributes":5,"ValueType":"System.Collections.Generic.KeyValuePair`2[[System.String],[System.String]][]"},"Value":[]}]},"Attachments":[],"Outcome":2,"ErrorMessage":"Could not find file 'C:\\Users\\29\\Documents\\GitHub\\e-Demokratija-VVS\\e-Demokratija\\GlasacTest\\bin\\Debug\\Glasaci.xml'.","ErrorStackTrace":"   at System.IO.FileStream.ValidateFileHandle(SafeFileHandle fileHandle)\r\n   at System.IO.FileStream.CreateFileOpenHandle(FileMode mode, FileShare share, FileOptions options)\r\n   at System.IO.FileStream..ctor(String path, FileMode mode, FileAccess access, FileShare share, Int32 bufferSize, FileOptions options)\r\n   at System.IO.FileStream..ctor(String path, FileMode mode, FileAccess access, FileShare share, Int32 bufferSize)\r\n   at System.Xml.XmlDownloadManager.GetStream(Uri uri, ICredentials credentials, IWebProxy proxy)\r\n   at System.Xml.XmlUrlResolver.GetEntity(Uri absoluteUri, String role, Type ofObjectToReturn)\r\n   at System.Xml.XmlTextReaderImpl.OpenUrl()\r\n   at System.Xml.XmlTextReaderImpl.Read()\r\n   at System.Xml.XmlLoader.Load(XmlDocument doc, XmlReader reader, Boolean preserveWhitespace)\r\n   at System.Xml.XmlDocument.Load(XmlReader reader)\r\n   at System.Xml.XmlDocument.Load(String filename)\r\n   at GlasacTest.UnitTest1.ReadXML()+MoveNext() in C:\\Users\\29\\Documents\\GitHub\\e-Demokratija-VVS\\e-Demokratija\\GlasacTest\\UnitTest1.cs:line 230\r\n   at System.Linq.Enumerable.Any[TSource](IEnumerable`1 source)\r\n","DisplayName":null,"Messages":[],"ComputerName":null,"Duration":"00:00:00","StartTime":"2023-12-12T16:45:44.3976528+01:00","EndTime":"2023-12-12T16:45:44.4065418+01:00","Properties":[{"Key":{"Id":"ExecutionId","Label":"ExecutionId","Category":"","Description":"","Attributes":1,"ValueType":"System.Guid"},"Value":"00000000-0000-0000-0000-000000000000"},{"Key":{"Id":"ParentExecId","Label":"ParentExecId","Category":"","Description":"","Attributes":1,"ValueType":"System.Guid"},"Value":"00000000-0000-0000-0000-000000000000"},{"Key":{"Id":"InnerResultsCount","Label":"InnerResultsCount","Category":"","Description":"","Attributes":1,"ValueType":"System.Int32"},"Value":0}]},{"TestCase":{"Id":"a6777c77-2216-707b-246f-cbfae99ac98e","FullyQualifiedName":"GlasacTest.UnitTest1.TestKonstruktoraPacijentaCSV","DisplayName":"TestKonstruktoraPacijentaCSV","ExecutorUri":"executor://MSTestAdapter/v2","Source":"C:\\Users\\29\\Documents\\GitHub\\e-Demokratija-VVS\\e-Demokratija\\GlasacTest\\bin\\Debug\\net5.0\\fine-code-coverage\\build-output\\GlasacTest.dll","CodeFilePath":null,"LineNumber":-1,"Properties":[{"Key":{"Id":"TestCase.ManagedType","Label":"ManagedType","Category":"","Description":"","Attributes":1,"ValueType":"System.String"},"Value":"GlasacTest.UnitTest1"},{"Key":{"Id":"TestCase.ManagedMethod","Label":"ManagedMethod","Category":"","Description":"","Attributes":1,"ValueType":"System.String"},"Value":"TestKonstruktoraPacijentaCSV(System.String,System.String)"},{"Key":{"Id":"MSTestDiscoverer.TestClassName","Label":"ClassName","Category":"","Description":"","Attributes":1,"ValueType":"System.String"},"Value":"GlasacTest.UnitTest1"},{"Key":{"Id":"TestCase.Hierarchy","Label":"Hierarchy","Category":"","Description":"","Attributes":2,"ValueType":"System.String[]"},"Value":["GlasacTest","UnitTest1"]},{"Key":{"Id":"TestObject.Traits","Label":"Traits","Category":"","Description":"","Attributes":5,"ValueType":"System.Collections.Generic.KeyValuePair`2[[System.String],[System.String]][]"},"Value":[]}]},"Attachments":[],"Outcome":2,"ErrorMessage":"Could not find file 'C:\\Users\\29\\Documents\\GitHub\\e-Demokratija-VVS\\e-Demokratija\\GlasacTest\\bin\\Debug\\Glasaci.csv'.","ErrorStackTrace":"   at System.IO.FileStream.ValidateFileHandle(SafeFileHandle fileHandle)\r\n   at System.IO.FileStream.CreateFileOpenHandle(FileMode mode, FileShare share, FileOptions options)\r\n   at System.IO.FileStream..ctor(String path, FileMode mode, FileAccess access, FileShare share, Int32 bufferSize, FileOptions options)\r\n   at System.IO.StreamReader.ValidateArgsAndOpenPath(String path, Encoding encoding, Int32 bufferSize)\r\n   at System.IO.StreamReader..ctor(String path)\r\n   at GlasacTest.UnitTest1.ReadCSV()+MoveNext() in C:\\Users\\29\\Documents\\GitHub\\e-Demokratija-VVS\\e-Demokratija\\GlasacTest\\UnitTest1.cs:line 243\r\n   at System.Linq.Enumerable.Any[TSource](IEnumerable`1 source)\r\n","DisplayName":null,"Messages":[],"ComputerName":null,"Duration":"00:00:00","StartTime":"2023-12-12T16:45:44.4089914+01:00","EndTime":"2023-12-12T16:45:44.4097745+01:00","Properties":[{"Key":{"Id":"ExecutionId","Label":"ExecutionId","Category":"","Description":"","Attributes":1,"ValueType":"System.Guid"},"Value":"00000000-0000-0000-0000-000000000000"},{"Key":{"Id":"ParentExecId","Label":"ParentExecId","Category":"","Description":"","Attributes":1,"ValueType":"System.Guid"},"Value":"00000000-0000-0000-0000-000000000000"},{"Key":{"Id":"InnerResultsCount","Label":"InnerResultsCount","Category":"","Description":"","Attributes":1,"ValueType":"System.Int32"},"Value":0}]}],"TestRunStatistics":{"ExecutedTests":29,"Stats":{"Passed":27,"Failed":2}},"ActiveTests":[]},"RunAttachments":[],"ExecutorUris":["executor://mstestadapter/v2"]}}
TpTrace Verbose: 0 : 3404, 4, 2023/12/12, 16:45:44.426, 23336392280795, testhost.dll, BaseRunTests.RunTests: Run is complete.
TpTrace Verbose: 0 : 3404, 9, 2023/12/12, 16:45:44.426, 23336392285343, testhost.dll, TcpClientExtensions.MessageLoopAsync: NotifyDataAvailable remoteEndPoint: [::ffff:127.0.0.1]:54813 localEndPoint: [::ffff:127.0.0.1]:54814
TpTrace Information: 0 : 3404, 9, 2023/12/12, 16:45:44.426, 23336392286193, testhost.dll, TestRequestHandler.OnMessageReceived: received message: (TestSession.Terminate) -> {"MessageType":"TestSession.Terminate","Payload":null}
TpTrace Information: 0 : 3404, 9, 2023/12/12, 16:45:44.426, 23336392286486, testhost.dll, Session End message received from server. Closing the connection.
TpTrace Information: 0 : 3404, 9, 2023/12/12, 16:45:44.426, 23336392289438, testhost.dll, SocketClient.Stop: Stop communication from server endpoint: 127.0.0.1:054813
TpTrace Information: 0 : 3404, 9, 2023/12/12, 16:45:44.426, 23336392289994, testhost.dll, SocketClient: Stop: Cancellation requested. Stopping message loop.
TpTrace Verbose: 0 : 3404, 9, 2023/12/12, 16:45:44.427, 23336392291448, testhost.dll, LengthPrefixCommunicationChannel.Dispose: Dispose reader and writer.
TpTrace Information: 0 : 3404, 9, 2023/12/12, 16:45:44.427, 23336392291938, testhost.dll, Closing the connection !
TpTrace Verbose: 0 : 3404, 9, 2023/12/12, 16:45:44.427, 23336392292255, testhost.dll, MulticastDelegateUtilities.SafeInvoke: LengthPrefixCommunicationChannel: MessageReceived: Invoking callback 1/1 for Microsoft.VisualStudio.TestPlatform.CommunicationUtilities.TestRequestHandler., took 0 ms.
TpTrace Information: 0 : 3404, 9, 2023/12/12, 16:45:44.427, 23336392294358, testhost.dll, SocketClient.PrivateStop: Stop communication from server endpoint: 127.0.0.1:054813, error:
TpTrace Verbose: 0 : 3404, 9, 2023/12/12, 16:45:44.427, 23336392296135, testhost.dll, LengthPrefixCommunicationChannel.Dispose: Dispose reader and writer.
TpTrace Information: 0 : 3404, 1, 2023/12/12, 16:45:44.427, 23336392296149, testhost.dll, Closing the connection!
TpTrace Verbose: 0 : 3404, 9, 2023/12/12, 16:45:44.427, 23336392296583, testhost.dll, TcpClientExtensions.MessageLoopAsync: exiting MessageLoopAsync remoteEndPoint: [::ffff:127.0.0.1]:54813 localEndPoint: [::ffff:127.0.0.1]:54814
TpTrace Information: 0 : 3404, 1, 2023/12/12, 16:45:44.427, 23336392297669, testhost.dll, Testhost process exiting.
